<?xml version="1.0" encoding="UTF-8" ?>
<testsuite tests="28" failures="0" name="com.yourcompany.SampleSauceTest" time="829.625" errors="4" skipped="0">
  <properties>
    <property name="java.runtime.name" value="Java(TM) SE Runtime Environment"/>
    <property name="sun.boot.library.path" value="/Library/Java/JavaVirtualMachines/jdk1.8.0_45.jdk/Contents/Home/jre/lib"/>
    <property name="java.vm.version" value="25.45-b02"/>
    <property name="gopherProxySet" value="false"/>
    <property name="java.vm.vendor" value="Oracle Corporation"/>
    <property name="maven.multiModuleProjectDirectory" value="/Users/kristianmeier/Desktop/dev/travisci_localhost_demo"/>
    <property name="java.vendor.url" value="http://java.oracle.com/"/>
    <property name="path.separator" value=":"/>
    <property name="guice.disable.misplaced.annotation.check" value="true"/>
    <property name="java.vm.name" value="Java HotSpot(TM) 64-Bit Server VM"/>
    <property name="file.encoding.pkg" value="sun.io"/>
    <property name="user.country" value="US"/>
    <property name="sun.java.launcher" value="SUN_STANDARD"/>
    <property name="sun.os.patch.level" value="unknown"/>
    <property name="java.vm.specification.name" value="Java Virtual Machine Specification"/>
    <property name="user.dir" value="/Users/kristianmeier/Desktop/dev/travisci_localhost_demo"/>
    <property name="java.runtime.version" value="1.8.0_45-b14"/>
    <property name="java.awt.graphicsenv" value="sun.awt.CGraphicsEnvironment"/>
    <property name="java.endorsed.dirs" value="/Library/Java/JavaVirtualMachines/jdk1.8.0_45.jdk/Contents/Home/jre/lib/endorsed"/>
    <property name="os.arch" value="x86_64"/>
    <property name="java.io.tmpdir" value="/var/folders/37/g13t538d5px2pdf_jhp6lfz80000gp/T/"/>
    <property name="line.separator" value="
"/>
    <property name="java.vm.specification.vendor" value="Oracle Corporation"/>
    <property name="os.name" value="Mac OS X"/>
    <property name="classworlds.conf" value="/usr/local/Cellar/maven/3.3.3/libexec/bin/m2.conf"/>
    <property name="sun.jnu.encoding" value="UTF-8"/>
    <property name="java.library.path" value="/Users/kristianmeier/Library/Java/Extensions:/Library/Java/Extensions:/Network/Library/Java/Extensions:/System/Library/Java/Extensions:/usr/lib/java:."/>
    <property name="java.specification.name" value="Java Platform API Specification"/>
    <property name="java.class.version" value="52.0"/>
    <property name="sun.management.compiler" value="HotSpot 64-Bit Tiered Compilers"/>
    <property name="os.version" value="10.10.5"/>
    <property name="http.nonProxyHosts" value="local|*.local|169.254/16|*.169.254/16"/>
    <property name="user.home" value="/Users/kristianmeier"/>
    <property name="user.timezone" value="America/Los_Angeles"/>
    <property name="java.awt.printerjob" value="sun.lwawt.macosx.CPrinterJob"/>
    <property name="java.specification.version" value="1.8"/>
    <property name="file.encoding" value="UTF-8"/>
    <property name="user.name" value="kristianmeier"/>
    <property name="java.class.path" value="/usr/local/Cellar/maven/3.3.3/libexec/boot/plexus-classworlds-2.5.2.jar"/>
    <property name="java.vm.specification.version" value="1.8"/>
    <property name="sun.arch.data.model" value="64"/>
    <property name="java.home" value="/Library/Java/JavaVirtualMachines/jdk1.8.0_45.jdk/Contents/Home/jre"/>
    <property name="sun.java.command" value="org.codehaus.plexus.classworlds.launcher.Launcher test"/>
    <property name="java.specification.vendor" value="Oracle Corporation"/>
    <property name="user.language" value="en"/>
    <property name="awt.toolkit" value="sun.lwawt.macosx.LWCToolkit"/>
    <property name="java.vm.info" value="mixed mode"/>
    <property name="java.version" value="1.8.0_45"/>
    <property name="java.ext.dirs" value="/Users/kristianmeier/Library/Java/Extensions:/Library/Java/JavaVirtualMachines/jdk1.8.0_45.jdk/Contents/Home/jre/lib/ext:/Library/Java/Extensions:/Network/Library/Java/Extensions:/System/Library/Java/Extensions:/usr/lib/java"/>
    <property name="sun.boot.class.path" value="/Library/Java/JavaVirtualMachines/jdk1.8.0_45.jdk/Contents/Home/jre/lib/resources.jar:/Library/Java/JavaVirtualMachines/jdk1.8.0_45.jdk/Contents/Home/jre/lib/rt.jar:/Library/Java/JavaVirtualMachines/jdk1.8.0_45.jdk/Contents/Home/jre/lib/sunrsasign.jar:/Library/Java/JavaVirtualMachines/jdk1.8.0_45.jdk/Contents/Home/jre/lib/jsse.jar:/Library/Java/JavaVirtualMachines/jdk1.8.0_45.jdk/Contents/Home/jre/lib/jce.jar:/Library/Java/JavaVirtualMachines/jdk1.8.0_45.jdk/Contents/Home/jre/lib/charsets.jar:/Library/Java/JavaVirtualMachines/jdk1.8.0_45.jdk/Contents/Home/jre/lib/jfr.jar:/Library/Java/JavaVirtualMachines/jdk1.8.0_45.jdk/Contents/Home/jre/classes"/>
    <property name="java.vendor" value="Oracle Corporation"/>
    <property name="maven.home" value="/usr/local/Cellar/maven/3.3.3/libexec"/>
    <property name="file.separator" value="/"/>
    <property name="java.vendor.url.bug" value="http://bugreport.sun.com/bugreport/"/>
    <property name="sun.cpu.endian" value="little"/>
    <property name="sun.io.unicode.encoding" value="UnicodeBig"/>
    <property name="socksNonProxyHosts" value="local|*.local|169.254/16|*.169.254/16"/>
    <property name="ftp.nonProxyHosts" value="local|*.local|169.254/16|*.169.254/16"/>
    <property name="sun.cpu.isalist" value=""/>
  </properties>
  <testcase classname="com.yourcompany.SampleSauceTest" name="loginTest[0]" time="0.006">
    <error message="Error communicating with the remote browser. It may have died.
Build info: version: &apos;2.45.0&apos;, revision: &apos;5017cb8e7ca8e37638dc3091b2440b90a1d8686f&apos;, time: &apos;2015-02-27 09:10:26&apos;
System info: host: &apos;Sauces-MacBook-Air-4.local&apos;, ip: &apos;10.35.5.147&apos;, os.name: &apos;Mac OS X&apos;, os.arch: &apos;x86_64&apos;, os.version: &apos;10.10.5&apos;, java.version: &apos;1.8.0_45&apos;
Driver info: driver.version: RemoteWebDriver" type="org.openqa.selenium.remote.UnreachableBrowserException">org.openqa.selenium.remote.UnreachableBrowserException: Error communicating with the remote browser. It may have died.
Build info: version: &apos;2.45.0&apos;, revision: &apos;5017cb8e7ca8e37638dc3091b2440b90a1d8686f&apos;, time: &apos;2015-02-27 09:10:26&apos;
System info: host: &apos;Sauces-MacBook-Air-4.local&apos;, ip: &apos;10.35.5.147&apos;, os.name: &apos;Mac OS X&apos;, os.arch: &apos;x86_64&apos;, os.version: &apos;10.10.5&apos;, java.version: &apos;1.8.0_45&apos;
Driver info: driver.version: RemoteWebDriver
	at org.openqa.selenium.remote.RemoteWebDriver.execute(RemoteWebDriver.java:593)
	at org.openqa.selenium.remote.RemoteWebDriver.get(RemoteWebDriver.java:304)
	at com.yourcompany.SampleSauceTest.loginTest(SampleSauceTest.java:198)
	at sun.reflect.NativeMethodAccessorImpl.invoke0(Native Method)
	at sun.reflect.NativeMethodAccessorImpl.invoke(NativeMethodAccessorImpl.java:62)
	at sun.reflect.DelegatingMethodAccessorImpl.invoke(DelegatingMethodAccessorImpl.java:43)
	at java.lang.reflect.Method.invoke(Method.java:497)
	at org.junit.runners.model.FrameworkMethod$1.runReflectiveCall(FrameworkMethod.java:47)
	at org.junit.internal.runners.model.ReflectiveCallable.run(ReflectiveCallable.java:12)
	at org.junit.runners.model.FrameworkMethod.invokeExplosively(FrameworkMethod.java:44)
	at org.junit.internal.runners.statements.InvokeMethod.evaluate(InvokeMethod.java:17)
	at org.junit.internal.runners.statements.RunBefores.evaluate(RunBefores.java:26)
	at org.junit.internal.runners.statements.RunAfters.evaluate(RunAfters.java:27)
	at org.junit.rules.TestWatcher$1.evaluate(TestWatcher.java:55)
	at org.junit.rules.TestWatcher$1.evaluate(TestWatcher.java:55)
	at org.junit.rules.RunRules.evaluate(RunRules.java:20)
	at org.junit.runners.ParentRunner.runLeaf(ParentRunner.java:271)
	at org.junit.runners.BlockJUnit4ClassRunner.runChild(BlockJUnit4ClassRunner.java:70)
	at com.saucelabs.junit.ConcurrentParameterized$SauceClassRunnerForParameters.access$300(ConcurrentParameterized.java:170)
	at com.saucelabs.junit.ConcurrentParameterized$SauceClassRunnerForParameters$2.run(ConcurrentParameterized.java:287)
	at com.saucelabs.junit.ConcurrentParameterized$NonBlockingAsynchronousRunner$1.call(ConcurrentParameterized.java:312)
	at java.util.concurrent.FutureTask.run(FutureTask.java:266)
	at java.util.concurrent.ThreadPoolExecutor.runWorker(ThreadPoolExecutor.java:1142)
	at java.util.concurrent.ThreadPoolExecutor$Worker.run(ThreadPoolExecutor.java:617)
	at java.lang.Thread.run(Thread.java:745)
Caused by: org.apache.http.NoHttpResponseException: ondemand.saucelabs.com:80 failed to respond
	at org.apache.http.impl.conn.DefaultHttpResponseParser.parseHead(DefaultHttpResponseParser.java:143)
	at org.apache.http.impl.conn.DefaultHttpResponseParser.parseHead(DefaultHttpResponseParser.java:57)
	at org.apache.http.impl.io.AbstractMessageParser.parse(AbstractMessageParser.java:260)
	at org.apache.http.impl.DefaultBHttpClientConnection.receiveResponseHeader(DefaultBHttpClientConnection.java:161)
	at org.apache.http.impl.conn.CPoolProxy.receiveResponseHeader(CPoolProxy.java:153)
	at org.apache.http.protocol.HttpRequestExecutor.doReceiveResponse(HttpRequestExecutor.java:271)
	at org.apache.http.protocol.HttpRequestExecutor.execute(HttpRequestExecutor.java:123)
	at org.apache.http.impl.execchain.MainClientExec.execute(MainClientExec.java:254)
	at org.apache.http.impl.execchain.ProtocolExec.execute(ProtocolExec.java:195)
	at org.apache.http.impl.execchain.RetryExec.execute(RetryExec.java:86)
	at org.apache.http.impl.execchain.RedirectExec.execute(RedirectExec.java:108)
	at org.apache.http.impl.client.InternalHttpClient.doExecute(InternalHttpClient.java:184)
	at org.apache.http.impl.client.CloseableHttpClient.execute(CloseableHttpClient.java:72)
	at org.apache.http.impl.client.CloseableHttpClient.execute(CloseableHttpClient.java:57)
	at org.openqa.selenium.remote.internal.ApacheHttpClient.fallBackExecute(ApacheHttpClient.java:144)
	at org.openqa.selenium.remote.internal.ApacheHttpClient.execute(ApacheHttpClient.java:72)
	at org.openqa.selenium.remote.HttpCommandExecutor.execute(HttpCommandExecutor.java:133)
	at org.openqa.selenium.remote.RemoteWebDriver.execute(RemoteWebDriver.java:572)
	... 24 more
</error>
    <system-out>SauceOnDemandSessionID=392e10e445684abeb5f5805ceb53f43c job-name=com.yourcompany.SampleSauceTest.loginTest[0]
Job link: https://saucelabs.com/jobs/392e10e445684abeb5f5805ceb53f43c?auth=068fa169903aad19bf3bbabd68e31f79
</system-out>
  </testcase>
  <testcase classname="com.yourcompany.SampleSauceTest" name="verifyTitleTest[10]" time="9.452"/>
  <testcase classname="com.yourcompany.SampleSauceTest" name="verifyTitleTest[12]" time="18.902"/>
  <testcase classname="com.yourcompany.SampleSauceTest" name="loginTest[3]" time="42.396"/>
  <testcase classname="com.yourcompany.SampleSauceTest" name="verifyTitleTest[8]" time="13.465"/>
  <testcase classname="com.yourcompany.SampleSauceTest" name="loginTest[1]" time="55.173"/>
  <testcase classname="com.yourcompany.SampleSauceTest" name="verifyTitleTest[11]" time="13.994"/>
  <testcase classname="com.yourcompany.SampleSauceTest" name="loginTest[12]" time="47.075"/>
  <testcase classname="com.yourcompany.SampleSauceTest" name="verifyTitleTest[5]" time="21.552"/>
  <testcase classname="com.yourcompany.SampleSauceTest" name="verifyTitleTest[9]" time="13.462"/>
  <testcase classname="com.yourcompany.SampleSauceTest" name="verifyTitleTest[4]" time="22.129"/>
  <testcase classname="com.yourcompany.SampleSauceTest" name="verifyTitleTest[0]" time="0">
    <error message="Due to a previous error, this job has already finished. You can learn more at https://saucelabs.com/jobs/c98b2bd8363248fb9cae32118dd55c2d (WARNING: The server did not provide any stacktrace information)
Command duration or timeout: 20 milliseconds
Build info: version: &apos;2.45.0&apos;, revision: &apos;5017cb8e7ca8e37638dc3091b2440b90a1d8686f&apos;, time: &apos;2015-02-27 09:10:26&apos;
System info: host: &apos;Sauces-MacBook-Air-4.local&apos;, ip: &apos;10.35.5.147&apos;, os.name: &apos;Mac OS X&apos;, os.arch: &apos;x86_64&apos;, os.version: &apos;10.10.5&apos;, java.version: &apos;1.8.0_45&apos;
Driver info: org.openqa.selenium.remote.RemoteWebDriver
Capabilities [{browserAttachTimeout=0, enablePersistentHover=true, ie.forceCreateProcessApi=false, ie.usePerProcessProxy=false, ignoreZoomSetting=false, hasMetadata=true, handlesAlerts=true, version=11, platform=WINDOWS, nativeEvents=true, ie.ensureCleanSession=false, elementScrollBehavior=0, ie.browserCommandLineSwitches=, webdriver.remote.sessionid=c98b2bd8363248fb9cae32118dd55c2d, requireWindowFocus=false, takesScreenshot=true, browserName=internet explorer, initialBrowserUrl=about:blank, javascriptEnabled=true, ignoreProtectedModeSettings=false, enableElementCacheCleanup=true, cssSelectorsEnabled=true, unexpectedAlertBehaviour=dismiss}]
Session ID: c98b2bd8363248fb9cae32118dd55c2d" type="org.openqa.selenium.WebDriverException">org.openqa.selenium.WebDriverException: Due to a previous error, this job has already finished. You can learn more at https://saucelabs.com/jobs/c98b2bd8363248fb9cae32118dd55c2d (WARNING: The server did not provide any stacktrace information)
Command duration or timeout: 20 milliseconds
Build info: version: &apos;2.45.0&apos;, revision: &apos;5017cb8e7ca8e37638dc3091b2440b90a1d8686f&apos;, time: &apos;2015-02-27 09:10:26&apos;
System info: host: &apos;Sauces-MacBook-Air-4.local&apos;, ip: &apos;10.35.5.147&apos;, os.name: &apos;Mac OS X&apos;, os.arch: &apos;x86_64&apos;, os.version: &apos;10.10.5&apos;, java.version: &apos;1.8.0_45&apos;
Driver info: org.openqa.selenium.remote.RemoteWebDriver
Capabilities [{browserAttachTimeout=0, enablePersistentHover=true, ie.forceCreateProcessApi=false, ie.usePerProcessProxy=false, ignoreZoomSetting=false, hasMetadata=true, handlesAlerts=true, version=11, platform=WINDOWS, nativeEvents=true, ie.ensureCleanSession=false, elementScrollBehavior=0, ie.browserCommandLineSwitches=, webdriver.remote.sessionid=c98b2bd8363248fb9cae32118dd55c2d, requireWindowFocus=false, takesScreenshot=true, browserName=internet explorer, initialBrowserUrl=about:blank, javascriptEnabled=true, ignoreProtectedModeSettings=false, enableElementCacheCleanup=true, cssSelectorsEnabled=true, unexpectedAlertBehaviour=dismiss}]
Session ID: c98b2bd8363248fb9cae32118dd55c2d
	at sun.reflect.NativeConstructorAccessorImpl.newInstance0(Native Method)
	at sun.reflect.NativeConstructorAccessorImpl.newInstance(NativeConstructorAccessorImpl.java:62)
	at sun.reflect.DelegatingConstructorAccessorImpl.newInstance(DelegatingConstructorAccessorImpl.java:45)
	at java.lang.reflect.Constructor.newInstance(Constructor.java:422)
	at org.openqa.selenium.remote.ErrorHandler.createThrowable(ErrorHandler.java:204)
	at org.openqa.selenium.remote.ErrorHandler.throwIfResponseFailed(ErrorHandler.java:156)
	at org.openqa.selenium.remote.RemoteWebDriver.execute(RemoteWebDriver.java:599)
	at org.openqa.selenium.remote.RemoteWebDriver.execute(RemoteWebDriver.java:622)
	at org.openqa.selenium.remote.RemoteWebDriver.quit(RemoteWebDriver.java:468)
	at com.yourcompany.SampleSauceTest.tearDown(SampleSauceTest.java:222)
	at sun.reflect.GeneratedMethodAccessor21.invoke(Unknown Source)
	at sun.reflect.DelegatingMethodAccessorImpl.invoke(DelegatingMethodAccessorImpl.java:43)
	at java.lang.reflect.Method.invoke(Method.java:497)
	at org.junit.runners.model.FrameworkMethod$1.runReflectiveCall(FrameworkMethod.java:47)
	at org.junit.internal.runners.model.ReflectiveCallable.run(ReflectiveCallable.java:12)
	at org.junit.runners.model.FrameworkMethod.invokeExplosively(FrameworkMethod.java:44)
	at org.junit.internal.runners.statements.RunAfters.evaluate(RunAfters.java:33)
	at org.junit.rules.TestWatcher$1.evaluate(TestWatcher.java:55)
	at org.junit.rules.TestWatcher$1.evaluate(TestWatcher.java:55)
	at org.junit.rules.RunRules.evaluate(RunRules.java:20)
	at org.junit.runners.ParentRunner.runLeaf(ParentRunner.java:271)
	at org.junit.runners.BlockJUnit4ClassRunner.runChild(BlockJUnit4ClassRunner.java:70)
	at com.saucelabs.junit.ConcurrentParameterized$SauceClassRunnerForParameters.access$300(ConcurrentParameterized.java:170)
	at com.saucelabs.junit.ConcurrentParameterized$SauceClassRunnerForParameters$2.run(ConcurrentParameterized.java:287)
	at com.saucelabs.junit.ConcurrentParameterized$NonBlockingAsynchronousRunner$1.call(ConcurrentParameterized.java:312)
	at java.util.concurrent.FutureTask.run(FutureTask.java:266)
	at java.util.concurrent.ThreadPoolExecutor.runWorker(ThreadPoolExecutor.java:1142)
	at java.util.concurrent.ThreadPoolExecutor$Worker.run(ThreadPoolExecutor.java:617)
	at java.lang.Thread.run(Thread.java:745)
</error>
    <system-out>SauceOnDemandSessionID=c98b2bd8363248fb9cae32118dd55c2d job-name=com.yourcompany.SampleSauceTest.verifyTitleTest[0]
Job link: https://saucelabs.com/jobs/c98b2bd8363248fb9cae32118dd55c2d?auth=23e15b8493939f2ba013c3b05f92adb7
</system-out>
  </testcase>
  <testcase classname="com.yourcompany.SampleSauceTest" name="verifyTitleTest[7]" time="119.493"/>
  <testcase classname="com.yourcompany.SampleSauceTest" name="loginTest[13]" time="57.416"/>
  <testcase classname="com.yourcompany.SampleSauceTest" name="verifyTitleTest[1]" time="14.27"/>
  <testcase classname="com.yourcompany.SampleSauceTest" name="verifyTitleTest[6]" time="51.343"/>
  <testcase classname="com.yourcompany.SampleSauceTest" name="loginTest[10]" time="61.987"/>
  <testcase classname="com.yourcompany.SampleSauceTest" name="loginTest[4]" time="39.812"/>
  <testcase classname="com.yourcompany.SampleSauceTest" name="loginTest[11]" time="37.823"/>
  <testcase classname="com.yourcompany.SampleSauceTest" name="loginTest[7]" time="0.001">
    <error message="An element could not be located on the page using the given search parameters. (WARNING: The server did not provide any stacktrace information)
Command duration or timeout: 55 milliseconds
For documentation on this error, please visit: http://seleniumhq.org/exceptions/no_such_element.html
Build info: version: &apos;2.45.0&apos;, revision: &apos;5017cb8e7ca8e37638dc3091b2440b90a1d8686f&apos;, time: &apos;2015-02-27 09:10:26&apos;
System info: host: &apos;Sauces-MacBook-Air-4.local&apos;, ip: &apos;10.35.5.147&apos;, os.name: &apos;Mac OS X&apos;, os.arch: &apos;x86_64&apos;, os.version: &apos;10.10.5&apos;, java.version: &apos;1.8.0_45&apos;
Driver info: org.openqa.selenium.remote.RemoteWebDriver
Capabilities [{networkConnectionEnabled=false, safari=true, warnings={}, webdriver.remote.quietExceptions=true, hasMetadata=true, databaseEnabled=false, deviceName=iPhone Simulator, platform=MAC, proxy={proxyAutoconfigUrl=http://127.0.0.1:19876/pac.js, proxyType=PAC}, desired={proxy={proxyAutoconfigUrl=http://127.0.0.1:19876/pac.js, proxyType=PAC}, platformVersion=8.2, webdriver.remote.quietExceptions=true, browserName=safari, platformName=iOS, deviceName=iPhone Simulator}, webdriver.remote.sessionid=5bbe8f0943054ffd8e58c089fc061781, platformVersion=8.2, locationContextEnabled=false, webStorageEnabled=false, takesScreenshot=true, browserName=safari, javascriptEnabled=true, platformName=iOS}]
Session ID: 5bbe8f0943054ffd8e58c089fc061781
*** Element info: {Using=id, value=username}" type="org.openqa.selenium.NoSuchElementException">org.openqa.selenium.NoSuchElementException: An element could not be located on the page using the given search parameters. (WARNING: The server did not provide any stacktrace information)
Command duration or timeout: 55 milliseconds
For documentation on this error, please visit: http://seleniumhq.org/exceptions/no_such_element.html
Build info: version: &apos;2.45.0&apos;, revision: &apos;5017cb8e7ca8e37638dc3091b2440b90a1d8686f&apos;, time: &apos;2015-02-27 09:10:26&apos;
System info: host: &apos;Sauces-MacBook-Air-4.local&apos;, ip: &apos;10.35.5.147&apos;, os.name: &apos;Mac OS X&apos;, os.arch: &apos;x86_64&apos;, os.version: &apos;10.10.5&apos;, java.version: &apos;1.8.0_45&apos;
Driver info: org.openqa.selenium.remote.RemoteWebDriver
Capabilities [{networkConnectionEnabled=false, safari=true, warnings={}, webdriver.remote.quietExceptions=true, hasMetadata=true, databaseEnabled=false, deviceName=iPhone Simulator, platform=MAC, proxy={proxyAutoconfigUrl=http://127.0.0.1:19876/pac.js, proxyType=PAC}, desired={proxy={proxyAutoconfigUrl=http://127.0.0.1:19876/pac.js, proxyType=PAC}, platformVersion=8.2, webdriver.remote.quietExceptions=true, browserName=safari, platformName=iOS, deviceName=iPhone Simulator}, webdriver.remote.sessionid=5bbe8f0943054ffd8e58c089fc061781, platformVersion=8.2, locationContextEnabled=false, webStorageEnabled=false, takesScreenshot=true, browserName=safari, javascriptEnabled=true, platformName=iOS}]
Session ID: 5bbe8f0943054ffd8e58c089fc061781
*** Element info: {Using=id, value=username}
	at sun.reflect.NativeConstructorAccessorImpl.newInstance0(Native Method)
	at sun.reflect.NativeConstructorAccessorImpl.newInstance(NativeConstructorAccessorImpl.java:62)
	at sun.reflect.DelegatingConstructorAccessorImpl.newInstance(DelegatingConstructorAccessorImpl.java:45)
	at java.lang.reflect.Constructor.newInstance(Constructor.java:422)
	at org.openqa.selenium.remote.ErrorHandler.createThrowable(ErrorHandler.java:204)
	at org.openqa.selenium.remote.ErrorHandler.throwIfResponseFailed(ErrorHandler.java:156)
	at org.openqa.selenium.remote.RemoteWebDriver.execute(RemoteWebDriver.java:599)
	at org.openqa.selenium.remote.RemoteWebDriver.findElement(RemoteWebDriver.java:352)
	at org.openqa.selenium.remote.RemoteWebDriver.findElementById(RemoteWebDriver.java:393)
	at org.openqa.selenium.By$ById.findElement(By.java:214)
	at org.openqa.selenium.remote.RemoteWebDriver.findElement(RemoteWebDriver.java:344)
	at com.yourcompany.SampleSauceTest.loginTest(SampleSauceTest.java:205)
	at sun.reflect.NativeMethodAccessorImpl.invoke0(Native Method)
	at sun.reflect.NativeMethodAccessorImpl.invoke(NativeMethodAccessorImpl.java:62)
	at sun.reflect.DelegatingMethodAccessorImpl.invoke(DelegatingMethodAccessorImpl.java:43)
	at java.lang.reflect.Method.invoke(Method.java:497)
	at org.junit.runners.model.FrameworkMethod$1.runReflectiveCall(FrameworkMethod.java:47)
	at org.junit.internal.runners.model.ReflectiveCallable.run(ReflectiveCallable.java:12)
	at org.junit.runners.model.FrameworkMethod.invokeExplosively(FrameworkMethod.java:44)
	at org.junit.internal.runners.statements.InvokeMethod.evaluate(InvokeMethod.java:17)
	at org.junit.internal.runners.statements.RunBefores.evaluate(RunBefores.java:26)
	at org.junit.internal.runners.statements.RunAfters.evaluate(RunAfters.java:27)
	at org.junit.rules.TestWatcher$1.evaluate(TestWatcher.java:55)
	at org.junit.rules.TestWatcher$1.evaluate(TestWatcher.java:55)
	at org.junit.rules.RunRules.evaluate(RunRules.java:20)
	at org.junit.runners.ParentRunner.runLeaf(ParentRunner.java:271)
	at org.junit.runners.BlockJUnit4ClassRunner.runChild(BlockJUnit4ClassRunner.java:70)
	at com.saucelabs.junit.ConcurrentParameterized$SauceClassRunnerForParameters.access$300(ConcurrentParameterized.java:170)
	at com.saucelabs.junit.ConcurrentParameterized$SauceClassRunnerForParameters$2.run(ConcurrentParameterized.java:287)
	at com.saucelabs.junit.ConcurrentParameterized$NonBlockingAsynchronousRunner$1.call(ConcurrentParameterized.java:312)
	at java.util.concurrent.FutureTask.run(FutureTask.java:266)
	at java.util.concurrent.ThreadPoolExecutor.runWorker(ThreadPoolExecutor.java:1142)
	at java.util.concurrent.ThreadPoolExecutor$Worker.run(ThreadPoolExecutor.java:617)
	at java.lang.Thread.run(Thread.java:745)
</error>
    <system-out>SauceOnDemandSessionID=5bbe8f0943054ffd8e58c089fc061781 job-name=com.yourcompany.SampleSauceTest.loginTest[7]
Job link: https://saucelabs.com/jobs/5bbe8f0943054ffd8e58c089fc061781?auth=49d299ef6e87015e0d7bc2a55ac5d58d
</system-out>
  </testcase>
  <testcase classname="com.yourcompany.SampleSauceTest" name="loginTest[5]" time="37.086"/>
  <testcase classname="com.yourcompany.SampleSauceTest" name="loginTest[9]" time="43.53"/>
  <testcase classname="com.yourcompany.SampleSauceTest" name="verifyTitleTest[13]" time="9.262"/>
  <testcase classname="com.yourcompany.SampleSauceTest" name="verifyTitleTest[3]" time="14.999"/>
  <testcase classname="com.yourcompany.SampleSauceTest" name="verifyTitleTest[2]" time="8.755"/>
  <testcase classname="com.yourcompany.SampleSauceTest" name="loginTest[2]" time="34.162"/>
  <testcase classname="com.yourcompany.SampleSauceTest" name="loginTest[6]" time="0.001">
    <error message="Element was not found.
io.selendroid.exceptions.NoSuchElementException: Element was not found.
	at io.selendroid.server.SafeRequestHandler.getIdOfKnownElement(SafeRequestHandler.java:42)
	at io.selendroid.server.handler.FindElement.safeHandle(FindElement.java:45)
	at io.selendroid.server.SafeRequestHandler.handle(SafeRequestHandler.java:83)
	at io.selendroid.server.AndroidServlet.handleRequest(AndroidServlet.java:319)
	at io.selendroid.server.BaseServlet.handleHttpRequest(BaseServlet.java:67)
	at io.selendroid.server.http.ServerHandler.channelRead(ServerHandler.java:53)
	at io.netty.channel.AbstractChannelHandlerContext.invokeChannelRead(AbstractChannelHandlerContext.java:333)
	at io.netty.channel.AbstractChannelHandlerContext.fireChannelRead(AbstractChannelHandlerContext.java:319)
	at io.netty.handler.traffic.AbstractTrafficShapingHandler.channelRead(AbstractTrafficShapingHandler.java:223)
	at io.netty.channel.AbstractChannelHandlerContext.invokeChannelRead(AbstractChannelHandlerContext.java:333)
	at io.netty.channel.AbstractChannelHandlerContext.fireChannelRead(AbstractChannelHandlerContext.java:319)
	at io.netty.handler.codec.MessageToMessageDecoder.channelRead(MessageToMessageDecoder.java:103)
	at io.netty.channel.AbstractChannelHandlerContext.invokeChannelRead(AbstractChannelHandlerContext.java:333)
	at io.netty.channel.AbstractChannelHandlerContext.fireChannelRead(AbstractChannelHandlerContext.java:319)
	at io.netty.handler.codec.ByteToMessageDecoder.channelRead(ByteToMessageDecoder.java:163)
	at io.netty.channel.CombinedChannelDuplexHandler.channelRead(CombinedChannelDuplexHandler.java:148)
	at io.netty.channel.AbstractChannelHandlerContext.invokeChannelRead(AbstractChannelHandlerContext.java:333)
	at io.netty.channel.AbstractChannelHandlerContext.fireChannelRead(AbstractChannelHandlerContext.java:319)
	at io.netty.channel.DefaultChannelPipeline.fireChannelRead(DefaultChannelPipeline.java:787)
	at io.netty.channel.nio.AbstractNioByteChannel$NioByteUnsafe.read(AbstractNioByteChannel.java:125)
	at io.netty.channel.nio.NioEventLoop.processSelectedKey(NioEventLoop.java:511)
	at io.netty.channel.nio.NioEventLoop.processSelectedKeysPlain(NioEventLoop.java:430)
	at io.netty.channel.nio.NioEventLoop.processSelectedKeys(NioEventLoop.java:384)
	at io.netty.channel.nio.NioEventLoop.run(NioEventLoop.java:354)
	at io.netty.util.concurrent.SingleThreadEventExecutor$2.run(SingleThreadEventExecutor.java:116)
	at io.netty.util.concurrent.DefaultThreadFactory$DefaultRunnableDecorator.run(DefaultThreadFactory.java:137)
	at java.lang.Thread.run(Thread.java:841)

Command duration or timeout: 5.28 seconds
For documentation on this error, please visit: http://seleniumhq.org/exceptions/no_such_element.html
Build info: version: &apos;2.45.0&apos;, revision: &apos;5017cb8e7ca8e37638dc3091b2440b90a1d8686f&apos;, time: &apos;2015-02-27 09:10:26&apos;
System info: host: &apos;Sauces-MacBook-Air-4.local&apos;, ip: &apos;10.35.5.147&apos;, os.name: &apos;Mac OS X&apos;, os.arch: &apos;x86_64&apos;, os.version: &apos;10.10.5&apos;, java.version: &apos;1.8.0_45&apos;
Driver info: org.openqa.selenium.remote.RemoteWebDriver
Capabilities [{emulator=true, aut=android, proxy={proxyAutoconfigUrl=http://127.0.0.1:19876/pac.js, proxyType=PAC}, webdriver.remote.sessionid=2b27d1e1be2c40238b8d95d0e6bea494, platformVersion=19, webdriver.remote.quietExceptions=true, browserName=android, hasMetadata=true, platform=ANY}]
Session ID: 2b27d1e1be2c40238b8d95d0e6bea494
*** Element info: {Using=id, value=username}" type="org.openqa.selenium.NoSuchElementException">org.openqa.selenium.NoSuchElementException: Element was not found.
io.selendroid.exceptions.NoSuchElementException: Element was not found.
	at io.selendroid.server.SafeRequestHandler.getIdOfKnownElement(SafeRequestHandler.java:42)
	at io.selendroid.server.handler.FindElement.safeHandle(FindElement.java:45)
	at io.selendroid.server.SafeRequestHandler.handle(SafeRequestHandler.java:83)
	at io.selendroid.server.AndroidServlet.handleRequest(AndroidServlet.java:319)
	at io.selendroid.server.BaseServlet.handleHttpRequest(BaseServlet.java:67)
	at io.selendroid.server.http.ServerHandler.channelRead(ServerHandler.java:53)
	at io.netty.channel.AbstractChannelHandlerContext.invokeChannelRead(AbstractChannelHandlerContext.java:333)
	at io.netty.channel.AbstractChannelHandlerContext.fireChannelRead(AbstractChannelHandlerContext.java:319)
	at io.netty.handler.traffic.AbstractTrafficShapingHandler.channelRead(AbstractTrafficShapingHandler.java:223)
	at io.netty.channel.AbstractChannelHandlerContext.invokeChannelRead(AbstractChannelHandlerContext.java:333)
	at io.netty.channel.AbstractChannelHandlerContext.fireChannelRead(AbstractChannelHandlerContext.java:319)
	at io.netty.handler.codec.MessageToMessageDecoder.channelRead(MessageToMessageDecoder.java:103)
	at io.netty.channel.AbstractChannelHandlerContext.invokeChannelRead(AbstractChannelHandlerContext.java:333)
	at io.netty.channel.AbstractChannelHandlerContext.fireChannelRead(AbstractChannelHandlerContext.java:319)
	at io.netty.handler.codec.ByteToMessageDecoder.channelRead(ByteToMessageDecoder.java:163)
	at io.netty.channel.CombinedChannelDuplexHandler.channelRead(CombinedChannelDuplexHandler.java:148)
	at io.netty.channel.AbstractChannelHandlerContext.invokeChannelRead(AbstractChannelHandlerContext.java:333)
	at io.netty.channel.AbstractChannelHandlerContext.fireChannelRead(AbstractChannelHandlerContext.java:319)
	at io.netty.channel.DefaultChannelPipeline.fireChannelRead(DefaultChannelPipeline.java:787)
	at io.netty.channel.nio.AbstractNioByteChannel$NioByteUnsafe.read(AbstractNioByteChannel.java:125)
	at io.netty.channel.nio.NioEventLoop.processSelectedKey(NioEventLoop.java:511)
	at io.netty.channel.nio.NioEventLoop.processSelectedKeysPlain(NioEventLoop.java:430)
	at io.netty.channel.nio.NioEventLoop.processSelectedKeys(NioEventLoop.java:384)
	at io.netty.channel.nio.NioEventLoop.run(NioEventLoop.java:354)
	at io.netty.util.concurrent.SingleThreadEventExecutor$2.run(SingleThreadEventExecutor.java:116)
	at io.netty.util.concurrent.DefaultThreadFactory$DefaultRunnableDecorator.run(DefaultThreadFactory.java:137)
	at java.lang.Thread.run(Thread.java:841)

Command duration or timeout: 5.28 seconds
For documentation on this error, please visit: http://seleniumhq.org/exceptions/no_such_element.html
Build info: version: &apos;2.45.0&apos;, revision: &apos;5017cb8e7ca8e37638dc3091b2440b90a1d8686f&apos;, time: &apos;2015-02-27 09:10:26&apos;
System info: host: &apos;Sauces-MacBook-Air-4.local&apos;, ip: &apos;10.35.5.147&apos;, os.name: &apos;Mac OS X&apos;, os.arch: &apos;x86_64&apos;, os.version: &apos;10.10.5&apos;, java.version: &apos;1.8.0_45&apos;
Driver info: org.openqa.selenium.remote.RemoteWebDriver
Capabilities [{emulator=true, aut=android, proxy={proxyAutoconfigUrl=http://127.0.0.1:19876/pac.js, proxyType=PAC}, webdriver.remote.sessionid=2b27d1e1be2c40238b8d95d0e6bea494, platformVersion=19, webdriver.remote.quietExceptions=true, browserName=android, hasMetadata=true, platform=ANY}]
Session ID: 2b27d1e1be2c40238b8d95d0e6bea494
*** Element info: {Using=id, value=username}
	at sun.reflect.NativeConstructorAccessorImpl.newInstance0(Native Method)
	at sun.reflect.NativeConstructorAccessorImpl.newInstance(NativeConstructorAccessorImpl.java:62)
	at sun.reflect.DelegatingConstructorAccessorImpl.newInstance(DelegatingConstructorAccessorImpl.java:45)
	at java.lang.reflect.Constructor.newInstance(Constructor.java:422)
	at org.openqa.selenium.remote.ErrorHandler.createThrowable(ErrorHandler.java:204)
	at org.openqa.selenium.remote.ErrorHandler.throwIfResponseFailed(ErrorHandler.java:156)
	at org.openqa.selenium.remote.RemoteWebDriver.execute(RemoteWebDriver.java:599)
	at org.openqa.selenium.remote.RemoteWebDriver.findElement(RemoteWebDriver.java:352)
	at org.openqa.selenium.remote.RemoteWebDriver.findElementById(RemoteWebDriver.java:393)
	at org.openqa.selenium.By$ById.findElement(By.java:214)
	at org.openqa.selenium.remote.RemoteWebDriver.findElement(RemoteWebDriver.java:344)
	at com.yourcompany.SampleSauceTest.loginTest(SampleSauceTest.java:205)
	at sun.reflect.NativeMethodAccessorImpl.invoke0(Native Method)
	at sun.reflect.NativeMethodAccessorImpl.invoke(NativeMethodAccessorImpl.java:62)
	at sun.reflect.DelegatingMethodAccessorImpl.invoke(DelegatingMethodAccessorImpl.java:43)
	at java.lang.reflect.Method.invoke(Method.java:497)
	at org.junit.runners.model.FrameworkMethod$1.runReflectiveCall(FrameworkMethod.java:47)
	at org.junit.internal.runners.model.ReflectiveCallable.run(ReflectiveCallable.java:12)
	at org.junit.runners.model.FrameworkMethod.invokeExplosively(FrameworkMethod.java:44)
	at org.junit.internal.runners.statements.InvokeMethod.evaluate(InvokeMethod.java:17)
	at org.junit.internal.runners.statements.RunBefores.evaluate(RunBefores.java:26)
	at org.junit.internal.runners.statements.RunAfters.evaluate(RunAfters.java:27)
	at org.junit.rules.TestWatcher$1.evaluate(TestWatcher.java:55)
	at org.junit.rules.TestWatcher$1.evaluate(TestWatcher.java:55)
	at org.junit.rules.RunRules.evaluate(RunRules.java:20)
	at org.junit.runners.ParentRunner.runLeaf(ParentRunner.java:271)
	at org.junit.runners.BlockJUnit4ClassRunner.runChild(BlockJUnit4ClassRunner.java:70)
	at com.saucelabs.junit.ConcurrentParameterized$SauceClassRunnerForParameters.access$300(ConcurrentParameterized.java:170)
	at com.saucelabs.junit.ConcurrentParameterized$SauceClassRunnerForParameters$2.run(ConcurrentParameterized.java:287)
	at com.saucelabs.junit.ConcurrentParameterized$NonBlockingAsynchronousRunner$1.call(ConcurrentParameterized.java:312)
	at java.util.concurrent.FutureTask.run(FutureTask.java:266)
	at java.util.concurrent.ThreadPoolExecutor.runWorker(ThreadPoolExecutor.java:1142)
	at java.util.concurrent.ThreadPoolExecutor$Worker.run(ThreadPoolExecutor.java:617)
	at java.lang.Thread.run(Thread.java:745)
Caused by: org.openqa.selenium.NoSuchElementException: Element was not found.
io.selendroid.exceptions.NoSuchElementException: Element was not found.
	at io.selendroid.server.SafeRequestHandler.getIdOfKnownElement(SafeRequestHandler.java:42)
	at io.selendroid.server.handler.FindElement.safeHandle(FindElement.java:45)
	at io.selendroid.server.SafeRequestHandler.handle(SafeRequestHandler.java:83)
	at io.selendroid.server.AndroidServlet.handleRequest(AndroidServlet.java:319)
	at io.selendroid.server.BaseServlet.handleHttpRequest(BaseServlet.java:67)
	at io.selendroid.server.http.ServerHandler.channelRead(ServerHandler.java:53)
	at io.netty.channel.AbstractChannelHandlerContext.invokeChannelRead(AbstractChannelHandlerContext.java:333)
	at io.netty.channel.AbstractChannelHandlerContext.fireChannelRead(AbstractChannelHandlerContext.java:319)
	at io.netty.handler.traffic.AbstractTrafficShapingHandler.channelRead(AbstractTrafficShapingHandler.java:223)
	at io.netty.channel.AbstractChannelHandlerContext.invokeChannelRead(AbstractChannelHandlerContext.java:333)
	at io.netty.channel.AbstractChannelHandlerContext.fireChannelRead(AbstractChannelHandlerContext.java:319)
	at io.netty.handler.codec.MessageToMessageDecoder.channelRead(MessageToMessageDecoder.java:103)
	at io.netty.channel.AbstractChannelHandlerContext.invokeChannelRead(AbstractChannelHandlerContext.java:333)
	at io.netty.channel.AbstractChannelHandlerContext.fireChannelRead(AbstractChannelHandlerContext.java:319)
	at io.netty.handler.codec.ByteToMessageDecoder.channelRead(ByteToMessageDecoder.java:163)
	at io.netty.channel.CombinedChannelDuplexHandler.channelRead(CombinedChannelDuplexHandler.java:148)
	at io.netty.channel.AbstractChannelHandlerContext.invokeChannelRead(AbstractChannelHandlerContext.java:333)
	at io.netty.channel.AbstractChannelHandlerContext.fireChannelRead(AbstractChannelHandlerContext.java:319)
	at io.netty.channel.DefaultChannelPipeline.fireChannelRead(DefaultChannelPipeline.java:787)
	at io.netty.channel.nio.AbstractNioByteChannel$NioByteUnsafe.read(AbstractNioByteChannel.java:125)
	at io.netty.channel.nio.NioEventLoop.processSelectedKey(NioEventLoop.java:511)
	at io.netty.channel.nio.NioEventLoop.processSelectedKeysPlain(NioEventLoop.java:430)
	at io.netty.channel.nio.NioEventLoop.processSelectedKeys(NioEventLoop.java:384)
	at io.netty.channel.nio.NioEventLoop.run(NioEventLoop.java:354)
	at io.netty.util.concurrent.SingleThreadEventExecutor$2.run(SingleThreadEventExecutor.java:116)
	at io.netty.util.concurrent.DefaultThreadFactory$DefaultRunnableDecorator.run(DefaultThreadFactory.java:137)
	at java.lang.Thread.run(Thread.java:841)

For documentation on this error, please visit: http://seleniumhq.org/exceptions/no_such_element.html
Build info: version: &apos;2.45.0&apos;, revision: &apos;5017cb8e7ca8e37638dc3091b2440b90a1d8686f&apos;, time: &apos;2015-02-27 09:10:26&apos;
System info: host: &apos;Sauces-MacBook-Air-4.local&apos;, ip: &apos;10.35.5.147&apos;, os.name: &apos;Mac OS X&apos;, os.arch: &apos;x86_64&apos;, os.version: &apos;10.10.5&apos;, java.version: &apos;1.8.0_45&apos;
Driver info: driver.version: unknown
</error>
    <system-out>SauceOnDemandSessionID=2b27d1e1be2c40238b8d95d0e6bea494 job-name=com.yourcompany.SampleSauceTest.loginTest[6]
Job link: https://saucelabs.com/jobs/2b27d1e1be2c40238b8d95d0e6bea494?auth=93846b7fd13ec3b428bac5fd0735f4cf
</system-out>
  </testcase>
  <testcase classname="com.yourcompany.SampleSauceTest" name="loginTest[8]" time="42.079"/>
</testsuite>