<?xml version="1.0" encoding="UTF-8" ?>
<testsuite tests="28" failures="14" name="com.yourcompany.SampleSauceTest" time="0.091" errors="14" skipped="0">
  <properties>
    <property name="java.runtime.name" value="Java(TM) SE Runtime Environment"/>
    <property name="sun.boot.library.path" value="/Library/Java/JavaVirtualMachines/jdk1.8.0_45.jdk/Contents/Home/jre/lib"/>
    <property name="java.vm.version" value="25.45-b02"/>
    <property name="gopherProxySet" value="false"/>
    <property name="java.vm.vendor" value="Oracle Corporation"/>
    <property name="maven.multiModuleProjectDirectory" value="/Users/kristianmeier/Desktop/Dev/travisci_localhost_demo"/>
    <property name="java.vendor.url" value="http://java.oracle.com/"/>
    <property name="path.separator" value=":"/>
    <property name="guice.disable.misplaced.annotation.check" value="true"/>
    <property name="java.vm.name" value="Java HotSpot(TM) 64-Bit Server VM"/>
    <property name="file.encoding.pkg" value="sun.io"/>
    <property name="user.country" value="US"/>
    <property name="sun.java.launcher" value="SUN_STANDARD"/>
    <property name="sun.os.patch.level" value="unknown"/>
    <property name="java.vm.specification.name" value="Java Virtual Machine Specification"/>
    <property name="user.dir" value="/Users/kristianmeier/Desktop/dev/travisci_localhost_demo"/>
    <property name="java.runtime.version" value="1.8.0_45-b14"/>
    <property name="java.awt.graphicsenv" value="sun.awt.CGraphicsEnvironment"/>
    <property name="java.endorsed.dirs" value="/Library/Java/JavaVirtualMachines/jdk1.8.0_45.jdk/Contents/Home/jre/lib/endorsed"/>
    <property name="os.arch" value="x86_64"/>
    <property name="java.io.tmpdir" value="/var/folders/37/g13t538d5px2pdf_jhp6lfz80000gp/T/"/>
    <property name="line.separator" value="
"/>
    <property name="java.vm.specification.vendor" value="Oracle Corporation"/>
    <property name="os.name" value="Mac OS X"/>
    <property name="classworlds.conf" value="/usr/local/Cellar/maven/3.3.3/libexec/bin/m2.conf"/>
    <property name="sun.jnu.encoding" value="UTF-8"/>
    <property name="java.library.path" value="/Users/kristianmeier/Library/Java/Extensions:/Library/Java/Extensions:/Network/Library/Java/Extensions:/System/Library/Java/Extensions:/usr/lib/java:."/>
    <property name="java.specification.name" value="Java Platform API Specification"/>
    <property name="java.class.version" value="52.0"/>
    <property name="sun.management.compiler" value="HotSpot 64-Bit Tiered Compilers"/>
    <property name="os.version" value="10.10.4"/>
    <property name="http.nonProxyHosts" value="local|*.local|169.254/16|*.169.254/16"/>
    <property name="user.home" value="/Users/kristianmeier"/>
    <property name="user.timezone" value="America/Los_Angeles"/>
    <property name="java.awt.printerjob" value="sun.lwawt.macosx.CPrinterJob"/>
    <property name="java.specification.version" value="1.8"/>
    <property name="file.encoding" value="UTF-8"/>
    <property name="user.name" value="kristianmeier"/>
    <property name="java.class.path" value="/usr/local/Cellar/maven/3.3.3/libexec/boot/plexus-classworlds-2.5.2.jar"/>
    <property name="java.vm.specification.version" value="1.8"/>
    <property name="sun.arch.data.model" value="64"/>
    <property name="java.home" value="/Library/Java/JavaVirtualMachines/jdk1.8.0_45.jdk/Contents/Home/jre"/>
    <property name="sun.java.command" value="org.codehaus.plexus.classworlds.launcher.Launcher test"/>
    <property name="java.specification.vendor" value="Oracle Corporation"/>
    <property name="user.language" value="en"/>
    <property name="awt.toolkit" value="sun.lwawt.macosx.LWCToolkit"/>
    <property name="java.vm.info" value="mixed mode"/>
    <property name="java.version" value="1.8.0_45"/>
    <property name="java.ext.dirs" value="/Users/kristianmeier/Library/Java/Extensions:/Library/Java/JavaVirtualMachines/jdk1.8.0_45.jdk/Contents/Home/jre/lib/ext:/Library/Java/Extensions:/Network/Library/Java/Extensions:/System/Library/Java/Extensions:/usr/lib/java"/>
    <property name="sun.boot.class.path" value="/Library/Java/JavaVirtualMachines/jdk1.8.0_45.jdk/Contents/Home/jre/lib/resources.jar:/Library/Java/JavaVirtualMachines/jdk1.8.0_45.jdk/Contents/Home/jre/lib/rt.jar:/Library/Java/JavaVirtualMachines/jdk1.8.0_45.jdk/Contents/Home/jre/lib/sunrsasign.jar:/Library/Java/JavaVirtualMachines/jdk1.8.0_45.jdk/Contents/Home/jre/lib/jsse.jar:/Library/Java/JavaVirtualMachines/jdk1.8.0_45.jdk/Contents/Home/jre/lib/jce.jar:/Library/Java/JavaVirtualMachines/jdk1.8.0_45.jdk/Contents/Home/jre/lib/charsets.jar:/Library/Java/JavaVirtualMachines/jdk1.8.0_45.jdk/Contents/Home/jre/lib/jfr.jar:/Library/Java/JavaVirtualMachines/jdk1.8.0_45.jdk/Contents/Home/jre/classes"/>
    <property name="java.vendor" value="Oracle Corporation"/>
    <property name="maven.home" value="/usr/local/Cellar/maven/3.3.3/libexec"/>
    <property name="file.separator" value="/"/>
    <property name="java.vendor.url.bug" value="http://bugreport.sun.com/bugreport/"/>
    <property name="sun.cpu.endian" value="little"/>
    <property name="sun.io.unicode.encoding" value="UnicodeBig"/>
    <property name="socksNonProxyHosts" value="local|*.local|169.254/16|*.169.254/16"/>
    <property name="ftp.nonProxyHosts" value="local|*.local|169.254/16|*.169.254/16"/>
    <property name="sun.cpu.isalist" value=""/>
  </properties>
  <testcase classname="com.yourcompany.SampleSauceTest" name="verifyTitleTest[3]" time="0.039">
    <failure message="expected:&lt;[Localhost Selenium Authentication Test]&gt; but was:&lt;[]&gt;" type="org.junit.ComparisonFailure">org.junit.ComparisonFailure: expected:&lt;[Localhost Selenium Authentication Test]&gt; but was:&lt;[]&gt;
	at org.junit.Assert.assertEquals(Assert.java:115)
	at org.junit.Assert.assertEquals(Assert.java:144)
	at com.yourcompany.SampleSauceTest.verifyTitleTest(SampleSauceTest.java:163)
	at sun.reflect.NativeMethodAccessorImpl.invoke0(Native Method)
	at sun.reflect.NativeMethodAccessorImpl.invoke(NativeMethodAccessorImpl.java:62)
	at sun.reflect.DelegatingMethodAccessorImpl.invoke(DelegatingMethodAccessorImpl.java:43)
	at java.lang.reflect.Method.invoke(Method.java:497)
	at org.junit.runners.model.FrameworkMethod$1.runReflectiveCall(FrameworkMethod.java:47)
	at org.junit.internal.runners.model.ReflectiveCallable.run(ReflectiveCallable.java:12)
	at org.junit.runners.model.FrameworkMethod.invokeExplosively(FrameworkMethod.java:44)
	at org.junit.internal.runners.statements.InvokeMethod.evaluate(InvokeMethod.java:17)
	at org.junit.internal.runners.statements.RunBefores.evaluate(RunBefores.java:26)
	at org.junit.internal.runners.statements.RunAfters.evaluate(RunAfters.java:27)
	at org.junit.rules.TestWatcher$1.evaluate(TestWatcher.java:55)
	at org.junit.rules.RunRules.evaluate(RunRules.java:20)
	at org.junit.runners.ParentRunner.runLeaf(ParentRunner.java:271)
	at org.junit.runners.BlockJUnit4ClassRunner.runChild(BlockJUnit4ClassRunner.java:70)
	at com.saucelabs.junit.ConcurrentParameterized$SauceClassRunnerForParameters.access$300(ConcurrentParameterized.java:170)
	at com.saucelabs.junit.ConcurrentParameterized$SauceClassRunnerForParameters$2.run(ConcurrentParameterized.java:287)
	at com.saucelabs.junit.ConcurrentParameterized$NonBlockingAsynchronousRunner$1.call(ConcurrentParameterized.java:312)
	at java.util.concurrent.FutureTask.run(FutureTask.java:266)
	at java.util.concurrent.ThreadPoolExecutor.runWorker(ThreadPoolExecutor.java:1142)
	at java.util.concurrent.ThreadPoolExecutor$Worker.run(ThreadPoolExecutor.java:617)
	at java.lang.Thread.run(Thread.java:745)
</failure>
    <system-out>SauceOnDemandSessionID=c2c3ab4abe3b46f997c43924864007bd job-name=com.yourcompany.SampleSauceTest.verifyTitleTest[3]
Job link: https://saucelabs.com/jobs/c2c3ab4abe3b46f997c43924864007bd?auth=638cea1679baf41041e0d2273aaf6eed
</system-out>
  </testcase>
  <testcase classname="com.yourcompany.SampleSauceTest" name="verifyTitleTest[10]" time="0">
    <failure message="expected:&lt;[Localhost Selenium Authentication Test]&gt; but was:&lt;[http://localhost/]&gt;" type="org.junit.ComparisonFailure">org.junit.ComparisonFailure: expected:&lt;[Localhost Selenium Authentication Test]&gt; but was:&lt;[http://localhost/]&gt;
	at org.junit.Assert.assertEquals(Assert.java:115)
	at org.junit.Assert.assertEquals(Assert.java:144)
	at com.yourcompany.SampleSauceTest.verifyTitleTest(SampleSauceTest.java:163)
	at sun.reflect.NativeMethodAccessorImpl.invoke0(Native Method)
	at sun.reflect.NativeMethodAccessorImpl.invoke(NativeMethodAccessorImpl.java:62)
	at sun.reflect.DelegatingMethodAccessorImpl.invoke(DelegatingMethodAccessorImpl.java:43)
	at java.lang.reflect.Method.invoke(Method.java:497)
	at org.junit.runners.model.FrameworkMethod$1.runReflectiveCall(FrameworkMethod.java:47)
	at org.junit.internal.runners.model.ReflectiveCallable.run(ReflectiveCallable.java:12)
	at org.junit.runners.model.FrameworkMethod.invokeExplosively(FrameworkMethod.java:44)
	at org.junit.internal.runners.statements.InvokeMethod.evaluate(InvokeMethod.java:17)
	at org.junit.internal.runners.statements.RunBefores.evaluate(RunBefores.java:26)
	at org.junit.internal.runners.statements.RunAfters.evaluate(RunAfters.java:27)
	at org.junit.rules.TestWatcher$1.evaluate(TestWatcher.java:55)
	at org.junit.rules.RunRules.evaluate(RunRules.java:20)
	at org.junit.runners.ParentRunner.runLeaf(ParentRunner.java:271)
	at org.junit.runners.BlockJUnit4ClassRunner.runChild(BlockJUnit4ClassRunner.java:70)
	at com.saucelabs.junit.ConcurrentParameterized$SauceClassRunnerForParameters.access$300(ConcurrentParameterized.java:170)
	at com.saucelabs.junit.ConcurrentParameterized$SauceClassRunnerForParameters$2.run(ConcurrentParameterized.java:287)
	at com.saucelabs.junit.ConcurrentParameterized$NonBlockingAsynchronousRunner$1.call(ConcurrentParameterized.java:312)
	at java.util.concurrent.FutureTask.run(FutureTask.java:266)
	at java.util.concurrent.ThreadPoolExecutor.runWorker(ThreadPoolExecutor.java:1142)
	at java.util.concurrent.ThreadPoolExecutor$Worker.run(ThreadPoolExecutor.java:617)
	at java.lang.Thread.run(Thread.java:745)
</failure>
    <system-out>SauceOnDemandSessionID=af139586043e409d986406efdd317030 job-name=com.yourcompany.SampleSauceTest.verifyTitleTest[10]
Job link: https://saucelabs.com/jobs/af139586043e409d986406efdd317030?auth=a2ac8dd37e5f6abcff0cc3552848af7e
</system-out>
  </testcase>
  <testcase classname="com.yourcompany.SampleSauceTest" name="loginTest[10]" time="0.003">
    <error message="Timed out after 1000 seconds waiting for presence of element located by: By.id: login-name
Build info: version: &apos;2.45.0&apos;, revision: &apos;5017cb8e7ca8e37638dc3091b2440b90a1d8686f&apos;, time: &apos;2015-02-27 09:10:26&apos;
System info: host: &apos;Sauces-MacBook-Air-7.local&apos;, ip: &apos;10.35.5.153&apos;, os.name: &apos;Mac OS X&apos;, os.arch: &apos;x86_64&apos;, os.version: &apos;10.10.4&apos;, java.version: &apos;1.8.0_45&apos;
Driver info: org.openqa.selenium.remote.RemoteWebDriver
Capabilities [{applicationCacheEnabled=false, rotatable=false, mobileEmulationEnabled=false, chrome={userDataDir=C:\DOCUME~1\ADMINI~1\LOCALS~1\Temp\scoped_dir1120_24539}, takesHeapSnapshot=true, hasMetadata=true, databaseEnabled=false, handlesAlerts=true, version=42.0.2311.90, platform=XP, browserConnectionEnabled=false, nativeEvents=true, acceptSslCerts=true, webdriver.remote.sessionid=03fd6badd70942dca5df9c18bd31096d, locationContextEnabled=true, webStorageEnabled=true, takesScreenshot=true, browserName=chrome, javascriptEnabled=true, cssSelectorsEnabled=true}]
Session ID: 03fd6badd70942dca5df9c18bd31096d" type="org.openqa.selenium.TimeoutException">org.openqa.selenium.TimeoutException: Timed out after 1000 seconds waiting for presence of element located by: By.id: login-name
Build info: version: &apos;2.45.0&apos;, revision: &apos;5017cb8e7ca8e37638dc3091b2440b90a1d8686f&apos;, time: &apos;2015-02-27 09:10:26&apos;
System info: host: &apos;Sauces-MacBook-Air-7.local&apos;, ip: &apos;10.35.5.153&apos;, os.name: &apos;Mac OS X&apos;, os.arch: &apos;x86_64&apos;, os.version: &apos;10.10.4&apos;, java.version: &apos;1.8.0_45&apos;
Driver info: org.openqa.selenium.remote.RemoteWebDriver
Capabilities [{applicationCacheEnabled=false, rotatable=false, mobileEmulationEnabled=false, chrome={userDataDir=C:\DOCUME~1\ADMINI~1\LOCALS~1\Temp\scoped_dir1120_24539}, takesHeapSnapshot=true, hasMetadata=true, databaseEnabled=false, handlesAlerts=true, version=42.0.2311.90, platform=XP, browserConnectionEnabled=false, nativeEvents=true, acceptSslCerts=true, webdriver.remote.sessionid=03fd6badd70942dca5df9c18bd31096d, locationContextEnabled=true, webStorageEnabled=true, takesScreenshot=true, browserName=chrome, javascriptEnabled=true, cssSelectorsEnabled=true}]
Session ID: 03fd6badd70942dca5df9c18bd31096d
	at org.openqa.selenium.support.ui.WebDriverWait.timeoutException(WebDriverWait.java:79)
	at org.openqa.selenium.support.ui.FluentWait.until(FluentWait.java:228)
	at com.yourcompany.SampleSauceTest.loginTest(SampleSauceTest.java:174)
	at sun.reflect.NativeMethodAccessorImpl.invoke0(Native Method)
	at sun.reflect.NativeMethodAccessorImpl.invoke(NativeMethodAccessorImpl.java:62)
	at sun.reflect.DelegatingMethodAccessorImpl.invoke(DelegatingMethodAccessorImpl.java:43)
	at java.lang.reflect.Method.invoke(Method.java:497)
	at org.junit.runners.model.FrameworkMethod$1.runReflectiveCall(FrameworkMethod.java:47)
	at org.junit.internal.runners.model.ReflectiveCallable.run(ReflectiveCallable.java:12)
	at org.junit.runners.model.FrameworkMethod.invokeExplosively(FrameworkMethod.java:44)
	at org.junit.internal.runners.statements.InvokeMethod.evaluate(InvokeMethod.java:17)
	at org.junit.internal.runners.statements.RunBefores.evaluate(RunBefores.java:26)
	at org.junit.internal.runners.statements.RunAfters.evaluate(RunAfters.java:27)
	at org.junit.rules.TestWatcher$1.evaluate(TestWatcher.java:55)
	at org.junit.rules.RunRules.evaluate(RunRules.java:20)
	at org.junit.runners.ParentRunner.runLeaf(ParentRunner.java:271)
	at org.junit.runners.BlockJUnit4ClassRunner.runChild(BlockJUnit4ClassRunner.java:70)
	at com.saucelabs.junit.ConcurrentParameterized$SauceClassRunnerForParameters.access$300(ConcurrentParameterized.java:170)
	at com.saucelabs.junit.ConcurrentParameterized$SauceClassRunnerForParameters$2.run(ConcurrentParameterized.java:287)
	at com.saucelabs.junit.ConcurrentParameterized$NonBlockingAsynchronousRunner$1.call(ConcurrentParameterized.java:312)
	at java.util.concurrent.FutureTask.run(FutureTask.java:266)
	at java.util.concurrent.ThreadPoolExecutor.runWorker(ThreadPoolExecutor.java:1142)
	at java.util.concurrent.ThreadPoolExecutor$Worker.run(ThreadPoolExecutor.java:617)
	at java.lang.Thread.run(Thread.java:745)
Caused by: org.openqa.selenium.NoSuchElementException: no such element
  (Session info: chrome=42.0.2311.90)
  (Driver info: chromedriver=2.15.322448 (52179c1b310fec1797c81ea9a20326839860b7d3),platform=Windows NT 5.2 SP2 x86) (WARNING: The server did not provide any stacktrace information)
Command duration or timeout: 65 milliseconds
For documentation on this error, please visit: http://seleniumhq.org/exceptions/no_such_element.html
Build info: version: &apos;2.45.0&apos;, revision: &apos;5017cb8e7ca8e37638dc3091b2440b90a1d8686f&apos;, time: &apos;2015-02-27 09:10:26&apos;
System info: host: &apos;Sauces-MacBook-Air-7.local&apos;, ip: &apos;10.35.5.153&apos;, os.name: &apos;Mac OS X&apos;, os.arch: &apos;x86_64&apos;, os.version: &apos;10.10.4&apos;, java.version: &apos;1.8.0_45&apos;
Driver info: org.openqa.selenium.remote.RemoteWebDriver
Capabilities [{applicationCacheEnabled=false, rotatable=false, mobileEmulationEnabled=false, chrome={userDataDir=C:\DOCUME~1\ADMINI~1\LOCALS~1\Temp\scoped_dir1120_24539}, takesHeapSnapshot=true, hasMetadata=true, databaseEnabled=false, handlesAlerts=true, version=42.0.2311.90, platform=XP, browserConnectionEnabled=false, nativeEvents=true, acceptSslCerts=true, webdriver.remote.sessionid=03fd6badd70942dca5df9c18bd31096d, locationContextEnabled=true, webStorageEnabled=true, takesScreenshot=true, browserName=chrome, javascriptEnabled=true, cssSelectorsEnabled=true}]
Session ID: 03fd6badd70942dca5df9c18bd31096d
*** Element info: {Using=id, value=login-name}
	at sun.reflect.GeneratedConstructorAccessor70.newInstance(Unknown Source)
	at sun.reflect.DelegatingConstructorAccessorImpl.newInstance(DelegatingConstructorAccessorImpl.java:45)
	at java.lang.reflect.Constructor.newInstance(Constructor.java:422)
	at org.openqa.selenium.remote.ErrorHandler.createThrowable(ErrorHandler.java:204)
	at org.openqa.selenium.remote.ErrorHandler.throwIfResponseFailed(ErrorHandler.java:156)
	at org.openqa.selenium.remote.RemoteWebDriver.execute(RemoteWebDriver.java:599)
	at org.openqa.selenium.remote.RemoteWebDriver.findElement(RemoteWebDriver.java:352)
	at org.openqa.selenium.remote.RemoteWebDriver.findElementById(RemoteWebDriver.java:393)
	at org.openqa.selenium.By$ById.findElement(By.java:214)
	at org.openqa.selenium.remote.RemoteWebDriver.findElement(RemoteWebDriver.java:344)
	at org.openqa.selenium.support.ui.ExpectedConditions.findElement(ExpectedConditions.java:730)
	at org.openqa.selenium.support.ui.ExpectedConditions.access$000(ExpectedConditions.java:39)
	at org.openqa.selenium.support.ui.ExpectedConditions$3.apply(ExpectedConditions.java:106)
	at org.openqa.selenium.support.ui.ExpectedConditions$3.apply(ExpectedConditions.java:103)
	at org.openqa.selenium.support.ui.FluentWait.until(FluentWait.java:208)
	... 22 more
</error>
    <system-out>SauceOnDemandSessionID=03fd6badd70942dca5df9c18bd31096d job-name=com.yourcompany.SampleSauceTest.loginTest[10]
Job link: https://saucelabs.com/jobs/03fd6badd70942dca5df9c18bd31096d?auth=66618e877a98ef576bf3f133847e01b0
</system-out>
  </testcase>
  <testcase classname="com.yourcompany.SampleSauceTest" name="verifyTitleTest[12]" time="0">
    <failure message="expected:&lt;[Localhost Selenium Authentication Test]&gt; but was:&lt;[]&gt;" type="org.junit.ComparisonFailure">org.junit.ComparisonFailure: expected:&lt;[Localhost Selenium Authentication Test]&gt; but was:&lt;[]&gt;
	at org.junit.Assert.assertEquals(Assert.java:115)
	at org.junit.Assert.assertEquals(Assert.java:144)
	at com.yourcompany.SampleSauceTest.verifyTitleTest(SampleSauceTest.java:163)
	at sun.reflect.NativeMethodAccessorImpl.invoke0(Native Method)
	at sun.reflect.NativeMethodAccessorImpl.invoke(NativeMethodAccessorImpl.java:62)
	at sun.reflect.DelegatingMethodAccessorImpl.invoke(DelegatingMethodAccessorImpl.java:43)
	at java.lang.reflect.Method.invoke(Method.java:497)
	at org.junit.runners.model.FrameworkMethod$1.runReflectiveCall(FrameworkMethod.java:47)
	at org.junit.internal.runners.model.ReflectiveCallable.run(ReflectiveCallable.java:12)
	at org.junit.runners.model.FrameworkMethod.invokeExplosively(FrameworkMethod.java:44)
	at org.junit.internal.runners.statements.InvokeMethod.evaluate(InvokeMethod.java:17)
	at org.junit.internal.runners.statements.RunBefores.evaluate(RunBefores.java:26)
	at org.junit.internal.runners.statements.RunAfters.evaluate(RunAfters.java:27)
	at org.junit.rules.TestWatcher$1.evaluate(TestWatcher.java:55)
	at org.junit.rules.RunRules.evaluate(RunRules.java:20)
	at org.junit.runners.ParentRunner.runLeaf(ParentRunner.java:271)
	at org.junit.runners.BlockJUnit4ClassRunner.runChild(BlockJUnit4ClassRunner.java:70)
	at com.saucelabs.junit.ConcurrentParameterized$SauceClassRunnerForParameters.access$300(ConcurrentParameterized.java:170)
	at com.saucelabs.junit.ConcurrentParameterized$SauceClassRunnerForParameters$2.run(ConcurrentParameterized.java:287)
	at com.saucelabs.junit.ConcurrentParameterized$NonBlockingAsynchronousRunner$1.call(ConcurrentParameterized.java:312)
	at java.util.concurrent.FutureTask.run(FutureTask.java:266)
	at java.util.concurrent.ThreadPoolExecutor.runWorker(ThreadPoolExecutor.java:1142)
	at java.util.concurrent.ThreadPoolExecutor$Worker.run(ThreadPoolExecutor.java:617)
	at java.lang.Thread.run(Thread.java:745)
</failure>
    <system-out>SauceOnDemandSessionID=89f4dd3a7a3943a2bf2125178b49a343 job-name=com.yourcompany.SampleSauceTest.verifyTitleTest[12]
Job link: https://saucelabs.com/jobs/89f4dd3a7a3943a2bf2125178b49a343?auth=887e9f5f5ed8cee579c7356906cca998
</system-out>
  </testcase>
  <testcase classname="com.yourcompany.SampleSauceTest" name="loginTest[12]" time="0.004">
    <error message="Timed out after 1000 seconds waiting for presence of element located by: By.id: login-name
Build info: version: &apos;2.45.0&apos;, revision: &apos;5017cb8e7ca8e37638dc3091b2440b90a1d8686f&apos;, time: &apos;2015-02-27 09:10:26&apos;
System info: host: &apos;Sauces-MacBook-Air-7.local&apos;, ip: &apos;10.35.5.153&apos;, os.name: &apos;Mac OS X&apos;, os.arch: &apos;x86_64&apos;, os.version: &apos;10.10.4&apos;, java.version: &apos;1.8.0_45&apos;
Driver info: org.openqa.selenium.remote.RemoteWebDriver
Capabilities [{browserAttachTimeout=0, enablePersistentHover=true, ie.forceCreateProcessApi=false, ie.usePerProcessProxy=false, ignoreZoomSetting=false, hasMetadata=true, handlesAlerts=true, version=11, platform=WINDOWS, nativeEvents=true, ie.ensureCleanSession=false, elementScrollBehavior=0, ie.browserCommandLineSwitches=, webdriver.remote.sessionid=6f72a1b7854245b08760670038521965, requireWindowFocus=false, takesScreenshot=true, browserName=internet explorer, initialBrowserUrl=about:blank, javascriptEnabled=true, ignoreProtectedModeSettings=false, enableElementCacheCleanup=true, cssSelectorsEnabled=true, unexpectedAlertBehaviour=dismiss}]
Session ID: 6f72a1b7854245b08760670038521965" type="org.openqa.selenium.TimeoutException">org.openqa.selenium.TimeoutException: Timed out after 1000 seconds waiting for presence of element located by: By.id: login-name
Build info: version: &apos;2.45.0&apos;, revision: &apos;5017cb8e7ca8e37638dc3091b2440b90a1d8686f&apos;, time: &apos;2015-02-27 09:10:26&apos;
System info: host: &apos;Sauces-MacBook-Air-7.local&apos;, ip: &apos;10.35.5.153&apos;, os.name: &apos;Mac OS X&apos;, os.arch: &apos;x86_64&apos;, os.version: &apos;10.10.4&apos;, java.version: &apos;1.8.0_45&apos;
Driver info: org.openqa.selenium.remote.RemoteWebDriver
Capabilities [{browserAttachTimeout=0, enablePersistentHover=true, ie.forceCreateProcessApi=false, ie.usePerProcessProxy=false, ignoreZoomSetting=false, hasMetadata=true, handlesAlerts=true, version=11, platform=WINDOWS, nativeEvents=true, ie.ensureCleanSession=false, elementScrollBehavior=0, ie.browserCommandLineSwitches=, webdriver.remote.sessionid=6f72a1b7854245b08760670038521965, requireWindowFocus=false, takesScreenshot=true, browserName=internet explorer, initialBrowserUrl=about:blank, javascriptEnabled=true, ignoreProtectedModeSettings=false, enableElementCacheCleanup=true, cssSelectorsEnabled=true, unexpectedAlertBehaviour=dismiss}]
Session ID: 6f72a1b7854245b08760670038521965
	at org.openqa.selenium.support.ui.WebDriverWait.timeoutException(WebDriverWait.java:79)
	at org.openqa.selenium.support.ui.FluentWait.until(FluentWait.java:228)
	at com.yourcompany.SampleSauceTest.loginTest(SampleSauceTest.java:174)
	at sun.reflect.NativeMethodAccessorImpl.invoke0(Native Method)
	at sun.reflect.NativeMethodAccessorImpl.invoke(NativeMethodAccessorImpl.java:62)
	at sun.reflect.DelegatingMethodAccessorImpl.invoke(DelegatingMethodAccessorImpl.java:43)
	at java.lang.reflect.Method.invoke(Method.java:497)
	at org.junit.runners.model.FrameworkMethod$1.runReflectiveCall(FrameworkMethod.java:47)
	at org.junit.internal.runners.model.ReflectiveCallable.run(ReflectiveCallable.java:12)
	at org.junit.runners.model.FrameworkMethod.invokeExplosively(FrameworkMethod.java:44)
	at org.junit.internal.runners.statements.InvokeMethod.evaluate(InvokeMethod.java:17)
	at org.junit.internal.runners.statements.RunBefores.evaluate(RunBefores.java:26)
	at org.junit.internal.runners.statements.RunAfters.evaluate(RunAfters.java:27)
	at org.junit.rules.TestWatcher$1.evaluate(TestWatcher.java:55)
	at org.junit.rules.RunRules.evaluate(RunRules.java:20)
	at org.junit.runners.ParentRunner.runLeaf(ParentRunner.java:271)
	at org.junit.runners.BlockJUnit4ClassRunner.runChild(BlockJUnit4ClassRunner.java:70)
	at com.saucelabs.junit.ConcurrentParameterized$SauceClassRunnerForParameters.access$300(ConcurrentParameterized.java:170)
	at com.saucelabs.junit.ConcurrentParameterized$SauceClassRunnerForParameters$2.run(ConcurrentParameterized.java:287)
	at com.saucelabs.junit.ConcurrentParameterized$NonBlockingAsynchronousRunner$1.call(ConcurrentParameterized.java:312)
	at java.util.concurrent.FutureTask.run(FutureTask.java:266)
	at java.util.concurrent.ThreadPoolExecutor.runWorker(ThreadPoolExecutor.java:1142)
	at java.util.concurrent.ThreadPoolExecutor$Worker.run(ThreadPoolExecutor.java:617)
	at java.lang.Thread.run(Thread.java:745)
Caused by: org.openqa.selenium.NoSuchElementException: Unable to find element with id == login-name (WARNING: The server did not provide any stacktrace information)
Command duration or timeout: 313 milliseconds
For documentation on this error, please visit: http://seleniumhq.org/exceptions/no_such_element.html
Build info: version: &apos;2.40.0&apos;, revision: &apos;fbe29a9&apos;, time: &apos;2014-02-19 20:54:28&apos;
System info: host: &apos;WIN-SB3ER6JQ6ME&apos;, ip: &apos;172.20.42.42&apos;, os.name: &apos;Windows 8.1&apos;, os.arch: &apos;x86&apos;, os.version: &apos;6.3&apos;, java.version: &apos;1.8.0_51&apos;
Driver info: org.openqa.selenium.ie.InternetExplorerDriver
Capabilities [{browserAttachTimeout=0, enablePersistentHover=true, ie.forceCreateProcessApi=false, ie.usePerProcessProxy=false, ignoreZoomSetting=false, handlesAlerts=true, version=11, platform=WINDOWS, nativeEvents=true, ie.ensureCleanSession=false, elementScrollBehavior=0, ie.browserCommandLineSwitches=, requireWindowFocus=false, browserName=internet explorer, initialBrowserUrl=about:blank, takesScreenshot=true, javascriptEnabled=true, ignoreProtectedModeSettings=false, enableElementCacheCleanup=true, cssSelectorsEnabled=true, unexpectedAlertBehaviour=dismiss}]
Session ID: XXXXXXXX-XXXX-XXXX-XXXX-XXXXad669e8e
Command duration or timeout: 345 milliseconds
For documentation on this error, please visit: http://seleniumhq.org/exceptions/no_such_element.html
Build info: version: &apos;2.45.0&apos;, revision: &apos;5017cb8e7ca8e37638dc3091b2440b90a1d8686f&apos;, time: &apos;2015-02-27 09:10:26&apos;
System info: host: &apos;Sauces-MacBook-Air-7.local&apos;, ip: &apos;10.35.5.153&apos;, os.name: &apos;Mac OS X&apos;, os.arch: &apos;x86_64&apos;, os.version: &apos;10.10.4&apos;, java.version: &apos;1.8.0_45&apos;
Driver info: org.openqa.selenium.remote.RemoteWebDriver
Capabilities [{browserAttachTimeout=0, enablePersistentHover=true, ie.forceCreateProcessApi=false, ie.usePerProcessProxy=false, ignoreZoomSetting=false, hasMetadata=true, handlesAlerts=true, version=11, platform=WINDOWS, nativeEvents=true, ie.ensureCleanSession=false, elementScrollBehavior=0, ie.browserCommandLineSwitches=, webdriver.remote.sessionid=6f72a1b7854245b08760670038521965, requireWindowFocus=false, takesScreenshot=true, browserName=internet explorer, initialBrowserUrl=about:blank, javascriptEnabled=true, ignoreProtectedModeSettings=false, enableElementCacheCleanup=true, cssSelectorsEnabled=true, unexpectedAlertBehaviour=dismiss}]
Session ID: 6f72a1b7854245b08760670038521965
*** Element info: {Using=id, value=login-name}
	at sun.reflect.GeneratedConstructorAccessor70.newInstance(Unknown Source)
	at sun.reflect.DelegatingConstructorAccessorImpl.newInstance(DelegatingConstructorAccessorImpl.java:45)
	at java.lang.reflect.Constructor.newInstance(Constructor.java:422)
	at org.openqa.selenium.remote.ErrorHandler.createThrowable(ErrorHandler.java:204)
	at org.openqa.selenium.remote.ErrorHandler.throwIfResponseFailed(ErrorHandler.java:156)
	at org.openqa.selenium.remote.RemoteWebDriver.execute(RemoteWebDriver.java:599)
	at org.openqa.selenium.remote.RemoteWebDriver.findElement(RemoteWebDriver.java:352)
	at org.openqa.selenium.remote.RemoteWebDriver.findElementById(RemoteWebDriver.java:393)
	at org.openqa.selenium.By$ById.findElement(By.java:214)
	at org.openqa.selenium.remote.RemoteWebDriver.findElement(RemoteWebDriver.java:344)
	at org.openqa.selenium.support.ui.ExpectedConditions.findElement(ExpectedConditions.java:730)
	at org.openqa.selenium.support.ui.ExpectedConditions.access$000(ExpectedConditions.java:39)
	at org.openqa.selenium.support.ui.ExpectedConditions$3.apply(ExpectedConditions.java:106)
	at org.openqa.selenium.support.ui.ExpectedConditions$3.apply(ExpectedConditions.java:103)
	at org.openqa.selenium.support.ui.FluentWait.until(FluentWait.java:208)
	... 22 more
Caused by: org.openqa.selenium.NoSuchElementException: Unable to find element with id == login-name (WARNING: The server did not provide any stacktrace information)
Command duration or timeout: 313 milliseconds
For documentation on this error, please visit: http://seleniumhq.org/exceptions/no_such_element.html
Build info: version: &apos;2.40.0&apos;, revision: &apos;fbe29a9&apos;, time: &apos;2014-02-19 20:54:28&apos;
System info: host: &apos;WIN-SB3ER6JQ6ME&apos;, ip: &apos;172.20.42.42&apos;, os.name: &apos;Windows 8.1&apos;, os.arch: &apos;x86&apos;, os.version: &apos;6.3&apos;, java.version: &apos;1.8.0_51&apos;
Driver info: org.openqa.selenium.ie.InternetExplorerDriver
Capabilities [{browserAttachTimeout=0, enablePersistentHover=true, ie.forceCreateProcessApi=false, ie.usePerProcessProxy=false, ignoreZoomSetting=false, handlesAlerts=true, version=11, platform=WINDOWS, nativeEvents=true, ie.ensureCleanSession=false, elementScrollBehavior=0, ie.browserCommandLineSwitches=, requireWindowFocus=false, browserName=internet explorer, initialBrowserUrl=about:blank, takesScreenshot=true, javascriptEnabled=true, ignoreProtectedModeSettings=false, enableElementCacheCleanup=true, cssSelectorsEnabled=true, unexpectedAlertBehaviour=dismiss}]
Session ID: XXXXXXXX-XXXX-XXXX-XXXX-XXXXad669e8e
For documentation on this error, please visit: http://seleniumhq.org/exceptions/no_such_element.html
Build info: version: &apos;2.45.0&apos;, revision: &apos;5017cb8e7ca8e37638dc3091b2440b90a1d8686f&apos;, time: &apos;2015-02-27 09:10:26&apos;
System info: host: &apos;Sauces-MacBook-Air-7.local&apos;, ip: &apos;10.35.5.153&apos;, os.name: &apos;Mac OS X&apos;, os.arch: &apos;x86_64&apos;, os.version: &apos;10.10.4&apos;, java.version: &apos;1.8.0_45&apos;
Driver info: driver.version: EventFiringWebDriver
	at sun.reflect.GeneratedConstructorAccessor11.newInstance(Unknown Source)
	at sun.reflect.DelegatingConstructorAccessorImpl.newInstance(Unknown Source)
	at java.lang.reflect.Constructor.newInstance(Unknown Source)
	at org.openqa.selenium.remote.ErrorHandler.createThrowable(ErrorHandler.java:193)
	at org.openqa.selenium.remote.ErrorHandler.throwIfResponseFailed(ErrorHandler.java:145)
	at org.openqa.selenium.remote.RemoteWebDriver.execute(RemoteWebDriver.java:573)
	at org.openqa.selenium.remote.RemoteWebDriver.findElement(RemoteWebDriver.java:326)
	at org.openqa.selenium.remote.RemoteWebDriver.findElementById(RemoteWebDriver.java:367)
	at org.openqa.selenium.By$ById.findElement(By.java:214)
	at org.openqa.selenium.remote.RemoteWebDriver.findElement(RemoteWebDriver.java:318)
	at sun.reflect.GeneratedMethodAccessor19.invoke(Unknown Source)
	at sun.reflect.DelegatingMethodAccessorImpl.invoke(Unknown Source)
	at java.lang.reflect.Method.invoke(Unknown Source)
	at org.openqa.selenium.support.events.EventFiringWebDriver$2.invoke(EventFiringWebDriver.java:101)
	at com.sun.proxy.$Proxy2.findElement(Unknown Source)
	at org.openqa.selenium.support.events.EventFiringWebDriver.findElement(EventFiringWebDriver.java:184)
	at org.openqa.selenium.remote.server.handler.FindElement.call(FindElement.java:47)
	at org.openqa.selenium.remote.server.handler.FindElement.call(FindElement.java:1)
	at java.util.concurrent.FutureTask.run(Unknown Source)
	at org.openqa.selenium.remote.server.DefaultSession$1.run(DefaultSession.java:170)
	at java.util.concurrent.ThreadPoolExecutor.runWorker(Unknown Source)
	at java.util.concurrent.ThreadPoolExecutor$Worker.run(Unknown Source)
	at java.lang.Thread.run(Unknown Source)
</error>
    <system-out>SauceOnDemandSessionID=6f72a1b7854245b08760670038521965 job-name=com.yourcompany.SampleSauceTest.loginTest[12]
Job link: https://saucelabs.com/jobs/6f72a1b7854245b08760670038521965?auth=0cc48e9efbc41ad1227498bf193ede39
</system-out>
  </testcase>
  <testcase classname="com.yourcompany.SampleSauceTest" name="verifyTitleTest[6]" time="0.001">
    <failure message="expected:&lt;[Localhost Selenium Authentication Test]&gt; but was:&lt;[Webpage not available]&gt;" type="org.junit.ComparisonFailure">org.junit.ComparisonFailure: expected:&lt;[Localhost Selenium Authentication Test]&gt; but was:&lt;[Webpage not available]&gt;
	at org.junit.Assert.assertEquals(Assert.java:115)
	at org.junit.Assert.assertEquals(Assert.java:144)
	at com.yourcompany.SampleSauceTest.verifyTitleTest(SampleSauceTest.java:163)
	at sun.reflect.NativeMethodAccessorImpl.invoke0(Native Method)
	at sun.reflect.NativeMethodAccessorImpl.invoke(NativeMethodAccessorImpl.java:62)
	at sun.reflect.DelegatingMethodAccessorImpl.invoke(DelegatingMethodAccessorImpl.java:43)
	at java.lang.reflect.Method.invoke(Method.java:497)
	at org.junit.runners.model.FrameworkMethod$1.runReflectiveCall(FrameworkMethod.java:47)
	at org.junit.internal.runners.model.ReflectiveCallable.run(ReflectiveCallable.java:12)
	at org.junit.runners.model.FrameworkMethod.invokeExplosively(FrameworkMethod.java:44)
	at org.junit.internal.runners.statements.InvokeMethod.evaluate(InvokeMethod.java:17)
	at org.junit.internal.runners.statements.RunBefores.evaluate(RunBefores.java:26)
	at org.junit.internal.runners.statements.RunAfters.evaluate(RunAfters.java:27)
	at org.junit.rules.TestWatcher$1.evaluate(TestWatcher.java:55)
	at org.junit.rules.RunRules.evaluate(RunRules.java:20)
	at org.junit.runners.ParentRunner.runLeaf(ParentRunner.java:271)
	at org.junit.runners.BlockJUnit4ClassRunner.runChild(BlockJUnit4ClassRunner.java:70)
	at com.saucelabs.junit.ConcurrentParameterized$SauceClassRunnerForParameters.access$300(ConcurrentParameterized.java:170)
	at com.saucelabs.junit.ConcurrentParameterized$SauceClassRunnerForParameters$2.run(ConcurrentParameterized.java:287)
	at com.saucelabs.junit.ConcurrentParameterized$NonBlockingAsynchronousRunner$1.call(ConcurrentParameterized.java:312)
	at java.util.concurrent.FutureTask.run(FutureTask.java:266)
	at java.util.concurrent.ThreadPoolExecutor.runWorker(ThreadPoolExecutor.java:1142)
	at java.util.concurrent.ThreadPoolExecutor$Worker.run(ThreadPoolExecutor.java:617)
	at java.lang.Thread.run(Thread.java:745)
</failure>
    <system-out>SauceOnDemandSessionID=ea9d88c2732f4548ab7029cdc90faeb3 job-name=com.yourcompany.SampleSauceTest.verifyTitleTest[6]
Job link: https://saucelabs.com/jobs/ea9d88c2732f4548ab7029cdc90faeb3?auth=a2cb9b89658bad25ec88b7948828e40d
</system-out>
  </testcase>
  <testcase classname="com.yourcompany.SampleSauceTest" name="verifyTitleTest[11]" time="0">
    <failure message="expected:&lt;[Localhost Selenium Authentication Test]&gt; but was:&lt;[]&gt;" type="org.junit.ComparisonFailure">org.junit.ComparisonFailure: expected:&lt;[Localhost Selenium Authentication Test]&gt; but was:&lt;[]&gt;
	at org.junit.Assert.assertEquals(Assert.java:115)
	at org.junit.Assert.assertEquals(Assert.java:144)
	at com.yourcompany.SampleSauceTest.verifyTitleTest(SampleSauceTest.java:163)
	at sun.reflect.NativeMethodAccessorImpl.invoke0(Native Method)
	at sun.reflect.NativeMethodAccessorImpl.invoke(NativeMethodAccessorImpl.java:62)
	at sun.reflect.DelegatingMethodAccessorImpl.invoke(DelegatingMethodAccessorImpl.java:43)
	at java.lang.reflect.Method.invoke(Method.java:497)
	at org.junit.runners.model.FrameworkMethod$1.runReflectiveCall(FrameworkMethod.java:47)
	at org.junit.internal.runners.model.ReflectiveCallable.run(ReflectiveCallable.java:12)
	at org.junit.runners.model.FrameworkMethod.invokeExplosively(FrameworkMethod.java:44)
	at org.junit.internal.runners.statements.InvokeMethod.evaluate(InvokeMethod.java:17)
	at org.junit.internal.runners.statements.RunBefores.evaluate(RunBefores.java:26)
	at org.junit.internal.runners.statements.RunAfters.evaluate(RunAfters.java:27)
	at org.junit.rules.TestWatcher$1.evaluate(TestWatcher.java:55)
	at org.junit.rules.RunRules.evaluate(RunRules.java:20)
	at org.junit.runners.ParentRunner.runLeaf(ParentRunner.java:271)
	at org.junit.runners.BlockJUnit4ClassRunner.runChild(BlockJUnit4ClassRunner.java:70)
	at com.saucelabs.junit.ConcurrentParameterized$SauceClassRunnerForParameters.access$300(ConcurrentParameterized.java:170)
	at com.saucelabs.junit.ConcurrentParameterized$SauceClassRunnerForParameters$2.run(ConcurrentParameterized.java:287)
	at com.saucelabs.junit.ConcurrentParameterized$NonBlockingAsynchronousRunner$1.call(ConcurrentParameterized.java:312)
	at java.util.concurrent.FutureTask.run(FutureTask.java:266)
	at java.util.concurrent.ThreadPoolExecutor.runWorker(ThreadPoolExecutor.java:1142)
	at java.util.concurrent.ThreadPoolExecutor$Worker.run(ThreadPoolExecutor.java:617)
	at java.lang.Thread.run(Thread.java:745)
</failure>
    <system-out>SauceOnDemandSessionID=c97e14595ccd4a16a0d04b4a03fecf34 job-name=com.yourcompany.SampleSauceTest.verifyTitleTest[11]
Job link: https://saucelabs.com/jobs/c97e14595ccd4a16a0d04b4a03fecf34?auth=19b4a95fce4986b3d3c73ad868367ba3
</system-out>
  </testcase>
  <testcase classname="com.yourcompany.SampleSauceTest" name="verifyTitleTest[8]" time="0.001">
    <failure message="expected:&lt;[Localhost Selenium Authentication Test]&gt; but was:&lt;[]&gt;" type="org.junit.ComparisonFailure">org.junit.ComparisonFailure: expected:&lt;[Localhost Selenium Authentication Test]&gt; but was:&lt;[]&gt;
	at org.junit.Assert.assertEquals(Assert.java:115)
	at org.junit.Assert.assertEquals(Assert.java:144)
	at com.yourcompany.SampleSauceTest.verifyTitleTest(SampleSauceTest.java:163)
	at sun.reflect.NativeMethodAccessorImpl.invoke0(Native Method)
	at sun.reflect.NativeMethodAccessorImpl.invoke(NativeMethodAccessorImpl.java:62)
	at sun.reflect.DelegatingMethodAccessorImpl.invoke(DelegatingMethodAccessorImpl.java:43)
	at java.lang.reflect.Method.invoke(Method.java:497)
	at org.junit.runners.model.FrameworkMethod$1.runReflectiveCall(FrameworkMethod.java:47)
	at org.junit.internal.runners.model.ReflectiveCallable.run(ReflectiveCallable.java:12)
	at org.junit.runners.model.FrameworkMethod.invokeExplosively(FrameworkMethod.java:44)
	at org.junit.internal.runners.statements.InvokeMethod.evaluate(InvokeMethod.java:17)
	at org.junit.internal.runners.statements.RunBefores.evaluate(RunBefores.java:26)
	at org.junit.internal.runners.statements.RunAfters.evaluate(RunAfters.java:27)
	at org.junit.rules.TestWatcher$1.evaluate(TestWatcher.java:55)
	at org.junit.rules.RunRules.evaluate(RunRules.java:20)
	at org.junit.runners.ParentRunner.runLeaf(ParentRunner.java:271)
	at org.junit.runners.BlockJUnit4ClassRunner.runChild(BlockJUnit4ClassRunner.java:70)
	at com.saucelabs.junit.ConcurrentParameterized$SauceClassRunnerForParameters.access$300(ConcurrentParameterized.java:170)
	at com.saucelabs.junit.ConcurrentParameterized$SauceClassRunnerForParameters$2.run(ConcurrentParameterized.java:287)
	at com.saucelabs.junit.ConcurrentParameterized$NonBlockingAsynchronousRunner$1.call(ConcurrentParameterized.java:312)
	at java.util.concurrent.FutureTask.run(FutureTask.java:266)
	at java.util.concurrent.ThreadPoolExecutor.runWorker(ThreadPoolExecutor.java:1142)
	at java.util.concurrent.ThreadPoolExecutor$Worker.run(ThreadPoolExecutor.java:617)
	at java.lang.Thread.run(Thread.java:745)
</failure>
    <system-out>SauceOnDemandSessionID=43cff88f1c0541d183a240099512e452 job-name=com.yourcompany.SampleSauceTest.verifyTitleTest[8]
Job link: https://saucelabs.com/jobs/43cff88f1c0541d183a240099512e452?auth=d46c8e922a73eb40fcc881d090eb1ce8
</system-out>
  </testcase>
  <testcase classname="com.yourcompany.SampleSauceTest" name="verifyTitleTest[2]" time="0">
    <failure message="expected:&lt;[Localhost Selenium Authentication Test]&gt; but was:&lt;[http://localhost/]&gt;" type="org.junit.ComparisonFailure">org.junit.ComparisonFailure: expected:&lt;[Localhost Selenium Authentication Test]&gt; but was:&lt;[http://localhost/]&gt;
	at org.junit.Assert.assertEquals(Assert.java:115)
	at org.junit.Assert.assertEquals(Assert.java:144)
	at com.yourcompany.SampleSauceTest.verifyTitleTest(SampleSauceTest.java:163)
	at sun.reflect.NativeMethodAccessorImpl.invoke0(Native Method)
	at sun.reflect.NativeMethodAccessorImpl.invoke(NativeMethodAccessorImpl.java:62)
	at sun.reflect.DelegatingMethodAccessorImpl.invoke(DelegatingMethodAccessorImpl.java:43)
	at java.lang.reflect.Method.invoke(Method.java:497)
	at org.junit.runners.model.FrameworkMethod$1.runReflectiveCall(FrameworkMethod.java:47)
	at org.junit.internal.runners.model.ReflectiveCallable.run(ReflectiveCallable.java:12)
	at org.junit.runners.model.FrameworkMethod.invokeExplosively(FrameworkMethod.java:44)
	at org.junit.internal.runners.statements.InvokeMethod.evaluate(InvokeMethod.java:17)
	at org.junit.internal.runners.statements.RunBefores.evaluate(RunBefores.java:26)
	at org.junit.internal.runners.statements.RunAfters.evaluate(RunAfters.java:27)
	at org.junit.rules.TestWatcher$1.evaluate(TestWatcher.java:55)
	at org.junit.rules.RunRules.evaluate(RunRules.java:20)
	at org.junit.runners.ParentRunner.runLeaf(ParentRunner.java:271)
	at org.junit.runners.BlockJUnit4ClassRunner.runChild(BlockJUnit4ClassRunner.java:70)
	at com.saucelabs.junit.ConcurrentParameterized$SauceClassRunnerForParameters.access$300(ConcurrentParameterized.java:170)
	at com.saucelabs.junit.ConcurrentParameterized$SauceClassRunnerForParameters$2.run(ConcurrentParameterized.java:287)
	at com.saucelabs.junit.ConcurrentParameterized$NonBlockingAsynchronousRunner$1.call(ConcurrentParameterized.java:312)
	at java.util.concurrent.FutureTask.run(FutureTask.java:266)
	at java.util.concurrent.ThreadPoolExecutor.runWorker(ThreadPoolExecutor.java:1142)
	at java.util.concurrent.ThreadPoolExecutor$Worker.run(ThreadPoolExecutor.java:617)
	at java.lang.Thread.run(Thread.java:745)
</failure>
    <system-out>SauceOnDemandSessionID=affc32c799df4b8eb45690baa714c961 job-name=com.yourcompany.SampleSauceTest.verifyTitleTest[2]
Job link: https://saucelabs.com/jobs/affc32c799df4b8eb45690baa714c961?auth=13076de67c05b450dfc9394acf09bf97
</system-out>
  </testcase>
  <testcase classname="com.yourcompany.SampleSauceTest" name="loginTest[4]" time="0.001">
    <error message="Timed out after 1000 seconds waiting for presence of element located by: By.id: login-name
Build info: version: &apos;2.45.0&apos;, revision: &apos;5017cb8e7ca8e37638dc3091b2440b90a1d8686f&apos;, time: &apos;2015-02-27 09:10:26&apos;
System info: host: &apos;Sauces-MacBook-Air-7.local&apos;, ip: &apos;10.35.5.153&apos;, os.name: &apos;Mac OS X&apos;, os.arch: &apos;x86_64&apos;, os.version: &apos;10.10.4&apos;, java.version: &apos;1.8.0_45&apos;
Driver info: org.openqa.selenium.remote.RemoteWebDriver
Capabilities [{webdriver.remote.sessionid=b23daf4e0ec248938ce320a581f8b959, takesScreenshot=true, browserName=safari, javascriptEnabled=true, hasMetadata=true, version=6.2.7, cssSelectorsEnabled=true, platform=MAC, secureSsl=true}]
Session ID: b23daf4e0ec248938ce320a581f8b959" type="org.openqa.selenium.TimeoutException">org.openqa.selenium.TimeoutException: Timed out after 1000 seconds waiting for presence of element located by: By.id: login-name
Build info: version: &apos;2.45.0&apos;, revision: &apos;5017cb8e7ca8e37638dc3091b2440b90a1d8686f&apos;, time: &apos;2015-02-27 09:10:26&apos;
System info: host: &apos;Sauces-MacBook-Air-7.local&apos;, ip: &apos;10.35.5.153&apos;, os.name: &apos;Mac OS X&apos;, os.arch: &apos;x86_64&apos;, os.version: &apos;10.10.4&apos;, java.version: &apos;1.8.0_45&apos;
Driver info: org.openqa.selenium.remote.RemoteWebDriver
Capabilities [{webdriver.remote.sessionid=b23daf4e0ec248938ce320a581f8b959, takesScreenshot=true, browserName=safari, javascriptEnabled=true, hasMetadata=true, version=6.2.7, cssSelectorsEnabled=true, platform=MAC, secureSsl=true}]
Session ID: b23daf4e0ec248938ce320a581f8b959
	at org.openqa.selenium.support.ui.WebDriverWait.timeoutException(WebDriverWait.java:79)
	at org.openqa.selenium.support.ui.FluentWait.until(FluentWait.java:228)
	at com.yourcompany.SampleSauceTest.loginTest(SampleSauceTest.java:174)
	at sun.reflect.NativeMethodAccessorImpl.invoke0(Native Method)
	at sun.reflect.NativeMethodAccessorImpl.invoke(NativeMethodAccessorImpl.java:62)
	at sun.reflect.DelegatingMethodAccessorImpl.invoke(DelegatingMethodAccessorImpl.java:43)
	at java.lang.reflect.Method.invoke(Method.java:497)
	at org.junit.runners.model.FrameworkMethod$1.runReflectiveCall(FrameworkMethod.java:47)
	at org.junit.internal.runners.model.ReflectiveCallable.run(ReflectiveCallable.java:12)
	at org.junit.runners.model.FrameworkMethod.invokeExplosively(FrameworkMethod.java:44)
	at org.junit.internal.runners.statements.InvokeMethod.evaluate(InvokeMethod.java:17)
	at org.junit.internal.runners.statements.RunBefores.evaluate(RunBefores.java:26)
	at org.junit.internal.runners.statements.RunAfters.evaluate(RunAfters.java:27)
	at org.junit.rules.TestWatcher$1.evaluate(TestWatcher.java:55)
	at org.junit.rules.RunRules.evaluate(RunRules.java:20)
	at org.junit.runners.ParentRunner.runLeaf(ParentRunner.java:271)
	at org.junit.runners.BlockJUnit4ClassRunner.runChild(BlockJUnit4ClassRunner.java:70)
	at com.saucelabs.junit.ConcurrentParameterized$SauceClassRunnerForParameters.access$300(ConcurrentParameterized.java:170)
	at com.saucelabs.junit.ConcurrentParameterized$SauceClassRunnerForParameters$2.run(ConcurrentParameterized.java:287)
	at com.saucelabs.junit.ConcurrentParameterized$NonBlockingAsynchronousRunner$1.call(ConcurrentParameterized.java:312)
	at java.util.concurrent.FutureTask.run(FutureTask.java:266)
	at java.util.concurrent.ThreadPoolExecutor.runWorker(ThreadPoolExecutor.java:1142)
	at java.util.concurrent.ThreadPoolExecutor$Worker.run(ThreadPoolExecutor.java:617)
	at java.lang.Thread.run(Thread.java:745)
Caused by: org.openqa.selenium.NoSuchElementException: Could not find element: {&quot;using&quot;:&quot;id&quot;,&quot;value&quot;:&quot;login-name&quot;} (WARNING: The server did not provide any stacktrace information)
Command duration or timeout: 18 milliseconds
For documentation on this error, please visit: http://seleniumhq.org/exceptions/no_such_element.html
Build info: version: &apos;2.40.0&apos;, revision: &apos;fbe29a9&apos;, time: &apos;2014-02-19 20:54:28&apos;
System info: host: &apos;itako44216.prod.miso&apos;, ip: &apos;172.20.44.216&apos;, os.name: &apos;Mac OS X&apos;, os.arch: &apos;x86_64&apos;, os.version: &apos;10.8.5&apos;, java.version: &apos;1.7.0_75&apos;
Session ID: null
Driver info: org.openqa.selenium.safari.SafariDriver
Capabilities [{platform=MAC, cssSelectorsEnabled=true, javascriptEnabled=true, secureSsl=true, browserName=safari, takesScreenshot=true, version=6.2.7}]
Command duration or timeout: 46 milliseconds
For documentation on this error, please visit: http://seleniumhq.org/exceptions/no_such_element.html
Build info: version: &apos;2.45.0&apos;, revision: &apos;5017cb8e7ca8e37638dc3091b2440b90a1d8686f&apos;, time: &apos;2015-02-27 09:10:26&apos;
System info: host: &apos;Sauces-MacBook-Air-7.local&apos;, ip: &apos;10.35.5.153&apos;, os.name: &apos;Mac OS X&apos;, os.arch: &apos;x86_64&apos;, os.version: &apos;10.10.4&apos;, java.version: &apos;1.8.0_45&apos;
Driver info: org.openqa.selenium.remote.RemoteWebDriver
Capabilities [{webdriver.remote.sessionid=b23daf4e0ec248938ce320a581f8b959, takesScreenshot=true, browserName=safari, javascriptEnabled=true, hasMetadata=true, version=6.2.7, cssSelectorsEnabled=true, platform=MAC, secureSsl=true}]
Session ID: b23daf4e0ec248938ce320a581f8b959
*** Element info: {Using=id, value=login-name}
	at sun.reflect.GeneratedConstructorAccessor70.newInstance(Unknown Source)
	at sun.reflect.DelegatingConstructorAccessorImpl.newInstance(DelegatingConstructorAccessorImpl.java:45)
	at java.lang.reflect.Constructor.newInstance(Constructor.java:422)
	at org.openqa.selenium.remote.ErrorHandler.createThrowable(ErrorHandler.java:204)
	at org.openqa.selenium.remote.ErrorHandler.throwIfResponseFailed(ErrorHandler.java:156)
	at org.openqa.selenium.remote.RemoteWebDriver.execute(RemoteWebDriver.java:599)
	at org.openqa.selenium.remote.RemoteWebDriver.findElement(RemoteWebDriver.java:352)
	at org.openqa.selenium.remote.RemoteWebDriver.findElementById(RemoteWebDriver.java:393)
	at org.openqa.selenium.By$ById.findElement(By.java:214)
	at org.openqa.selenium.remote.RemoteWebDriver.findElement(RemoteWebDriver.java:344)
	at org.openqa.selenium.support.ui.ExpectedConditions.findElement(ExpectedConditions.java:730)
	at org.openqa.selenium.support.ui.ExpectedConditions.access$000(ExpectedConditions.java:39)
	at org.openqa.selenium.support.ui.ExpectedConditions$3.apply(ExpectedConditions.java:106)
	at org.openqa.selenium.support.ui.ExpectedConditions$3.apply(ExpectedConditions.java:103)
	at org.openqa.selenium.support.ui.FluentWait.until(FluentWait.java:208)
	... 22 more
Caused by: org.openqa.selenium.NoSuchElementException: Could not find element: {&quot;using&quot;:&quot;id&quot;,&quot;value&quot;:&quot;login-name&quot;} (WARNING: The server did not provide any stacktrace information)
Command duration or timeout: 18 milliseconds
For documentation on this error, please visit: http://seleniumhq.org/exceptions/no_such_element.html
Build info: version: &apos;2.40.0&apos;, revision: &apos;fbe29a9&apos;, time: &apos;2014-02-19 20:54:28&apos;
System info: host: &apos;itako44216.prod.miso&apos;, ip: &apos;172.20.44.216&apos;, os.name: &apos;Mac OS X&apos;, os.arch: &apos;x86_64&apos;, os.version: &apos;10.8.5&apos;, java.version: &apos;1.7.0_75&apos;
Session ID: null
Driver info: org.openqa.selenium.safari.SafariDriver
Capabilities [{platform=MAC, cssSelectorsEnabled=true, javascriptEnabled=true, secureSsl=true, browserName=safari, takesScreenshot=true, version=6.2.7}]
For documentation on this error, please visit: http://seleniumhq.org/exceptions/no_such_element.html
Build info: version: &apos;2.45.0&apos;, revision: &apos;5017cb8e7ca8e37638dc3091b2440b90a1d8686f&apos;, time: &apos;2015-02-27 09:10:26&apos;
System info: host: &apos;Sauces-MacBook-Air-7.local&apos;, ip: &apos;10.35.5.153&apos;, os.name: &apos;Mac OS X&apos;, os.arch: &apos;x86_64&apos;, os.version: &apos;10.10.4&apos;, java.version: &apos;1.8.0_45&apos;
Driver info: driver.version: EventFiringWebDriver
	at sun.reflect.GeneratedConstructorAccessor4.newInstance(Unknown Source)
	at sun.reflect.DelegatingConstructorAccessorImpl.newInstance(DelegatingConstructorAccessorImpl.java:45)
	at java.lang.reflect.Constructor.newInstance(Constructor.java:526)
	at org.openqa.selenium.remote.ErrorHandler.createThrowable(ErrorHandler.java:193)
	at org.openqa.selenium.remote.ErrorHandler.throwIfResponseFailed(ErrorHandler.java:145)
	at org.openqa.selenium.remote.RemoteWebDriver.execute(RemoteWebDriver.java:573)
	at org.openqa.selenium.remote.RemoteWebDriver.findElement(RemoteWebDriver.java:326)
	at org.openqa.selenium.remote.RemoteWebDriver.findElementById(RemoteWebDriver.java:367)
	at org.openqa.selenium.By$ById.findElement(By.java:214)
	at org.openqa.selenium.remote.RemoteWebDriver.findElement(RemoteWebDriver.java:318)
	at sun.reflect.GeneratedMethodAccessor18.invoke(Unknown Source)
	at sun.reflect.DelegatingMethodAccessorImpl.invoke(DelegatingMethodAccessorImpl.java:43)
	at java.lang.reflect.Method.invoke(Method.java:606)
	at org.openqa.selenium.support.events.EventFiringWebDriver$2.invoke(EventFiringWebDriver.java:101)
	at com.sun.proxy.$Proxy1.findElement(Unknown Source)
	at org.openqa.selenium.support.events.EventFiringWebDriver.findElement(EventFiringWebDriver.java:184)
	at org.openqa.selenium.remote.server.handler.FindElement.call(FindElement.java:47)
	at org.openqa.selenium.remote.server.handler.FindElement.call(FindElement.java:1)
	at java.util.concurrent.FutureTask.run(FutureTask.java:262)
	at org.openqa.selenium.remote.server.DefaultSession$1.run(DefaultSession.java:170)
	at java.util.concurrent.ThreadPoolExecutor.runWorker(ThreadPoolExecutor.java:1145)
	at java.util.concurrent.ThreadPoolExecutor$Worker.run(ThreadPoolExecutor.java:615)
	... 1 more
</error>
    <system-out>SauceOnDemandSessionID=b23daf4e0ec248938ce320a581f8b959 job-name=com.yourcompany.SampleSauceTest.loginTest[4]
Job link: https://saucelabs.com/jobs/b23daf4e0ec248938ce320a581f8b959?auth=0317fc9519eac1cd59b3d2b6f26d43aa
</system-out>
  </testcase>
  <testcase classname="com.yourcompany.SampleSauceTest" name="loginTest[13]" time="0.022">
    <error message="Timed out after 1000 seconds waiting for presence of element located by: By.id: login-name
Build info: version: &apos;2.45.0&apos;, revision: &apos;5017cb8e7ca8e37638dc3091b2440b90a1d8686f&apos;, time: &apos;2015-02-27 09:10:26&apos;
System info: host: &apos;Sauces-MacBook-Air-7.local&apos;, ip: &apos;10.35.5.153&apos;, os.name: &apos;Mac OS X&apos;, os.arch: &apos;x86_64&apos;, os.version: &apos;10.10.4&apos;, java.version: &apos;1.8.0_45&apos;
Driver info: org.openqa.selenium.remote.RemoteWebDriver
Capabilities [{applicationCacheEnabled=false, rotatable=false, mobileEmulationEnabled=false, chrome={userDataDir=C:\Users\ADMINI~1\AppData\Local\Temp\scoped_dir3560_21604}, takesHeapSnapshot=true, hasMetadata=true, databaseEnabled=false, handlesAlerts=true, version=43.0.2357.65, platform=XP, browserConnectionEnabled=false, nativeEvents=true, acceptSslCerts=true, webdriver.remote.sessionid=68233db73b6549dcb348074ed3e214c4, locationContextEnabled=true, webStorageEnabled=true, takesScreenshot=true, browserName=chrome, javascriptEnabled=true, cssSelectorsEnabled=true}]
Session ID: 68233db73b6549dcb348074ed3e214c4" type="org.openqa.selenium.TimeoutException">org.openqa.selenium.TimeoutException: Timed out after 1000 seconds waiting for presence of element located by: By.id: login-name
Build info: version: &apos;2.45.0&apos;, revision: &apos;5017cb8e7ca8e37638dc3091b2440b90a1d8686f&apos;, time: &apos;2015-02-27 09:10:26&apos;
System info: host: &apos;Sauces-MacBook-Air-7.local&apos;, ip: &apos;10.35.5.153&apos;, os.name: &apos;Mac OS X&apos;, os.arch: &apos;x86_64&apos;, os.version: &apos;10.10.4&apos;, java.version: &apos;1.8.0_45&apos;
Driver info: org.openqa.selenium.remote.RemoteWebDriver
Capabilities [{applicationCacheEnabled=false, rotatable=false, mobileEmulationEnabled=false, chrome={userDataDir=C:\Users\ADMINI~1\AppData\Local\Temp\scoped_dir3560_21604}, takesHeapSnapshot=true, hasMetadata=true, databaseEnabled=false, handlesAlerts=true, version=43.0.2357.65, platform=XP, browserConnectionEnabled=false, nativeEvents=true, acceptSslCerts=true, webdriver.remote.sessionid=68233db73b6549dcb348074ed3e214c4, locationContextEnabled=true, webStorageEnabled=true, takesScreenshot=true, browserName=chrome, javascriptEnabled=true, cssSelectorsEnabled=true}]
Session ID: 68233db73b6549dcb348074ed3e214c4
	at org.openqa.selenium.support.ui.WebDriverWait.timeoutException(WebDriverWait.java:79)
	at org.openqa.selenium.support.ui.FluentWait.until(FluentWait.java:228)
	at com.yourcompany.SampleSauceTest.loginTest(SampleSauceTest.java:174)
	at sun.reflect.NativeMethodAccessorImpl.invoke0(Native Method)
	at sun.reflect.NativeMethodAccessorImpl.invoke(NativeMethodAccessorImpl.java:62)
	at sun.reflect.DelegatingMethodAccessorImpl.invoke(DelegatingMethodAccessorImpl.java:43)
	at java.lang.reflect.Method.invoke(Method.java:497)
	at org.junit.runners.model.FrameworkMethod$1.runReflectiveCall(FrameworkMethod.java:47)
	at org.junit.internal.runners.model.ReflectiveCallable.run(ReflectiveCallable.java:12)
	at org.junit.runners.model.FrameworkMethod.invokeExplosively(FrameworkMethod.java:44)
	at org.junit.internal.runners.statements.InvokeMethod.evaluate(InvokeMethod.java:17)
	at org.junit.internal.runners.statements.RunBefores.evaluate(RunBefores.java:26)
	at org.junit.internal.runners.statements.RunAfters.evaluate(RunAfters.java:27)
	at org.junit.rules.TestWatcher$1.evaluate(TestWatcher.java:55)
	at org.junit.rules.RunRules.evaluate(RunRules.java:20)
	at org.junit.runners.ParentRunner.runLeaf(ParentRunner.java:271)
	at org.junit.runners.BlockJUnit4ClassRunner.runChild(BlockJUnit4ClassRunner.java:70)
	at com.saucelabs.junit.ConcurrentParameterized$SauceClassRunnerForParameters.access$300(ConcurrentParameterized.java:170)
	at com.saucelabs.junit.ConcurrentParameterized$SauceClassRunnerForParameters$2.run(ConcurrentParameterized.java:287)
	at com.saucelabs.junit.ConcurrentParameterized$NonBlockingAsynchronousRunner$1.call(ConcurrentParameterized.java:312)
	at java.util.concurrent.FutureTask.run(FutureTask.java:266)
	at java.util.concurrent.ThreadPoolExecutor.runWorker(ThreadPoolExecutor.java:1142)
	at java.util.concurrent.ThreadPoolExecutor$Worker.run(ThreadPoolExecutor.java:617)
	at java.lang.Thread.run(Thread.java:745)
Caused by: org.openqa.selenium.NoSuchElementException: no such element
  (Session info: chrome=43.0.2357.65)
  (Driver info: chromedriver=2.15.322448 (52179c1b310fec1797c81ea9a20326839860b7d3),platform=Windows NT 10.0 x86_64) (WARNING: The server did not provide any stacktrace information)
Command duration or timeout: 26 milliseconds
For documentation on this error, please visit: http://seleniumhq.org/exceptions/no_such_element.html
Build info: version: &apos;2.45.0&apos;, revision: &apos;5017cb8e7ca8e37638dc3091b2440b90a1d8686f&apos;, time: &apos;2015-02-27 09:10:26&apos;
System info: host: &apos;Sauces-MacBook-Air-7.local&apos;, ip: &apos;10.35.5.153&apos;, os.name: &apos;Mac OS X&apos;, os.arch: &apos;x86_64&apos;, os.version: &apos;10.10.4&apos;, java.version: &apos;1.8.0_45&apos;
Driver info: org.openqa.selenium.remote.RemoteWebDriver
Capabilities [{applicationCacheEnabled=false, rotatable=false, mobileEmulationEnabled=false, chrome={userDataDir=C:\Users\ADMINI~1\AppData\Local\Temp\scoped_dir3560_21604}, takesHeapSnapshot=true, hasMetadata=true, databaseEnabled=false, handlesAlerts=true, version=43.0.2357.65, platform=XP, browserConnectionEnabled=false, nativeEvents=true, acceptSslCerts=true, webdriver.remote.sessionid=68233db73b6549dcb348074ed3e214c4, locationContextEnabled=true, webStorageEnabled=true, takesScreenshot=true, browserName=chrome, javascriptEnabled=true, cssSelectorsEnabled=true}]
Session ID: 68233db73b6549dcb348074ed3e214c4
*** Element info: {Using=id, value=login-name}
	at sun.reflect.GeneratedConstructorAccessor70.newInstance(Unknown Source)
	at sun.reflect.DelegatingConstructorAccessorImpl.newInstance(DelegatingConstructorAccessorImpl.java:45)
	at java.lang.reflect.Constructor.newInstance(Constructor.java:422)
	at org.openqa.selenium.remote.ErrorHandler.createThrowable(ErrorHandler.java:204)
	at org.openqa.selenium.remote.ErrorHandler.throwIfResponseFailed(ErrorHandler.java:156)
	at org.openqa.selenium.remote.RemoteWebDriver.execute(RemoteWebDriver.java:599)
	at org.openqa.selenium.remote.RemoteWebDriver.findElement(RemoteWebDriver.java:352)
	at org.openqa.selenium.remote.RemoteWebDriver.findElementById(RemoteWebDriver.java:393)
	at org.openqa.selenium.By$ById.findElement(By.java:214)
	at org.openqa.selenium.remote.RemoteWebDriver.findElement(RemoteWebDriver.java:344)
	at org.openqa.selenium.support.ui.ExpectedConditions.findElement(ExpectedConditions.java:730)
	at org.openqa.selenium.support.ui.ExpectedConditions.access$000(ExpectedConditions.java:39)
	at org.openqa.selenium.support.ui.ExpectedConditions$3.apply(ExpectedConditions.java:106)
	at org.openqa.selenium.support.ui.ExpectedConditions$3.apply(ExpectedConditions.java:103)
	at org.openqa.selenium.support.ui.FluentWait.until(FluentWait.java:208)
	... 22 more
</error>
    <system-out>SauceOnDemandSessionID=68233db73b6549dcb348074ed3e214c4 job-name=com.yourcompany.SampleSauceTest.loginTest[13]
Job link: https://saucelabs.com/jobs/68233db73b6549dcb348074ed3e214c4?auth=13c1817fc13f9bc7771ac9c338a4f358
</system-out>
  </testcase>
  <testcase classname="com.yourcompany.SampleSauceTest" name="verifyTitleTest[5]" time="0.001">
    <failure message="expected:&lt;[Localhost Selenium Authentication Test]&gt; but was:&lt;[]&gt;" type="org.junit.ComparisonFailure">org.junit.ComparisonFailure: expected:&lt;[Localhost Selenium Authentication Test]&gt; but was:&lt;[]&gt;
	at org.junit.Assert.assertEquals(Assert.java:115)
	at org.junit.Assert.assertEquals(Assert.java:144)
	at com.yourcompany.SampleSauceTest.verifyTitleTest(SampleSauceTest.java:163)
	at sun.reflect.NativeMethodAccessorImpl.invoke0(Native Method)
	at sun.reflect.NativeMethodAccessorImpl.invoke(NativeMethodAccessorImpl.java:62)
	at sun.reflect.DelegatingMethodAccessorImpl.invoke(DelegatingMethodAccessorImpl.java:43)
	at java.lang.reflect.Method.invoke(Method.java:497)
	at org.junit.runners.model.FrameworkMethod$1.runReflectiveCall(FrameworkMethod.java:47)
	at org.junit.internal.runners.model.ReflectiveCallable.run(ReflectiveCallable.java:12)
	at org.junit.runners.model.FrameworkMethod.invokeExplosively(FrameworkMethod.java:44)
	at org.junit.internal.runners.statements.InvokeMethod.evaluate(InvokeMethod.java:17)
	at org.junit.internal.runners.statements.RunBefores.evaluate(RunBefores.java:26)
	at org.junit.internal.runners.statements.RunAfters.evaluate(RunAfters.java:27)
	at org.junit.rules.TestWatcher$1.evaluate(TestWatcher.java:55)
	at org.junit.rules.RunRules.evaluate(RunRules.java:20)
	at org.junit.runners.ParentRunner.runLeaf(ParentRunner.java:271)
	at org.junit.runners.BlockJUnit4ClassRunner.runChild(BlockJUnit4ClassRunner.java:70)
	at com.saucelabs.junit.ConcurrentParameterized$SauceClassRunnerForParameters.access$300(ConcurrentParameterized.java:170)
	at com.saucelabs.junit.ConcurrentParameterized$SauceClassRunnerForParameters$2.run(ConcurrentParameterized.java:287)
	at com.saucelabs.junit.ConcurrentParameterized$NonBlockingAsynchronousRunner$1.call(ConcurrentParameterized.java:312)
	at java.util.concurrent.FutureTask.run(FutureTask.java:266)
	at java.util.concurrent.ThreadPoolExecutor.runWorker(ThreadPoolExecutor.java:1142)
	at java.util.concurrent.ThreadPoolExecutor$Worker.run(ThreadPoolExecutor.java:617)
	at java.lang.Thread.run(Thread.java:745)
</failure>
    <system-out>SauceOnDemandSessionID=8c4768db3b97421c81a0279ca2a5255d job-name=com.yourcompany.SampleSauceTest.verifyTitleTest[5]
Job link: https://saucelabs.com/jobs/8c4768db3b97421c81a0279ca2a5255d?auth=a2d2ca1f319fe3168237ca501522180a
</system-out>
  </testcase>
  <testcase classname="com.yourcompany.SampleSauceTest" name="loginTest[2]" time="0.001">
    <error message="Timed out after 1000 seconds waiting for presence of element located by: By.id: login-name
Build info: version: &apos;2.45.0&apos;, revision: &apos;5017cb8e7ca8e37638dc3091b2440b90a1d8686f&apos;, time: &apos;2015-02-27 09:10:26&apos;
System info: host: &apos;Sauces-MacBook-Air-7.local&apos;, ip: &apos;10.35.5.153&apos;, os.name: &apos;Mac OS X&apos;, os.arch: &apos;x86_64&apos;, os.version: &apos;10.10.4&apos;, java.version: &apos;1.8.0_45&apos;
Driver info: org.openqa.selenium.remote.RemoteWebDriver
Capabilities [{applicationCacheEnabled=false, rotatable=false, mobileEmulationEnabled=false, chrome={userDataDir=C:\DOCUME~1\ADMINI~1\LOCALS~1\Temp\scoped_dir1120_14235}, takesHeapSnapshot=true, hasMetadata=true, databaseEnabled=false, handlesAlerts=true, version=42.0.2311.90, platform=XP, browserConnectionEnabled=false, nativeEvents=true, acceptSslCerts=true, webdriver.remote.sessionid=089a8a59fe0c43c6bb1614406c7384cf, locationContextEnabled=true, webStorageEnabled=true, takesScreenshot=true, browserName=chrome, javascriptEnabled=true, cssSelectorsEnabled=true}]
Session ID: 089a8a59fe0c43c6bb1614406c7384cf" type="org.openqa.selenium.TimeoutException">org.openqa.selenium.TimeoutException: Timed out after 1000 seconds waiting for presence of element located by: By.id: login-name
Build info: version: &apos;2.45.0&apos;, revision: &apos;5017cb8e7ca8e37638dc3091b2440b90a1d8686f&apos;, time: &apos;2015-02-27 09:10:26&apos;
System info: host: &apos;Sauces-MacBook-Air-7.local&apos;, ip: &apos;10.35.5.153&apos;, os.name: &apos;Mac OS X&apos;, os.arch: &apos;x86_64&apos;, os.version: &apos;10.10.4&apos;, java.version: &apos;1.8.0_45&apos;
Driver info: org.openqa.selenium.remote.RemoteWebDriver
Capabilities [{applicationCacheEnabled=false, rotatable=false, mobileEmulationEnabled=false, chrome={userDataDir=C:\DOCUME~1\ADMINI~1\LOCALS~1\Temp\scoped_dir1120_14235}, takesHeapSnapshot=true, hasMetadata=true, databaseEnabled=false, handlesAlerts=true, version=42.0.2311.90, platform=XP, browserConnectionEnabled=false, nativeEvents=true, acceptSslCerts=true, webdriver.remote.sessionid=089a8a59fe0c43c6bb1614406c7384cf, locationContextEnabled=true, webStorageEnabled=true, takesScreenshot=true, browserName=chrome, javascriptEnabled=true, cssSelectorsEnabled=true}]
Session ID: 089a8a59fe0c43c6bb1614406c7384cf
	at org.openqa.selenium.support.ui.WebDriverWait.timeoutException(WebDriverWait.java:79)
	at org.openqa.selenium.support.ui.FluentWait.until(FluentWait.java:228)
	at com.yourcompany.SampleSauceTest.loginTest(SampleSauceTest.java:174)
	at sun.reflect.NativeMethodAccessorImpl.invoke0(Native Method)
	at sun.reflect.NativeMethodAccessorImpl.invoke(NativeMethodAccessorImpl.java:62)
	at sun.reflect.DelegatingMethodAccessorImpl.invoke(DelegatingMethodAccessorImpl.java:43)
	at java.lang.reflect.Method.invoke(Method.java:497)
	at org.junit.runners.model.FrameworkMethod$1.runReflectiveCall(FrameworkMethod.java:47)
	at org.junit.internal.runners.model.ReflectiveCallable.run(ReflectiveCallable.java:12)
	at org.junit.runners.model.FrameworkMethod.invokeExplosively(FrameworkMethod.java:44)
	at org.junit.internal.runners.statements.InvokeMethod.evaluate(InvokeMethod.java:17)
	at org.junit.internal.runners.statements.RunBefores.evaluate(RunBefores.java:26)
	at org.junit.internal.runners.statements.RunAfters.evaluate(RunAfters.java:27)
	at org.junit.rules.TestWatcher$1.evaluate(TestWatcher.java:55)
	at org.junit.rules.RunRules.evaluate(RunRules.java:20)
	at org.junit.runners.ParentRunner.runLeaf(ParentRunner.java:271)
	at org.junit.runners.BlockJUnit4ClassRunner.runChild(BlockJUnit4ClassRunner.java:70)
	at com.saucelabs.junit.ConcurrentParameterized$SauceClassRunnerForParameters.access$300(ConcurrentParameterized.java:170)
	at com.saucelabs.junit.ConcurrentParameterized$SauceClassRunnerForParameters$2.run(ConcurrentParameterized.java:287)
	at com.saucelabs.junit.ConcurrentParameterized$NonBlockingAsynchronousRunner$1.call(ConcurrentParameterized.java:312)
	at java.util.concurrent.FutureTask.run(FutureTask.java:266)
	at java.util.concurrent.ThreadPoolExecutor.runWorker(ThreadPoolExecutor.java:1142)
	at java.util.concurrent.ThreadPoolExecutor$Worker.run(ThreadPoolExecutor.java:617)
	at java.lang.Thread.run(Thread.java:745)
Caused by: org.openqa.selenium.NoSuchElementException: no such element
  (Session info: chrome=42.0.2311.90)
  (Driver info: chromedriver=2.15.322448 (52179c1b310fec1797c81ea9a20326839860b7d3),platform=Windows NT 5.2 SP2 x86) (WARNING: The server did not provide any stacktrace information)
Command duration or timeout: 27 milliseconds
For documentation on this error, please visit: http://seleniumhq.org/exceptions/no_such_element.html
Build info: version: &apos;2.45.0&apos;, revision: &apos;5017cb8e7ca8e37638dc3091b2440b90a1d8686f&apos;, time: &apos;2015-02-27 09:10:26&apos;
System info: host: &apos;Sauces-MacBook-Air-7.local&apos;, ip: &apos;10.35.5.153&apos;, os.name: &apos;Mac OS X&apos;, os.arch: &apos;x86_64&apos;, os.version: &apos;10.10.4&apos;, java.version: &apos;1.8.0_45&apos;
Driver info: org.openqa.selenium.remote.RemoteWebDriver
Capabilities [{applicationCacheEnabled=false, rotatable=false, mobileEmulationEnabled=false, chrome={userDataDir=C:\DOCUME~1\ADMINI~1\LOCALS~1\Temp\scoped_dir1120_14235}, takesHeapSnapshot=true, hasMetadata=true, databaseEnabled=false, handlesAlerts=true, version=42.0.2311.90, platform=XP, browserConnectionEnabled=false, nativeEvents=true, acceptSslCerts=true, webdriver.remote.sessionid=089a8a59fe0c43c6bb1614406c7384cf, locationContextEnabled=true, webStorageEnabled=true, takesScreenshot=true, browserName=chrome, javascriptEnabled=true, cssSelectorsEnabled=true}]
Session ID: 089a8a59fe0c43c6bb1614406c7384cf
*** Element info: {Using=id, value=login-name}
	at sun.reflect.GeneratedConstructorAccessor70.newInstance(Unknown Source)
	at sun.reflect.DelegatingConstructorAccessorImpl.newInstance(DelegatingConstructorAccessorImpl.java:45)
	at java.lang.reflect.Constructor.newInstance(Constructor.java:422)
	at org.openqa.selenium.remote.ErrorHandler.createThrowable(ErrorHandler.java:204)
	at org.openqa.selenium.remote.ErrorHandler.throwIfResponseFailed(ErrorHandler.java:156)
	at org.openqa.selenium.remote.RemoteWebDriver.execute(RemoteWebDriver.java:599)
	at org.openqa.selenium.remote.RemoteWebDriver.findElement(RemoteWebDriver.java:352)
	at org.openqa.selenium.remote.RemoteWebDriver.findElementById(RemoteWebDriver.java:393)
	at org.openqa.selenium.By$ById.findElement(By.java:214)
	at org.openqa.selenium.remote.RemoteWebDriver.findElement(RemoteWebDriver.java:344)
	at org.openqa.selenium.support.ui.ExpectedConditions.findElement(ExpectedConditions.java:730)
	at org.openqa.selenium.support.ui.ExpectedConditions.access$000(ExpectedConditions.java:39)
	at org.openqa.selenium.support.ui.ExpectedConditions$3.apply(ExpectedConditions.java:106)
	at org.openqa.selenium.support.ui.ExpectedConditions$3.apply(ExpectedConditions.java:103)
	at org.openqa.selenium.support.ui.FluentWait.until(FluentWait.java:208)
	... 22 more
</error>
    <system-out>SauceOnDemandSessionID=089a8a59fe0c43c6bb1614406c7384cf job-name=com.yourcompany.SampleSauceTest.loginTest[2]
Job link: https://saucelabs.com/jobs/089a8a59fe0c43c6bb1614406c7384cf?auth=885e05294704fe1aaaa65f667da4b6ff
</system-out>
  </testcase>
  <testcase classname="com.yourcompany.SampleSauceTest" name="loginTest[11]" time="0.001">
    <error message="Timed out after 1000 seconds waiting for presence of element located by: By.id: login-name
Build info: version: &apos;2.45.0&apos;, revision: &apos;5017cb8e7ca8e37638dc3091b2440b90a1d8686f&apos;, time: &apos;2015-02-27 09:10:26&apos;
System info: host: &apos;Sauces-MacBook-Air-7.local&apos;, ip: &apos;10.35.5.153&apos;, os.name: &apos;Mac OS X&apos;, os.arch: &apos;x86_64&apos;, os.version: &apos;10.10.4&apos;, java.version: &apos;1.8.0_45&apos;
Driver info: org.openqa.selenium.remote.RemoteWebDriver
Capabilities [{applicationCacheEnabled=true, rotatable=false, hasMetadata=true, databaseEnabled=true, handlesAlerts=true, version=36.0, platform=WINDOWS, nativeEvents=false, acceptSslCerts=true, webdriver.remote.sessionid=4bfe57d9f42b4360aed1b1089ffbd963, locationContextEnabled=true, webStorageEnabled=true, takesScreenshot=true, browserName=firefox, javascriptEnabled=true, cssSelectorsEnabled=true}]
Session ID: 4bfe57d9f42b4360aed1b1089ffbd963" type="org.openqa.selenium.TimeoutException">org.openqa.selenium.TimeoutException: Timed out after 1000 seconds waiting for presence of element located by: By.id: login-name
Build info: version: &apos;2.45.0&apos;, revision: &apos;5017cb8e7ca8e37638dc3091b2440b90a1d8686f&apos;, time: &apos;2015-02-27 09:10:26&apos;
System info: host: &apos;Sauces-MacBook-Air-7.local&apos;, ip: &apos;10.35.5.153&apos;, os.name: &apos;Mac OS X&apos;, os.arch: &apos;x86_64&apos;, os.version: &apos;10.10.4&apos;, java.version: &apos;1.8.0_45&apos;
Driver info: org.openqa.selenium.remote.RemoteWebDriver
Capabilities [{applicationCacheEnabled=true, rotatable=false, hasMetadata=true, databaseEnabled=true, handlesAlerts=true, version=36.0, platform=WINDOWS, nativeEvents=false, acceptSslCerts=true, webdriver.remote.sessionid=4bfe57d9f42b4360aed1b1089ffbd963, locationContextEnabled=true, webStorageEnabled=true, takesScreenshot=true, browserName=firefox, javascriptEnabled=true, cssSelectorsEnabled=true}]
Session ID: 4bfe57d9f42b4360aed1b1089ffbd963
	at org.openqa.selenium.support.ui.WebDriverWait.timeoutException(WebDriverWait.java:79)
	at org.openqa.selenium.support.ui.FluentWait.until(FluentWait.java:228)
	at com.yourcompany.SampleSauceTest.loginTest(SampleSauceTest.java:174)
	at sun.reflect.NativeMethodAccessorImpl.invoke0(Native Method)
	at sun.reflect.NativeMethodAccessorImpl.invoke(NativeMethodAccessorImpl.java:62)
	at sun.reflect.DelegatingMethodAccessorImpl.invoke(DelegatingMethodAccessorImpl.java:43)
	at java.lang.reflect.Method.invoke(Method.java:497)
	at org.junit.runners.model.FrameworkMethod$1.runReflectiveCall(FrameworkMethod.java:47)
	at org.junit.internal.runners.model.ReflectiveCallable.run(ReflectiveCallable.java:12)
	at org.junit.runners.model.FrameworkMethod.invokeExplosively(FrameworkMethod.java:44)
	at org.junit.internal.runners.statements.InvokeMethod.evaluate(InvokeMethod.java:17)
	at org.junit.internal.runners.statements.RunBefores.evaluate(RunBefores.java:26)
	at org.junit.internal.runners.statements.RunAfters.evaluate(RunAfters.java:27)
	at org.junit.rules.TestWatcher$1.evaluate(TestWatcher.java:55)
	at org.junit.rules.RunRules.evaluate(RunRules.java:20)
	at org.junit.runners.ParentRunner.runLeaf(ParentRunner.java:271)
	at org.junit.runners.BlockJUnit4ClassRunner.runChild(BlockJUnit4ClassRunner.java:70)
	at com.saucelabs.junit.ConcurrentParameterized$SauceClassRunnerForParameters.access$300(ConcurrentParameterized.java:170)
	at com.saucelabs.junit.ConcurrentParameterized$SauceClassRunnerForParameters$2.run(ConcurrentParameterized.java:287)
	at com.saucelabs.junit.ConcurrentParameterized$NonBlockingAsynchronousRunner$1.call(ConcurrentParameterized.java:312)
	at java.util.concurrent.FutureTask.run(FutureTask.java:266)
	at java.util.concurrent.ThreadPoolExecutor.runWorker(ThreadPoolExecutor.java:1142)
	at java.util.concurrent.ThreadPoolExecutor$Worker.run(ThreadPoolExecutor.java:617)
	at java.lang.Thread.run(Thread.java:745)
Caused by: org.openqa.selenium.NoSuchElementException: Unable to locate element: {&quot;method&quot;:&quot;id&quot;,&quot;selector&quot;:&quot;login-name&quot;}
For documentation on this error, please visit: http://seleniumhq.org/exceptions/no_such_element.html
Build info: version: &apos;2.45.0&apos;, revision: &apos;5017cb8&apos;, time: &apos;2015-02-26 23:59:50&apos;
System info: host: &apos;WIN-HLEK05V71GA&apos;, ip: &apos;172.20.43.58&apos;, os.name: &apos;Windows Server 2012&apos;, os.arch: &apos;x86&apos;, os.version: &apos;6.2&apos;, java.version: &apos;1.8.0_40&apos;
Driver info: driver.version: unknown
Command duration or timeout: 42 milliseconds
For documentation on this error, please visit: http://seleniumhq.org/exceptions/no_such_element.html
Build info: version: &apos;2.45.0&apos;, revision: &apos;5017cb8e7ca8e37638dc3091b2440b90a1d8686f&apos;, time: &apos;2015-02-27 09:10:26&apos;
System info: host: &apos;Sauces-MacBook-Air-7.local&apos;, ip: &apos;10.35.5.153&apos;, os.name: &apos;Mac OS X&apos;, os.arch: &apos;x86_64&apos;, os.version: &apos;10.10.4&apos;, java.version: &apos;1.8.0_45&apos;
Driver info: org.openqa.selenium.remote.RemoteWebDriver
Capabilities [{applicationCacheEnabled=true, rotatable=false, hasMetadata=true, databaseEnabled=true, handlesAlerts=true, version=36.0, platform=WINDOWS, nativeEvents=false, acceptSslCerts=true, webdriver.remote.sessionid=4bfe57d9f42b4360aed1b1089ffbd963, locationContextEnabled=true, webStorageEnabled=true, takesScreenshot=true, browserName=firefox, javascriptEnabled=true, cssSelectorsEnabled=true}]
Session ID: 4bfe57d9f42b4360aed1b1089ffbd963
*** Element info: {Using=id, value=login-name}
	at sun.reflect.GeneratedConstructorAccessor70.newInstance(Unknown Source)
	at sun.reflect.DelegatingConstructorAccessorImpl.newInstance(DelegatingConstructorAccessorImpl.java:45)
	at java.lang.reflect.Constructor.newInstance(Constructor.java:422)
	at org.openqa.selenium.remote.ErrorHandler.createThrowable(ErrorHandler.java:204)
	at org.openqa.selenium.remote.ErrorHandler.throwIfResponseFailed(ErrorHandler.java:156)
	at org.openqa.selenium.remote.RemoteWebDriver.execute(RemoteWebDriver.java:599)
	at org.openqa.selenium.remote.RemoteWebDriver.findElement(RemoteWebDriver.java:352)
	at org.openqa.selenium.remote.RemoteWebDriver.findElementById(RemoteWebDriver.java:393)
	at org.openqa.selenium.By$ById.findElement(By.java:214)
	at org.openqa.selenium.remote.RemoteWebDriver.findElement(RemoteWebDriver.java:344)
	at org.openqa.selenium.support.ui.ExpectedConditions.findElement(ExpectedConditions.java:730)
	at org.openqa.selenium.support.ui.ExpectedConditions.access$000(ExpectedConditions.java:39)
	at org.openqa.selenium.support.ui.ExpectedConditions$3.apply(ExpectedConditions.java:106)
	at org.openqa.selenium.support.ui.ExpectedConditions$3.apply(ExpectedConditions.java:103)
	at org.openqa.selenium.support.ui.FluentWait.until(FluentWait.java:208)
	... 22 more
Caused by: org.openqa.selenium.NoSuchElementException: Unable to locate element: {&quot;method&quot;:&quot;id&quot;,&quot;selector&quot;:&quot;login-name&quot;}
For documentation on this error, please visit: http://seleniumhq.org/exceptions/no_such_element.html
Build info: version: &apos;2.45.0&apos;, revision: &apos;5017cb8&apos;, time: &apos;2015-02-26 23:59:50&apos;
System info: host: &apos;WIN-HLEK05V71GA&apos;, ip: &apos;172.20.43.58&apos;, os.name: &apos;Windows Server 2012&apos;, os.arch: &apos;x86&apos;, os.version: &apos;6.2&apos;, java.version: &apos;1.8.0_40&apos;
Driver info: driver.version: unknown
For documentation on this error, please visit: http://seleniumhq.org/exceptions/no_such_element.html
Build info: version: &apos;2.45.0&apos;, revision: &apos;5017cb8e7ca8e37638dc3091b2440b90a1d8686f&apos;, time: &apos;2015-02-27 09:10:26&apos;
System info: host: &apos;Sauces-MacBook-Air-7.local&apos;, ip: &apos;10.35.5.153&apos;, os.name: &apos;Mac OS X&apos;, os.arch: &apos;x86_64&apos;, os.version: &apos;10.10.4&apos;, java.version: &apos;1.8.0_45&apos;
Driver info: driver.version: unknown
	at &lt;anonymous class&gt;.FirefoxDriver.prototype.findElementInternal_(file:///C:/Users/ADMINI~1/AppData/Local/Temp/anonymous3198748369191985463webdriver-profile/extensions/fxdriver@googlecode.com/components/driver-component.js:10271)
	at &lt;anonymous class&gt;.FirefoxDriver.prototype.findElement(file:///C:/Users/ADMINI~1/AppData/Local/Temp/anonymous3198748369191985463webdriver-profile/extensions/fxdriver@googlecode.com/components/driver-component.js:10280)
	at &lt;anonymous class&gt;.DelayedCommand.prototype.executeInternal_/h(file:///C:/Users/ADMINI~1/AppData/Local/Temp/anonymous3198748369191985463webdriver-profile/extensions/fxdriver@googlecode.com/components/command-processor.js:12274)
	at &lt;anonymous class&gt;.DelayedCommand.prototype.executeInternal_(file:///C:/Users/ADMINI~1/AppData/Local/Temp/anonymous3198748369191985463webdriver-profile/extensions/fxdriver@googlecode.com/components/command-processor.js:12279)
	at &lt;anonymous class&gt;.DelayedCommand.prototype.execute/&lt;(file:///C:/Users/ADMINI~1/AppData/Local/Temp/anonymous3198748369191985463webdriver-profile/extensions/fxdriver@googlecode.com/components/command-processor.js:12221)
</error>
    <system-out>SauceOnDemandSessionID=4bfe57d9f42b4360aed1b1089ffbd963 job-name=com.yourcompany.SampleSauceTest.loginTest[11]
Job link: https://saucelabs.com/jobs/4bfe57d9f42b4360aed1b1089ffbd963?auth=1d435e984eb57ee7696f9e5fc491cf76
</system-out>
  </testcase>
  <testcase classname="com.yourcompany.SampleSauceTest" name="loginTest[9]" time="0.005">
    <error message="Timed out after 1000 seconds waiting for presence of element located by: By.id: login-name
Build info: version: &apos;2.45.0&apos;, revision: &apos;5017cb8e7ca8e37638dc3091b2440b90a1d8686f&apos;, time: &apos;2015-02-27 09:10:26&apos;
System info: host: &apos;Sauces-MacBook-Air-7.local&apos;, ip: &apos;10.35.5.153&apos;, os.name: &apos;Mac OS X&apos;, os.arch: &apos;x86_64&apos;, os.version: &apos;10.10.4&apos;, java.version: &apos;1.8.0_45&apos;
Driver info: org.openqa.selenium.remote.RemoteWebDriver
Capabilities [{browserAttachTimeout=0, enablePersistentHover=true, ie.forceCreateProcessApi=false, ie.usePerProcessProxy=false, ignoreZoomSetting=false, hasMetadata=true, handlesAlerts=true, version=10, platform=WINDOWS, nativeEvents=true, ie.ensureCleanSession=false, elementScrollBehavior=0, webdriver.remote.sessionid=ac4bd925459d4e7288dc06f1b98e78dd, ie.browserCommandLineSwitches=, requireWindowFocus=false, takesScreenshot=true, initialBrowserUrl=about:blank, browserName=internet explorer, javascriptEnabled=true, ignoreProtectedModeSettings=false, enableElementCacheCleanup=true, cssSelectorsEnabled=true, unexpectedAlertBehaviour=dismiss}]
Session ID: ac4bd925459d4e7288dc06f1b98e78dd" type="org.openqa.selenium.TimeoutException">org.openqa.selenium.TimeoutException: Timed out after 1000 seconds waiting for presence of element located by: By.id: login-name
Build info: version: &apos;2.45.0&apos;, revision: &apos;5017cb8e7ca8e37638dc3091b2440b90a1d8686f&apos;, time: &apos;2015-02-27 09:10:26&apos;
System info: host: &apos;Sauces-MacBook-Air-7.local&apos;, ip: &apos;10.35.5.153&apos;, os.name: &apos;Mac OS X&apos;, os.arch: &apos;x86_64&apos;, os.version: &apos;10.10.4&apos;, java.version: &apos;1.8.0_45&apos;
Driver info: org.openqa.selenium.remote.RemoteWebDriver
Capabilities [{browserAttachTimeout=0, enablePersistentHover=true, ie.forceCreateProcessApi=false, ie.usePerProcessProxy=false, ignoreZoomSetting=false, hasMetadata=true, handlesAlerts=true, version=10, platform=WINDOWS, nativeEvents=true, ie.ensureCleanSession=false, elementScrollBehavior=0, webdriver.remote.sessionid=ac4bd925459d4e7288dc06f1b98e78dd, ie.browserCommandLineSwitches=, requireWindowFocus=false, takesScreenshot=true, initialBrowserUrl=about:blank, browserName=internet explorer, javascriptEnabled=true, ignoreProtectedModeSettings=false, enableElementCacheCleanup=true, cssSelectorsEnabled=true, unexpectedAlertBehaviour=dismiss}]
Session ID: ac4bd925459d4e7288dc06f1b98e78dd
	at org.openqa.selenium.support.ui.WebDriverWait.timeoutException(WebDriverWait.java:79)
	at org.openqa.selenium.support.ui.FluentWait.until(FluentWait.java:228)
	at com.yourcompany.SampleSauceTest.loginTest(SampleSauceTest.java:174)
	at sun.reflect.NativeMethodAccessorImpl.invoke0(Native Method)
	at sun.reflect.NativeMethodAccessorImpl.invoke(NativeMethodAccessorImpl.java:62)
	at sun.reflect.DelegatingMethodAccessorImpl.invoke(DelegatingMethodAccessorImpl.java:43)
	at java.lang.reflect.Method.invoke(Method.java:497)
	at org.junit.runners.model.FrameworkMethod$1.runReflectiveCall(FrameworkMethod.java:47)
	at org.junit.internal.runners.model.ReflectiveCallable.run(ReflectiveCallable.java:12)
	at org.junit.runners.model.FrameworkMethod.invokeExplosively(FrameworkMethod.java:44)
	at org.junit.internal.runners.statements.InvokeMethod.evaluate(InvokeMethod.java:17)
	at org.junit.internal.runners.statements.RunBefores.evaluate(RunBefores.java:26)
	at org.junit.internal.runners.statements.RunAfters.evaluate(RunAfters.java:27)
	at org.junit.rules.TestWatcher$1.evaluate(TestWatcher.java:55)
	at org.junit.rules.RunRules.evaluate(RunRules.java:20)
	at org.junit.runners.ParentRunner.runLeaf(ParentRunner.java:271)
	at org.junit.runners.BlockJUnit4ClassRunner.runChild(BlockJUnit4ClassRunner.java:70)
	at com.saucelabs.junit.ConcurrentParameterized$SauceClassRunnerForParameters.access$300(ConcurrentParameterized.java:170)
	at com.saucelabs.junit.ConcurrentParameterized$SauceClassRunnerForParameters$2.run(ConcurrentParameterized.java:287)
	at com.saucelabs.junit.ConcurrentParameterized$NonBlockingAsynchronousRunner$1.call(ConcurrentParameterized.java:312)
	at java.util.concurrent.FutureTask.run(FutureTask.java:266)
	at java.util.concurrent.ThreadPoolExecutor.runWorker(ThreadPoolExecutor.java:1142)
	at java.util.concurrent.ThreadPoolExecutor$Worker.run(ThreadPoolExecutor.java:617)
	at java.lang.Thread.run(Thread.java:745)
Caused by: org.openqa.selenium.NoSuchElementException: Unable to find element with id == login-name (WARNING: The server did not provide any stacktrace information)
Command duration or timeout: 275 milliseconds
For documentation on this error, please visit: http://seleniumhq.org/exceptions/no_such_element.html
Build info: version: &apos;2.40.0&apos;, revision: &apos;fbe29a9&apos;, time: &apos;2014-02-19 20:54:28&apos;
System info: host: &apos;WIN-R1JBAO1CNPS&apos;, ip: &apos;172.20.44.39&apos;, os.name: &apos;Windows Server 2008 R2&apos;, os.arch: &apos;x86&apos;, os.version: &apos;6.1&apos;, java.version: &apos;1.7.0_60&apos;
Session ID: XXXXXXXX-XXXX-XXXX-XXXX-XXXXece6d08c
Driver info: org.openqa.selenium.ie.InternetExplorerDriver
Capabilities [{platform=WINDOWS, javascriptEnabled=true, elementScrollBehavior=0, ignoreZoomSetting=false, enablePersistentHover=true, ie.ensureCleanSession=false, browserName=internet explorer, enableElementCacheCleanup=true, unexpectedAlertBehaviour=dismiss, version=10, ie.usePerProcessProxy=false, cssSelectorsEnabled=true, ignoreProtectedModeSettings=false, requireWindowFocus=false, handlesAlerts=true, initialBrowserUrl=about:blank, ie.forceCreateProcessApi=false, nativeEvents=true, browserAttachTimeout=0, ie.browserCommandLineSwitches=, takesScreenshot=true}]
Command duration or timeout: 304 milliseconds
For documentation on this error, please visit: http://seleniumhq.org/exceptions/no_such_element.html
Build info: version: &apos;2.45.0&apos;, revision: &apos;5017cb8e7ca8e37638dc3091b2440b90a1d8686f&apos;, time: &apos;2015-02-27 09:10:26&apos;
System info: host: &apos;Sauces-MacBook-Air-7.local&apos;, ip: &apos;10.35.5.153&apos;, os.name: &apos;Mac OS X&apos;, os.arch: &apos;x86_64&apos;, os.version: &apos;10.10.4&apos;, java.version: &apos;1.8.0_45&apos;
Driver info: org.openqa.selenium.remote.RemoteWebDriver
Capabilities [{browserAttachTimeout=0, enablePersistentHover=true, ie.forceCreateProcessApi=false, ie.usePerProcessProxy=false, ignoreZoomSetting=false, hasMetadata=true, handlesAlerts=true, version=10, platform=WINDOWS, nativeEvents=true, ie.ensureCleanSession=false, elementScrollBehavior=0, webdriver.remote.sessionid=ac4bd925459d4e7288dc06f1b98e78dd, ie.browserCommandLineSwitches=, requireWindowFocus=false, takesScreenshot=true, initialBrowserUrl=about:blank, browserName=internet explorer, javascriptEnabled=true, ignoreProtectedModeSettings=false, enableElementCacheCleanup=true, cssSelectorsEnabled=true, unexpectedAlertBehaviour=dismiss}]
Session ID: ac4bd925459d4e7288dc06f1b98e78dd
*** Element info: {Using=id, value=login-name}
	at sun.reflect.GeneratedConstructorAccessor70.newInstance(Unknown Source)
	at sun.reflect.DelegatingConstructorAccessorImpl.newInstance(DelegatingConstructorAccessorImpl.java:45)
	at java.lang.reflect.Constructor.newInstance(Constructor.java:422)
	at org.openqa.selenium.remote.ErrorHandler.createThrowable(ErrorHandler.java:204)
	at org.openqa.selenium.remote.ErrorHandler.throwIfResponseFailed(ErrorHandler.java:156)
	at org.openqa.selenium.remote.RemoteWebDriver.execute(RemoteWebDriver.java:599)
	at org.openqa.selenium.remote.RemoteWebDriver.findElement(RemoteWebDriver.java:352)
	at org.openqa.selenium.remote.RemoteWebDriver.findElementById(RemoteWebDriver.java:393)
	at org.openqa.selenium.By$ById.findElement(By.java:214)
	at org.openqa.selenium.remote.RemoteWebDriver.findElement(RemoteWebDriver.java:344)
	at org.openqa.selenium.support.ui.ExpectedConditions.findElement(ExpectedConditions.java:730)
	at org.openqa.selenium.support.ui.ExpectedConditions.access$000(ExpectedConditions.java:39)
	at org.openqa.selenium.support.ui.ExpectedConditions$3.apply(ExpectedConditions.java:106)
	at org.openqa.selenium.support.ui.ExpectedConditions$3.apply(ExpectedConditions.java:103)
	at org.openqa.selenium.support.ui.FluentWait.until(FluentWait.java:208)
	... 22 more
Caused by: org.openqa.selenium.NoSuchElementException: Unable to find element with id == login-name (WARNING: The server did not provide any stacktrace information)
Command duration or timeout: 275 milliseconds
For documentation on this error, please visit: http://seleniumhq.org/exceptions/no_such_element.html
Build info: version: &apos;2.40.0&apos;, revision: &apos;fbe29a9&apos;, time: &apos;2014-02-19 20:54:28&apos;
System info: host: &apos;WIN-R1JBAO1CNPS&apos;, ip: &apos;172.20.44.39&apos;, os.name: &apos;Windows Server 2008 R2&apos;, os.arch: &apos;x86&apos;, os.version: &apos;6.1&apos;, java.version: &apos;1.7.0_60&apos;
Session ID: XXXXXXXX-XXXX-XXXX-XXXX-XXXXece6d08c
Driver info: org.openqa.selenium.ie.InternetExplorerDriver
Capabilities [{platform=WINDOWS, javascriptEnabled=true, elementScrollBehavior=0, ignoreZoomSetting=false, enablePersistentHover=true, ie.ensureCleanSession=false, browserName=internet explorer, enableElementCacheCleanup=true, unexpectedAlertBehaviour=dismiss, version=10, ie.usePerProcessProxy=false, cssSelectorsEnabled=true, ignoreProtectedModeSettings=false, requireWindowFocus=false, handlesAlerts=true, initialBrowserUrl=about:blank, ie.forceCreateProcessApi=false, nativeEvents=true, browserAttachTimeout=0, ie.browserCommandLineSwitches=, takesScreenshot=true}]
For documentation on this error, please visit: http://seleniumhq.org/exceptions/no_such_element.html
Build info: version: &apos;2.45.0&apos;, revision: &apos;5017cb8e7ca8e37638dc3091b2440b90a1d8686f&apos;, time: &apos;2015-02-27 09:10:26&apos;
System info: host: &apos;Sauces-MacBook-Air-7.local&apos;, ip: &apos;10.35.5.153&apos;, os.name: &apos;Mac OS X&apos;, os.arch: &apos;x86_64&apos;, os.version: &apos;10.10.4&apos;, java.version: &apos;1.8.0_45&apos;
Driver info: driver.version: EventFiringWebDriver
	at sun.reflect.GeneratedConstructorAccessor11.newInstance(Unknown Source)
	at sun.reflect.DelegatingConstructorAccessorImpl.newInstance(Unknown Source)
	at java.lang.reflect.Constructor.newInstance(Unknown Source)
	at org.openqa.selenium.remote.ErrorHandler.createThrowable(ErrorHandler.java:193)
	at org.openqa.selenium.remote.ErrorHandler.throwIfResponseFailed(ErrorHandler.java:145)
	at org.openqa.selenium.remote.RemoteWebDriver.execute(RemoteWebDriver.java:573)
	at org.openqa.selenium.remote.RemoteWebDriver.findElement(RemoteWebDriver.java:326)
	at org.openqa.selenium.remote.RemoteWebDriver.findElementById(RemoteWebDriver.java:367)
	at org.openqa.selenium.By$ById.findElement(By.java:214)
	at org.openqa.selenium.remote.RemoteWebDriver.findElement(RemoteWebDriver.java:318)
	at sun.reflect.GeneratedMethodAccessor19.invoke(Unknown Source)
	at sun.reflect.DelegatingMethodAccessorImpl.invoke(Unknown Source)
	at java.lang.reflect.Method.invoke(Unknown Source)
	at org.openqa.selenium.support.events.EventFiringWebDriver$2.invoke(EventFiringWebDriver.java:101)
	at com.sun.proxy.$Proxy2.findElement(Unknown Source)
	at org.openqa.selenium.support.events.EventFiringWebDriver.findElement(EventFiringWebDriver.java:184)
	at org.openqa.selenium.remote.server.handler.FindElement.call(FindElement.java:47)
	at org.openqa.selenium.remote.server.handler.FindElement.call(FindElement.java:1)
	at java.util.concurrent.FutureTask.run(Unknown Source)
	at org.openqa.selenium.remote.server.DefaultSession$1.run(DefaultSession.java:170)
	at java.util.concurrent.ThreadPoolExecutor.runWorker(Unknown Source)
	at java.util.concurrent.ThreadPoolExecutor$Worker.run(Unknown Source)
	at java.lang.Thread.run(Unknown Source)
</error>
    <system-out>SauceOnDemandSessionID=ac4bd925459d4e7288dc06f1b98e78dd job-name=com.yourcompany.SampleSauceTest.loginTest[9]
Job link: https://saucelabs.com/jobs/ac4bd925459d4e7288dc06f1b98e78dd?auth=d40843c195396a6c41557f89accba5b6
</system-out>
  </testcase>
  <testcase classname="com.yourcompany.SampleSauceTest" name="verifyTitleTest[9]" time="0">
    <failure message="expected:&lt;[Localhost Selenium Authentication Test]&gt; but was:&lt;[]&gt;" type="org.junit.ComparisonFailure">org.junit.ComparisonFailure: expected:&lt;[Localhost Selenium Authentication Test]&gt; but was:&lt;[]&gt;
	at org.junit.Assert.assertEquals(Assert.java:115)
	at org.junit.Assert.assertEquals(Assert.java:144)
	at com.yourcompany.SampleSauceTest.verifyTitleTest(SampleSauceTest.java:163)
	at sun.reflect.NativeMethodAccessorImpl.invoke0(Native Method)
	at sun.reflect.NativeMethodAccessorImpl.invoke(NativeMethodAccessorImpl.java:62)
	at sun.reflect.DelegatingMethodAccessorImpl.invoke(DelegatingMethodAccessorImpl.java:43)
	at java.lang.reflect.Method.invoke(Method.java:497)
	at org.junit.runners.model.FrameworkMethod$1.runReflectiveCall(FrameworkMethod.java:47)
	at org.junit.internal.runners.model.ReflectiveCallable.run(ReflectiveCallable.java:12)
	at org.junit.runners.model.FrameworkMethod.invokeExplosively(FrameworkMethod.java:44)
	at org.junit.internal.runners.statements.InvokeMethod.evaluate(InvokeMethod.java:17)
	at org.junit.internal.runners.statements.RunBefores.evaluate(RunBefores.java:26)
	at org.junit.internal.runners.statements.RunAfters.evaluate(RunAfters.java:27)
	at org.junit.rules.TestWatcher$1.evaluate(TestWatcher.java:55)
	at org.junit.rules.RunRules.evaluate(RunRules.java:20)
	at org.junit.runners.ParentRunner.runLeaf(ParentRunner.java:271)
	at org.junit.runners.BlockJUnit4ClassRunner.runChild(BlockJUnit4ClassRunner.java:70)
	at com.saucelabs.junit.ConcurrentParameterized$SauceClassRunnerForParameters.access$300(ConcurrentParameterized.java:170)
	at com.saucelabs.junit.ConcurrentParameterized$SauceClassRunnerForParameters$2.run(ConcurrentParameterized.java:287)
	at com.saucelabs.junit.ConcurrentParameterized$NonBlockingAsynchronousRunner$1.call(ConcurrentParameterized.java:312)
	at java.util.concurrent.FutureTask.run(FutureTask.java:266)
	at java.util.concurrent.ThreadPoolExecutor.runWorker(ThreadPoolExecutor.java:1142)
	at java.util.concurrent.ThreadPoolExecutor$Worker.run(ThreadPoolExecutor.java:617)
	at java.lang.Thread.run(Thread.java:745)
</failure>
    <system-out>SauceOnDemandSessionID=2927865d892e4fe5a7373dfa7765e41b job-name=com.yourcompany.SampleSauceTest.verifyTitleTest[9]
Job link: https://saucelabs.com/jobs/2927865d892e4fe5a7373dfa7765e41b?auth=afae9a9bd81eb5f92a2c9a310d210137
</system-out>
  </testcase>
  <testcase classname="com.yourcompany.SampleSauceTest" name="verifyTitleTest[13]" time="0.001">
    <failure message="expected:&lt;[Localhost Selenium Authentication Test]&gt; but was:&lt;[http://localhost/]&gt;" type="org.junit.ComparisonFailure">org.junit.ComparisonFailure: expected:&lt;[Localhost Selenium Authentication Test]&gt; but was:&lt;[http://localhost/]&gt;
	at org.junit.Assert.assertEquals(Assert.java:115)
	at org.junit.Assert.assertEquals(Assert.java:144)
	at com.yourcompany.SampleSauceTest.verifyTitleTest(SampleSauceTest.java:163)
	at sun.reflect.NativeMethodAccessorImpl.invoke0(Native Method)
	at sun.reflect.NativeMethodAccessorImpl.invoke(NativeMethodAccessorImpl.java:62)
	at sun.reflect.DelegatingMethodAccessorImpl.invoke(DelegatingMethodAccessorImpl.java:43)
	at java.lang.reflect.Method.invoke(Method.java:497)
	at org.junit.runners.model.FrameworkMethod$1.runReflectiveCall(FrameworkMethod.java:47)
	at org.junit.internal.runners.model.ReflectiveCallable.run(ReflectiveCallable.java:12)
	at org.junit.runners.model.FrameworkMethod.invokeExplosively(FrameworkMethod.java:44)
	at org.junit.internal.runners.statements.InvokeMethod.evaluate(InvokeMethod.java:17)
	at org.junit.internal.runners.statements.RunBefores.evaluate(RunBefores.java:26)
	at org.junit.internal.runners.statements.RunAfters.evaluate(RunAfters.java:27)
	at org.junit.rules.TestWatcher$1.evaluate(TestWatcher.java:55)
	at org.junit.rules.RunRules.evaluate(RunRules.java:20)
	at org.junit.runners.ParentRunner.runLeaf(ParentRunner.java:271)
	at org.junit.runners.BlockJUnit4ClassRunner.runChild(BlockJUnit4ClassRunner.java:70)
	at com.saucelabs.junit.ConcurrentParameterized$SauceClassRunnerForParameters.access$300(ConcurrentParameterized.java:170)
	at com.saucelabs.junit.ConcurrentParameterized$SauceClassRunnerForParameters$2.run(ConcurrentParameterized.java:287)
	at com.saucelabs.junit.ConcurrentParameterized$NonBlockingAsynchronousRunner$1.call(ConcurrentParameterized.java:312)
	at java.util.concurrent.FutureTask.run(FutureTask.java:266)
	at java.util.concurrent.ThreadPoolExecutor.runWorker(ThreadPoolExecutor.java:1142)
	at java.util.concurrent.ThreadPoolExecutor$Worker.run(ThreadPoolExecutor.java:617)
	at java.lang.Thread.run(Thread.java:745)
</failure>
    <system-out>SauceOnDemandSessionID=0ecd1cfe2a0945a3a1350bba383a51bc job-name=com.yourcompany.SampleSauceTest.verifyTitleTest[13]
Job link: https://saucelabs.com/jobs/0ecd1cfe2a0945a3a1350bba383a51bc?auth=f2a7f4470eb52e0cdbc3a2fab040a9d1
</system-out>
  </testcase>
  <testcase classname="com.yourcompany.SampleSauceTest" name="loginTest[8]" time="0.002">
    <error message="Timed out after 1000 seconds waiting for presence of element located by: By.id: login-name
Build info: version: &apos;2.45.0&apos;, revision: &apos;5017cb8e7ca8e37638dc3091b2440b90a1d8686f&apos;, time: &apos;2015-02-27 09:10:26&apos;
System info: host: &apos;Sauces-MacBook-Air-7.local&apos;, ip: &apos;10.35.5.153&apos;, os.name: &apos;Mac OS X&apos;, os.arch: &apos;x86_64&apos;, os.version: &apos;10.10.4&apos;, java.version: &apos;1.8.0_45&apos;
Driver info: org.openqa.selenium.remote.RemoteWebDriver
Capabilities [{browserAttachTimeout=0, enablePersistentHover=true, ie.forceCreateProcessApi=false, ie.usePerProcessProxy=false, ignoreZoomSetting=false, hasMetadata=true, handlesAlerts=true, version=11, platform=WINDOWS, nativeEvents=true, ie.ensureCleanSession=false, elementScrollBehavior=0, ie.browserCommandLineSwitches=, webdriver.remote.sessionid=9e0562c592774d4692dca00c202dc64e, requireWindowFocus=false, takesScreenshot=true, browserName=internet explorer, initialBrowserUrl=about:blank, javascriptEnabled=true, ignoreProtectedModeSettings=false, enableElementCacheCleanup=true, cssSelectorsEnabled=true, unexpectedAlertBehaviour=dismiss}]
Session ID: 9e0562c592774d4692dca00c202dc64e" type="org.openqa.selenium.TimeoutException">org.openqa.selenium.TimeoutException: Timed out after 1000 seconds waiting for presence of element located by: By.id: login-name
Build info: version: &apos;2.45.0&apos;, revision: &apos;5017cb8e7ca8e37638dc3091b2440b90a1d8686f&apos;, time: &apos;2015-02-27 09:10:26&apos;
System info: host: &apos;Sauces-MacBook-Air-7.local&apos;, ip: &apos;10.35.5.153&apos;, os.name: &apos;Mac OS X&apos;, os.arch: &apos;x86_64&apos;, os.version: &apos;10.10.4&apos;, java.version: &apos;1.8.0_45&apos;
Driver info: org.openqa.selenium.remote.RemoteWebDriver
Capabilities [{browserAttachTimeout=0, enablePersistentHover=true, ie.forceCreateProcessApi=false, ie.usePerProcessProxy=false, ignoreZoomSetting=false, hasMetadata=true, handlesAlerts=true, version=11, platform=WINDOWS, nativeEvents=true, ie.ensureCleanSession=false, elementScrollBehavior=0, ie.browserCommandLineSwitches=, webdriver.remote.sessionid=9e0562c592774d4692dca00c202dc64e, requireWindowFocus=false, takesScreenshot=true, browserName=internet explorer, initialBrowserUrl=about:blank, javascriptEnabled=true, ignoreProtectedModeSettings=false, enableElementCacheCleanup=true, cssSelectorsEnabled=true, unexpectedAlertBehaviour=dismiss}]
Session ID: 9e0562c592774d4692dca00c202dc64e
	at org.openqa.selenium.support.ui.WebDriverWait.timeoutException(WebDriverWait.java:79)
	at org.openqa.selenium.support.ui.FluentWait.until(FluentWait.java:228)
	at com.yourcompany.SampleSauceTest.loginTest(SampleSauceTest.java:174)
	at sun.reflect.NativeMethodAccessorImpl.invoke0(Native Method)
	at sun.reflect.NativeMethodAccessorImpl.invoke(NativeMethodAccessorImpl.java:62)
	at sun.reflect.DelegatingMethodAccessorImpl.invoke(DelegatingMethodAccessorImpl.java:43)
	at java.lang.reflect.Method.invoke(Method.java:497)
	at org.junit.runners.model.FrameworkMethod$1.runReflectiveCall(FrameworkMethod.java:47)
	at org.junit.internal.runners.model.ReflectiveCallable.run(ReflectiveCallable.java:12)
	at org.junit.runners.model.FrameworkMethod.invokeExplosively(FrameworkMethod.java:44)
	at org.junit.internal.runners.statements.InvokeMethod.evaluate(InvokeMethod.java:17)
	at org.junit.internal.runners.statements.RunBefores.evaluate(RunBefores.java:26)
	at org.junit.internal.runners.statements.RunAfters.evaluate(RunAfters.java:27)
	at org.junit.rules.TestWatcher$1.evaluate(TestWatcher.java:55)
	at org.junit.rules.RunRules.evaluate(RunRules.java:20)
	at org.junit.runners.ParentRunner.runLeaf(ParentRunner.java:271)
	at org.junit.runners.BlockJUnit4ClassRunner.runChild(BlockJUnit4ClassRunner.java:70)
	at com.saucelabs.junit.ConcurrentParameterized$SauceClassRunnerForParameters.access$300(ConcurrentParameterized.java:170)
	at com.saucelabs.junit.ConcurrentParameterized$SauceClassRunnerForParameters$2.run(ConcurrentParameterized.java:287)
	at com.saucelabs.junit.ConcurrentParameterized$NonBlockingAsynchronousRunner$1.call(ConcurrentParameterized.java:312)
	at java.util.concurrent.FutureTask.run(FutureTask.java:266)
	at java.util.concurrent.ThreadPoolExecutor.runWorker(ThreadPoolExecutor.java:1142)
	at java.util.concurrent.ThreadPoolExecutor$Worker.run(ThreadPoolExecutor.java:617)
	at java.lang.Thread.run(Thread.java:745)
Caused by: org.openqa.selenium.NoSuchElementException: Unable to find element with id == login-name (WARNING: The server did not provide any stacktrace information)
Command duration or timeout: 282 milliseconds
For documentation on this error, please visit: http://seleniumhq.org/exceptions/no_such_element.html
Build info: version: &apos;2.40.0&apos;, revision: &apos;fbe29a9&apos;, time: &apos;2014-02-19 20:54:28&apos;
System info: host: &apos;WIN-HLEK05V71GA&apos;, ip: &apos;172.20.40.180&apos;, os.name: &apos;Windows Server 2012 R2&apos;, os.arch: &apos;x86&apos;, os.version: &apos;6.3&apos;, java.version: &apos;1.8.0_45&apos;
Driver info: org.openqa.selenium.ie.InternetExplorerDriver
Capabilities [{browserAttachTimeout=0, enablePersistentHover=true, ie.forceCreateProcessApi=false, ie.usePerProcessProxy=false, ignoreZoomSetting=false, handlesAlerts=true, version=11, platform=WINDOWS, nativeEvents=true, ie.ensureCleanSession=false, elementScrollBehavior=0, ie.browserCommandLineSwitches=, requireWindowFocus=false, browserName=internet explorer, initialBrowserUrl=about:blank, takesScreenshot=true, javascriptEnabled=true, ignoreProtectedModeSettings=false, enableElementCacheCleanup=true, cssSelectorsEnabled=true, unexpectedAlertBehaviour=dismiss}]
Session ID: XXXXXXXX-XXXX-XXXX-XXXX-XXXX1c1647da
Command duration or timeout: 311 milliseconds
For documentation on this error, please visit: http://seleniumhq.org/exceptions/no_such_element.html
Build info: version: &apos;2.45.0&apos;, revision: &apos;5017cb8e7ca8e37638dc3091b2440b90a1d8686f&apos;, time: &apos;2015-02-27 09:10:26&apos;
System info: host: &apos;Sauces-MacBook-Air-7.local&apos;, ip: &apos;10.35.5.153&apos;, os.name: &apos;Mac OS X&apos;, os.arch: &apos;x86_64&apos;, os.version: &apos;10.10.4&apos;, java.version: &apos;1.8.0_45&apos;
Driver info: org.openqa.selenium.remote.RemoteWebDriver
Capabilities [{browserAttachTimeout=0, enablePersistentHover=true, ie.forceCreateProcessApi=false, ie.usePerProcessProxy=false, ignoreZoomSetting=false, hasMetadata=true, handlesAlerts=true, version=11, platform=WINDOWS, nativeEvents=true, ie.ensureCleanSession=false, elementScrollBehavior=0, ie.browserCommandLineSwitches=, webdriver.remote.sessionid=9e0562c592774d4692dca00c202dc64e, requireWindowFocus=false, takesScreenshot=true, browserName=internet explorer, initialBrowserUrl=about:blank, javascriptEnabled=true, ignoreProtectedModeSettings=false, enableElementCacheCleanup=true, cssSelectorsEnabled=true, unexpectedAlertBehaviour=dismiss}]
Session ID: 9e0562c592774d4692dca00c202dc64e
*** Element info: {Using=id, value=login-name}
	at sun.reflect.GeneratedConstructorAccessor70.newInstance(Unknown Source)
	at sun.reflect.DelegatingConstructorAccessorImpl.newInstance(DelegatingConstructorAccessorImpl.java:45)
	at java.lang.reflect.Constructor.newInstance(Constructor.java:422)
	at org.openqa.selenium.remote.ErrorHandler.createThrowable(ErrorHandler.java:204)
	at org.openqa.selenium.remote.ErrorHandler.throwIfResponseFailed(ErrorHandler.java:156)
	at org.openqa.selenium.remote.RemoteWebDriver.execute(RemoteWebDriver.java:599)
	at org.openqa.selenium.remote.RemoteWebDriver.findElement(RemoteWebDriver.java:352)
	at org.openqa.selenium.remote.RemoteWebDriver.findElementById(RemoteWebDriver.java:393)
	at org.openqa.selenium.By$ById.findElement(By.java:214)
	at org.openqa.selenium.remote.RemoteWebDriver.findElement(RemoteWebDriver.java:344)
	at org.openqa.selenium.support.ui.ExpectedConditions.findElement(ExpectedConditions.java:730)
	at org.openqa.selenium.support.ui.ExpectedConditions.access$000(ExpectedConditions.java:39)
	at org.openqa.selenium.support.ui.ExpectedConditions$3.apply(ExpectedConditions.java:106)
	at org.openqa.selenium.support.ui.ExpectedConditions$3.apply(ExpectedConditions.java:103)
	at org.openqa.selenium.support.ui.FluentWait.until(FluentWait.java:208)
	... 22 more
Caused by: org.openqa.selenium.NoSuchElementException: Unable to find element with id == login-name (WARNING: The server did not provide any stacktrace information)
Command duration or timeout: 282 milliseconds
For documentation on this error, please visit: http://seleniumhq.org/exceptions/no_such_element.html
Build info: version: &apos;2.40.0&apos;, revision: &apos;fbe29a9&apos;, time: &apos;2014-02-19 20:54:28&apos;
System info: host: &apos;WIN-HLEK05V71GA&apos;, ip: &apos;172.20.40.180&apos;, os.name: &apos;Windows Server 2012 R2&apos;, os.arch: &apos;x86&apos;, os.version: &apos;6.3&apos;, java.version: &apos;1.8.0_45&apos;
Driver info: org.openqa.selenium.ie.InternetExplorerDriver
Capabilities [{browserAttachTimeout=0, enablePersistentHover=true, ie.forceCreateProcessApi=false, ie.usePerProcessProxy=false, ignoreZoomSetting=false, handlesAlerts=true, version=11, platform=WINDOWS, nativeEvents=true, ie.ensureCleanSession=false, elementScrollBehavior=0, ie.browserCommandLineSwitches=, requireWindowFocus=false, browserName=internet explorer, initialBrowserUrl=about:blank, takesScreenshot=true, javascriptEnabled=true, ignoreProtectedModeSettings=false, enableElementCacheCleanup=true, cssSelectorsEnabled=true, unexpectedAlertBehaviour=dismiss}]
Session ID: XXXXXXXX-XXXX-XXXX-XXXX-XXXX1c1647da
For documentation on this error, please visit: http://seleniumhq.org/exceptions/no_such_element.html
Build info: version: &apos;2.45.0&apos;, revision: &apos;5017cb8e7ca8e37638dc3091b2440b90a1d8686f&apos;, time: &apos;2015-02-27 09:10:26&apos;
System info: host: &apos;Sauces-MacBook-Air-7.local&apos;, ip: &apos;10.35.5.153&apos;, os.name: &apos;Mac OS X&apos;, os.arch: &apos;x86_64&apos;, os.version: &apos;10.10.4&apos;, java.version: &apos;1.8.0_45&apos;
Driver info: driver.version: EventFiringWebDriver
	at sun.reflect.GeneratedConstructorAccessor10.newInstance(Unknown Source)
	at sun.reflect.DelegatingConstructorAccessorImpl.newInstance(Unknown Source)
	at java.lang.reflect.Constructor.newInstance(Unknown Source)
	at org.openqa.selenium.remote.ErrorHandler.createThrowable(ErrorHandler.java:193)
	at org.openqa.selenium.remote.ErrorHandler.throwIfResponseFailed(ErrorHandler.java:145)
	at org.openqa.selenium.remote.RemoteWebDriver.execute(RemoteWebDriver.java:573)
	at org.openqa.selenium.remote.RemoteWebDriver.findElement(RemoteWebDriver.java:326)
	at org.openqa.selenium.remote.RemoteWebDriver.findElementById(RemoteWebDriver.java:367)
	at org.openqa.selenium.By$ById.findElement(By.java:214)
	at org.openqa.selenium.remote.RemoteWebDriver.findElement(RemoteWebDriver.java:318)
	at sun.reflect.GeneratedMethodAccessor19.invoke(Unknown Source)
	at sun.reflect.DelegatingMethodAccessorImpl.invoke(Unknown Source)
	at java.lang.reflect.Method.invoke(Unknown Source)
	at org.openqa.selenium.support.events.EventFiringWebDriver$2.invoke(EventFiringWebDriver.java:101)
	at com.sun.proxy.$Proxy2.findElement(Unknown Source)
	at org.openqa.selenium.support.events.EventFiringWebDriver.findElement(EventFiringWebDriver.java:184)
	at org.openqa.selenium.remote.server.handler.FindElement.call(FindElement.java:47)
	at org.openqa.selenium.remote.server.handler.FindElement.call(FindElement.java:1)
	at java.util.concurrent.FutureTask.run(Unknown Source)
	at org.openqa.selenium.remote.server.DefaultSession$1.run(DefaultSession.java:170)
	at java.util.concurrent.ThreadPoolExecutor.runWorker(Unknown Source)
	at java.util.concurrent.ThreadPoolExecutor$Worker.run(Unknown Source)
	at java.lang.Thread.run(Unknown Source)
</error>
    <system-out>SauceOnDemandSessionID=9e0562c592774d4692dca00c202dc64e job-name=com.yourcompany.SampleSauceTest.loginTest[8]
Job link: https://saucelabs.com/jobs/9e0562c592774d4692dca00c202dc64e?auth=7868c19c86244a89f3d373ad4c5ade79
</system-out>
  </testcase>
  <testcase classname="com.yourcompany.SampleSauceTest" name="loginTest[7]" time="0.001">
    <error message="Timed out after 1000 seconds waiting for presence of element located by: By.id: login-name
Build info: version: &apos;2.45.0&apos;, revision: &apos;5017cb8e7ca8e37638dc3091b2440b90a1d8686f&apos;, time: &apos;2015-02-27 09:10:26&apos;
System info: host: &apos;Sauces-MacBook-Air-7.local&apos;, ip: &apos;10.35.5.153&apos;, os.name: &apos;Mac OS X&apos;, os.arch: &apos;x86_64&apos;, os.version: &apos;10.10.4&apos;, java.version: &apos;1.8.0_45&apos;
Driver info: org.openqa.selenium.remote.RemoteWebDriver
Capabilities [{networkConnectionEnabled=false, safari=true, warnings={}, webdriver.remote.quietExceptions=true, hasMetadata=true, databaseEnabled=false, deviceName=iPhone Simulator, platform=MAC, desired={platformVersion=8.2, webdriver.remote.quietExceptions=true, browserName=safari, platformName=iOS, deviceName=iPhone Simulator}, webdriver.remote.sessionid=650ead0e80164593b3f1856e191abe42, platformVersion=8.2, locationContextEnabled=false, webStorageEnabled=false, takesScreenshot=true, browserName=safari, javascriptEnabled=true, platformName=iOS}]
Session ID: 650ead0e80164593b3f1856e191abe42" type="org.openqa.selenium.TimeoutException">org.openqa.selenium.TimeoutException: Timed out after 1000 seconds waiting for presence of element located by: By.id: login-name
Build info: version: &apos;2.45.0&apos;, revision: &apos;5017cb8e7ca8e37638dc3091b2440b90a1d8686f&apos;, time: &apos;2015-02-27 09:10:26&apos;
System info: host: &apos;Sauces-MacBook-Air-7.local&apos;, ip: &apos;10.35.5.153&apos;, os.name: &apos;Mac OS X&apos;, os.arch: &apos;x86_64&apos;, os.version: &apos;10.10.4&apos;, java.version: &apos;1.8.0_45&apos;
Driver info: org.openqa.selenium.remote.RemoteWebDriver
Capabilities [{networkConnectionEnabled=false, safari=true, warnings={}, webdriver.remote.quietExceptions=true, hasMetadata=true, databaseEnabled=false, deviceName=iPhone Simulator, platform=MAC, desired={platformVersion=8.2, webdriver.remote.quietExceptions=true, browserName=safari, platformName=iOS, deviceName=iPhone Simulator}, webdriver.remote.sessionid=650ead0e80164593b3f1856e191abe42, platformVersion=8.2, locationContextEnabled=false, webStorageEnabled=false, takesScreenshot=true, browserName=safari, javascriptEnabled=true, platformName=iOS}]
Session ID: 650ead0e80164593b3f1856e191abe42
	at org.openqa.selenium.support.ui.WebDriverWait.timeoutException(WebDriverWait.java:79)
	at org.openqa.selenium.support.ui.FluentWait.until(FluentWait.java:228)
	at com.yourcompany.SampleSauceTest.loginTest(SampleSauceTest.java:174)
	at sun.reflect.NativeMethodAccessorImpl.invoke0(Native Method)
	at sun.reflect.NativeMethodAccessorImpl.invoke(NativeMethodAccessorImpl.java:62)
	at sun.reflect.DelegatingMethodAccessorImpl.invoke(DelegatingMethodAccessorImpl.java:43)
	at java.lang.reflect.Method.invoke(Method.java:497)
	at org.junit.runners.model.FrameworkMethod$1.runReflectiveCall(FrameworkMethod.java:47)
	at org.junit.internal.runners.model.ReflectiveCallable.run(ReflectiveCallable.java:12)
	at org.junit.runners.model.FrameworkMethod.invokeExplosively(FrameworkMethod.java:44)
	at org.junit.internal.runners.statements.InvokeMethod.evaluate(InvokeMethod.java:17)
	at org.junit.internal.runners.statements.RunBefores.evaluate(RunBefores.java:26)
	at org.junit.internal.runners.statements.RunAfters.evaluate(RunAfters.java:27)
	at org.junit.rules.TestWatcher$1.evaluate(TestWatcher.java:55)
	at org.junit.rules.RunRules.evaluate(RunRules.java:20)
	at org.junit.runners.ParentRunner.runLeaf(ParentRunner.java:271)
	at org.junit.runners.BlockJUnit4ClassRunner.runChild(BlockJUnit4ClassRunner.java:70)
	at com.saucelabs.junit.ConcurrentParameterized$SauceClassRunnerForParameters.access$300(ConcurrentParameterized.java:170)
	at com.saucelabs.junit.ConcurrentParameterized$SauceClassRunnerForParameters$2.run(ConcurrentParameterized.java:287)
	at com.saucelabs.junit.ConcurrentParameterized$NonBlockingAsynchronousRunner$1.call(ConcurrentParameterized.java:312)
	at java.util.concurrent.FutureTask.run(FutureTask.java:266)
	at java.util.concurrent.ThreadPoolExecutor.runWorker(ThreadPoolExecutor.java:1142)
	at java.util.concurrent.ThreadPoolExecutor$Worker.run(ThreadPoolExecutor.java:617)
	at java.lang.Thread.run(Thread.java:745)
Caused by: org.openqa.selenium.NoSuchElementException: An element could not be located on the page using the given search parameters. (WARNING: The server did not provide any stacktrace information)
Command duration or timeout: 44 milliseconds
For documentation on this error, please visit: http://seleniumhq.org/exceptions/no_such_element.html
Build info: version: &apos;2.45.0&apos;, revision: &apos;5017cb8e7ca8e37638dc3091b2440b90a1d8686f&apos;, time: &apos;2015-02-27 09:10:26&apos;
System info: host: &apos;Sauces-MacBook-Air-7.local&apos;, ip: &apos;10.35.5.153&apos;, os.name: &apos;Mac OS X&apos;, os.arch: &apos;x86_64&apos;, os.version: &apos;10.10.4&apos;, java.version: &apos;1.8.0_45&apos;
Driver info: org.openqa.selenium.remote.RemoteWebDriver
Capabilities [{networkConnectionEnabled=false, safari=true, warnings={}, webdriver.remote.quietExceptions=true, hasMetadata=true, databaseEnabled=false, deviceName=iPhone Simulator, platform=MAC, desired={platformVersion=8.2, webdriver.remote.quietExceptions=true, browserName=safari, platformName=iOS, deviceName=iPhone Simulator}, webdriver.remote.sessionid=650ead0e80164593b3f1856e191abe42, platformVersion=8.2, locationContextEnabled=false, webStorageEnabled=false, takesScreenshot=true, browserName=safari, javascriptEnabled=true, platformName=iOS}]
Session ID: 650ead0e80164593b3f1856e191abe42
*** Element info: {Using=id, value=login-name}
	at sun.reflect.GeneratedConstructorAccessor70.newInstance(Unknown Source)
	at sun.reflect.DelegatingConstructorAccessorImpl.newInstance(DelegatingConstructorAccessorImpl.java:45)
	at java.lang.reflect.Constructor.newInstance(Constructor.java:422)
	at org.openqa.selenium.remote.ErrorHandler.createThrowable(ErrorHandler.java:204)
	at org.openqa.selenium.remote.ErrorHandler.throwIfResponseFailed(ErrorHandler.java:156)
	at org.openqa.selenium.remote.RemoteWebDriver.execute(RemoteWebDriver.java:599)
	at org.openqa.selenium.remote.RemoteWebDriver.findElement(RemoteWebDriver.java:352)
	at org.openqa.selenium.remote.RemoteWebDriver.findElementById(RemoteWebDriver.java:393)
	at org.openqa.selenium.By$ById.findElement(By.java:214)
	at org.openqa.selenium.remote.RemoteWebDriver.findElement(RemoteWebDriver.java:344)
	at org.openqa.selenium.support.ui.ExpectedConditions.findElement(ExpectedConditions.java:730)
	at org.openqa.selenium.support.ui.ExpectedConditions.access$000(ExpectedConditions.java:39)
	at org.openqa.selenium.support.ui.ExpectedConditions$3.apply(ExpectedConditions.java:106)
	at org.openqa.selenium.support.ui.ExpectedConditions$3.apply(ExpectedConditions.java:103)
	at org.openqa.selenium.support.ui.FluentWait.until(FluentWait.java:208)
	... 22 more
</error>
    <system-out>SauceOnDemandSessionID=650ead0e80164593b3f1856e191abe42 job-name=com.yourcompany.SampleSauceTest.loginTest[7]
Job link: https://saucelabs.com/jobs/650ead0e80164593b3f1856e191abe42?auth=9cbde420680e8468275550b4cb81cf8c
</system-out>
  </testcase>
  <testcase classname="com.yourcompany.SampleSauceTest" name="verifyTitleTest[7]" time="0">
    <failure message="expected:&lt;[Localhost Selenium Authentication Test]&gt; but was:&lt;[]&gt;" type="org.junit.ComparisonFailure">org.junit.ComparisonFailure: expected:&lt;[Localhost Selenium Authentication Test]&gt; but was:&lt;[]&gt;
	at org.junit.Assert.assertEquals(Assert.java:115)
	at org.junit.Assert.assertEquals(Assert.java:144)
	at com.yourcompany.SampleSauceTest.verifyTitleTest(SampleSauceTest.java:163)
	at sun.reflect.NativeMethodAccessorImpl.invoke0(Native Method)
	at sun.reflect.NativeMethodAccessorImpl.invoke(NativeMethodAccessorImpl.java:62)
	at sun.reflect.DelegatingMethodAccessorImpl.invoke(DelegatingMethodAccessorImpl.java:43)
	at java.lang.reflect.Method.invoke(Method.java:497)
	at org.junit.runners.model.FrameworkMethod$1.runReflectiveCall(FrameworkMethod.java:47)
	at org.junit.internal.runners.model.ReflectiveCallable.run(ReflectiveCallable.java:12)
	at org.junit.runners.model.FrameworkMethod.invokeExplosively(FrameworkMethod.java:44)
	at org.junit.internal.runners.statements.InvokeMethod.evaluate(InvokeMethod.java:17)
	at org.junit.internal.runners.statements.RunBefores.evaluate(RunBefores.java:26)
	at org.junit.internal.runners.statements.RunAfters.evaluate(RunAfters.java:27)
	at org.junit.rules.TestWatcher$1.evaluate(TestWatcher.java:55)
	at org.junit.rules.RunRules.evaluate(RunRules.java:20)
	at org.junit.runners.ParentRunner.runLeaf(ParentRunner.java:271)
	at org.junit.runners.BlockJUnit4ClassRunner.runChild(BlockJUnit4ClassRunner.java:70)
	at com.saucelabs.junit.ConcurrentParameterized$SauceClassRunnerForParameters.access$300(ConcurrentParameterized.java:170)
	at com.saucelabs.junit.ConcurrentParameterized$SauceClassRunnerForParameters$2.run(ConcurrentParameterized.java:287)
	at com.saucelabs.junit.ConcurrentParameterized$NonBlockingAsynchronousRunner$1.call(ConcurrentParameterized.java:312)
	at java.util.concurrent.FutureTask.run(FutureTask.java:266)
	at java.util.concurrent.ThreadPoolExecutor.runWorker(ThreadPoolExecutor.java:1142)
	at java.util.concurrent.ThreadPoolExecutor$Worker.run(ThreadPoolExecutor.java:617)
	at java.lang.Thread.run(Thread.java:745)
</failure>
    <system-out>SauceOnDemandSessionID=5e64b884b0134f728efa9b20e0cf3d30 job-name=com.yourcompany.SampleSauceTest.verifyTitleTest[7]
Job link: https://saucelabs.com/jobs/5e64b884b0134f728efa9b20e0cf3d30?auth=4b14c7d3209ccf4b19b4dfd118a0f561
</system-out>
  </testcase>
  <testcase classname="com.yourcompany.SampleSauceTest" name="verifyTitleTest[0]" time="0.001">
    <failure message="expected:&lt;[Localhost Selenium Authentication Test]&gt; but was:&lt;[]&gt;" type="org.junit.ComparisonFailure">org.junit.ComparisonFailure: expected:&lt;[Localhost Selenium Authentication Test]&gt; but was:&lt;[]&gt;
	at org.junit.Assert.assertEquals(Assert.java:115)
	at org.junit.Assert.assertEquals(Assert.java:144)
	at com.yourcompany.SampleSauceTest.verifyTitleTest(SampleSauceTest.java:163)
	at sun.reflect.NativeMethodAccessorImpl.invoke0(Native Method)
	at sun.reflect.NativeMethodAccessorImpl.invoke(NativeMethodAccessorImpl.java:62)
	at sun.reflect.DelegatingMethodAccessorImpl.invoke(DelegatingMethodAccessorImpl.java:43)
	at java.lang.reflect.Method.invoke(Method.java:497)
	at org.junit.runners.model.FrameworkMethod$1.runReflectiveCall(FrameworkMethod.java:47)
	at org.junit.internal.runners.model.ReflectiveCallable.run(ReflectiveCallable.java:12)
	at org.junit.runners.model.FrameworkMethod.invokeExplosively(FrameworkMethod.java:44)
	at org.junit.internal.runners.statements.InvokeMethod.evaluate(InvokeMethod.java:17)
	at org.junit.internal.runners.statements.RunBefores.evaluate(RunBefores.java:26)
	at org.junit.internal.runners.statements.RunAfters.evaluate(RunAfters.java:27)
	at org.junit.rules.TestWatcher$1.evaluate(TestWatcher.java:55)
	at org.junit.rules.RunRules.evaluate(RunRules.java:20)
	at org.junit.runners.ParentRunner.runLeaf(ParentRunner.java:271)
	at org.junit.runners.BlockJUnit4ClassRunner.runChild(BlockJUnit4ClassRunner.java:70)
	at com.saucelabs.junit.ConcurrentParameterized$SauceClassRunnerForParameters.access$300(ConcurrentParameterized.java:170)
	at com.saucelabs.junit.ConcurrentParameterized$SauceClassRunnerForParameters$2.run(ConcurrentParameterized.java:287)
	at com.saucelabs.junit.ConcurrentParameterized$NonBlockingAsynchronousRunner$1.call(ConcurrentParameterized.java:312)
	at java.util.concurrent.FutureTask.run(FutureTask.java:266)
	at java.util.concurrent.ThreadPoolExecutor.runWorker(ThreadPoolExecutor.java:1142)
	at java.util.concurrent.ThreadPoolExecutor$Worker.run(ThreadPoolExecutor.java:617)
	at java.lang.Thread.run(Thread.java:745)
</failure>
    <system-out>SauceOnDemandSessionID=851511f9bc324b95979935021aa21a51 job-name=com.yourcompany.SampleSauceTest.verifyTitleTest[0]
Job link: https://saucelabs.com/jobs/851511f9bc324b95979935021aa21a51?auth=a178bbe4a9825caf74969662b8f33300
</system-out>
  </testcase>
  <testcase classname="com.yourcompany.SampleSauceTest" name="loginTest[6]" time="0.001">
    <error message="Timed out after 1000 seconds waiting for presence of element located by: By.id: login-name
Build info: version: &apos;2.45.0&apos;, revision: &apos;5017cb8e7ca8e37638dc3091b2440b90a1d8686f&apos;, time: &apos;2015-02-27 09:10:26&apos;
System info: host: &apos;Sauces-MacBook-Air-7.local&apos;, ip: &apos;10.35.5.153&apos;, os.name: &apos;Mac OS X&apos;, os.arch: &apos;x86_64&apos;, os.version: &apos;10.10.4&apos;, java.version: &apos;1.8.0_45&apos;
Driver info: org.openqa.selenium.remote.RemoteWebDriver
Capabilities [{emulator=true, aut=android, proxy={proxyAutoconfigUrl=http://127.0.0.1:19876/pac.js, proxyType=PAC}, webdriver.remote.sessionid=4b4564747a504a2e801c8821e0e98d75, platformVersion=19, webdriver.remote.quietExceptions=true, browserName=android, hasMetadata=true, platform=ANY}]
Session ID: 4b4564747a504a2e801c8821e0e98d75" type="org.openqa.selenium.TimeoutException">org.openqa.selenium.TimeoutException: Timed out after 1000 seconds waiting for presence of element located by: By.id: login-name
Build info: version: &apos;2.45.0&apos;, revision: &apos;5017cb8e7ca8e37638dc3091b2440b90a1d8686f&apos;, time: &apos;2015-02-27 09:10:26&apos;
System info: host: &apos;Sauces-MacBook-Air-7.local&apos;, ip: &apos;10.35.5.153&apos;, os.name: &apos;Mac OS X&apos;, os.arch: &apos;x86_64&apos;, os.version: &apos;10.10.4&apos;, java.version: &apos;1.8.0_45&apos;
Driver info: org.openqa.selenium.remote.RemoteWebDriver
Capabilities [{emulator=true, aut=android, proxy={proxyAutoconfigUrl=http://127.0.0.1:19876/pac.js, proxyType=PAC}, webdriver.remote.sessionid=4b4564747a504a2e801c8821e0e98d75, platformVersion=19, webdriver.remote.quietExceptions=true, browserName=android, hasMetadata=true, platform=ANY}]
Session ID: 4b4564747a504a2e801c8821e0e98d75
	at org.openqa.selenium.support.ui.WebDriverWait.timeoutException(WebDriverWait.java:79)
	at org.openqa.selenium.support.ui.FluentWait.until(FluentWait.java:228)
	at com.yourcompany.SampleSauceTest.loginTest(SampleSauceTest.java:174)
	at sun.reflect.NativeMethodAccessorImpl.invoke0(Native Method)
	at sun.reflect.NativeMethodAccessorImpl.invoke(NativeMethodAccessorImpl.java:62)
	at sun.reflect.DelegatingMethodAccessorImpl.invoke(DelegatingMethodAccessorImpl.java:43)
	at java.lang.reflect.Method.invoke(Method.java:497)
	at org.junit.runners.model.FrameworkMethod$1.runReflectiveCall(FrameworkMethod.java:47)
	at org.junit.internal.runners.model.ReflectiveCallable.run(ReflectiveCallable.java:12)
	at org.junit.runners.model.FrameworkMethod.invokeExplosively(FrameworkMethod.java:44)
	at org.junit.internal.runners.statements.InvokeMethod.evaluate(InvokeMethod.java:17)
	at org.junit.internal.runners.statements.RunBefores.evaluate(RunBefores.java:26)
	at org.junit.internal.runners.statements.RunAfters.evaluate(RunAfters.java:27)
	at org.junit.rules.TestWatcher$1.evaluate(TestWatcher.java:55)
	at org.junit.rules.RunRules.evaluate(RunRules.java:20)
	at org.junit.runners.ParentRunner.runLeaf(ParentRunner.java:271)
	at org.junit.runners.BlockJUnit4ClassRunner.runChild(BlockJUnit4ClassRunner.java:70)
	at com.saucelabs.junit.ConcurrentParameterized$SauceClassRunnerForParameters.access$300(ConcurrentParameterized.java:170)
	at com.saucelabs.junit.ConcurrentParameterized$SauceClassRunnerForParameters$2.run(ConcurrentParameterized.java:287)
	at com.saucelabs.junit.ConcurrentParameterized$NonBlockingAsynchronousRunner$1.call(ConcurrentParameterized.java:312)
	at java.util.concurrent.FutureTask.run(FutureTask.java:266)
	at java.util.concurrent.ThreadPoolExecutor.runWorker(ThreadPoolExecutor.java:1142)
	at java.util.concurrent.ThreadPoolExecutor$Worker.run(ThreadPoolExecutor.java:617)
	at java.lang.Thread.run(Thread.java:745)
Caused by: org.openqa.selenium.NoSuchElementException: Element was not found.
io.selendroid.exceptions.NoSuchElementException: Element was not found.
	at io.selendroid.server.SafeRequestHandler.getIdOfKnownElement(SafeRequestHandler.java:42)
	at io.selendroid.server.handler.FindElement.safeHandle(FindElement.java:45)
	at io.selendroid.server.SafeRequestHandler.handle(SafeRequestHandler.java:83)
	at io.selendroid.server.AndroidServlet.handleRequest(AndroidServlet.java:319)
	at io.selendroid.server.BaseServlet.handleHttpRequest(BaseServlet.java:67)
	at io.selendroid.server.http.ServerHandler.channelRead(ServerHandler.java:53)
	at io.netty.channel.AbstractChannelHandlerContext.invokeChannelRead(AbstractChannelHandlerContext.java:333)
	at io.netty.channel.AbstractChannelHandlerContext.fireChannelRead(AbstractChannelHandlerContext.java:319)
	at io.netty.handler.traffic.AbstractTrafficShapingHandler.channelRead(AbstractTrafficShapingHandler.java:223)
	at io.netty.channel.AbstractChannelHandlerContext.invokeChannelRead(AbstractChannelHandlerContext.java:333)
	at io.netty.channel.AbstractChannelHandlerContext.fireChannelRead(AbstractChannelHandlerContext.java:319)
	at io.netty.handler.codec.MessageToMessageDecoder.channelRead(MessageToMessageDecoder.java:103)
	at io.netty.channel.AbstractChannelHandlerContext.invokeChannelRead(AbstractChannelHandlerContext.java:333)
	at io.netty.channel.AbstractChannelHandlerContext.fireChannelRead(AbstractChannelHandlerContext.java:319)
	at io.netty.handler.codec.ByteToMessageDecoder.channelRead(ByteToMessageDecoder.java:163)
	at io.netty.channel.CombinedChannelDuplexHandler.channelRead(CombinedChannelDuplexHandler.java:148)
	at io.netty.channel.AbstractChannelHandlerContext.invokeChannelRead(AbstractChannelHandlerContext.java:333)
	at io.netty.channel.AbstractChannelHandlerContext.fireChannelRead(AbstractChannelHandlerContext.java:319)
	at io.netty.channel.DefaultChannelPipeline.fireChannelRead(DefaultChannelPipeline.java:787)
	at io.netty.channel.nio.AbstractNioByteChannel$NioByteUnsafe.read(AbstractNioByteChannel.java:125)
	at io.netty.channel.nio.NioEventLoop.processSelectedKey(NioEventLoop.java:511)
	at io.netty.channel.nio.NioEventLoop.processSelectedKeysPlain(NioEventLoop.java:430)
	at io.netty.channel.nio.NioEventLoop.processSelectedKeys(NioEventLoop.java:384)
	at io.netty.channel.nio.NioEventLoop.run(NioEventLoop.java:354)
	at io.netty.util.concurrent.SingleThreadEventExecutor$2.run(SingleThreadEventExecutor.java:116)
	at io.netty.util.concurrent.DefaultThreadFactory$DefaultRunnableDecorator.run(DefaultThreadFactory.java:137)
	at java.lang.Thread.run(Thread.java:841)

Command duration or timeout: 5.15 seconds
For documentation on this error, please visit: http://seleniumhq.org/exceptions/no_such_element.html
Build info: version: &apos;2.45.0&apos;, revision: &apos;5017cb8e7ca8e37638dc3091b2440b90a1d8686f&apos;, time: &apos;2015-02-27 09:10:26&apos;
System info: host: &apos;Sauces-MacBook-Air-7.local&apos;, ip: &apos;10.35.5.153&apos;, os.name: &apos;Mac OS X&apos;, os.arch: &apos;x86_64&apos;, os.version: &apos;10.10.4&apos;, java.version: &apos;1.8.0_45&apos;
Driver info: org.openqa.selenium.remote.RemoteWebDriver
Capabilities [{emulator=true, aut=android, proxy={proxyAutoconfigUrl=http://127.0.0.1:19876/pac.js, proxyType=PAC}, webdriver.remote.sessionid=4b4564747a504a2e801c8821e0e98d75, platformVersion=19, webdriver.remote.quietExceptions=true, browserName=android, hasMetadata=true, platform=ANY}]
Session ID: 4b4564747a504a2e801c8821e0e98d75
*** Element info: {Using=id, value=login-name}
	at sun.reflect.GeneratedConstructorAccessor70.newInstance(Unknown Source)
	at sun.reflect.DelegatingConstructorAccessorImpl.newInstance(DelegatingConstructorAccessorImpl.java:45)
	at java.lang.reflect.Constructor.newInstance(Constructor.java:422)
	at org.openqa.selenium.remote.ErrorHandler.createThrowable(ErrorHandler.java:204)
	at org.openqa.selenium.remote.ErrorHandler.throwIfResponseFailed(ErrorHandler.java:156)
	at org.openqa.selenium.remote.RemoteWebDriver.execute(RemoteWebDriver.java:599)
	at org.openqa.selenium.remote.RemoteWebDriver.findElement(RemoteWebDriver.java:352)
	at org.openqa.selenium.remote.RemoteWebDriver.findElementById(RemoteWebDriver.java:393)
	at org.openqa.selenium.By$ById.findElement(By.java:214)
	at org.openqa.selenium.remote.RemoteWebDriver.findElement(RemoteWebDriver.java:344)
	at org.openqa.selenium.support.ui.ExpectedConditions.findElement(ExpectedConditions.java:730)
	at org.openqa.selenium.support.ui.ExpectedConditions.access$000(ExpectedConditions.java:39)
	at org.openqa.selenium.support.ui.ExpectedConditions$3.apply(ExpectedConditions.java:106)
	at org.openqa.selenium.support.ui.ExpectedConditions$3.apply(ExpectedConditions.java:103)
	at org.openqa.selenium.support.ui.FluentWait.until(FluentWait.java:208)
	... 22 more
Caused by: org.openqa.selenium.NoSuchElementException: Element was not found.
io.selendroid.exceptions.NoSuchElementException: Element was not found.
	at io.selendroid.server.SafeRequestHandler.getIdOfKnownElement(SafeRequestHandler.java:42)
	at io.selendroid.server.handler.FindElement.safeHandle(FindElement.java:45)
	at io.selendroid.server.SafeRequestHandler.handle(SafeRequestHandler.java:83)
	at io.selendroid.server.AndroidServlet.handleRequest(AndroidServlet.java:319)
	at io.selendroid.server.BaseServlet.handleHttpRequest(BaseServlet.java:67)
	at io.selendroid.server.http.ServerHandler.channelRead(ServerHandler.java:53)
	at io.netty.channel.AbstractChannelHandlerContext.invokeChannelRead(AbstractChannelHandlerContext.java:333)
	at io.netty.channel.AbstractChannelHandlerContext.fireChannelRead(AbstractChannelHandlerContext.java:319)
	at io.netty.handler.traffic.AbstractTrafficShapingHandler.channelRead(AbstractTrafficShapingHandler.java:223)
	at io.netty.channel.AbstractChannelHandlerContext.invokeChannelRead(AbstractChannelHandlerContext.java:333)
	at io.netty.channel.AbstractChannelHandlerContext.fireChannelRead(AbstractChannelHandlerContext.java:319)
	at io.netty.handler.codec.MessageToMessageDecoder.channelRead(MessageToMessageDecoder.java:103)
	at io.netty.channel.AbstractChannelHandlerContext.invokeChannelRead(AbstractChannelHandlerContext.java:333)
	at io.netty.channel.AbstractChannelHandlerContext.fireChannelRead(AbstractChannelHandlerContext.java:319)
	at io.netty.handler.codec.ByteToMessageDecoder.channelRead(ByteToMessageDecoder.java:163)
	at io.netty.channel.CombinedChannelDuplexHandler.channelRead(CombinedChannelDuplexHandler.java:148)
	at io.netty.channel.AbstractChannelHandlerContext.invokeChannelRead(AbstractChannelHandlerContext.java:333)
	at io.netty.channel.AbstractChannelHandlerContext.fireChannelRead(AbstractChannelHandlerContext.java:319)
	at io.netty.channel.DefaultChannelPipeline.fireChannelRead(DefaultChannelPipeline.java:787)
	at io.netty.channel.nio.AbstractNioByteChannel$NioByteUnsafe.read(AbstractNioByteChannel.java:125)
	at io.netty.channel.nio.NioEventLoop.processSelectedKey(NioEventLoop.java:511)
	at io.netty.channel.nio.NioEventLoop.processSelectedKeysPlain(NioEventLoop.java:430)
	at io.netty.channel.nio.NioEventLoop.processSelectedKeys(NioEventLoop.java:384)
	at io.netty.channel.nio.NioEventLoop.run(NioEventLoop.java:354)
	at io.netty.util.concurrent.SingleThreadEventExecutor$2.run(SingleThreadEventExecutor.java:116)
	at io.netty.util.concurrent.DefaultThreadFactory$DefaultRunnableDecorator.run(DefaultThreadFactory.java:137)
	at java.lang.Thread.run(Thread.java:841)

For documentation on this error, please visit: http://seleniumhq.org/exceptions/no_such_element.html
Build info: version: &apos;2.45.0&apos;, revision: &apos;5017cb8e7ca8e37638dc3091b2440b90a1d8686f&apos;, time: &apos;2015-02-27 09:10:26&apos;
System info: host: &apos;Sauces-MacBook-Air-7.local&apos;, ip: &apos;10.35.5.153&apos;, os.name: &apos;Mac OS X&apos;, os.arch: &apos;x86_64&apos;, os.version: &apos;10.10.4&apos;, java.version: &apos;1.8.0_45&apos;
Driver info: driver.version: unknown
</error>
    <system-out>SauceOnDemandSessionID=4b4564747a504a2e801c8821e0e98d75 job-name=com.yourcompany.SampleSauceTest.loginTest[6]
Job link: https://saucelabs.com/jobs/4b4564747a504a2e801c8821e0e98d75?auth=d58a4e3838a0a511146f9f37934ab6cc
</system-out>
  </testcase>
  <testcase classname="com.yourcompany.SampleSauceTest" name="verifyTitleTest[1]" time="0">
    <failure message="expected:&lt;[Localhost Selenium Authentication Test]&gt; but was:&lt;[]&gt;" type="org.junit.ComparisonFailure">org.junit.ComparisonFailure: expected:&lt;[Localhost Selenium Authentication Test]&gt; but was:&lt;[]&gt;
	at org.junit.Assert.assertEquals(Assert.java:115)
	at org.junit.Assert.assertEquals(Assert.java:144)
	at com.yourcompany.SampleSauceTest.verifyTitleTest(SampleSauceTest.java:163)
	at sun.reflect.NativeMethodAccessorImpl.invoke0(Native Method)
	at sun.reflect.NativeMethodAccessorImpl.invoke(NativeMethodAccessorImpl.java:62)
	at sun.reflect.DelegatingMethodAccessorImpl.invoke(DelegatingMethodAccessorImpl.java:43)
	at java.lang.reflect.Method.invoke(Method.java:497)
	at org.junit.runners.model.FrameworkMethod$1.runReflectiveCall(FrameworkMethod.java:47)
	at org.junit.internal.runners.model.ReflectiveCallable.run(ReflectiveCallable.java:12)
	at org.junit.runners.model.FrameworkMethod.invokeExplosively(FrameworkMethod.java:44)
	at org.junit.internal.runners.statements.InvokeMethod.evaluate(InvokeMethod.java:17)
	at org.junit.internal.runners.statements.RunBefores.evaluate(RunBefores.java:26)
	at org.junit.internal.runners.statements.RunAfters.evaluate(RunAfters.java:27)
	at org.junit.rules.TestWatcher$1.evaluate(TestWatcher.java:55)
	at org.junit.rules.RunRules.evaluate(RunRules.java:20)
	at org.junit.runners.ParentRunner.runLeaf(ParentRunner.java:271)
	at org.junit.runners.BlockJUnit4ClassRunner.runChild(BlockJUnit4ClassRunner.java:70)
	at com.saucelabs.junit.ConcurrentParameterized$SauceClassRunnerForParameters.access$300(ConcurrentParameterized.java:170)
	at com.saucelabs.junit.ConcurrentParameterized$SauceClassRunnerForParameters$2.run(ConcurrentParameterized.java:287)
	at com.saucelabs.junit.ConcurrentParameterized$NonBlockingAsynchronousRunner$1.call(ConcurrentParameterized.java:312)
	at java.util.concurrent.FutureTask.run(FutureTask.java:266)
	at java.util.concurrent.ThreadPoolExecutor.runWorker(ThreadPoolExecutor.java:1142)
	at java.util.concurrent.ThreadPoolExecutor$Worker.run(ThreadPoolExecutor.java:617)
	at java.lang.Thread.run(Thread.java:745)
</failure>
    <system-out>SauceOnDemandSessionID=027d12c8b8f24389a56b4dcec05a1b3e job-name=com.yourcompany.SampleSauceTest.verifyTitleTest[1]
Job link: https://saucelabs.com/jobs/027d12c8b8f24389a56b4dcec05a1b3e?auth=caade78498d8208d7206b04f36c4a77f
</system-out>
  </testcase>
  <testcase classname="com.yourcompany.SampleSauceTest" name="loginTest[0]" time="0.001">
    <error message="Timed out after 1000 seconds waiting for presence of element located by: By.id: login-name
Build info: version: &apos;2.45.0&apos;, revision: &apos;5017cb8e7ca8e37638dc3091b2440b90a1d8686f&apos;, time: &apos;2015-02-27 09:10:26&apos;
System info: host: &apos;Sauces-MacBook-Air-7.local&apos;, ip: &apos;10.35.5.153&apos;, os.name: &apos;Mac OS X&apos;, os.arch: &apos;x86_64&apos;, os.version: &apos;10.10.4&apos;, java.version: &apos;1.8.0_45&apos;
Driver info: org.openqa.selenium.remote.RemoteWebDriver
Capabilities [{browserAttachTimeout=0, enablePersistentHover=true, ie.forceCreateProcessApi=false, ie.usePerProcessProxy=false, ignoreZoomSetting=false, hasMetadata=true, handlesAlerts=true, version=11, platform=WINDOWS, nativeEvents=true, ie.ensureCleanSession=false, elementScrollBehavior=0, ie.browserCommandLineSwitches=, webdriver.remote.sessionid=472037ea11e14e6aa356197d3e7c756f, requireWindowFocus=false, takesScreenshot=true, browserName=internet explorer, initialBrowserUrl=about:blank, javascriptEnabled=true, ignoreProtectedModeSettings=false, enableElementCacheCleanup=true, cssSelectorsEnabled=true, unexpectedAlertBehaviour=dismiss}]
Session ID: 472037ea11e14e6aa356197d3e7c756f" type="org.openqa.selenium.TimeoutException">org.openqa.selenium.TimeoutException: Timed out after 1000 seconds waiting for presence of element located by: By.id: login-name
Build info: version: &apos;2.45.0&apos;, revision: &apos;5017cb8e7ca8e37638dc3091b2440b90a1d8686f&apos;, time: &apos;2015-02-27 09:10:26&apos;
System info: host: &apos;Sauces-MacBook-Air-7.local&apos;, ip: &apos;10.35.5.153&apos;, os.name: &apos;Mac OS X&apos;, os.arch: &apos;x86_64&apos;, os.version: &apos;10.10.4&apos;, java.version: &apos;1.8.0_45&apos;
Driver info: org.openqa.selenium.remote.RemoteWebDriver
Capabilities [{browserAttachTimeout=0, enablePersistentHover=true, ie.forceCreateProcessApi=false, ie.usePerProcessProxy=false, ignoreZoomSetting=false, hasMetadata=true, handlesAlerts=true, version=11, platform=WINDOWS, nativeEvents=true, ie.ensureCleanSession=false, elementScrollBehavior=0, ie.browserCommandLineSwitches=, webdriver.remote.sessionid=472037ea11e14e6aa356197d3e7c756f, requireWindowFocus=false, takesScreenshot=true, browserName=internet explorer, initialBrowserUrl=about:blank, javascriptEnabled=true, ignoreProtectedModeSettings=false, enableElementCacheCleanup=true, cssSelectorsEnabled=true, unexpectedAlertBehaviour=dismiss}]
Session ID: 472037ea11e14e6aa356197d3e7c756f
	at org.openqa.selenium.support.ui.WebDriverWait.timeoutException(WebDriverWait.java:79)
	at org.openqa.selenium.support.ui.FluentWait.until(FluentWait.java:228)
	at com.yourcompany.SampleSauceTest.loginTest(SampleSauceTest.java:174)
	at sun.reflect.NativeMethodAccessorImpl.invoke0(Native Method)
	at sun.reflect.NativeMethodAccessorImpl.invoke(NativeMethodAccessorImpl.java:62)
	at sun.reflect.DelegatingMethodAccessorImpl.invoke(DelegatingMethodAccessorImpl.java:43)
	at java.lang.reflect.Method.invoke(Method.java:497)
	at org.junit.runners.model.FrameworkMethod$1.runReflectiveCall(FrameworkMethod.java:47)
	at org.junit.internal.runners.model.ReflectiveCallable.run(ReflectiveCallable.java:12)
	at org.junit.runners.model.FrameworkMethod.invokeExplosively(FrameworkMethod.java:44)
	at org.junit.internal.runners.statements.InvokeMethod.evaluate(InvokeMethod.java:17)
	at org.junit.internal.runners.statements.RunBefores.evaluate(RunBefores.java:26)
	at org.junit.internal.runners.statements.RunAfters.evaluate(RunAfters.java:27)
	at org.junit.rules.TestWatcher$1.evaluate(TestWatcher.java:55)
	at org.junit.rules.RunRules.evaluate(RunRules.java:20)
	at org.junit.runners.ParentRunner.runLeaf(ParentRunner.java:271)
	at org.junit.runners.BlockJUnit4ClassRunner.runChild(BlockJUnit4ClassRunner.java:70)
	at com.saucelabs.junit.ConcurrentParameterized$SauceClassRunnerForParameters.access$300(ConcurrentParameterized.java:170)
	at com.saucelabs.junit.ConcurrentParameterized$SauceClassRunnerForParameters$2.run(ConcurrentParameterized.java:287)
	at com.saucelabs.junit.ConcurrentParameterized$NonBlockingAsynchronousRunner$1.call(ConcurrentParameterized.java:312)
	at java.util.concurrent.FutureTask.run(FutureTask.java:266)
	at java.util.concurrent.ThreadPoolExecutor.runWorker(ThreadPoolExecutor.java:1142)
	at java.util.concurrent.ThreadPoolExecutor$Worker.run(ThreadPoolExecutor.java:617)
	at java.lang.Thread.run(Thread.java:745)
Caused by: org.openqa.selenium.NoSuchElementException: Unable to find element with id == login-name (WARNING: The server did not provide any stacktrace information)
Command duration or timeout: 278 milliseconds
For documentation on this error, please visit: http://seleniumhq.org/exceptions/no_such_element.html
Build info: version: &apos;2.40.0&apos;, revision: &apos;fbe29a9&apos;, time: &apos;2014-02-19 20:54:28&apos;
System info: host: &apos;WIN-HLEK05V71GA&apos;, ip: &apos;172.20.50.42&apos;, os.name: &apos;Windows Server 2012 R2&apos;, os.arch: &apos;x86&apos;, os.version: &apos;6.3&apos;, java.version: &apos;1.8.0_45&apos;
Driver info: org.openqa.selenium.ie.InternetExplorerDriver
Capabilities [{browserAttachTimeout=0, enablePersistentHover=true, ie.forceCreateProcessApi=false, ie.usePerProcessProxy=false, ignoreZoomSetting=false, handlesAlerts=true, version=11, platform=WINDOWS, nativeEvents=true, ie.ensureCleanSession=false, elementScrollBehavior=0, ie.browserCommandLineSwitches=, requireWindowFocus=false, browserName=internet explorer, initialBrowserUrl=about:blank, takesScreenshot=true, javascriptEnabled=true, ignoreProtectedModeSettings=false, enableElementCacheCleanup=true, cssSelectorsEnabled=true, unexpectedAlertBehaviour=dismiss}]
Session ID: XXXXXXXX-XXXX-XXXX-XXXX-XXXX4b6a2fc7
Command duration or timeout: 347 milliseconds
For documentation on this error, please visit: http://seleniumhq.org/exceptions/no_such_element.html
Build info: version: &apos;2.45.0&apos;, revision: &apos;5017cb8e7ca8e37638dc3091b2440b90a1d8686f&apos;, time: &apos;2015-02-27 09:10:26&apos;
System info: host: &apos;Sauces-MacBook-Air-7.local&apos;, ip: &apos;10.35.5.153&apos;, os.name: &apos;Mac OS X&apos;, os.arch: &apos;x86_64&apos;, os.version: &apos;10.10.4&apos;, java.version: &apos;1.8.0_45&apos;
Driver info: org.openqa.selenium.remote.RemoteWebDriver
Capabilities [{browserAttachTimeout=0, enablePersistentHover=true, ie.forceCreateProcessApi=false, ie.usePerProcessProxy=false, ignoreZoomSetting=false, hasMetadata=true, handlesAlerts=true, version=11, platform=WINDOWS, nativeEvents=true, ie.ensureCleanSession=false, elementScrollBehavior=0, ie.browserCommandLineSwitches=, webdriver.remote.sessionid=472037ea11e14e6aa356197d3e7c756f, requireWindowFocus=false, takesScreenshot=true, browserName=internet explorer, initialBrowserUrl=about:blank, javascriptEnabled=true, ignoreProtectedModeSettings=false, enableElementCacheCleanup=true, cssSelectorsEnabled=true, unexpectedAlertBehaviour=dismiss}]
Session ID: 472037ea11e14e6aa356197d3e7c756f
*** Element info: {Using=id, value=login-name}
	at sun.reflect.GeneratedConstructorAccessor70.newInstance(Unknown Source)
	at sun.reflect.DelegatingConstructorAccessorImpl.newInstance(DelegatingConstructorAccessorImpl.java:45)
	at java.lang.reflect.Constructor.newInstance(Constructor.java:422)
	at org.openqa.selenium.remote.ErrorHandler.createThrowable(ErrorHandler.java:204)
	at org.openqa.selenium.remote.ErrorHandler.throwIfResponseFailed(ErrorHandler.java:156)
	at org.openqa.selenium.remote.RemoteWebDriver.execute(RemoteWebDriver.java:599)
	at org.openqa.selenium.remote.RemoteWebDriver.findElement(RemoteWebDriver.java:352)
	at org.openqa.selenium.remote.RemoteWebDriver.findElementById(RemoteWebDriver.java:393)
	at org.openqa.selenium.By$ById.findElement(By.java:214)
	at org.openqa.selenium.remote.RemoteWebDriver.findElement(RemoteWebDriver.java:344)
	at org.openqa.selenium.support.ui.ExpectedConditions.findElement(ExpectedConditions.java:730)
	at org.openqa.selenium.support.ui.ExpectedConditions.access$000(ExpectedConditions.java:39)
	at org.openqa.selenium.support.ui.ExpectedConditions$3.apply(ExpectedConditions.java:106)
	at org.openqa.selenium.support.ui.ExpectedConditions$3.apply(ExpectedConditions.java:103)
	at org.openqa.selenium.support.ui.FluentWait.until(FluentWait.java:208)
	... 22 more
Caused by: org.openqa.selenium.NoSuchElementException: Unable to find element with id == login-name (WARNING: The server did not provide any stacktrace information)
Command duration or timeout: 278 milliseconds
For documentation on this error, please visit: http://seleniumhq.org/exceptions/no_such_element.html
Build info: version: &apos;2.40.0&apos;, revision: &apos;fbe29a9&apos;, time: &apos;2014-02-19 20:54:28&apos;
System info: host: &apos;WIN-HLEK05V71GA&apos;, ip: &apos;172.20.50.42&apos;, os.name: &apos;Windows Server 2012 R2&apos;, os.arch: &apos;x86&apos;, os.version: &apos;6.3&apos;, java.version: &apos;1.8.0_45&apos;
Driver info: org.openqa.selenium.ie.InternetExplorerDriver
Capabilities [{browserAttachTimeout=0, enablePersistentHover=true, ie.forceCreateProcessApi=false, ie.usePerProcessProxy=false, ignoreZoomSetting=false, handlesAlerts=true, version=11, platform=WINDOWS, nativeEvents=true, ie.ensureCleanSession=false, elementScrollBehavior=0, ie.browserCommandLineSwitches=, requireWindowFocus=false, browserName=internet explorer, initialBrowserUrl=about:blank, takesScreenshot=true, javascriptEnabled=true, ignoreProtectedModeSettings=false, enableElementCacheCleanup=true, cssSelectorsEnabled=true, unexpectedAlertBehaviour=dismiss}]
Session ID: XXXXXXXX-XXXX-XXXX-XXXX-XXXX4b6a2fc7
For documentation on this error, please visit: http://seleniumhq.org/exceptions/no_such_element.html
Build info: version: &apos;2.45.0&apos;, revision: &apos;5017cb8e7ca8e37638dc3091b2440b90a1d8686f&apos;, time: &apos;2015-02-27 09:10:26&apos;
System info: host: &apos;Sauces-MacBook-Air-7.local&apos;, ip: &apos;10.35.5.153&apos;, os.name: &apos;Mac OS X&apos;, os.arch: &apos;x86_64&apos;, os.version: &apos;10.10.4&apos;, java.version: &apos;1.8.0_45&apos;
Driver info: driver.version: EventFiringWebDriver
	at sun.reflect.GeneratedConstructorAccessor10.newInstance(Unknown Source)
	at sun.reflect.DelegatingConstructorAccessorImpl.newInstance(Unknown Source)
	at java.lang.reflect.Constructor.newInstance(Unknown Source)
	at org.openqa.selenium.remote.ErrorHandler.createThrowable(ErrorHandler.java:193)
	at org.openqa.selenium.remote.ErrorHandler.throwIfResponseFailed(ErrorHandler.java:145)
	at org.openqa.selenium.remote.RemoteWebDriver.execute(RemoteWebDriver.java:573)
	at org.openqa.selenium.remote.RemoteWebDriver.findElement(RemoteWebDriver.java:326)
	at org.openqa.selenium.remote.RemoteWebDriver.findElementById(RemoteWebDriver.java:367)
	at org.openqa.selenium.By$ById.findElement(By.java:214)
	at org.openqa.selenium.remote.RemoteWebDriver.findElement(RemoteWebDriver.java:318)
	at sun.reflect.GeneratedMethodAccessor19.invoke(Unknown Source)
	at sun.reflect.DelegatingMethodAccessorImpl.invoke(Unknown Source)
	at java.lang.reflect.Method.invoke(Unknown Source)
	at org.openqa.selenium.support.events.EventFiringWebDriver$2.invoke(EventFiringWebDriver.java:101)
	at com.sun.proxy.$Proxy2.findElement(Unknown Source)
	at org.openqa.selenium.support.events.EventFiringWebDriver.findElement(EventFiringWebDriver.java:184)
	at org.openqa.selenium.remote.server.handler.FindElement.call(FindElement.java:47)
	at org.openqa.selenium.remote.server.handler.FindElement.call(FindElement.java:1)
	at java.util.concurrent.FutureTask.run(Unknown Source)
	at org.openqa.selenium.remote.server.DefaultSession$1.run(DefaultSession.java:170)
	at java.util.concurrent.ThreadPoolExecutor.runWorker(Unknown Source)
	at java.util.concurrent.ThreadPoolExecutor$Worker.run(Unknown Source)
	at java.lang.Thread.run(Unknown Source)
</error>
    <system-out>SauceOnDemandSessionID=472037ea11e14e6aa356197d3e7c756f job-name=com.yourcompany.SampleSauceTest.loginTest[0]
Job link: https://saucelabs.com/jobs/472037ea11e14e6aa356197d3e7c756f?auth=1fe9444d8822fee08ba06b7848317648
</system-out>
  </testcase>
  <testcase classname="com.yourcompany.SampleSauceTest" name="loginTest[3]" time="0.001">
    <error message="Timed out after 1000 seconds waiting for presence of element located by: By.id: login-name
Build info: version: &apos;2.45.0&apos;, revision: &apos;5017cb8e7ca8e37638dc3091b2440b90a1d8686f&apos;, time: &apos;2015-02-27 09:10:26&apos;
System info: host: &apos;Sauces-MacBook-Air-7.local&apos;, ip: &apos;10.35.5.153&apos;, os.name: &apos;Mac OS X&apos;, os.arch: &apos;x86_64&apos;, os.version: &apos;10.10.4&apos;, java.version: &apos;1.8.0_45&apos;
Driver info: org.openqa.selenium.remote.RemoteWebDriver
Capabilities [{applicationCacheEnabled=true, rotatable=false, hasMetadata=true, databaseEnabled=true, handlesAlerts=true, version=36.0, platform=WINDOWS, nativeEvents=false, acceptSslCerts=true, webdriver.remote.sessionid=b1b730fc4c664a3b844e89e943fa8312, locationContextEnabled=true, webStorageEnabled=true, takesScreenshot=true, browserName=firefox, javascriptEnabled=true, cssSelectorsEnabled=true}]
Session ID: b1b730fc4c664a3b844e89e943fa8312" type="org.openqa.selenium.TimeoutException">org.openqa.selenium.TimeoutException: Timed out after 1000 seconds waiting for presence of element located by: By.id: login-name
Build info: version: &apos;2.45.0&apos;, revision: &apos;5017cb8e7ca8e37638dc3091b2440b90a1d8686f&apos;, time: &apos;2015-02-27 09:10:26&apos;
System info: host: &apos;Sauces-MacBook-Air-7.local&apos;, ip: &apos;10.35.5.153&apos;, os.name: &apos;Mac OS X&apos;, os.arch: &apos;x86_64&apos;, os.version: &apos;10.10.4&apos;, java.version: &apos;1.8.0_45&apos;
Driver info: org.openqa.selenium.remote.RemoteWebDriver
Capabilities [{applicationCacheEnabled=true, rotatable=false, hasMetadata=true, databaseEnabled=true, handlesAlerts=true, version=36.0, platform=WINDOWS, nativeEvents=false, acceptSslCerts=true, webdriver.remote.sessionid=b1b730fc4c664a3b844e89e943fa8312, locationContextEnabled=true, webStorageEnabled=true, takesScreenshot=true, browserName=firefox, javascriptEnabled=true, cssSelectorsEnabled=true}]
Session ID: b1b730fc4c664a3b844e89e943fa8312
	at org.openqa.selenium.support.ui.WebDriverWait.timeoutException(WebDriverWait.java:79)
	at org.openqa.selenium.support.ui.FluentWait.until(FluentWait.java:228)
	at com.yourcompany.SampleSauceTest.loginTest(SampleSauceTest.java:174)
	at sun.reflect.NativeMethodAccessorImpl.invoke0(Native Method)
	at sun.reflect.NativeMethodAccessorImpl.invoke(NativeMethodAccessorImpl.java:62)
	at sun.reflect.DelegatingMethodAccessorImpl.invoke(DelegatingMethodAccessorImpl.java:43)
	at java.lang.reflect.Method.invoke(Method.java:497)
	at org.junit.runners.model.FrameworkMethod$1.runReflectiveCall(FrameworkMethod.java:47)
	at org.junit.internal.runners.model.ReflectiveCallable.run(ReflectiveCallable.java:12)
	at org.junit.runners.model.FrameworkMethod.invokeExplosively(FrameworkMethod.java:44)
	at org.junit.internal.runners.statements.InvokeMethod.evaluate(InvokeMethod.java:17)
	at org.junit.internal.runners.statements.RunBefores.evaluate(RunBefores.java:26)
	at org.junit.internal.runners.statements.RunAfters.evaluate(RunAfters.java:27)
	at org.junit.rules.TestWatcher$1.evaluate(TestWatcher.java:55)
	at org.junit.rules.RunRules.evaluate(RunRules.java:20)
	at org.junit.runners.ParentRunner.runLeaf(ParentRunner.java:271)
	at org.junit.runners.BlockJUnit4ClassRunner.runChild(BlockJUnit4ClassRunner.java:70)
	at com.saucelabs.junit.ConcurrentParameterized$SauceClassRunnerForParameters.access$300(ConcurrentParameterized.java:170)
	at com.saucelabs.junit.ConcurrentParameterized$SauceClassRunnerForParameters$2.run(ConcurrentParameterized.java:287)
	at com.saucelabs.junit.ConcurrentParameterized$NonBlockingAsynchronousRunner$1.call(ConcurrentParameterized.java:312)
	at java.util.concurrent.FutureTask.run(FutureTask.java:266)
	at java.util.concurrent.ThreadPoolExecutor.runWorker(ThreadPoolExecutor.java:1142)
	at java.util.concurrent.ThreadPoolExecutor$Worker.run(ThreadPoolExecutor.java:617)
	at java.lang.Thread.run(Thread.java:745)
Caused by: org.openqa.selenium.NoSuchElementException: Unable to locate element: {&quot;method&quot;:&quot;id&quot;,&quot;selector&quot;:&quot;login-name&quot;}
For documentation on this error, please visit: http://seleniumhq.org/exceptions/no_such_element.html
Build info: version: &apos;2.45.0&apos;, revision: &apos;5017cb8&apos;, time: &apos;2015-02-26 23:59:50&apos;
System info: host: &apos;chef-win2003&apos;, ip: &apos;172.20.50.101&apos;, os.name: &apos;Windows 2003&apos;, os.arch: &apos;x86&apos;, os.version: &apos;5.2&apos;, java.version: &apos;1.7.0_45&apos;
Driver info: driver.version: unknown
Command duration or timeout: 62 milliseconds
For documentation on this error, please visit: http://seleniumhq.org/exceptions/no_such_element.html
Build info: version: &apos;2.45.0&apos;, revision: &apos;5017cb8e7ca8e37638dc3091b2440b90a1d8686f&apos;, time: &apos;2015-02-27 09:10:26&apos;
System info: host: &apos;Sauces-MacBook-Air-7.local&apos;, ip: &apos;10.35.5.153&apos;, os.name: &apos;Mac OS X&apos;, os.arch: &apos;x86_64&apos;, os.version: &apos;10.10.4&apos;, java.version: &apos;1.8.0_45&apos;
Driver info: org.openqa.selenium.remote.RemoteWebDriver
Capabilities [{applicationCacheEnabled=true, rotatable=false, hasMetadata=true, databaseEnabled=true, handlesAlerts=true, version=36.0, platform=WINDOWS, nativeEvents=false, acceptSslCerts=true, webdriver.remote.sessionid=b1b730fc4c664a3b844e89e943fa8312, locationContextEnabled=true, webStorageEnabled=true, takesScreenshot=true, browserName=firefox, javascriptEnabled=true, cssSelectorsEnabled=true}]
Session ID: b1b730fc4c664a3b844e89e943fa8312
*** Element info: {Using=id, value=login-name}
	at sun.reflect.GeneratedConstructorAccessor70.newInstance(Unknown Source)
	at sun.reflect.DelegatingConstructorAccessorImpl.newInstance(DelegatingConstructorAccessorImpl.java:45)
	at java.lang.reflect.Constructor.newInstance(Constructor.java:422)
	at org.openqa.selenium.remote.ErrorHandler.createThrowable(ErrorHandler.java:204)
	at org.openqa.selenium.remote.ErrorHandler.throwIfResponseFailed(ErrorHandler.java:156)
	at org.openqa.selenium.remote.RemoteWebDriver.execute(RemoteWebDriver.java:599)
	at org.openqa.selenium.remote.RemoteWebDriver.findElement(RemoteWebDriver.java:352)
	at org.openqa.selenium.remote.RemoteWebDriver.findElementById(RemoteWebDriver.java:393)
	at org.openqa.selenium.By$ById.findElement(By.java:214)
	at org.openqa.selenium.remote.RemoteWebDriver.findElement(RemoteWebDriver.java:344)
	at org.openqa.selenium.support.ui.ExpectedConditions.findElement(ExpectedConditions.java:730)
	at org.openqa.selenium.support.ui.ExpectedConditions.access$000(ExpectedConditions.java:39)
	at org.openqa.selenium.support.ui.ExpectedConditions$3.apply(ExpectedConditions.java:106)
	at org.openqa.selenium.support.ui.ExpectedConditions$3.apply(ExpectedConditions.java:103)
	at org.openqa.selenium.support.ui.FluentWait.until(FluentWait.java:208)
	... 22 more
Caused by: org.openqa.selenium.NoSuchElementException: Unable to locate element: {&quot;method&quot;:&quot;id&quot;,&quot;selector&quot;:&quot;login-name&quot;}
For documentation on this error, please visit: http://seleniumhq.org/exceptions/no_such_element.html
Build info: version: &apos;2.45.0&apos;, revision: &apos;5017cb8&apos;, time: &apos;2015-02-26 23:59:50&apos;
System info: host: &apos;chef-win2003&apos;, ip: &apos;172.20.50.101&apos;, os.name: &apos;Windows 2003&apos;, os.arch: &apos;x86&apos;, os.version: &apos;5.2&apos;, java.version: &apos;1.7.0_45&apos;
Driver info: driver.version: unknown
For documentation on this error, please visit: http://seleniumhq.org/exceptions/no_such_element.html
Build info: version: &apos;2.45.0&apos;, revision: &apos;5017cb8e7ca8e37638dc3091b2440b90a1d8686f&apos;, time: &apos;2015-02-27 09:10:26&apos;
System info: host: &apos;Sauces-MacBook-Air-7.local&apos;, ip: &apos;10.35.5.153&apos;, os.name: &apos;Mac OS X&apos;, os.arch: &apos;x86_64&apos;, os.version: &apos;10.10.4&apos;, java.version: &apos;1.8.0_45&apos;
Driver info: driver.version: unknown
	at &lt;anonymous class&gt;.FirefoxDriver.prototype.findElementInternal_(file:///C:/DOCUME~1/ADMINI~1/LOCALS~1/Temp/anonymous8482546522008277064webdriver-profile/extensions/fxdriver@googlecode.com/components/driver-component.js:10271)
	at &lt;anonymous class&gt;.FirefoxDriver.prototype.findElement(file:///C:/DOCUME~1/ADMINI~1/LOCALS~1/Temp/anonymous8482546522008277064webdriver-profile/extensions/fxdriver@googlecode.com/components/driver-component.js:10280)
	at &lt;anonymous class&gt;.DelayedCommand.prototype.executeInternal_/h(file:///C:/DOCUME~1/ADMINI~1/LOCALS~1/Temp/anonymous8482546522008277064webdriver-profile/extensions/fxdriver@googlecode.com/components/command-processor.js:12274)
	at &lt;anonymous class&gt;.DelayedCommand.prototype.executeInternal_(file:///C:/DOCUME~1/ADMINI~1/LOCALS~1/Temp/anonymous8482546522008277064webdriver-profile/extensions/fxdriver@googlecode.com/components/command-processor.js:12279)
	at &lt;anonymous class&gt;.DelayedCommand.prototype.execute/&lt;(file:///C:/DOCUME~1/ADMINI~1/LOCALS~1/Temp/anonymous8482546522008277064webdriver-profile/extensions/fxdriver@googlecode.com/components/command-processor.js:12221)
</error>
    <system-out>SauceOnDemandSessionID=b1b730fc4c664a3b844e89e943fa8312 job-name=com.yourcompany.SampleSauceTest.loginTest[3]
Job link: https://saucelabs.com/jobs/b1b730fc4c664a3b844e89e943fa8312?auth=0bd8675b28db7c6695fac35163060507
</system-out>
  </testcase>
  <testcase classname="com.yourcompany.SampleSauceTest" name="verifyTitleTest[4]" time="0.001">
    <failure message="expected:&lt;[Localhost Selenium Authentication Test]&gt; but was:&lt;[]&gt;" type="org.junit.ComparisonFailure">org.junit.ComparisonFailure: expected:&lt;[Localhost Selenium Authentication Test]&gt; but was:&lt;[]&gt;
	at org.junit.Assert.assertEquals(Assert.java:115)
	at org.junit.Assert.assertEquals(Assert.java:144)
	at com.yourcompany.SampleSauceTest.verifyTitleTest(SampleSauceTest.java:163)
	at sun.reflect.NativeMethodAccessorImpl.invoke0(Native Method)
	at sun.reflect.NativeMethodAccessorImpl.invoke(NativeMethodAccessorImpl.java:62)
	at sun.reflect.DelegatingMethodAccessorImpl.invoke(DelegatingMethodAccessorImpl.java:43)
	at java.lang.reflect.Method.invoke(Method.java:497)
	at org.junit.runners.model.FrameworkMethod$1.runReflectiveCall(FrameworkMethod.java:47)
	at org.junit.internal.runners.model.ReflectiveCallable.run(ReflectiveCallable.java:12)
	at org.junit.runners.model.FrameworkMethod.invokeExplosively(FrameworkMethod.java:44)
	at org.junit.internal.runners.statements.InvokeMethod.evaluate(InvokeMethod.java:17)
	at org.junit.internal.runners.statements.RunBefores.evaluate(RunBefores.java:26)
	at org.junit.internal.runners.statements.RunAfters.evaluate(RunAfters.java:27)
	at org.junit.rules.TestWatcher$1.evaluate(TestWatcher.java:55)
	at org.junit.rules.RunRules.evaluate(RunRules.java:20)
	at org.junit.runners.ParentRunner.runLeaf(ParentRunner.java:271)
	at org.junit.runners.BlockJUnit4ClassRunner.runChild(BlockJUnit4ClassRunner.java:70)
	at com.saucelabs.junit.ConcurrentParameterized$SauceClassRunnerForParameters.access$300(ConcurrentParameterized.java:170)
	at com.saucelabs.junit.ConcurrentParameterized$SauceClassRunnerForParameters$2.run(ConcurrentParameterized.java:287)
	at com.saucelabs.junit.ConcurrentParameterized$NonBlockingAsynchronousRunner$1.call(ConcurrentParameterized.java:312)
	at java.util.concurrent.FutureTask.run(FutureTask.java:266)
	at java.util.concurrent.ThreadPoolExecutor.runWorker(ThreadPoolExecutor.java:1142)
	at java.util.concurrent.ThreadPoolExecutor$Worker.run(ThreadPoolExecutor.java:617)
	at java.lang.Thread.run(Thread.java:745)
</failure>
    <system-out>SauceOnDemandSessionID=b2e7148dff7d45a78b1ac8e4073dbab5 job-name=com.yourcompany.SampleSauceTest.verifyTitleTest[4]
Job link: https://saucelabs.com/jobs/b2e7148dff7d45a78b1ac8e4073dbab5?auth=3c8040dd9874b8b64270ea645b87595e
</system-out>
  </testcase>
  <testcase classname="com.yourcompany.SampleSauceTest" name="loginTest[1]" time="0.002">
    <error message="Timed out after 1000 seconds waiting for presence of element located by: By.id: login-name
Build info: version: &apos;2.45.0&apos;, revision: &apos;5017cb8e7ca8e37638dc3091b2440b90a1d8686f&apos;, time: &apos;2015-02-27 09:10:26&apos;
System info: host: &apos;Sauces-MacBook-Air-7.local&apos;, ip: &apos;10.35.5.153&apos;, os.name: &apos;Mac OS X&apos;, os.arch: &apos;x86_64&apos;, os.version: &apos;10.10.4&apos;, java.version: &apos;1.8.0_45&apos;
Driver info: org.openqa.selenium.remote.RemoteWebDriver
Capabilities [{browserAttachTimeout=0, enablePersistentHover=true, ie.forceCreateProcessApi=false, ie.usePerProcessProxy=false, ignoreZoomSetting=false, hasMetadata=true, handlesAlerts=true, version=10, platform=WINDOWS, nativeEvents=true, ie.ensureCleanSession=false, elementScrollBehavior=0, webdriver.remote.sessionid=59e4d7e9fb514f76a6803e962cead3a4, ie.browserCommandLineSwitches=, requireWindowFocus=false, takesScreenshot=true, initialBrowserUrl=about:blank, browserName=internet explorer, javascriptEnabled=true, ignoreProtectedModeSettings=false, enableElementCacheCleanup=true, cssSelectorsEnabled=true, unexpectedAlertBehaviour=dismiss}]
Session ID: 59e4d7e9fb514f76a6803e962cead3a4" type="org.openqa.selenium.TimeoutException">org.openqa.selenium.TimeoutException: Timed out after 1000 seconds waiting for presence of element located by: By.id: login-name
Build info: version: &apos;2.45.0&apos;, revision: &apos;5017cb8e7ca8e37638dc3091b2440b90a1d8686f&apos;, time: &apos;2015-02-27 09:10:26&apos;
System info: host: &apos;Sauces-MacBook-Air-7.local&apos;, ip: &apos;10.35.5.153&apos;, os.name: &apos;Mac OS X&apos;, os.arch: &apos;x86_64&apos;, os.version: &apos;10.10.4&apos;, java.version: &apos;1.8.0_45&apos;
Driver info: org.openqa.selenium.remote.RemoteWebDriver
Capabilities [{browserAttachTimeout=0, enablePersistentHover=true, ie.forceCreateProcessApi=false, ie.usePerProcessProxy=false, ignoreZoomSetting=false, hasMetadata=true, handlesAlerts=true, version=10, platform=WINDOWS, nativeEvents=true, ie.ensureCleanSession=false, elementScrollBehavior=0, webdriver.remote.sessionid=59e4d7e9fb514f76a6803e962cead3a4, ie.browserCommandLineSwitches=, requireWindowFocus=false, takesScreenshot=true, initialBrowserUrl=about:blank, browserName=internet explorer, javascriptEnabled=true, ignoreProtectedModeSettings=false, enableElementCacheCleanup=true, cssSelectorsEnabled=true, unexpectedAlertBehaviour=dismiss}]
Session ID: 59e4d7e9fb514f76a6803e962cead3a4
	at org.openqa.selenium.support.ui.WebDriverWait.timeoutException(WebDriverWait.java:79)
	at org.openqa.selenium.support.ui.FluentWait.until(FluentWait.java:228)
	at com.yourcompany.SampleSauceTest.loginTest(SampleSauceTest.java:174)
	at sun.reflect.NativeMethodAccessorImpl.invoke0(Native Method)
	at sun.reflect.NativeMethodAccessorImpl.invoke(NativeMethodAccessorImpl.java:62)
	at sun.reflect.DelegatingMethodAccessorImpl.invoke(DelegatingMethodAccessorImpl.java:43)
	at java.lang.reflect.Method.invoke(Method.java:497)
	at org.junit.runners.model.FrameworkMethod$1.runReflectiveCall(FrameworkMethod.java:47)
	at org.junit.internal.runners.model.ReflectiveCallable.run(ReflectiveCallable.java:12)
	at org.junit.runners.model.FrameworkMethod.invokeExplosively(FrameworkMethod.java:44)
	at org.junit.internal.runners.statements.InvokeMethod.evaluate(InvokeMethod.java:17)
	at org.junit.internal.runners.statements.RunBefores.evaluate(RunBefores.java:26)
	at org.junit.internal.runners.statements.RunAfters.evaluate(RunAfters.java:27)
	at org.junit.rules.TestWatcher$1.evaluate(TestWatcher.java:55)
	at org.junit.rules.RunRules.evaluate(RunRules.java:20)
	at org.junit.runners.ParentRunner.runLeaf(ParentRunner.java:271)
	at org.junit.runners.BlockJUnit4ClassRunner.runChild(BlockJUnit4ClassRunner.java:70)
	at com.saucelabs.junit.ConcurrentParameterized$SauceClassRunnerForParameters.access$300(ConcurrentParameterized.java:170)
	at com.saucelabs.junit.ConcurrentParameterized$SauceClassRunnerForParameters$2.run(ConcurrentParameterized.java:287)
	at com.saucelabs.junit.ConcurrentParameterized$NonBlockingAsynchronousRunner$1.call(ConcurrentParameterized.java:312)
	at java.util.concurrent.FutureTask.run(FutureTask.java:266)
	at java.util.concurrent.ThreadPoolExecutor.runWorker(ThreadPoolExecutor.java:1142)
	at java.util.concurrent.ThreadPoolExecutor$Worker.run(ThreadPoolExecutor.java:617)
	at java.lang.Thread.run(Thread.java:745)
Caused by: org.openqa.selenium.NoSuchElementException: Unable to find element with id == login-name (WARNING: The server did not provide any stacktrace information)
Command duration or timeout: 287 milliseconds
For documentation on this error, please visit: http://seleniumhq.org/exceptions/no_such_element.html
Build info: version: &apos;2.40.0&apos;, revision: &apos;fbe29a9&apos;, time: &apos;2014-02-19 20:54:28&apos;
System info: host: &apos;WIN-R1JBAO1CNPS&apos;, ip: &apos;172.20.20.248&apos;, os.name: &apos;Windows Server 2008 R2&apos;, os.arch: &apos;x86&apos;, os.version: &apos;6.1&apos;, java.version: &apos;1.7.0_60&apos;
Session ID: XXXXXXXX-XXXX-XXXX-XXXX-XXXX24947646
Driver info: org.openqa.selenium.ie.InternetExplorerDriver
Capabilities [{platform=WINDOWS, javascriptEnabled=true, elementScrollBehavior=0, ignoreZoomSetting=false, enablePersistentHover=true, ie.ensureCleanSession=false, browserName=internet explorer, enableElementCacheCleanup=true, unexpectedAlertBehaviour=dismiss, version=10, ie.usePerProcessProxy=false, cssSelectorsEnabled=true, ignoreProtectedModeSettings=false, requireWindowFocus=false, handlesAlerts=true, initialBrowserUrl=about:blank, ie.forceCreateProcessApi=false, nativeEvents=true, browserAttachTimeout=0, ie.browserCommandLineSwitches=, takesScreenshot=true}]
Command duration or timeout: 337 milliseconds
For documentation on this error, please visit: http://seleniumhq.org/exceptions/no_such_element.html
Build info: version: &apos;2.45.0&apos;, revision: &apos;5017cb8e7ca8e37638dc3091b2440b90a1d8686f&apos;, time: &apos;2015-02-27 09:10:26&apos;
System info: host: &apos;Sauces-MacBook-Air-7.local&apos;, ip: &apos;10.35.5.153&apos;, os.name: &apos;Mac OS X&apos;, os.arch: &apos;x86_64&apos;, os.version: &apos;10.10.4&apos;, java.version: &apos;1.8.0_45&apos;
Driver info: org.openqa.selenium.remote.RemoteWebDriver
Capabilities [{browserAttachTimeout=0, enablePersistentHover=true, ie.forceCreateProcessApi=false, ie.usePerProcessProxy=false, ignoreZoomSetting=false, hasMetadata=true, handlesAlerts=true, version=10, platform=WINDOWS, nativeEvents=true, ie.ensureCleanSession=false, elementScrollBehavior=0, webdriver.remote.sessionid=59e4d7e9fb514f76a6803e962cead3a4, ie.browserCommandLineSwitches=, requireWindowFocus=false, takesScreenshot=true, initialBrowserUrl=about:blank, browserName=internet explorer, javascriptEnabled=true, ignoreProtectedModeSettings=false, enableElementCacheCleanup=true, cssSelectorsEnabled=true, unexpectedAlertBehaviour=dismiss}]
Session ID: 59e4d7e9fb514f76a6803e962cead3a4
*** Element info: {Using=id, value=login-name}
	at sun.reflect.GeneratedConstructorAccessor70.newInstance(Unknown Source)
	at sun.reflect.DelegatingConstructorAccessorImpl.newInstance(DelegatingConstructorAccessorImpl.java:45)
	at java.lang.reflect.Constructor.newInstance(Constructor.java:422)
	at org.openqa.selenium.remote.ErrorHandler.createThrowable(ErrorHandler.java:204)
	at org.openqa.selenium.remote.ErrorHandler.throwIfResponseFailed(ErrorHandler.java:156)
	at org.openqa.selenium.remote.RemoteWebDriver.execute(RemoteWebDriver.java:599)
	at org.openqa.selenium.remote.RemoteWebDriver.findElement(RemoteWebDriver.java:352)
	at org.openqa.selenium.remote.RemoteWebDriver.findElementById(RemoteWebDriver.java:393)
	at org.openqa.selenium.By$ById.findElement(By.java:214)
	at org.openqa.selenium.remote.RemoteWebDriver.findElement(RemoteWebDriver.java:344)
	at org.openqa.selenium.support.ui.ExpectedConditions.findElement(ExpectedConditions.java:730)
	at org.openqa.selenium.support.ui.ExpectedConditions.access$000(ExpectedConditions.java:39)
	at org.openqa.selenium.support.ui.ExpectedConditions$3.apply(ExpectedConditions.java:106)
	at org.openqa.selenium.support.ui.ExpectedConditions$3.apply(ExpectedConditions.java:103)
	at org.openqa.selenium.support.ui.FluentWait.until(FluentWait.java:208)
	... 22 more
Caused by: org.openqa.selenium.NoSuchElementException: Unable to find element with id == login-name (WARNING: The server did not provide any stacktrace information)
Command duration or timeout: 287 milliseconds
For documentation on this error, please visit: http://seleniumhq.org/exceptions/no_such_element.html
Build info: version: &apos;2.40.0&apos;, revision: &apos;fbe29a9&apos;, time: &apos;2014-02-19 20:54:28&apos;
System info: host: &apos;WIN-R1JBAO1CNPS&apos;, ip: &apos;172.20.20.248&apos;, os.name: &apos;Windows Server 2008 R2&apos;, os.arch: &apos;x86&apos;, os.version: &apos;6.1&apos;, java.version: &apos;1.7.0_60&apos;
Session ID: XXXXXXXX-XXXX-XXXX-XXXX-XXXX24947646
Driver info: org.openqa.selenium.ie.InternetExplorerDriver
Capabilities [{platform=WINDOWS, javascriptEnabled=true, elementScrollBehavior=0, ignoreZoomSetting=false, enablePersistentHover=true, ie.ensureCleanSession=false, browserName=internet explorer, enableElementCacheCleanup=true, unexpectedAlertBehaviour=dismiss, version=10, ie.usePerProcessProxy=false, cssSelectorsEnabled=true, ignoreProtectedModeSettings=false, requireWindowFocus=false, handlesAlerts=true, initialBrowserUrl=about:blank, ie.forceCreateProcessApi=false, nativeEvents=true, browserAttachTimeout=0, ie.browserCommandLineSwitches=, takesScreenshot=true}]
For documentation on this error, please visit: http://seleniumhq.org/exceptions/no_such_element.html
Build info: version: &apos;2.45.0&apos;, revision: &apos;5017cb8e7ca8e37638dc3091b2440b90a1d8686f&apos;, time: &apos;2015-02-27 09:10:26&apos;
System info: host: &apos;Sauces-MacBook-Air-7.local&apos;, ip: &apos;10.35.5.153&apos;, os.name: &apos;Mac OS X&apos;, os.arch: &apos;x86_64&apos;, os.version: &apos;10.10.4&apos;, java.version: &apos;1.8.0_45&apos;
Driver info: driver.version: EventFiringWebDriver
	at sun.reflect.GeneratedConstructorAccessor11.newInstance(Unknown Source)
	at sun.reflect.DelegatingConstructorAccessorImpl.newInstance(Unknown Source)
	at java.lang.reflect.Constructor.newInstance(Unknown Source)
	at org.openqa.selenium.remote.ErrorHandler.createThrowable(ErrorHandler.java:193)
	at org.openqa.selenium.remote.ErrorHandler.throwIfResponseFailed(ErrorHandler.java:145)
	at org.openqa.selenium.remote.RemoteWebDriver.execute(RemoteWebDriver.java:573)
	at org.openqa.selenium.remote.RemoteWebDriver.findElement(RemoteWebDriver.java:326)
	at org.openqa.selenium.remote.RemoteWebDriver.findElementById(RemoteWebDriver.java:367)
	at org.openqa.selenium.By$ById.findElement(By.java:214)
	at org.openqa.selenium.remote.RemoteWebDriver.findElement(RemoteWebDriver.java:318)
	at sun.reflect.GeneratedMethodAccessor19.invoke(Unknown Source)
	at sun.reflect.DelegatingMethodAccessorImpl.invoke(Unknown Source)
	at java.lang.reflect.Method.invoke(Unknown Source)
	at org.openqa.selenium.support.events.EventFiringWebDriver$2.invoke(EventFiringWebDriver.java:101)
	at com.sun.proxy.$Proxy2.findElement(Unknown Source)
	at org.openqa.selenium.support.events.EventFiringWebDriver.findElement(EventFiringWebDriver.java:184)
	at org.openqa.selenium.remote.server.handler.FindElement.call(FindElement.java:47)
	at org.openqa.selenium.remote.server.handler.FindElement.call(FindElement.java:1)
	at java.util.concurrent.FutureTask.run(Unknown Source)
	at org.openqa.selenium.remote.server.DefaultSession$1.run(DefaultSession.java:170)
	at java.util.concurrent.ThreadPoolExecutor.runWorker(Unknown Source)
	at java.util.concurrent.ThreadPoolExecutor$Worker.run(Unknown Source)
	at java.lang.Thread.run(Unknown Source)
</error>
    <system-out>SauceOnDemandSessionID=59e4d7e9fb514f76a6803e962cead3a4 job-name=com.yourcompany.SampleSauceTest.loginTest[1]
Job link: https://saucelabs.com/jobs/59e4d7e9fb514f76a6803e962cead3a4?auth=de26c63dc7c9400a5d8a42e90ace0e69
</system-out>
  </testcase>
  <testcase classname="com.yourcompany.SampleSauceTest" name="loginTest[5]" time="0.001">
    <error message="Timed out after 1000 seconds waiting for presence of element located by: By.id: login-name
Build info: version: &apos;2.45.0&apos;, revision: &apos;5017cb8e7ca8e37638dc3091b2440b90a1d8686f&apos;, time: &apos;2015-02-27 09:10:26&apos;
System info: host: &apos;Sauces-MacBook-Air-7.local&apos;, ip: &apos;10.35.5.153&apos;, os.name: &apos;Mac OS X&apos;, os.arch: &apos;x86_64&apos;, os.version: &apos;10.10.4&apos;, java.version: &apos;1.8.0_45&apos;
Driver info: org.openqa.selenium.remote.RemoteWebDriver
Capabilities [{webdriver.remote.sessionid=6e912aa23d8f4db7b837bbaee397643b, takesScreenshot=true, browserName=safari, javascriptEnabled=true, hasMetadata=true, version=8.0.7, cssSelectorsEnabled=true, platform=MAC, secureSsl=true}]
Session ID: 6e912aa23d8f4db7b837bbaee397643b" type="org.openqa.selenium.TimeoutException">org.openqa.selenium.TimeoutException: Timed out after 1000 seconds waiting for presence of element located by: By.id: login-name
Build info: version: &apos;2.45.0&apos;, revision: &apos;5017cb8e7ca8e37638dc3091b2440b90a1d8686f&apos;, time: &apos;2015-02-27 09:10:26&apos;
System info: host: &apos;Sauces-MacBook-Air-7.local&apos;, ip: &apos;10.35.5.153&apos;, os.name: &apos;Mac OS X&apos;, os.arch: &apos;x86_64&apos;, os.version: &apos;10.10.4&apos;, java.version: &apos;1.8.0_45&apos;
Driver info: org.openqa.selenium.remote.RemoteWebDriver
Capabilities [{webdriver.remote.sessionid=6e912aa23d8f4db7b837bbaee397643b, takesScreenshot=true, browserName=safari, javascriptEnabled=true, hasMetadata=true, version=8.0.7, cssSelectorsEnabled=true, platform=MAC, secureSsl=true}]
Session ID: 6e912aa23d8f4db7b837bbaee397643b
	at org.openqa.selenium.support.ui.WebDriverWait.timeoutException(WebDriverWait.java:79)
	at org.openqa.selenium.support.ui.FluentWait.until(FluentWait.java:228)
	at com.yourcompany.SampleSauceTest.loginTest(SampleSauceTest.java:174)
	at sun.reflect.NativeMethodAccessorImpl.invoke0(Native Method)
	at sun.reflect.NativeMethodAccessorImpl.invoke(NativeMethodAccessorImpl.java:62)
	at sun.reflect.DelegatingMethodAccessorImpl.invoke(DelegatingMethodAccessorImpl.java:43)
	at java.lang.reflect.Method.invoke(Method.java:497)
	at org.junit.runners.model.FrameworkMethod$1.runReflectiveCall(FrameworkMethod.java:47)
	at org.junit.internal.runners.model.ReflectiveCallable.run(ReflectiveCallable.java:12)
	at org.junit.runners.model.FrameworkMethod.invokeExplosively(FrameworkMethod.java:44)
	at org.junit.internal.runners.statements.InvokeMethod.evaluate(InvokeMethod.java:17)
	at org.junit.internal.runners.statements.RunBefores.evaluate(RunBefores.java:26)
	at org.junit.internal.runners.statements.RunAfters.evaluate(RunAfters.java:27)
	at org.junit.rules.TestWatcher$1.evaluate(TestWatcher.java:55)
	at org.junit.rules.RunRules.evaluate(RunRules.java:20)
	at org.junit.runners.ParentRunner.runLeaf(ParentRunner.java:271)
	at org.junit.runners.BlockJUnit4ClassRunner.runChild(BlockJUnit4ClassRunner.java:70)
	at com.saucelabs.junit.ConcurrentParameterized$SauceClassRunnerForParameters.access$300(ConcurrentParameterized.java:170)
	at com.saucelabs.junit.ConcurrentParameterized$SauceClassRunnerForParameters$2.run(ConcurrentParameterized.java:287)
	at com.saucelabs.junit.ConcurrentParameterized$NonBlockingAsynchronousRunner$1.call(ConcurrentParameterized.java:312)
	at java.util.concurrent.FutureTask.run(FutureTask.java:266)
	at java.util.concurrent.ThreadPoolExecutor.runWorker(ThreadPoolExecutor.java:1142)
	at java.util.concurrent.ThreadPoolExecutor$Worker.run(ThreadPoolExecutor.java:617)
	at java.lang.Thread.run(Thread.java:745)
Caused by: org.openqa.selenium.NoSuchElementException: Could not find element: {&quot;using&quot;:&quot;id&quot;,&quot;value&quot;:&quot;login-name&quot;} (WARNING: The server did not provide any stacktrace information)
Command duration or timeout: 18 milliseconds
For documentation on this error, please visit: http://seleniumhq.org/exceptions/no_such_element.html
Build info: version: &apos;2.40.0&apos;, revision: &apos;fbe29a9&apos;, time: &apos;2014-02-19 20:54:28&apos;
System info: host: &apos;itako38242.prod.miso&apos;, ip: &apos;172.20.38.242&apos;, os.name: &apos;Mac OS X&apos;, os.arch: &apos;x86_64&apos;, os.version: &apos;10.10.4&apos;, java.version: &apos;1.7.0_75&apos;
Session ID: null
Driver info: org.openqa.selenium.safari.SafariDriver
Capabilities [{platform=MAC, cssSelectorsEnabled=true, javascriptEnabled=true, secureSsl=true, browserName=safari, takesScreenshot=true, version=8.0.7}]
Command duration or timeout: 52 milliseconds
For documentation on this error, please visit: http://seleniumhq.org/exceptions/no_such_element.html
Build info: version: &apos;2.45.0&apos;, revision: &apos;5017cb8e7ca8e37638dc3091b2440b90a1d8686f&apos;, time: &apos;2015-02-27 09:10:26&apos;
System info: host: &apos;Sauces-MacBook-Air-7.local&apos;, ip: &apos;10.35.5.153&apos;, os.name: &apos;Mac OS X&apos;, os.arch: &apos;x86_64&apos;, os.version: &apos;10.10.4&apos;, java.version: &apos;1.8.0_45&apos;
Driver info: org.openqa.selenium.remote.RemoteWebDriver
Capabilities [{webdriver.remote.sessionid=6e912aa23d8f4db7b837bbaee397643b, takesScreenshot=true, browserName=safari, javascriptEnabled=true, hasMetadata=true, version=8.0.7, cssSelectorsEnabled=true, platform=MAC, secureSsl=true}]
Session ID: 6e912aa23d8f4db7b837bbaee397643b
*** Element info: {Using=id, value=login-name}
	at sun.reflect.GeneratedConstructorAccessor70.newInstance(Unknown Source)
	at sun.reflect.DelegatingConstructorAccessorImpl.newInstance(DelegatingConstructorAccessorImpl.java:45)
	at java.lang.reflect.Constructor.newInstance(Constructor.java:422)
	at org.openqa.selenium.remote.ErrorHandler.createThrowable(ErrorHandler.java:204)
	at org.openqa.selenium.remote.ErrorHandler.throwIfResponseFailed(ErrorHandler.java:156)
	at org.openqa.selenium.remote.RemoteWebDriver.execute(RemoteWebDriver.java:599)
	at org.openqa.selenium.remote.RemoteWebDriver.findElement(RemoteWebDriver.java:352)
	at org.openqa.selenium.remote.RemoteWebDriver.findElementById(RemoteWebDriver.java:393)
	at org.openqa.selenium.By$ById.findElement(By.java:214)
	at org.openqa.selenium.remote.RemoteWebDriver.findElement(RemoteWebDriver.java:344)
	at org.openqa.selenium.support.ui.ExpectedConditions.findElement(ExpectedConditions.java:730)
	at org.openqa.selenium.support.ui.ExpectedConditions.access$000(ExpectedConditions.java:39)
	at org.openqa.selenium.support.ui.ExpectedConditions$3.apply(ExpectedConditions.java:106)
	at org.openqa.selenium.support.ui.ExpectedConditions$3.apply(ExpectedConditions.java:103)
	at org.openqa.selenium.support.ui.FluentWait.until(FluentWait.java:208)
	... 22 more
Caused by: org.openqa.selenium.NoSuchElementException: Could not find element: {&quot;using&quot;:&quot;id&quot;,&quot;value&quot;:&quot;login-name&quot;} (WARNING: The server did not provide any stacktrace information)
Command duration or timeout: 18 milliseconds
For documentation on this error, please visit: http://seleniumhq.org/exceptions/no_such_element.html
Build info: version: &apos;2.40.0&apos;, revision: &apos;fbe29a9&apos;, time: &apos;2014-02-19 20:54:28&apos;
System info: host: &apos;itako38242.prod.miso&apos;, ip: &apos;172.20.38.242&apos;, os.name: &apos;Mac OS X&apos;, os.arch: &apos;x86_64&apos;, os.version: &apos;10.10.4&apos;, java.version: &apos;1.7.0_75&apos;
Session ID: null
Driver info: org.openqa.selenium.safari.SafariDriver
Capabilities [{platform=MAC, cssSelectorsEnabled=true, javascriptEnabled=true, secureSsl=true, browserName=safari, takesScreenshot=true, version=8.0.7}]
For documentation on this error, please visit: http://seleniumhq.org/exceptions/no_such_element.html
Build info: version: &apos;2.45.0&apos;, revision: &apos;5017cb8e7ca8e37638dc3091b2440b90a1d8686f&apos;, time: &apos;2015-02-27 09:10:26&apos;
System info: host: &apos;Sauces-MacBook-Air-7.local&apos;, ip: &apos;10.35.5.153&apos;, os.name: &apos;Mac OS X&apos;, os.arch: &apos;x86_64&apos;, os.version: &apos;10.10.4&apos;, java.version: &apos;1.8.0_45&apos;
Driver info: driver.version: EventFiringWebDriver
	at sun.reflect.GeneratedConstructorAccessor4.newInstance(Unknown Source)
	at sun.reflect.DelegatingConstructorAccessorImpl.newInstance(DelegatingConstructorAccessorImpl.java:45)
	at java.lang.reflect.Constructor.newInstance(Constructor.java:526)
	at org.openqa.selenium.remote.ErrorHandler.createThrowable(ErrorHandler.java:193)
	at org.openqa.selenium.remote.ErrorHandler.throwIfResponseFailed(ErrorHandler.java:145)
	at org.openqa.selenium.remote.RemoteWebDriver.execute(RemoteWebDriver.java:573)
	at org.openqa.selenium.remote.RemoteWebDriver.findElement(RemoteWebDriver.java:326)
	at org.openqa.selenium.remote.RemoteWebDriver.findElementById(RemoteWebDriver.java:367)
	at org.openqa.selenium.By$ById.findElement(By.java:214)
	at org.openqa.selenium.remote.RemoteWebDriver.findElement(RemoteWebDriver.java:318)
	at sun.reflect.GeneratedMethodAccessor18.invoke(Unknown Source)
	at sun.reflect.DelegatingMethodAccessorImpl.invoke(DelegatingMethodAccessorImpl.java:43)
	at java.lang.reflect.Method.invoke(Method.java:606)
	at org.openqa.selenium.support.events.EventFiringWebDriver$2.invoke(EventFiringWebDriver.java:101)
	at com.sun.proxy.$Proxy1.findElement(Unknown Source)
	at org.openqa.selenium.support.events.EventFiringWebDriver.findElement(EventFiringWebDriver.java:184)
	at org.openqa.selenium.remote.server.handler.FindElement.call(FindElement.java:47)
	at org.openqa.selenium.remote.server.handler.FindElement.call(FindElement.java:1)
	at java.util.concurrent.FutureTask.run(FutureTask.java:262)
	at org.openqa.selenium.remote.server.DefaultSession$1.run(DefaultSession.java:170)
	at java.util.concurrent.ThreadPoolExecutor.runWorker(ThreadPoolExecutor.java:1145)
	at java.util.concurrent.ThreadPoolExecutor$Worker.run(ThreadPoolExecutor.java:615)
	... 1 more
</error>
    <system-out>SauceOnDemandSessionID=6e912aa23d8f4db7b837bbaee397643b job-name=com.yourcompany.SampleSauceTest.loginTest[5]
Job link: https://saucelabs.com/jobs/6e912aa23d8f4db7b837bbaee397643b?auth=4b249d8fbc852ae8ca658affae94aa9b
</system-out>
  </testcase>
</testsuite>