<?xml version="1.0" encoding="UTF-8" ?>
<testsuite tests="51" failures="13" name="com.yourcompany.SampleSauceTest" time="313.47" errors="25" skipped="0">
  <properties>
    <property name="java.runtime.name" value="Java(TM) SE Runtime Environment"/>
    <property name="sun.boot.library.path" value="/Library/Java/JavaVirtualMachines/jdk1.8.0_45.jdk/Contents/Home/jre/lib"/>
    <property name="java.vm.version" value="25.45-b02"/>
    <property name="gopherProxySet" value="false"/>
    <property name="java.vm.vendor" value="Oracle Corporation"/>
    <property name="maven.multiModuleProjectDirectory" value="/Users/kristianmeier/Desktop/dev/travisci_localhost_demo"/>
    <property name="java.vendor.url" value="http://java.oracle.com/"/>
    <property name="path.separator" value=":"/>
    <property name="guice.disable.misplaced.annotation.check" value="true"/>
    <property name="java.vm.name" value="Java HotSpot(TM) 64-Bit Server VM"/>
    <property name="file.encoding.pkg" value="sun.io"/>
    <property name="user.country" value="US"/>
    <property name="sun.java.launcher" value="SUN_STANDARD"/>
    <property name="sun.os.patch.level" value="unknown"/>
    <property name="java.vm.specification.name" value="Java Virtual Machine Specification"/>
    <property name="user.dir" value="/Users/kristianmeier/Desktop/dev/travisci_localhost_demo"/>
    <property name="java.runtime.version" value="1.8.0_45-b14"/>
    <property name="java.awt.graphicsenv" value="sun.awt.CGraphicsEnvironment"/>
    <property name="java.endorsed.dirs" value="/Library/Java/JavaVirtualMachines/jdk1.8.0_45.jdk/Contents/Home/jre/lib/endorsed"/>
    <property name="os.arch" value="x86_64"/>
    <property name="java.io.tmpdir" value="/var/folders/37/g13t538d5px2pdf_jhp6lfz80000gp/T/"/>
    <property name="line.separator" value="
"/>
    <property name="java.vm.specification.vendor" value="Oracle Corporation"/>
    <property name="os.name" value="Mac OS X"/>
    <property name="classworlds.conf" value="/usr/local/Cellar/maven/3.3.3/libexec/bin/m2.conf"/>
    <property name="sun.jnu.encoding" value="UTF-8"/>
    <property name="java.library.path" value="/Users/kristianmeier/Library/Java/Extensions:/Library/Java/Extensions:/Network/Library/Java/Extensions:/System/Library/Java/Extensions:/usr/lib/java:."/>
    <property name="java.specification.name" value="Java Platform API Specification"/>
    <property name="java.class.version" value="52.0"/>
    <property name="sun.management.compiler" value="HotSpot 64-Bit Tiered Compilers"/>
    <property name="os.version" value="10.10.5"/>
    <property name="http.nonProxyHosts" value="local|*.local|169.254/16|*.169.254/16"/>
    <property name="user.home" value="/Users/kristianmeier"/>
    <property name="user.timezone" value="America/Los_Angeles"/>
    <property name="java.awt.printerjob" value="sun.lwawt.macosx.CPrinterJob"/>
    <property name="java.specification.version" value="1.8"/>
    <property name="file.encoding" value="UTF-8"/>
    <property name="user.name" value="kristianmeier"/>
    <property name="java.class.path" value="/usr/local/Cellar/maven/3.3.3/libexec/boot/plexus-classworlds-2.5.2.jar"/>
    <property name="java.vm.specification.version" value="1.8"/>
    <property name="sun.arch.data.model" value="64"/>
    <property name="java.home" value="/Library/Java/JavaVirtualMachines/jdk1.8.0_45.jdk/Contents/Home/jre"/>
    <property name="sun.java.command" value="org.codehaus.plexus.classworlds.launcher.Launcher test"/>
    <property name="java.specification.vendor" value="Oracle Corporation"/>
    <property name="user.language" value="en"/>
    <property name="awt.toolkit" value="sun.lwawt.macosx.LWCToolkit"/>
    <property name="java.vm.info" value="mixed mode"/>
    <property name="java.version" value="1.8.0_45"/>
    <property name="java.ext.dirs" value="/Users/kristianmeier/Library/Java/Extensions:/Library/Java/JavaVirtualMachines/jdk1.8.0_45.jdk/Contents/Home/jre/lib/ext:/Library/Java/Extensions:/Network/Library/Java/Extensions:/System/Library/Java/Extensions:/usr/lib/java"/>
    <property name="sun.boot.class.path" value="/Library/Java/JavaVirtualMachines/jdk1.8.0_45.jdk/Contents/Home/jre/lib/resources.jar:/Library/Java/JavaVirtualMachines/jdk1.8.0_45.jdk/Contents/Home/jre/lib/rt.jar:/Library/Java/JavaVirtualMachines/jdk1.8.0_45.jdk/Contents/Home/jre/lib/sunrsasign.jar:/Library/Java/JavaVirtualMachines/jdk1.8.0_45.jdk/Contents/Home/jre/lib/jsse.jar:/Library/Java/JavaVirtualMachines/jdk1.8.0_45.jdk/Contents/Home/jre/lib/jce.jar:/Library/Java/JavaVirtualMachines/jdk1.8.0_45.jdk/Contents/Home/jre/lib/charsets.jar:/Library/Java/JavaVirtualMachines/jdk1.8.0_45.jdk/Contents/Home/jre/lib/jfr.jar:/Library/Java/JavaVirtualMachines/jdk1.8.0_45.jdk/Contents/Home/jre/classes"/>
    <property name="java.vendor" value="Oracle Corporation"/>
    <property name="maven.home" value="/usr/local/Cellar/maven/3.3.3/libexec"/>
    <property name="file.separator" value="/"/>
    <property name="java.vendor.url.bug" value="http://bugreport.sun.com/bugreport/"/>
    <property name="sun.cpu.endian" value="little"/>
    <property name="sun.io.unicode.encoding" value="UnicodeBig"/>
    <property name="socksNonProxyHosts" value="local|*.local|169.254/16|*.169.254/16"/>
    <property name="ftp.nonProxyHosts" value="local|*.local|169.254/16|*.169.254/16"/>
    <property name="sun.cpu.isalist" value=""/>
  </properties>
  <testcase classname="com.yourcompany.SampleSauceTest" name="verifyTitleTest[5]" time="0.006">
    <failure message="expected:&lt;[Welcome] | Sauce Labs&gt; but was:&lt;[Selenium Testing, Mobile Testing, JS Unit Testing] | Sauce Labs&gt;" type="org.junit.ComparisonFailure">org.junit.ComparisonFailure: expected:&lt;[Welcome] | Sauce Labs&gt; but was:&lt;[Selenium Testing, Mobile Testing, JS Unit Testing] | Sauce Labs&gt;
	at org.junit.Assert.assertEquals(Assert.java:115)
	at org.junit.Assert.assertEquals(Assert.java:144)
	at com.yourcompany.SampleSauceTest.verifyTitleTest(SampleSauceTest.java:187)
	at sun.reflect.NativeMethodAccessorImpl.invoke0(Native Method)
	at sun.reflect.NativeMethodAccessorImpl.invoke(NativeMethodAccessorImpl.java:62)
	at sun.reflect.DelegatingMethodAccessorImpl.invoke(DelegatingMethodAccessorImpl.java:43)
	at java.lang.reflect.Method.invoke(Method.java:497)
	at org.junit.runners.model.FrameworkMethod$1.runReflectiveCall(FrameworkMethod.java:47)
	at org.junit.internal.runners.model.ReflectiveCallable.run(ReflectiveCallable.java:12)
	at org.junit.runners.model.FrameworkMethod.invokeExplosively(FrameworkMethod.java:44)
	at org.junit.internal.runners.statements.InvokeMethod.evaluate(InvokeMethod.java:17)
	at org.junit.internal.runners.statements.RunBefores.evaluate(RunBefores.java:26)
	at org.junit.internal.runners.statements.RunAfters.evaluate(RunAfters.java:27)
	at org.junit.rules.TestWatcher$1.evaluate(TestWatcher.java:55)
	at org.junit.rules.TestWatcher$1.evaluate(TestWatcher.java:55)
	at org.junit.rules.RunRules.evaluate(RunRules.java:20)
	at org.junit.runners.ParentRunner.runLeaf(ParentRunner.java:271)
	at org.junit.runners.BlockJUnit4ClassRunner.runChild(BlockJUnit4ClassRunner.java:70)
	at com.saucelabs.junit.ConcurrentParameterized$SauceClassRunnerForParameters.access$300(ConcurrentParameterized.java:170)
	at com.saucelabs.junit.ConcurrentParameterized$SauceClassRunnerForParameters$2.run(ConcurrentParameterized.java:287)
	at com.saucelabs.junit.ConcurrentParameterized$NonBlockingAsynchronousRunner$1.call(ConcurrentParameterized.java:312)
	at java.util.concurrent.FutureTask.run(FutureTask.java:266)
	at java.util.concurrent.ThreadPoolExecutor.runWorker(ThreadPoolExecutor.java:1142)
	at java.util.concurrent.ThreadPoolExecutor$Worker.run(ThreadPoolExecutor.java:617)
	at java.lang.Thread.run(Thread.java:745)
</failure>
    <system-out>SauceOnDemandSessionID=d448022f156f4ebaa7e64f73176830fd job-name=verifyTitleTest[5] : (OSX 10.8 safari 6)
SauceOnDemandSessionID=d448022f156f4ebaa7e64f73176830fd job-name=com.yourcompany.SampleSauceTest.verifyTitleTest[5]
Job link: https://saucelabs.com/jobs/d448022f156f4ebaa7e64f73176830fd?auth=7b32128bcf79365c4c4274d0864ca5e1
</system-out>
  </testcase>
  <testcase classname="com.yourcompany.SampleSauceTest" name="loginTest[6]" time="24.005"/>
  <testcase classname="com.yourcompany.SampleSauceTest" name="freeTrialTest[15]" time="0.001">
    <error message="no such element: Unable to locate element: {&quot;method&quot;:&quot;id&quot;,&quot;selector&quot;:&quot;first_name&quot;}
  (Session info: chrome=51.0.2704.63)
  (Driver info: chromedriver=2.21.371459 (36d3d07f660ff2bc1bf28a75d1cdabed0983e7c4),platform=Windows NT 10.0 x86_64) (WARNING: The server did not provide any stacktrace information)
Command duration or timeout: 52 milliseconds
For documentation on this error, please visit: http://seleniumhq.org/exceptions/no_such_element.html
Build info: version: &apos;2.45.0&apos;, revision: &apos;5017cb8e7ca8e37638dc3091b2440b90a1d8686f&apos;, time: &apos;2015-02-27 09:10:26&apos;
System info: host: &apos;Sauces-MacBook-Air-5.local&apos;, ip: &apos;192.168.17.8&apos;, os.name: &apos;Mac OS X&apos;, os.arch: &apos;x86_64&apos;, os.version: &apos;10.10.5&apos;, java.version: &apos;1.8.0_45&apos;
Driver info: org.openqa.selenium.remote.RemoteWebDriver
Capabilities [{applicationCacheEnabled=false, rotatable=false, mobileEmulationEnabled=false, chrome={chromedriverVersion=2.21.371459 (36d3d07f660ff2bc1bf28a75d1cdabed0983e7c4), userDataDir=C:\Users\ADMINI~1\AppData\Local\Temp\scoped_dir2892_12095}, takesHeapSnapshot=true, hasMetadata=true, databaseEnabled=false, hasTouchScreen=false, handlesAlerts=true, version=51.0.2704.63, platform=XP, browserConnectionEnabled=false, nativeEvents=true, acceptSslCerts=true, webdriver.remote.sessionid=b276a3f24d8845b39cedfe9330ded5f9, webStorageEnabled=true, locationContextEnabled=true, takesScreenshot=true, browserName=chrome, javascriptEnabled=true, cssSelectorsEnabled=true}]
Session ID: b276a3f24d8845b39cedfe9330ded5f9
*** Element info: {Using=id, value=first_name}" type="org.openqa.selenium.NoSuchElementException">org.openqa.selenium.NoSuchElementException: no such element: Unable to locate element: {&quot;method&quot;:&quot;id&quot;,&quot;selector&quot;:&quot;first_name&quot;}
  (Session info: chrome=51.0.2704.63)
  (Driver info: chromedriver=2.21.371459 (36d3d07f660ff2bc1bf28a75d1cdabed0983e7c4),platform=Windows NT 10.0 x86_64) (WARNING: The server did not provide any stacktrace information)
Command duration or timeout: 52 milliseconds
For documentation on this error, please visit: http://seleniumhq.org/exceptions/no_such_element.html
Build info: version: &apos;2.45.0&apos;, revision: &apos;5017cb8e7ca8e37638dc3091b2440b90a1d8686f&apos;, time: &apos;2015-02-27 09:10:26&apos;
System info: host: &apos;Sauces-MacBook-Air-5.local&apos;, ip: &apos;192.168.17.8&apos;, os.name: &apos;Mac OS X&apos;, os.arch: &apos;x86_64&apos;, os.version: &apos;10.10.5&apos;, java.version: &apos;1.8.0_45&apos;
Driver info: org.openqa.selenium.remote.RemoteWebDriver
Capabilities [{applicationCacheEnabled=false, rotatable=false, mobileEmulationEnabled=false, chrome={chromedriverVersion=2.21.371459 (36d3d07f660ff2bc1bf28a75d1cdabed0983e7c4), userDataDir=C:\Users\ADMINI~1\AppData\Local\Temp\scoped_dir2892_12095}, takesHeapSnapshot=true, hasMetadata=true, databaseEnabled=false, hasTouchScreen=false, handlesAlerts=true, version=51.0.2704.63, platform=XP, browserConnectionEnabled=false, nativeEvents=true, acceptSslCerts=true, webdriver.remote.sessionid=b276a3f24d8845b39cedfe9330ded5f9, webStorageEnabled=true, locationContextEnabled=true, takesScreenshot=true, browserName=chrome, javascriptEnabled=true, cssSelectorsEnabled=true}]
Session ID: b276a3f24d8845b39cedfe9330ded5f9
*** Element info: {Using=id, value=first_name}
	at sun.reflect.NativeConstructorAccessorImpl.newInstance0(Native Method)
	at sun.reflect.NativeConstructorAccessorImpl.newInstance(NativeConstructorAccessorImpl.java:62)
	at sun.reflect.DelegatingConstructorAccessorImpl.newInstance(DelegatingConstructorAccessorImpl.java:45)
	at java.lang.reflect.Constructor.newInstance(Constructor.java:422)
	at org.openqa.selenium.remote.ErrorHandler.createThrowable(ErrorHandler.java:204)
	at org.openqa.selenium.remote.ErrorHandler.throwIfResponseFailed(ErrorHandler.java:156)
	at org.openqa.selenium.remote.RemoteWebDriver.execute(RemoteWebDriver.java:599)
	at org.openqa.selenium.remote.RemoteWebDriver.findElement(RemoteWebDriver.java:352)
	at org.openqa.selenium.remote.RemoteWebDriver.findElementById(RemoteWebDriver.java:393)
	at org.openqa.selenium.By$ById.findElement(By.java:214)
	at org.openqa.selenium.remote.RemoteWebDriver.findElement(RemoteWebDriver.java:344)
	at com.yourcompany.SampleSauceTest.freeTrialTest(SampleSauceTest.java:218)
	at sun.reflect.NativeMethodAccessorImpl.invoke0(Native Method)
	at sun.reflect.NativeMethodAccessorImpl.invoke(NativeMethodAccessorImpl.java:62)
	at sun.reflect.DelegatingMethodAccessorImpl.invoke(DelegatingMethodAccessorImpl.java:43)
	at java.lang.reflect.Method.invoke(Method.java:497)
	at org.junit.runners.model.FrameworkMethod$1.runReflectiveCall(FrameworkMethod.java:47)
	at org.junit.internal.runners.model.ReflectiveCallable.run(ReflectiveCallable.java:12)
	at org.junit.runners.model.FrameworkMethod.invokeExplosively(FrameworkMethod.java:44)
	at org.junit.internal.runners.statements.InvokeMethod.evaluate(InvokeMethod.java:17)
	at org.junit.internal.runners.statements.RunBefores.evaluate(RunBefores.java:26)
	at org.junit.internal.runners.statements.RunAfters.evaluate(RunAfters.java:27)
	at org.junit.rules.TestWatcher$1.evaluate(TestWatcher.java:55)
	at org.junit.rules.TestWatcher$1.evaluate(TestWatcher.java:55)
	at org.junit.rules.RunRules.evaluate(RunRules.java:20)
	at org.junit.runners.ParentRunner.runLeaf(ParentRunner.java:271)
	at org.junit.runners.BlockJUnit4ClassRunner.runChild(BlockJUnit4ClassRunner.java:70)
	at com.saucelabs.junit.ConcurrentParameterized$SauceClassRunnerForParameters.access$300(ConcurrentParameterized.java:170)
	at com.saucelabs.junit.ConcurrentParameterized$SauceClassRunnerForParameters$2.run(ConcurrentParameterized.java:287)
	at com.saucelabs.junit.ConcurrentParameterized$NonBlockingAsynchronousRunner$1.call(ConcurrentParameterized.java:312)
	at java.util.concurrent.FutureTask.run(FutureTask.java:266)
	at java.util.concurrent.ThreadPoolExecutor.runWorker(ThreadPoolExecutor.java:1142)
	at java.util.concurrent.ThreadPoolExecutor$Worker.run(ThreadPoolExecutor.java:617)
	at java.lang.Thread.run(Thread.java:745)
</error>
    <system-out>SauceOnDemandSessionID=b276a3f24d8845b39cedfe9330ded5f9 job-name=freeTrialTest[15] : (Windows 10 Chrome 51)
SauceOnDemandSessionID=b276a3f24d8845b39cedfe9330ded5f9 job-name=com.yourcompany.SampleSauceTest.freeTrialTest[15]
Job link: https://saucelabs.com/jobs/b276a3f24d8845b39cedfe9330ded5f9?auth=7d073b69fa9365fe2f8dead75a6eafc4
</system-out>
  </testcase>
  <testcase classname="com.yourcompany.SampleSauceTest" name="freeTrialTest[7]" time="0.001">
    <error type="java.lang.NullPointerException">java.lang.NullPointerException
	at com.yourcompany.SampleSauceTest.tearDown(SampleSauceTest.java:235)
	at sun.reflect.GeneratedMethodAccessor37.invoke(Unknown Source)
	at sun.reflect.DelegatingMethodAccessorImpl.invoke(DelegatingMethodAccessorImpl.java:43)
	at java.lang.reflect.Method.invoke(Method.java:497)
	at org.junit.runners.model.FrameworkMethod$1.runReflectiveCall(FrameworkMethod.java:47)
	at org.junit.internal.runners.model.ReflectiveCallable.run(ReflectiveCallable.java:12)
	at org.junit.runners.model.FrameworkMethod.invokeExplosively(FrameworkMethod.java:44)
	at org.junit.internal.runners.statements.RunAfters.evaluate(RunAfters.java:33)
	at org.junit.rules.TestWatcher$1.evaluate(TestWatcher.java:55)
	at org.junit.rules.TestWatcher$1.evaluate(TestWatcher.java:55)
	at org.junit.rules.RunRules.evaluate(RunRules.java:20)
	at org.junit.runners.ParentRunner.runLeaf(ParentRunner.java:271)
	at org.junit.runners.BlockJUnit4ClassRunner.runChild(BlockJUnit4ClassRunner.java:70)
	at com.saucelabs.junit.ConcurrentParameterized$SauceClassRunnerForParameters.access$300(ConcurrentParameterized.java:170)
	at com.saucelabs.junit.ConcurrentParameterized$SauceClassRunnerForParameters$2.run(ConcurrentParameterized.java:287)
	at com.saucelabs.junit.ConcurrentParameterized$NonBlockingAsynchronousRunner$1.call(ConcurrentParameterized.java:312)
	at java.util.concurrent.FutureTask.run(FutureTask.java:266)
	at java.util.concurrent.ThreadPoolExecutor.runWorker(ThreadPoolExecutor.java:1142)
	at java.util.concurrent.ThreadPoolExecutor$Worker.run(ThreadPoolExecutor.java:617)
	at java.lang.Thread.run(Thread.java:745)
</error>
    <system-err>Aug 15, 2016 12:17:07 PM org.apache.http.impl.execchain.RetryExec execute
INFO: I/O exception (org.apache.http.NoHttpResponseException) caught when processing request to {}-&gt;http://ondemand.saucelabs.com:443: The target server failed to respond
Aug 15, 2016 12:17:07 PM org.apache.http.impl.execchain.RetryExec execute
INFO: Retrying request to {}-&gt;http://ondemand.saucelabs.com:443
Aug 15, 2016 12:17:07 PM org.apache.http.impl.execchain.RetryExec execute
INFO: I/O exception (org.apache.http.NoHttpResponseException) caught when processing request to {}-&gt;http://ondemand.saucelabs.com:443: The target server failed to respond
Aug 15, 2016 12:17:07 PM org.apache.http.impl.execchain.RetryExec execute
INFO: Retrying request to {}-&gt;http://ondemand.saucelabs.com:443
Aug 15, 2016 12:17:07 PM org.apache.http.impl.execchain.RetryExec execute
INFO: I/O exception (org.apache.http.NoHttpResponseException) caught when processing request to {}-&gt;http://ondemand.saucelabs.com:443: The target server failed to respond
Aug 15, 2016 12:17:07 PM org.apache.http.impl.execchain.RetryExec execute
INFO: Retrying request to {}-&gt;http://ondemand.saucelabs.com:443
Aug 15, 2016 12:17:59 PM org.apache.http.impl.execchain.RetryExec execute
INFO: I/O exception (org.apache.http.NoHttpResponseException) caught when processing request to {}-&gt;http://ondemand.saucelabs.com:443: The target server failed to respond
Aug 15, 2016 12:17:59 PM org.apache.http.impl.execchain.RetryExec execute
INFO: Retrying request to {}-&gt;http://ondemand.saucelabs.com:443
Aug 15, 2016 12:17:59 PM org.apache.http.impl.execchain.RetryExec execute
INFO: I/O exception (org.apache.http.NoHttpResponseException) caught when processing request to {}-&gt;http://ondemand.saucelabs.com:443: The target server failed to respond
Aug 15, 2016 12:17:59 PM org.apache.http.impl.execchain.RetryExec execute
INFO: Retrying request to {}-&gt;http://ondemand.saucelabs.com:443
Aug 15, 2016 12:17:59 PM org.apache.http.impl.execchain.RetryExec execute
INFO: I/O exception (org.apache.http.NoHttpResponseException) caught when processing request to {}-&gt;http://ondemand.saucelabs.com:443: The target server failed to respond
Aug 15, 2016 12:17:59 PM org.apache.http.impl.execchain.RetryExec execute
INFO: Retrying request to {}-&gt;http://ondemand.saucelabs.com:443
</system-err>
  </testcase>
  <testcase classname="com.yourcompany.SampleSauceTest" name="loginTest[7]" time="0">
    <error type="java.lang.NullPointerException">java.lang.NullPointerException
	at com.yourcompany.SampleSauceTest.tearDown(SampleSauceTest.java:235)
	at sun.reflect.GeneratedMethodAccessor37.invoke(Unknown Source)
	at sun.reflect.DelegatingMethodAccessorImpl.invoke(DelegatingMethodAccessorImpl.java:43)
	at java.lang.reflect.Method.invoke(Method.java:497)
	at org.junit.runners.model.FrameworkMethod$1.runReflectiveCall(FrameworkMethod.java:47)
	at org.junit.internal.runners.model.ReflectiveCallable.run(ReflectiveCallable.java:12)
	at org.junit.runners.model.FrameworkMethod.invokeExplosively(FrameworkMethod.java:44)
	at org.junit.internal.runners.statements.RunAfters.evaluate(RunAfters.java:33)
	at org.junit.rules.TestWatcher$1.evaluate(TestWatcher.java:55)
	at org.junit.rules.TestWatcher$1.evaluate(TestWatcher.java:55)
	at org.junit.rules.RunRules.evaluate(RunRules.java:20)
	at org.junit.runners.ParentRunner.runLeaf(ParentRunner.java:271)
	at org.junit.runners.BlockJUnit4ClassRunner.runChild(BlockJUnit4ClassRunner.java:70)
	at com.saucelabs.junit.ConcurrentParameterized$SauceClassRunnerForParameters.access$300(ConcurrentParameterized.java:170)
	at com.saucelabs.junit.ConcurrentParameterized$SauceClassRunnerForParameters$2.run(ConcurrentParameterized.java:287)
	at com.saucelabs.junit.ConcurrentParameterized$NonBlockingAsynchronousRunner$1.call(ConcurrentParameterized.java:312)
	at java.util.concurrent.FutureTask.run(FutureTask.java:266)
	at java.util.concurrent.ThreadPoolExecutor.runWorker(ThreadPoolExecutor.java:1142)
	at java.util.concurrent.ThreadPoolExecutor$Worker.run(ThreadPoolExecutor.java:617)
	at java.lang.Thread.run(Thread.java:745)
</error>
    <system-err>Aug 15, 2016 12:17:08 PM org.apache.http.impl.execchain.RetryExec execute
INFO: I/O exception (org.apache.http.NoHttpResponseException) caught when processing request to {}-&gt;http://ondemand.saucelabs.com:443: The target server failed to respond
Aug 15, 2016 12:17:08 PM org.apache.http.impl.execchain.RetryExec execute
INFO: Retrying request to {}-&gt;http://ondemand.saucelabs.com:443
Aug 15, 2016 12:17:08 PM org.apache.http.impl.execchain.RetryExec execute
INFO: I/O exception (org.apache.http.NoHttpResponseException) caught when processing request to {}-&gt;http://ondemand.saucelabs.com:443: The target server failed to respond
Aug 15, 2016 12:17:08 PM org.apache.http.impl.execchain.RetryExec execute
INFO: Retrying request to {}-&gt;http://ondemand.saucelabs.com:443
Aug 15, 2016 12:17:08 PM org.apache.http.impl.execchain.RetryExec execute
INFO: I/O exception (org.apache.http.NoHttpResponseException) caught when processing request to {}-&gt;http://ondemand.saucelabs.com:443: The target server failed to respond
Aug 15, 2016 12:17:08 PM org.apache.http.impl.execchain.RetryExec execute
INFO: Retrying request to {}-&gt;http://ondemand.saucelabs.com:443
Aug 15, 2016 12:18:02 PM org.apache.http.impl.execchain.RetryExec execute
INFO: I/O exception (org.apache.http.NoHttpResponseException) caught when processing request to {}-&gt;http://ondemand.saucelabs.com:443: The target server failed to respond
Aug 15, 2016 12:18:02 PM org.apache.http.impl.execchain.RetryExec execute
INFO: Retrying request to {}-&gt;http://ondemand.saucelabs.com:443
Aug 15, 2016 12:18:02 PM org.apache.http.impl.execchain.RetryExec execute
INFO: I/O exception (org.apache.http.NoHttpResponseException) caught when processing request to {}-&gt;http://ondemand.saucelabs.com:443: The target server failed to respond
Aug 15, 2016 12:18:02 PM org.apache.http.impl.execchain.RetryExec execute
INFO: Retrying request to {}-&gt;http://ondemand.saucelabs.com:443
Aug 15, 2016 12:18:02 PM org.apache.http.impl.execchain.RetryExec execute
INFO: I/O exception (org.apache.http.NoHttpResponseException) caught when processing request to {}-&gt;http://ondemand.saucelabs.com:443: The target server failed to respond
Aug 15, 2016 12:18:02 PM org.apache.http.impl.execchain.RetryExec execute
INFO: Retrying request to {}-&gt;http://ondemand.saucelabs.com:443
</system-err>
  </testcase>
  <testcase classname="com.yourcompany.SampleSauceTest" name="loginTest[11]" time="28.473"/>
  <testcase classname="com.yourcompany.SampleSauceTest" name="verifyTitleTest[9]" time="0">
    <error type="java.lang.NullPointerException">java.lang.NullPointerException
	at com.yourcompany.SampleSauceTest.tearDown(SampleSauceTest.java:235)
	at sun.reflect.GeneratedMethodAccessor37.invoke(Unknown Source)
	at sun.reflect.DelegatingMethodAccessorImpl.invoke(DelegatingMethodAccessorImpl.java:43)
	at java.lang.reflect.Method.invoke(Method.java:497)
	at org.junit.runners.model.FrameworkMethod$1.runReflectiveCall(FrameworkMethod.java:47)
	at org.junit.internal.runners.model.ReflectiveCallable.run(ReflectiveCallable.java:12)
	at org.junit.runners.model.FrameworkMethod.invokeExplosively(FrameworkMethod.java:44)
	at org.junit.internal.runners.statements.RunAfters.evaluate(RunAfters.java:33)
	at org.junit.rules.TestWatcher$1.evaluate(TestWatcher.java:55)
	at org.junit.rules.TestWatcher$1.evaluate(TestWatcher.java:55)
	at org.junit.rules.RunRules.evaluate(RunRules.java:20)
	at org.junit.runners.ParentRunner.runLeaf(ParentRunner.java:271)
	at org.junit.runners.BlockJUnit4ClassRunner.runChild(BlockJUnit4ClassRunner.java:70)
	at com.saucelabs.junit.ConcurrentParameterized$SauceClassRunnerForParameters.access$300(ConcurrentParameterized.java:170)
	at com.saucelabs.junit.ConcurrentParameterized$SauceClassRunnerForParameters$2.run(ConcurrentParameterized.java:287)
	at com.saucelabs.junit.ConcurrentParameterized$NonBlockingAsynchronousRunner$1.call(ConcurrentParameterized.java:312)
	at java.util.concurrent.FutureTask.run(FutureTask.java:266)
	at java.util.concurrent.ThreadPoolExecutor.runWorker(ThreadPoolExecutor.java:1142)
	at java.util.concurrent.ThreadPoolExecutor$Worker.run(ThreadPoolExecutor.java:617)
	at java.lang.Thread.run(Thread.java:745)
</error>
    <system-err>Aug 15, 2016 12:17:20 PM org.apache.http.impl.execchain.RetryExec execute
INFO: I/O exception (org.apache.http.NoHttpResponseException) caught when processing request to {}-&gt;http://ondemand.saucelabs.com:443: The target server failed to respond
Aug 15, 2016 12:17:20 PM org.apache.http.impl.execchain.RetryExec execute
INFO: Retrying request to {}-&gt;http://ondemand.saucelabs.com:443
Aug 15, 2016 12:17:20 PM org.apache.http.impl.execchain.RetryExec execute
INFO: I/O exception (org.apache.http.NoHttpResponseException) caught when processing request to {}-&gt;http://ondemand.saucelabs.com:443: The target server failed to respond
Aug 15, 2016 12:17:20 PM org.apache.http.impl.execchain.RetryExec execute
INFO: Retrying request to {}-&gt;http://ondemand.saucelabs.com:443
Aug 15, 2016 12:17:20 PM org.apache.http.impl.execchain.RetryExec execute
INFO: I/O exception (org.apache.http.NoHttpResponseException) caught when processing request to {}-&gt;http://ondemand.saucelabs.com:443: The target server failed to respond
Aug 15, 2016 12:17:20 PM org.apache.http.impl.execchain.RetryExec execute
INFO: Retrying request to {}-&gt;http://ondemand.saucelabs.com:443
Aug 15, 2016 12:18:23 PM org.apache.http.impl.execchain.RetryExec execute
INFO: I/O exception (org.apache.http.NoHttpResponseException) caught when processing request to {}-&gt;http://ondemand.saucelabs.com:443: The target server failed to respond
Aug 15, 2016 12:18:23 PM org.apache.http.impl.execchain.RetryExec execute
INFO: Retrying request to {}-&gt;http://ondemand.saucelabs.com:443
Aug 15, 2016 12:18:23 PM org.apache.http.impl.execchain.RetryExec execute
INFO: I/O exception (org.apache.http.NoHttpResponseException) caught when processing request to {}-&gt;http://ondemand.saucelabs.com:443: The target server failed to respond
Aug 15, 2016 12:18:23 PM org.apache.http.impl.execchain.RetryExec execute
INFO: Retrying request to {}-&gt;http://ondemand.saucelabs.com:443
Aug 15, 2016 12:18:23 PM org.apache.http.impl.execchain.RetryExec execute
INFO: I/O exception (org.apache.http.NoHttpResponseException) caught when processing request to {}-&gt;http://ondemand.saucelabs.com:443: The target server failed to respond
Aug 15, 2016 12:18:23 PM org.apache.http.impl.execchain.RetryExec execute
INFO: Retrying request to {}-&gt;http://ondemand.saucelabs.com:443
</system-err>
  </testcase>
  <testcase classname="com.yourcompany.SampleSauceTest" name="verifyTitleTest[13]" time="0">
    <failure message="expected:&lt;[Welcome] | Sauce Labs&gt; but was:&lt;[Selenium Testing, Mobile Testing, JS Unit Testing] | Sauce Labs&gt;" type="org.junit.ComparisonFailure">org.junit.ComparisonFailure: expected:&lt;[Welcome] | Sauce Labs&gt; but was:&lt;[Selenium Testing, Mobile Testing, JS Unit Testing] | Sauce Labs&gt;
	at org.junit.Assert.assertEquals(Assert.java:115)
	at org.junit.Assert.assertEquals(Assert.java:144)
	at com.yourcompany.SampleSauceTest.verifyTitleTest(SampleSauceTest.java:187)
	at sun.reflect.NativeMethodAccessorImpl.invoke0(Native Method)
	at sun.reflect.NativeMethodAccessorImpl.invoke(NativeMethodAccessorImpl.java:62)
	at sun.reflect.DelegatingMethodAccessorImpl.invoke(DelegatingMethodAccessorImpl.java:43)
	at java.lang.reflect.Method.invoke(Method.java:497)
	at org.junit.runners.model.FrameworkMethod$1.runReflectiveCall(FrameworkMethod.java:47)
	at org.junit.internal.runners.model.ReflectiveCallable.run(ReflectiveCallable.java:12)
	at org.junit.runners.model.FrameworkMethod.invokeExplosively(FrameworkMethod.java:44)
	at org.junit.internal.runners.statements.InvokeMethod.evaluate(InvokeMethod.java:17)
	at org.junit.internal.runners.statements.RunBefores.evaluate(RunBefores.java:26)
	at org.junit.internal.runners.statements.RunAfters.evaluate(RunAfters.java:27)
	at org.junit.rules.TestWatcher$1.evaluate(TestWatcher.java:55)
	at org.junit.rules.TestWatcher$1.evaluate(TestWatcher.java:55)
	at org.junit.rules.RunRules.evaluate(RunRules.java:20)
	at org.junit.runners.ParentRunner.runLeaf(ParentRunner.java:271)
	at org.junit.runners.BlockJUnit4ClassRunner.runChild(BlockJUnit4ClassRunner.java:70)
	at com.saucelabs.junit.ConcurrentParameterized$SauceClassRunnerForParameters.access$300(ConcurrentParameterized.java:170)
	at com.saucelabs.junit.ConcurrentParameterized$SauceClassRunnerForParameters$2.run(ConcurrentParameterized.java:287)
	at com.saucelabs.junit.ConcurrentParameterized$NonBlockingAsynchronousRunner$1.call(ConcurrentParameterized.java:312)
	at java.util.concurrent.FutureTask.run(FutureTask.java:266)
	at java.util.concurrent.ThreadPoolExecutor.runWorker(ThreadPoolExecutor.java:1142)
	at java.util.concurrent.ThreadPoolExecutor$Worker.run(ThreadPoolExecutor.java:617)
	at java.lang.Thread.run(Thread.java:745)
</failure>
    <system-out>SauceOnDemandSessionID=8b91b2cc5cc54f6896c36c0455bb2d58 job-name=verifyTitleTest[13] : (Windows 8 firefox 45)
SauceOnDemandSessionID=8b91b2cc5cc54f6896c36c0455bb2d58 job-name=com.yourcompany.SampleSauceTest.verifyTitleTest[13]
Job link: https://saucelabs.com/jobs/8b91b2cc5cc54f6896c36c0455bb2d58?auth=aca66685ea7a38d059e70e0a2cbda1c4
</system-out>
  </testcase>
  <testcase classname="com.yourcompany.SampleSauceTest" name="freeTrialTest[9]" time="0">
    <error type="java.lang.NullPointerException">java.lang.NullPointerException
	at com.yourcompany.SampleSauceTest.tearDown(SampleSauceTest.java:235)
	at sun.reflect.GeneratedMethodAccessor37.invoke(Unknown Source)
	at sun.reflect.DelegatingMethodAccessorImpl.invoke(DelegatingMethodAccessorImpl.java:43)
	at java.lang.reflect.Method.invoke(Method.java:497)
	at org.junit.runners.model.FrameworkMethod$1.runReflectiveCall(FrameworkMethod.java:47)
	at org.junit.internal.runners.model.ReflectiveCallable.run(ReflectiveCallable.java:12)
	at org.junit.runners.model.FrameworkMethod.invokeExplosively(FrameworkMethod.java:44)
	at org.junit.internal.runners.statements.RunAfters.evaluate(RunAfters.java:33)
	at org.junit.rules.TestWatcher$1.evaluate(TestWatcher.java:55)
	at org.junit.rules.TestWatcher$1.evaluate(TestWatcher.java:55)
	at org.junit.rules.RunRules.evaluate(RunRules.java:20)
	at org.junit.runners.ParentRunner.runLeaf(ParentRunner.java:271)
	at org.junit.runners.BlockJUnit4ClassRunner.runChild(BlockJUnit4ClassRunner.java:70)
	at com.saucelabs.junit.ConcurrentParameterized$SauceClassRunnerForParameters.access$300(ConcurrentParameterized.java:170)
	at com.saucelabs.junit.ConcurrentParameterized$SauceClassRunnerForParameters$2.run(ConcurrentParameterized.java:287)
	at com.saucelabs.junit.ConcurrentParameterized$NonBlockingAsynchronousRunner$1.call(ConcurrentParameterized.java:312)
	at java.util.concurrent.FutureTask.run(FutureTask.java:266)
	at java.util.concurrent.ThreadPoolExecutor.runWorker(ThreadPoolExecutor.java:1142)
	at java.util.concurrent.ThreadPoolExecutor$Worker.run(ThreadPoolExecutor.java:617)
	at java.lang.Thread.run(Thread.java:745)
</error>
    <system-err>Aug 15, 2016 12:17:20 PM org.apache.http.impl.execchain.RetryExec execute
INFO: I/O exception (org.apache.http.NoHttpResponseException) caught when processing request to {}-&gt;http://ondemand.saucelabs.com:443: The target server failed to respond
Aug 15, 2016 12:17:20 PM org.apache.http.impl.execchain.RetryExec execute
INFO: Retrying request to {}-&gt;http://ondemand.saucelabs.com:443
Aug 15, 2016 12:17:20 PM org.apache.http.impl.execchain.RetryExec execute
INFO: I/O exception (org.apache.http.NoHttpResponseException) caught when processing request to {}-&gt;http://ondemand.saucelabs.com:443: The target server failed to respond
Aug 15, 2016 12:17:20 PM org.apache.http.impl.execchain.RetryExec execute
INFO: Retrying request to {}-&gt;http://ondemand.saucelabs.com:443
Aug 15, 2016 12:17:20 PM org.apache.http.impl.execchain.RetryExec execute
INFO: I/O exception (org.apache.http.NoHttpResponseException) caught when processing request to {}-&gt;http://ondemand.saucelabs.com:443: The target server failed to respond
Aug 15, 2016 12:17:20 PM org.apache.http.impl.execchain.RetryExec execute
INFO: Retrying request to {}-&gt;http://ondemand.saucelabs.com:443
Aug 15, 2016 12:18:22 PM org.apache.http.impl.execchain.RetryExec execute
INFO: I/O exception (org.apache.http.NoHttpResponseException) caught when processing request to {}-&gt;http://ondemand.saucelabs.com:443: The target server failed to respond
Aug 15, 2016 12:18:22 PM org.apache.http.impl.execchain.RetryExec execute
INFO: Retrying request to {}-&gt;http://ondemand.saucelabs.com:443
Aug 15, 2016 12:18:22 PM org.apache.http.impl.execchain.RetryExec execute
INFO: I/O exception (org.apache.http.NoHttpResponseException) caught when processing request to {}-&gt;http://ondemand.saucelabs.com:443: The target server failed to respond
Aug 15, 2016 12:18:22 PM org.apache.http.impl.execchain.RetryExec execute
INFO: Retrying request to {}-&gt;http://ondemand.saucelabs.com:443
Aug 15, 2016 12:18:22 PM org.apache.http.impl.execchain.RetryExec execute
INFO: I/O exception (org.apache.http.NoHttpResponseException) caught when processing request to {}-&gt;http://ondemand.saucelabs.com:443: The target server failed to respond
Aug 15, 2016 12:18:22 PM org.apache.http.impl.execchain.RetryExec execute
INFO: Retrying request to {}-&gt;http://ondemand.saucelabs.com:443
</system-err>
  </testcase>
  <testcase classname="com.yourcompany.SampleSauceTest" name="freeTrialTest[3]" time="0.001">
    <error message="no such element: Unable to locate element: {&quot;method&quot;:&quot;id&quot;,&quot;selector&quot;:&quot;first_name&quot;}
  (Session info: chrome=49.0.2623.87)
  (Driver info: chromedriver=2.21.371459 (36d3d07f660ff2bc1bf28a75d1cdabed0983e7c4),platform=Windows NT 5.2 SP2 x86) (WARNING: The server did not provide any stacktrace information)
Command duration or timeout: 62 milliseconds
For documentation on this error, please visit: http://seleniumhq.org/exceptions/no_such_element.html
Build info: version: &apos;2.45.0&apos;, revision: &apos;5017cb8e7ca8e37638dc3091b2440b90a1d8686f&apos;, time: &apos;2015-02-27 09:10:26&apos;
System info: host: &apos;Sauces-MacBook-Air-5.local&apos;, ip: &apos;192.168.17.8&apos;, os.name: &apos;Mac OS X&apos;, os.arch: &apos;x86_64&apos;, os.version: &apos;10.10.5&apos;, java.version: &apos;1.8.0_45&apos;
Driver info: org.openqa.selenium.remote.RemoteWebDriver
Capabilities [{applicationCacheEnabled=false, rotatable=false, mobileEmulationEnabled=false, chrome={chromedriverVersion=2.21.371459 (36d3d07f660ff2bc1bf28a75d1cdabed0983e7c4), userDataDir=C:\DOCUME~1\ADMINI~1\LOCALS~1\Temp\scoped_dir1292_1041}, takesHeapSnapshot=true, hasMetadata=true, databaseEnabled=false, hasTouchScreen=false, handlesAlerts=true, version=49.0.2623.87, platform=XP, browserConnectionEnabled=false, nativeEvents=true, acceptSslCerts=true, webdriver.remote.sessionid=e22f2220b1424bd6908e192d7747d722, webStorageEnabled=true, locationContextEnabled=true, takesScreenshot=true, browserName=chrome, javascriptEnabled=true, cssSelectorsEnabled=true}]
Session ID: e22f2220b1424bd6908e192d7747d722
*** Element info: {Using=id, value=first_name}" type="org.openqa.selenium.NoSuchElementException">org.openqa.selenium.NoSuchElementException: no such element: Unable to locate element: {&quot;method&quot;:&quot;id&quot;,&quot;selector&quot;:&quot;first_name&quot;}
  (Session info: chrome=49.0.2623.87)
  (Driver info: chromedriver=2.21.371459 (36d3d07f660ff2bc1bf28a75d1cdabed0983e7c4),platform=Windows NT 5.2 SP2 x86) (WARNING: The server did not provide any stacktrace information)
Command duration or timeout: 62 milliseconds
For documentation on this error, please visit: http://seleniumhq.org/exceptions/no_such_element.html
Build info: version: &apos;2.45.0&apos;, revision: &apos;5017cb8e7ca8e37638dc3091b2440b90a1d8686f&apos;, time: &apos;2015-02-27 09:10:26&apos;
System info: host: &apos;Sauces-MacBook-Air-5.local&apos;, ip: &apos;192.168.17.8&apos;, os.name: &apos;Mac OS X&apos;, os.arch: &apos;x86_64&apos;, os.version: &apos;10.10.5&apos;, java.version: &apos;1.8.0_45&apos;
Driver info: org.openqa.selenium.remote.RemoteWebDriver
Capabilities [{applicationCacheEnabled=false, rotatable=false, mobileEmulationEnabled=false, chrome={chromedriverVersion=2.21.371459 (36d3d07f660ff2bc1bf28a75d1cdabed0983e7c4), userDataDir=C:\DOCUME~1\ADMINI~1\LOCALS~1\Temp\scoped_dir1292_1041}, takesHeapSnapshot=true, hasMetadata=true, databaseEnabled=false, hasTouchScreen=false, handlesAlerts=true, version=49.0.2623.87, platform=XP, browserConnectionEnabled=false, nativeEvents=true, acceptSslCerts=true, webdriver.remote.sessionid=e22f2220b1424bd6908e192d7747d722, webStorageEnabled=true, locationContextEnabled=true, takesScreenshot=true, browserName=chrome, javascriptEnabled=true, cssSelectorsEnabled=true}]
Session ID: e22f2220b1424bd6908e192d7747d722
*** Element info: {Using=id, value=first_name}
	at sun.reflect.NativeConstructorAccessorImpl.newInstance0(Native Method)
	at sun.reflect.NativeConstructorAccessorImpl.newInstance(NativeConstructorAccessorImpl.java:62)
	at sun.reflect.DelegatingConstructorAccessorImpl.newInstance(DelegatingConstructorAccessorImpl.java:45)
	at java.lang.reflect.Constructor.newInstance(Constructor.java:422)
	at org.openqa.selenium.remote.ErrorHandler.createThrowable(ErrorHandler.java:204)
	at org.openqa.selenium.remote.ErrorHandler.throwIfResponseFailed(ErrorHandler.java:156)
	at org.openqa.selenium.remote.RemoteWebDriver.execute(RemoteWebDriver.java:599)
	at org.openqa.selenium.remote.RemoteWebDriver.findElement(RemoteWebDriver.java:352)
	at org.openqa.selenium.remote.RemoteWebDriver.findElementById(RemoteWebDriver.java:393)
	at org.openqa.selenium.By$ById.findElement(By.java:214)
	at org.openqa.selenium.remote.RemoteWebDriver.findElement(RemoteWebDriver.java:344)
	at com.yourcompany.SampleSauceTest.freeTrialTest(SampleSauceTest.java:218)
	at sun.reflect.NativeMethodAccessorImpl.invoke0(Native Method)
	at sun.reflect.NativeMethodAccessorImpl.invoke(NativeMethodAccessorImpl.java:62)
	at sun.reflect.DelegatingMethodAccessorImpl.invoke(DelegatingMethodAccessorImpl.java:43)
	at java.lang.reflect.Method.invoke(Method.java:497)
	at org.junit.runners.model.FrameworkMethod$1.runReflectiveCall(FrameworkMethod.java:47)
	at org.junit.internal.runners.model.ReflectiveCallable.run(ReflectiveCallable.java:12)
	at org.junit.runners.model.FrameworkMethod.invokeExplosively(FrameworkMethod.java:44)
	at org.junit.internal.runners.statements.InvokeMethod.evaluate(InvokeMethod.java:17)
	at org.junit.internal.runners.statements.RunBefores.evaluate(RunBefores.java:26)
	at org.junit.internal.runners.statements.RunAfters.evaluate(RunAfters.java:27)
	at org.junit.rules.TestWatcher$1.evaluate(TestWatcher.java:55)
	at org.junit.rules.TestWatcher$1.evaluate(TestWatcher.java:55)
	at org.junit.rules.RunRules.evaluate(RunRules.java:20)
	at org.junit.runners.ParentRunner.runLeaf(ParentRunner.java:271)
	at org.junit.runners.BlockJUnit4ClassRunner.runChild(BlockJUnit4ClassRunner.java:70)
	at com.saucelabs.junit.ConcurrentParameterized$SauceClassRunnerForParameters.access$300(ConcurrentParameterized.java:170)
	at com.saucelabs.junit.ConcurrentParameterized$SauceClassRunnerForParameters$2.run(ConcurrentParameterized.java:287)
	at com.saucelabs.junit.ConcurrentParameterized$NonBlockingAsynchronousRunner$1.call(ConcurrentParameterized.java:312)
	at java.util.concurrent.FutureTask.run(FutureTask.java:266)
	at java.util.concurrent.ThreadPoolExecutor.runWorker(ThreadPoolExecutor.java:1142)
	at java.util.concurrent.ThreadPoolExecutor$Worker.run(ThreadPoolExecutor.java:617)
	at java.lang.Thread.run(Thread.java:745)
</error>
    <system-out>SauceOnDemandSessionID=e22f2220b1424bd6908e192d7747d722 job-name=freeTrialTest[3] : (Windows XP chrome latest)
SauceOnDemandSessionID=e22f2220b1424bd6908e192d7747d722 job-name=com.yourcompany.SampleSauceTest.freeTrialTest[3]
Job link: https://saucelabs.com/jobs/e22f2220b1424bd6908e192d7747d722?auth=0208018bbcdd966cfa235359e37cc65d
</system-out>
  </testcase>
  <testcase classname="com.yourcompany.SampleSauceTest" name="freeTrialTest[10]" time="0.001">
    <error message="Unable to find element with id == first_name (WARNING: The server did not provide any stacktrace information)
Command duration or timeout: 284 milliseconds
For documentation on this error, please visit: http://seleniumhq.org/exceptions/no_such_element.html
Build info: version: &apos;2.53.1&apos;, revision: &apos;a36b8b1&apos;, time: &apos;2016-06-30 17:37:03&apos;
System info: host: &apos;WIN-HLEK05V71GA&apos;, ip: &apos;172.20.36.192&apos;, os.name: &apos;Windows Server 2012&apos;, os.arch: &apos;x86&apos;, os.version: &apos;6.2&apos;, java.version: &apos;1.8.0_91&apos;
Driver info: org.openqa.selenium.ie.InternetExplorerDriver
Capabilities [{browserAttachTimeout=0, ie.enableFullPageScreenshot=true, enablePersistentHover=true, ie.forceCreateProcessApi=false, ie.forceShellWindowsApi=false, pageLoadStrategy=normal, ignoreZoomSetting=false, ie.fileUploadDialogTimeout=3000, version=10, platform=WINDOWS, nativeEvents=true, ie.ensureCleanSession=false, elementScrollBehavior=0, ie.browserCommandLineSwitches=, requireWindowFocus=false, browserName=internet explorer, initialBrowserUrl=about:blank, javascriptEnabled=true, ignoreProtectedModeSettings=false, enableElementCacheCleanup=true, unexpectedAlertBehaviour=dismiss}]
Session ID: XXXXXXXX-XXXX-XXXX-XXXX-XXXX3c0adeac
*** Element info: {Using=id, value=first_name}
Command duration or timeout: 353 milliseconds
For documentation on this error, please visit: http://seleniumhq.org/exceptions/no_such_element.html
Build info: version: &apos;2.45.0&apos;, revision: &apos;5017cb8e7ca8e37638dc3091b2440b90a1d8686f&apos;, time: &apos;2015-02-27 09:10:26&apos;
System info: host: &apos;Sauces-MacBook-Air-5.local&apos;, ip: &apos;192.168.17.8&apos;, os.name: &apos;Mac OS X&apos;, os.arch: &apos;x86_64&apos;, os.version: &apos;10.10.5&apos;, java.version: &apos;1.8.0_45&apos;
Driver info: org.openqa.selenium.remote.RemoteWebDriver
Capabilities [{enablePersistentHover=true, ie.fileUploadDialogTimeout=3000, platform=WINDOWS, ie.ensureCleanSession=false, ie.browserCommandLineSwitches=, requireWindowFocus=false, takesScreenshot=true, browserName=internet explorer, javascriptEnabled=true, unexpectedAlertBehaviour=dismiss, browserAttachTimeout=0, ie.enableFullPageScreenshot=true, ie.forceCreateProcessApi=false, ie.forceShellWindowsApi=false, pageLoadStrategy=normal, ignoreZoomSetting=false, hasMetadata=true, version=10, nativeEvents=true, elementScrollBehavior=0, webdriver.remote.sessionid=6e4b1e87c3ad4d579ef222fa66393aa1, initialBrowserUrl=about:blank, ignoreProtectedModeSettings=false, enableElementCacheCleanup=true, cssSelectorsEnabled=true}]
Session ID: 6e4b1e87c3ad4d579ef222fa66393aa1
*** Element info: {Using=id, value=first_name}" type="org.openqa.selenium.NoSuchElementException">org.openqa.selenium.NoSuchElementException: Unable to find element with id == first_name (WARNING: The server did not provide any stacktrace information)
Command duration or timeout: 284 milliseconds
For documentation on this error, please visit: http://seleniumhq.org/exceptions/no_such_element.html
Build info: version: &apos;2.53.1&apos;, revision: &apos;a36b8b1&apos;, time: &apos;2016-06-30 17:37:03&apos;
System info: host: &apos;WIN-HLEK05V71GA&apos;, ip: &apos;172.20.36.192&apos;, os.name: &apos;Windows Server 2012&apos;, os.arch: &apos;x86&apos;, os.version: &apos;6.2&apos;, java.version: &apos;1.8.0_91&apos;
Driver info: org.openqa.selenium.ie.InternetExplorerDriver
Capabilities [{browserAttachTimeout=0, ie.enableFullPageScreenshot=true, enablePersistentHover=true, ie.forceCreateProcessApi=false, ie.forceShellWindowsApi=false, pageLoadStrategy=normal, ignoreZoomSetting=false, ie.fileUploadDialogTimeout=3000, version=10, platform=WINDOWS, nativeEvents=true, ie.ensureCleanSession=false, elementScrollBehavior=0, ie.browserCommandLineSwitches=, requireWindowFocus=false, browserName=internet explorer, initialBrowserUrl=about:blank, javascriptEnabled=true, ignoreProtectedModeSettings=false, enableElementCacheCleanup=true, unexpectedAlertBehaviour=dismiss}]
Session ID: XXXXXXXX-XXXX-XXXX-XXXX-XXXX3c0adeac
*** Element info: {Using=id, value=first_name}
Command duration or timeout: 353 milliseconds
For documentation on this error, please visit: http://seleniumhq.org/exceptions/no_such_element.html
Build info: version: &apos;2.45.0&apos;, revision: &apos;5017cb8e7ca8e37638dc3091b2440b90a1d8686f&apos;, time: &apos;2015-02-27 09:10:26&apos;
System info: host: &apos;Sauces-MacBook-Air-5.local&apos;, ip: &apos;192.168.17.8&apos;, os.name: &apos;Mac OS X&apos;, os.arch: &apos;x86_64&apos;, os.version: &apos;10.10.5&apos;, java.version: &apos;1.8.0_45&apos;
Driver info: org.openqa.selenium.remote.RemoteWebDriver
Capabilities [{enablePersistentHover=true, ie.fileUploadDialogTimeout=3000, platform=WINDOWS, ie.ensureCleanSession=false, ie.browserCommandLineSwitches=, requireWindowFocus=false, takesScreenshot=true, browserName=internet explorer, javascriptEnabled=true, unexpectedAlertBehaviour=dismiss, browserAttachTimeout=0, ie.enableFullPageScreenshot=true, ie.forceCreateProcessApi=false, ie.forceShellWindowsApi=false, pageLoadStrategy=normal, ignoreZoomSetting=false, hasMetadata=true, version=10, nativeEvents=true, elementScrollBehavior=0, webdriver.remote.sessionid=6e4b1e87c3ad4d579ef222fa66393aa1, initialBrowserUrl=about:blank, ignoreProtectedModeSettings=false, enableElementCacheCleanup=true, cssSelectorsEnabled=true}]
Session ID: 6e4b1e87c3ad4d579ef222fa66393aa1
*** Element info: {Using=id, value=first_name}
	at sun.reflect.NativeConstructorAccessorImpl.newInstance0(Native Method)
	at sun.reflect.NativeConstructorAccessorImpl.newInstance(NativeConstructorAccessorImpl.java:62)
	at sun.reflect.DelegatingConstructorAccessorImpl.newInstance(DelegatingConstructorAccessorImpl.java:45)
	at java.lang.reflect.Constructor.newInstance(Constructor.java:422)
	at org.openqa.selenium.remote.ErrorHandler.createThrowable(ErrorHandler.java:204)
	at org.openqa.selenium.remote.ErrorHandler.throwIfResponseFailed(ErrorHandler.java:156)
	at org.openqa.selenium.remote.RemoteWebDriver.execute(RemoteWebDriver.java:599)
	at org.openqa.selenium.remote.RemoteWebDriver.findElement(RemoteWebDriver.java:352)
	at org.openqa.selenium.remote.RemoteWebDriver.findElementById(RemoteWebDriver.java:393)
	at org.openqa.selenium.By$ById.findElement(By.java:214)
	at org.openqa.selenium.remote.RemoteWebDriver.findElement(RemoteWebDriver.java:344)
	at com.yourcompany.SampleSauceTest.freeTrialTest(SampleSauceTest.java:218)
	at sun.reflect.NativeMethodAccessorImpl.invoke0(Native Method)
	at sun.reflect.NativeMethodAccessorImpl.invoke(NativeMethodAccessorImpl.java:62)
	at sun.reflect.DelegatingMethodAccessorImpl.invoke(DelegatingMethodAccessorImpl.java:43)
	at java.lang.reflect.Method.invoke(Method.java:497)
	at org.junit.runners.model.FrameworkMethod$1.runReflectiveCall(FrameworkMethod.java:47)
	at org.junit.internal.runners.model.ReflectiveCallable.run(ReflectiveCallable.java:12)
	at org.junit.runners.model.FrameworkMethod.invokeExplosively(FrameworkMethod.java:44)
	at org.junit.internal.runners.statements.InvokeMethod.evaluate(InvokeMethod.java:17)
	at org.junit.internal.runners.statements.RunBefores.evaluate(RunBefores.java:26)
	at org.junit.internal.runners.statements.RunAfters.evaluate(RunAfters.java:27)
	at org.junit.rules.TestWatcher$1.evaluate(TestWatcher.java:55)
	at org.junit.rules.TestWatcher$1.evaluate(TestWatcher.java:55)
	at org.junit.rules.RunRules.evaluate(RunRules.java:20)
	at org.junit.runners.ParentRunner.runLeaf(ParentRunner.java:271)
	at org.junit.runners.BlockJUnit4ClassRunner.runChild(BlockJUnit4ClassRunner.java:70)
	at com.saucelabs.junit.ConcurrentParameterized$SauceClassRunnerForParameters.access$300(ConcurrentParameterized.java:170)
	at com.saucelabs.junit.ConcurrentParameterized$SauceClassRunnerForParameters$2.run(ConcurrentParameterized.java:287)
	at com.saucelabs.junit.ConcurrentParameterized$NonBlockingAsynchronousRunner$1.call(ConcurrentParameterized.java:312)
	at java.util.concurrent.FutureTask.run(FutureTask.java:266)
	at java.util.concurrent.ThreadPoolExecutor.runWorker(ThreadPoolExecutor.java:1142)
	at java.util.concurrent.ThreadPoolExecutor$Worker.run(ThreadPoolExecutor.java:617)
	at java.lang.Thread.run(Thread.java:745)
Caused by: org.openqa.selenium.NoSuchElementException: Unable to find element with id == first_name (WARNING: The server did not provide any stacktrace information)
Command duration or timeout: 284 milliseconds
For documentation on this error, please visit: http://seleniumhq.org/exceptions/no_such_element.html
Build info: version: &apos;2.53.1&apos;, revision: &apos;a36b8b1&apos;, time: &apos;2016-06-30 17:37:03&apos;
System info: host: &apos;WIN-HLEK05V71GA&apos;, ip: &apos;172.20.36.192&apos;, os.name: &apos;Windows Server 2012&apos;, os.arch: &apos;x86&apos;, os.version: &apos;6.2&apos;, java.version: &apos;1.8.0_91&apos;
Driver info: org.openqa.selenium.ie.InternetExplorerDriver
Capabilities [{browserAttachTimeout=0, ie.enableFullPageScreenshot=true, enablePersistentHover=true, ie.forceCreateProcessApi=false, ie.forceShellWindowsApi=false, pageLoadStrategy=normal, ignoreZoomSetting=false, ie.fileUploadDialogTimeout=3000, version=10, platform=WINDOWS, nativeEvents=true, ie.ensureCleanSession=false, elementScrollBehavior=0, ie.browserCommandLineSwitches=, requireWindowFocus=false, browserName=internet explorer, initialBrowserUrl=about:blank, javascriptEnabled=true, ignoreProtectedModeSettings=false, enableElementCacheCleanup=true, unexpectedAlertBehaviour=dismiss}]
Session ID: XXXXXXXX-XXXX-XXXX-XXXX-XXXX3c0adeac
*** Element info: {Using=id, value=first_name}
For documentation on this error, please visit: http://seleniumhq.org/exceptions/no_such_element.html
Build info: version: &apos;2.45.0&apos;, revision: &apos;5017cb8e7ca8e37638dc3091b2440b90a1d8686f&apos;, time: &apos;2015-02-27 09:10:26&apos;
System info: host: &apos;Sauces-MacBook-Air-5.local&apos;, ip: &apos;192.168.17.8&apos;, os.name: &apos;Mac OS X&apos;, os.arch: &apos;x86_64&apos;, os.version: &apos;10.10.5&apos;, java.version: &apos;1.8.0_45&apos;
Driver info: driver.version: EventFiringWebDriver
	at sun.reflect.NativeConstructorAccessorImpl.newInstance0(Native Method)
	at sun.reflect.NativeConstructorAccessorImpl.newInstance(Unknown Source)
	at sun.reflect.DelegatingConstructorAccessorImpl.newInstance(Unknown Source)
	at java.lang.reflect.Constructor.newInstance(Unknown Source)
	at org.openqa.selenium.remote.ErrorHandler.createThrowable(ErrorHandler.java:206)
	at org.openqa.selenium.remote.ErrorHandler.throwIfResponseFailed(ErrorHandler.java:158)
	at org.openqa.selenium.remote.RemoteWebDriver.execute(RemoteWebDriver.java:678)
	at org.openqa.selenium.remote.RemoteWebDriver.findElement(RemoteWebDriver.java:363)
	at org.openqa.selenium.remote.RemoteWebDriver.findElementById(RemoteWebDriver.java:413)
	at org.openqa.selenium.By$ById.findElement(By.java:218)
	at org.openqa.selenium.remote.RemoteWebDriver.findElement(RemoteWebDriver.java:355)
	at sun.reflect.NativeMethodAccessorImpl.invoke0(Native Method)
	at sun.reflect.NativeMethodAccessorImpl.invoke(Unknown Source)
	at sun.reflect.DelegatingMethodAccessorImpl.invoke(Unknown Source)
	at java.lang.reflect.Method.invoke(Unknown Source)
	at org.openqa.selenium.support.events.EventFiringWebDriver$2.invoke(EventFiringWebDriver.java:103)
	at com.sun.proxy.$Proxy1.findElement(Unknown Source)
	at org.openqa.selenium.support.events.EventFiringWebDriver.findElement(EventFiringWebDriver.java:188)
	at org.openqa.selenium.remote.server.handler.FindElement.call(FindElement.java:48)
	at org.openqa.selenium.remote.server.handler.FindElement.call(FindElement.java:1)
	at java.util.concurrent.FutureTask.run(Unknown Source)
	at org.openqa.selenium.remote.server.DefaultSession$1.run(DefaultSession.java:176)
	at java.util.concurrent.ThreadPoolExecutor.runWorker(Unknown Source)
	at java.util.concurrent.ThreadPoolExecutor$Worker.run(Unknown Source)
	at java.lang.Thread.run(Unknown Source)
</error>
    <system-out>SauceOnDemandSessionID=6e4b1e87c3ad4d579ef222fa66393aa1 job-name=freeTrialTest[10] : (Windows 8 internet explorer 10)
SauceOnDemandSessionID=6e4b1e87c3ad4d579ef222fa66393aa1 job-name=com.yourcompany.SampleSauceTest.freeTrialTest[10]
Job link: https://saucelabs.com/jobs/6e4b1e87c3ad4d579ef222fa66393aa1?auth=82742ba3ecde728710a94364a3f046d2
</system-out>
  </testcase>
  <testcase classname="com.yourcompany.SampleSauceTest" name="loginTest[8]" time="0">
    <error type="java.lang.NullPointerException">java.lang.NullPointerException
	at com.yourcompany.SampleSauceTest.tearDown(SampleSauceTest.java:235)
	at sun.reflect.GeneratedMethodAccessor37.invoke(Unknown Source)
	at sun.reflect.DelegatingMethodAccessorImpl.invoke(DelegatingMethodAccessorImpl.java:43)
	at java.lang.reflect.Method.invoke(Method.java:497)
	at org.junit.runners.model.FrameworkMethod$1.runReflectiveCall(FrameworkMethod.java:47)
	at org.junit.internal.runners.model.ReflectiveCallable.run(ReflectiveCallable.java:12)
	at org.junit.runners.model.FrameworkMethod.invokeExplosively(FrameworkMethod.java:44)
	at org.junit.internal.runners.statements.RunAfters.evaluate(RunAfters.java:33)
	at org.junit.rules.TestWatcher$1.evaluate(TestWatcher.java:55)
	at org.junit.rules.TestWatcher$1.evaluate(TestWatcher.java:55)
	at org.junit.rules.RunRules.evaluate(RunRules.java:20)
	at org.junit.runners.ParentRunner.runLeaf(ParentRunner.java:271)
	at org.junit.runners.BlockJUnit4ClassRunner.runChild(BlockJUnit4ClassRunner.java:70)
	at com.saucelabs.junit.ConcurrentParameterized$SauceClassRunnerForParameters.access$300(ConcurrentParameterized.java:170)
	at com.saucelabs.junit.ConcurrentParameterized$SauceClassRunnerForParameters$2.run(ConcurrentParameterized.java:287)
	at com.saucelabs.junit.ConcurrentParameterized$NonBlockingAsynchronousRunner$1.call(ConcurrentParameterized.java:312)
	at java.util.concurrent.FutureTask.run(FutureTask.java:266)
	at java.util.concurrent.ThreadPoolExecutor.runWorker(ThreadPoolExecutor.java:1142)
	at java.util.concurrent.ThreadPoolExecutor$Worker.run(ThreadPoolExecutor.java:617)
	at java.lang.Thread.run(Thread.java:745)
</error>
    <system-err>Aug 15, 2016 12:17:39 PM org.apache.http.impl.execchain.RetryExec execute
INFO: I/O exception (org.apache.http.NoHttpResponseException) caught when processing request to {}-&gt;http://ondemand.saucelabs.com:443: The target server failed to respond
Aug 15, 2016 12:17:39 PM org.apache.http.impl.execchain.RetryExec execute
INFO: Retrying request to {}-&gt;http://ondemand.saucelabs.com:443
Aug 15, 2016 12:17:40 PM org.apache.http.impl.execchain.RetryExec execute
INFO: I/O exception (org.apache.http.NoHttpResponseException) caught when processing request to {}-&gt;http://ondemand.saucelabs.com:443: The target server failed to respond
Aug 15, 2016 12:17:40 PM org.apache.http.impl.execchain.RetryExec execute
INFO: Retrying request to {}-&gt;http://ondemand.saucelabs.com:443
Aug 15, 2016 12:17:40 PM org.apache.http.impl.execchain.RetryExec execute
INFO: I/O exception (org.apache.http.NoHttpResponseException) caught when processing request to {}-&gt;http://ondemand.saucelabs.com:443: The target server failed to respond
Aug 15, 2016 12:17:40 PM org.apache.http.impl.execchain.RetryExec execute
INFO: Retrying request to {}-&gt;http://ondemand.saucelabs.com:443
Aug 15, 2016 12:19:12 PM org.apache.http.impl.execchain.RetryExec execute
INFO: I/O exception (org.apache.http.NoHttpResponseException) caught when processing request to {}-&gt;http://ondemand.saucelabs.com:443: The target server failed to respond
Aug 15, 2016 12:19:12 PM org.apache.http.impl.execchain.RetryExec execute
INFO: Retrying request to {}-&gt;http://ondemand.saucelabs.com:443
Aug 15, 2016 12:19:12 PM org.apache.http.impl.execchain.RetryExec execute
INFO: I/O exception (org.apache.http.NoHttpResponseException) caught when processing request to {}-&gt;http://ondemand.saucelabs.com:443: The target server failed to respond
Aug 15, 2016 12:19:12 PM org.apache.http.impl.execchain.RetryExec execute
INFO: Retrying request to {}-&gt;http://ondemand.saucelabs.com:443
Aug 15, 2016 12:19:12 PM org.apache.http.impl.execchain.RetryExec execute
INFO: I/O exception (org.apache.http.NoHttpResponseException) caught when processing request to {}-&gt;http://ondemand.saucelabs.com:443: The target server failed to respond
Aug 15, 2016 12:19:12 PM org.apache.http.impl.execchain.RetryExec execute
INFO: Retrying request to {}-&gt;http://ondemand.saucelabs.com:443
</system-err>
  </testcase>
  <testcase classname="com.yourcompany.SampleSauceTest" name="verifyTitleTest[8]" time="0">
    <error type="java.lang.NullPointerException">java.lang.NullPointerException
	at com.yourcompany.SampleSauceTest.tearDown(SampleSauceTest.java:235)
	at sun.reflect.GeneratedMethodAccessor37.invoke(Unknown Source)
	at sun.reflect.DelegatingMethodAccessorImpl.invoke(DelegatingMethodAccessorImpl.java:43)
	at java.lang.reflect.Method.invoke(Method.java:497)
	at org.junit.runners.model.FrameworkMethod$1.runReflectiveCall(FrameworkMethod.java:47)
	at org.junit.internal.runners.model.ReflectiveCallable.run(ReflectiveCallable.java:12)
	at org.junit.runners.model.FrameworkMethod.invokeExplosively(FrameworkMethod.java:44)
	at org.junit.internal.runners.statements.RunAfters.evaluate(RunAfters.java:33)
	at org.junit.rules.TestWatcher$1.evaluate(TestWatcher.java:55)
	at org.junit.rules.TestWatcher$1.evaluate(TestWatcher.java:55)
	at org.junit.rules.RunRules.evaluate(RunRules.java:20)
	at org.junit.runners.ParentRunner.runLeaf(ParentRunner.java:271)
	at org.junit.runners.BlockJUnit4ClassRunner.runChild(BlockJUnit4ClassRunner.java:70)
	at com.saucelabs.junit.ConcurrentParameterized$SauceClassRunnerForParameters.access$300(ConcurrentParameterized.java:170)
	at com.saucelabs.junit.ConcurrentParameterized$SauceClassRunnerForParameters$2.run(ConcurrentParameterized.java:287)
	at com.saucelabs.junit.ConcurrentParameterized$NonBlockingAsynchronousRunner$1.call(ConcurrentParameterized.java:312)
	at java.util.concurrent.FutureTask.run(FutureTask.java:266)
	at java.util.concurrent.ThreadPoolExecutor.runWorker(ThreadPoolExecutor.java:1142)
	at java.util.concurrent.ThreadPoolExecutor$Worker.run(ThreadPoolExecutor.java:617)
	at java.lang.Thread.run(Thread.java:745)
</error>
    <system-err>Aug 15, 2016 12:17:38 PM org.apache.http.impl.execchain.RetryExec execute
INFO: I/O exception (org.apache.http.NoHttpResponseException) caught when processing request to {}-&gt;http://ondemand.saucelabs.com:443: The target server failed to respond
Aug 15, 2016 12:17:38 PM org.apache.http.impl.execchain.RetryExec execute
INFO: Retrying request to {}-&gt;http://ondemand.saucelabs.com:443
Aug 15, 2016 12:17:38 PM org.apache.http.impl.execchain.RetryExec execute
INFO: I/O exception (org.apache.http.NoHttpResponseException) caught when processing request to {}-&gt;http://ondemand.saucelabs.com:443: The target server failed to respond
Aug 15, 2016 12:17:38 PM org.apache.http.impl.execchain.RetryExec execute
INFO: Retrying request to {}-&gt;http://ondemand.saucelabs.com:443
Aug 15, 2016 12:17:38 PM org.apache.http.impl.execchain.RetryExec execute
INFO: I/O exception (org.apache.http.NoHttpResponseException) caught when processing request to {}-&gt;http://ondemand.saucelabs.com:443: The target server failed to respond
Aug 15, 2016 12:17:38 PM org.apache.http.impl.execchain.RetryExec execute
INFO: Retrying request to {}-&gt;http://ondemand.saucelabs.com:443
Aug 15, 2016 12:18:34 PM org.apache.http.impl.execchain.RetryExec execute
INFO: I/O exception (org.apache.http.NoHttpResponseException) caught when processing request to {}-&gt;http://ondemand.saucelabs.com:443: The target server failed to respond
Aug 15, 2016 12:18:34 PM org.apache.http.impl.execchain.RetryExec execute
INFO: Retrying request to {}-&gt;http://ondemand.saucelabs.com:443
Aug 15, 2016 12:18:34 PM org.apache.http.impl.execchain.RetryExec execute
INFO: I/O exception (org.apache.http.NoHttpResponseException) caught when processing request to {}-&gt;http://ondemand.saucelabs.com:443: The target server failed to respond
Aug 15, 2016 12:18:34 PM org.apache.http.impl.execchain.RetryExec execute
INFO: Retrying request to {}-&gt;http://ondemand.saucelabs.com:443
Aug 15, 2016 12:18:34 PM org.apache.http.impl.execchain.RetryExec execute
INFO: I/O exception (org.apache.http.NoHttpResponseException) caught when processing request to {}-&gt;http://ondemand.saucelabs.com:443: The target server failed to respond
Aug 15, 2016 12:18:34 PM org.apache.http.impl.execchain.RetryExec execute
INFO: Retrying request to {}-&gt;http://ondemand.saucelabs.com:443
</system-err>
  </testcase>
  <testcase classname="com.yourcompany.SampleSauceTest" name="verifyTitleTest[7]" time="0.001">
    <error type="java.lang.NullPointerException">java.lang.NullPointerException
	at com.yourcompany.SampleSauceTest.tearDown(SampleSauceTest.java:235)
	at sun.reflect.GeneratedMethodAccessor37.invoke(Unknown Source)
	at sun.reflect.DelegatingMethodAccessorImpl.invoke(DelegatingMethodAccessorImpl.java:43)
	at java.lang.reflect.Method.invoke(Method.java:497)
	at org.junit.runners.model.FrameworkMethod$1.runReflectiveCall(FrameworkMethod.java:47)
	at org.junit.internal.runners.model.ReflectiveCallable.run(ReflectiveCallable.java:12)
	at org.junit.runners.model.FrameworkMethod.invokeExplosively(FrameworkMethod.java:44)
	at org.junit.internal.runners.statements.RunAfters.evaluate(RunAfters.java:33)
	at org.junit.rules.TestWatcher$1.evaluate(TestWatcher.java:55)
	at org.junit.rules.TestWatcher$1.evaluate(TestWatcher.java:55)
	at org.junit.rules.RunRules.evaluate(RunRules.java:20)
	at org.junit.runners.ParentRunner.runLeaf(ParentRunner.java:271)
	at org.junit.runners.BlockJUnit4ClassRunner.runChild(BlockJUnit4ClassRunner.java:70)
	at com.saucelabs.junit.ConcurrentParameterized$SauceClassRunnerForParameters.access$300(ConcurrentParameterized.java:170)
	at com.saucelabs.junit.ConcurrentParameterized$SauceClassRunnerForParameters$2.run(ConcurrentParameterized.java:287)
	at com.saucelabs.junit.ConcurrentParameterized$NonBlockingAsynchronousRunner$1.call(ConcurrentParameterized.java:312)
	at java.util.concurrent.FutureTask.run(FutureTask.java:266)
	at java.util.concurrent.ThreadPoolExecutor.runWorker(ThreadPoolExecutor.java:1142)
	at java.util.concurrent.ThreadPoolExecutor$Worker.run(ThreadPoolExecutor.java:617)
	at java.lang.Thread.run(Thread.java:745)
</error>
    <system-err>Aug 15, 2016 12:17:06 PM org.apache.http.impl.execchain.RetryExec execute
INFO: I/O exception (org.apache.http.NoHttpResponseException) caught when processing request to {}-&gt;http://ondemand.saucelabs.com:443: The target server failed to respond
Aug 15, 2016 12:17:06 PM org.apache.http.impl.execchain.RetryExec execute
INFO: Retrying request to {}-&gt;http://ondemand.saucelabs.com:443
Aug 15, 2016 12:17:06 PM org.apache.http.impl.execchain.RetryExec execute
INFO: I/O exception (org.apache.http.NoHttpResponseException) caught when processing request to {}-&gt;http://ondemand.saucelabs.com:443: The target server failed to respond
Aug 15, 2016 12:17:06 PM org.apache.http.impl.execchain.RetryExec execute
INFO: Retrying request to {}-&gt;http://ondemand.saucelabs.com:443
Aug 15, 2016 12:17:06 PM org.apache.http.impl.execchain.RetryExec execute
INFO: I/O exception (org.apache.http.NoHttpResponseException) caught when processing request to {}-&gt;http://ondemand.saucelabs.com:443: The target server failed to respond
Aug 15, 2016 12:17:06 PM org.apache.http.impl.execchain.RetryExec execute
INFO: Retrying request to {}-&gt;http://ondemand.saucelabs.com:443
Aug 15, 2016 12:17:59 PM org.apache.http.impl.execchain.RetryExec execute
INFO: I/O exception (org.apache.http.NoHttpResponseException) caught when processing request to {}-&gt;http://ondemand.saucelabs.com:443: The target server failed to respond
Aug 15, 2016 12:17:59 PM org.apache.http.impl.execchain.RetryExec execute
INFO: Retrying request to {}-&gt;http://ondemand.saucelabs.com:443
Aug 15, 2016 12:17:59 PM org.apache.http.impl.execchain.RetryExec execute
INFO: I/O exception (org.apache.http.NoHttpResponseException) caught when processing request to {}-&gt;http://ondemand.saucelabs.com:443: The target server failed to respond
Aug 15, 2016 12:17:59 PM org.apache.http.impl.execchain.RetryExec execute
INFO: Retrying request to {}-&gt;http://ondemand.saucelabs.com:443
Aug 15, 2016 12:17:59 PM org.apache.http.impl.execchain.RetryExec execute
INFO: I/O exception (org.apache.http.NoHttpResponseException) caught when processing request to {}-&gt;http://ondemand.saucelabs.com:443: The target server failed to respond
Aug 15, 2016 12:17:59 PM org.apache.http.impl.execchain.RetryExec execute
INFO: Retrying request to {}-&gt;http://ondemand.saucelabs.com:443
</system-err>
  </testcase>
  <testcase classname="com.yourcompany.SampleSauceTest" name="verifyTitleTest[3]" time="0.001">
    <failure message="expected:&lt;[Welcome] | Sauce Labs&gt; but was:&lt;[Selenium Testing, Mobile Testing, JS Unit Testing] | Sauce Labs&gt;" type="org.junit.ComparisonFailure">org.junit.ComparisonFailure: expected:&lt;[Welcome] | Sauce Labs&gt; but was:&lt;[Selenium Testing, Mobile Testing, JS Unit Testing] | Sauce Labs&gt;
	at org.junit.Assert.assertEquals(Assert.java:115)
	at org.junit.Assert.assertEquals(Assert.java:144)
	at com.yourcompany.SampleSauceTest.verifyTitleTest(SampleSauceTest.java:187)
	at sun.reflect.NativeMethodAccessorImpl.invoke0(Native Method)
	at sun.reflect.NativeMethodAccessorImpl.invoke(NativeMethodAccessorImpl.java:62)
	at sun.reflect.DelegatingMethodAccessorImpl.invoke(DelegatingMethodAccessorImpl.java:43)
	at java.lang.reflect.Method.invoke(Method.java:497)
	at org.junit.runners.model.FrameworkMethod$1.runReflectiveCall(FrameworkMethod.java:47)
	at org.junit.internal.runners.model.ReflectiveCallable.run(ReflectiveCallable.java:12)
	at org.junit.runners.model.FrameworkMethod.invokeExplosively(FrameworkMethod.java:44)
	at org.junit.internal.runners.statements.InvokeMethod.evaluate(InvokeMethod.java:17)
	at org.junit.internal.runners.statements.RunBefores.evaluate(RunBefores.java:26)
	at org.junit.internal.runners.statements.RunAfters.evaluate(RunAfters.java:27)
	at org.junit.rules.TestWatcher$1.evaluate(TestWatcher.java:55)
	at org.junit.rules.TestWatcher$1.evaluate(TestWatcher.java:55)
	at org.junit.rules.RunRules.evaluate(RunRules.java:20)
	at org.junit.runners.ParentRunner.runLeaf(ParentRunner.java:271)
	at org.junit.runners.BlockJUnit4ClassRunner.runChild(BlockJUnit4ClassRunner.java:70)
	at com.saucelabs.junit.ConcurrentParameterized$SauceClassRunnerForParameters.access$300(ConcurrentParameterized.java:170)
	at com.saucelabs.junit.ConcurrentParameterized$SauceClassRunnerForParameters$2.run(ConcurrentParameterized.java:287)
	at com.saucelabs.junit.ConcurrentParameterized$NonBlockingAsynchronousRunner$1.call(ConcurrentParameterized.java:312)
	at java.util.concurrent.FutureTask.run(FutureTask.java:266)
	at java.util.concurrent.ThreadPoolExecutor.runWorker(ThreadPoolExecutor.java:1142)
	at java.util.concurrent.ThreadPoolExecutor$Worker.run(ThreadPoolExecutor.java:617)
	at java.lang.Thread.run(Thread.java:745)
</failure>
    <system-out>SauceOnDemandSessionID=c23d234ad0494a00984a8da450c5ceba job-name=verifyTitleTest[3] : (Windows XP chrome latest)
SauceOnDemandSessionID=c23d234ad0494a00984a8da450c5ceba job-name=com.yourcompany.SampleSauceTest.verifyTitleTest[3]
Job link: https://saucelabs.com/jobs/c23d234ad0494a00984a8da450c5ceba?auth=604f08288373b8167e425726a6bab0a8
</system-out>
  </testcase>
  <testcase classname="com.yourcompany.SampleSauceTest" name="freeTrialTest[5]" time="0.002">
    <error message="Could not find element: {&quot;using&quot;:&quot;id&quot;,&quot;value&quot;:&quot;first_name&quot;} (WARNING: The server did not provide any stacktrace information)
Command duration or timeout: 15 milliseconds
For documentation on this error, please visit: http://seleniumhq.org/exceptions/no_such_element.html
Build info: version: &apos;2.48.0&apos;, revision: &apos;b7b081a&apos;, time: &apos;2015-10-07 15:48:56&apos;
System info: host: &apos;itako51211.prod.miso&apos;, ip: &apos;172.20.51.211&apos;, os.name: &apos;Mac OS X&apos;, os.arch: &apos;x86_64&apos;, os.version: &apos;10.8.5&apos;, java.version: &apos;1.8.0_74&apos;
Driver info: org.openqa.selenium.safari.SafariDriver
Capabilities [{browserName=safari, takesScreenshot=true, javascriptEnabled=true, version=6.2.8, cssSelectorsEnabled=true, platform=MAC, secureSsl=true}]
Session ID: null
*** Element info: {Using=id, value=first_name}
Command duration or timeout: 70 milliseconds
For documentation on this error, please visit: http://seleniumhq.org/exceptions/no_such_element.html
Build info: version: &apos;2.45.0&apos;, revision: &apos;5017cb8e7ca8e37638dc3091b2440b90a1d8686f&apos;, time: &apos;2015-02-27 09:10:26&apos;
System info: host: &apos;Sauces-MacBook-Air-5.local&apos;, ip: &apos;192.168.17.8&apos;, os.name: &apos;Mac OS X&apos;, os.arch: &apos;x86_64&apos;, os.version: &apos;10.10.5&apos;, java.version: &apos;1.8.0_45&apos;
Driver info: org.openqa.selenium.remote.RemoteWebDriver
Capabilities [{webdriver.remote.sessionid=430a638d367d41c0bbde5fb44a560b47, takesScreenshot=true, browserName=safari, javascriptEnabled=true, hasMetadata=true, version=6.2.8, cssSelectorsEnabled=true, platform=MAC, secureSsl=true}]
Session ID: 430a638d367d41c0bbde5fb44a560b47
*** Element info: {Using=id, value=first_name}" type="org.openqa.selenium.NoSuchElementException">org.openqa.selenium.NoSuchElementException: Could not find element: {&quot;using&quot;:&quot;id&quot;,&quot;value&quot;:&quot;first_name&quot;} (WARNING: The server did not provide any stacktrace information)
Command duration or timeout: 15 milliseconds
For documentation on this error, please visit: http://seleniumhq.org/exceptions/no_such_element.html
Build info: version: &apos;2.48.0&apos;, revision: &apos;b7b081a&apos;, time: &apos;2015-10-07 15:48:56&apos;
System info: host: &apos;itako51211.prod.miso&apos;, ip: &apos;172.20.51.211&apos;, os.name: &apos;Mac OS X&apos;, os.arch: &apos;x86_64&apos;, os.version: &apos;10.8.5&apos;, java.version: &apos;1.8.0_74&apos;
Driver info: org.openqa.selenium.safari.SafariDriver
Capabilities [{browserName=safari, takesScreenshot=true, javascriptEnabled=true, version=6.2.8, cssSelectorsEnabled=true, platform=MAC, secureSsl=true}]
Session ID: null
*** Element info: {Using=id, value=first_name}
Command duration or timeout: 70 milliseconds
For documentation on this error, please visit: http://seleniumhq.org/exceptions/no_such_element.html
Build info: version: &apos;2.45.0&apos;, revision: &apos;5017cb8e7ca8e37638dc3091b2440b90a1d8686f&apos;, time: &apos;2015-02-27 09:10:26&apos;
System info: host: &apos;Sauces-MacBook-Air-5.local&apos;, ip: &apos;192.168.17.8&apos;, os.name: &apos;Mac OS X&apos;, os.arch: &apos;x86_64&apos;, os.version: &apos;10.10.5&apos;, java.version: &apos;1.8.0_45&apos;
Driver info: org.openqa.selenium.remote.RemoteWebDriver
Capabilities [{webdriver.remote.sessionid=430a638d367d41c0bbde5fb44a560b47, takesScreenshot=true, browserName=safari, javascriptEnabled=true, hasMetadata=true, version=6.2.8, cssSelectorsEnabled=true, platform=MAC, secureSsl=true}]
Session ID: 430a638d367d41c0bbde5fb44a560b47
*** Element info: {Using=id, value=first_name}
	at sun.reflect.NativeConstructorAccessorImpl.newInstance0(Native Method)
	at sun.reflect.NativeConstructorAccessorImpl.newInstance(NativeConstructorAccessorImpl.java:62)
	at sun.reflect.DelegatingConstructorAccessorImpl.newInstance(DelegatingConstructorAccessorImpl.java:45)
	at java.lang.reflect.Constructor.newInstance(Constructor.java:422)
	at org.openqa.selenium.remote.ErrorHandler.createThrowable(ErrorHandler.java:204)
	at org.openqa.selenium.remote.ErrorHandler.throwIfResponseFailed(ErrorHandler.java:156)
	at org.openqa.selenium.remote.RemoteWebDriver.execute(RemoteWebDriver.java:599)
	at org.openqa.selenium.remote.RemoteWebDriver.findElement(RemoteWebDriver.java:352)
	at org.openqa.selenium.remote.RemoteWebDriver.findElementById(RemoteWebDriver.java:393)
	at org.openqa.selenium.By$ById.findElement(By.java:214)
	at org.openqa.selenium.remote.RemoteWebDriver.findElement(RemoteWebDriver.java:344)
	at com.yourcompany.SampleSauceTest.freeTrialTest(SampleSauceTest.java:218)
	at sun.reflect.NativeMethodAccessorImpl.invoke0(Native Method)
	at sun.reflect.NativeMethodAccessorImpl.invoke(NativeMethodAccessorImpl.java:62)
	at sun.reflect.DelegatingMethodAccessorImpl.invoke(DelegatingMethodAccessorImpl.java:43)
	at java.lang.reflect.Method.invoke(Method.java:497)
	at org.junit.runners.model.FrameworkMethod$1.runReflectiveCall(FrameworkMethod.java:47)
	at org.junit.internal.runners.model.ReflectiveCallable.run(ReflectiveCallable.java:12)
	at org.junit.runners.model.FrameworkMethod.invokeExplosively(FrameworkMethod.java:44)
	at org.junit.internal.runners.statements.InvokeMethod.evaluate(InvokeMethod.java:17)
	at org.junit.internal.runners.statements.RunBefores.evaluate(RunBefores.java:26)
	at org.junit.internal.runners.statements.RunAfters.evaluate(RunAfters.java:27)
	at org.junit.rules.TestWatcher$1.evaluate(TestWatcher.java:55)
	at org.junit.rules.TestWatcher$1.evaluate(TestWatcher.java:55)
	at org.junit.rules.RunRules.evaluate(RunRules.java:20)
	at org.junit.runners.ParentRunner.runLeaf(ParentRunner.java:271)
	at org.junit.runners.BlockJUnit4ClassRunner.runChild(BlockJUnit4ClassRunner.java:70)
	at com.saucelabs.junit.ConcurrentParameterized$SauceClassRunnerForParameters.access$300(ConcurrentParameterized.java:170)
	at com.saucelabs.junit.ConcurrentParameterized$SauceClassRunnerForParameters$2.run(ConcurrentParameterized.java:287)
	at com.saucelabs.junit.ConcurrentParameterized$NonBlockingAsynchronousRunner$1.call(ConcurrentParameterized.java:312)
	at java.util.concurrent.FutureTask.run(FutureTask.java:266)
	at java.util.concurrent.ThreadPoolExecutor.runWorker(ThreadPoolExecutor.java:1142)
	at java.util.concurrent.ThreadPoolExecutor$Worker.run(ThreadPoolExecutor.java:617)
	at java.lang.Thread.run(Thread.java:745)
Caused by: org.openqa.selenium.NoSuchElementException: Could not find element: {&quot;using&quot;:&quot;id&quot;,&quot;value&quot;:&quot;first_name&quot;} (WARNING: The server did not provide any stacktrace information)
Command duration or timeout: 15 milliseconds
For documentation on this error, please visit: http://seleniumhq.org/exceptions/no_such_element.html
Build info: version: &apos;2.48.0&apos;, revision: &apos;b7b081a&apos;, time: &apos;2015-10-07 15:48:56&apos;
System info: host: &apos;itako51211.prod.miso&apos;, ip: &apos;172.20.51.211&apos;, os.name: &apos;Mac OS X&apos;, os.arch: &apos;x86_64&apos;, os.version: &apos;10.8.5&apos;, java.version: &apos;1.8.0_74&apos;
Driver info: org.openqa.selenium.safari.SafariDriver
Capabilities [{browserName=safari, takesScreenshot=true, javascriptEnabled=true, version=6.2.8, cssSelectorsEnabled=true, platform=MAC, secureSsl=true}]
Session ID: null
*** Element info: {Using=id, value=first_name}
For documentation on this error, please visit: http://seleniumhq.org/exceptions/no_such_element.html
Build info: version: &apos;2.45.0&apos;, revision: &apos;5017cb8e7ca8e37638dc3091b2440b90a1d8686f&apos;, time: &apos;2015-02-27 09:10:26&apos;
System info: host: &apos;Sauces-MacBook-Air-5.local&apos;, ip: &apos;192.168.17.8&apos;, os.name: &apos;Mac OS X&apos;, os.arch: &apos;x86_64&apos;, os.version: &apos;10.10.5&apos;, java.version: &apos;1.8.0_45&apos;
Driver info: driver.version: EventFiringWebDriver
	at sun.reflect.NativeConstructorAccessorImpl.newInstance0(Native Method)
	at sun.reflect.NativeConstructorAccessorImpl.newInstance(NativeConstructorAccessorImpl.java:62)
	at sun.reflect.DelegatingConstructorAccessorImpl.newInstance(DelegatingConstructorAccessorImpl.java:45)
	at java.lang.reflect.Constructor.newInstance(Constructor.java:423)
	at org.openqa.selenium.remote.ErrorHandler.createThrowable(ErrorHandler.java:206)
	at org.openqa.selenium.remote.ErrorHandler.throwIfResponseFailed(ErrorHandler.java:158)
	at org.openqa.selenium.remote.RemoteWebDriver.execute(RemoteWebDriver.java:647)
	at org.openqa.selenium.remote.RemoteWebDriver.findElement(RemoteWebDriver.java:353)
	at org.openqa.selenium.remote.RemoteWebDriver.findElementById(RemoteWebDriver.java:403)
	at org.openqa.selenium.By$ById.findElement(By.java:218)
	at org.openqa.selenium.remote.RemoteWebDriver.findElement(RemoteWebDriver.java:345)
	at sun.reflect.NativeMethodAccessorImpl.invoke0(Native Method)
	at sun.reflect.NativeMethodAccessorImpl.invoke(NativeMethodAccessorImpl.java:62)
	at sun.reflect.DelegatingMethodAccessorImpl.invoke(DelegatingMethodAccessorImpl.java:43)
	at java.lang.reflect.Method.invoke(Method.java:498)
	at org.openqa.selenium.support.events.EventFiringWebDriver$2.invoke(EventFiringWebDriver.java:102)
	at com.sun.proxy.$Proxy1.findElement(Unknown Source)
	at org.openqa.selenium.support.events.EventFiringWebDriver.findElement(EventFiringWebDriver.java:187)
	at org.openqa.selenium.remote.server.handler.FindElement.call(FindElement.java:48)
	at org.openqa.selenium.remote.server.handler.FindElement.call(FindElement.java:1)
	at java.util.concurrent.FutureTask.run(FutureTask.java:266)
	at org.openqa.selenium.remote.server.DefaultSession$1.run(DefaultSession.java:176)
	... 3 more
</error>
    <system-out>SauceOnDemandSessionID=430a638d367d41c0bbde5fb44a560b47 job-name=freeTrialTest[5] : (OSX 10.8 safari 6)
SauceOnDemandSessionID=430a638d367d41c0bbde5fb44a560b47 job-name=com.yourcompany.SampleSauceTest.freeTrialTest[5]
Job link: https://saucelabs.com/jobs/430a638d367d41c0bbde5fb44a560b47?auth=de193f6caf882c093fa1c91b597b5504
</system-out>
  </testcase>
  <testcase classname="com.yourcompany.SampleSauceTest" name="loginTest[13]" time="24.824"/>
  <testcase classname="com.yourcompany.SampleSauceTest" name="loginTest[4]" time="28.734"/>
  <testcase classname="com.yourcompany.SampleSauceTest" name="freeTrialTest[0]" time="0.002">
    <error message="Unable to find element with id == first_name (WARNING: The server did not provide any stacktrace information)
Command duration or timeout: 289 milliseconds
For documentation on this error, please visit: http://seleniumhq.org/exceptions/no_such_element.html
Build info: version: &apos;2.53.1&apos;, revision: &apos;a36b8b1&apos;, time: &apos;2016-06-30 17:37:03&apos;
System info: host: &apos;WIN-HLEK05V71GA&apos;, ip: &apos;172.20.115.228&apos;, os.name: &apos;Windows Server 2012 R2&apos;, os.arch: &apos;x86&apos;, os.version: &apos;6.3&apos;, java.version: &apos;1.8.0_91&apos;
Driver info: org.openqa.selenium.ie.InternetExplorerDriver
Capabilities [{browserAttachTimeout=0, ie.enableFullPageScreenshot=true, enablePersistentHover=true, ie.forceCreateProcessApi=false, ie.forceShellWindowsApi=false, pageLoadStrategy=normal, ignoreZoomSetting=false, ie.fileUploadDialogTimeout=3000, version=11, platform=WINDOWS, nativeEvents=true, ie.ensureCleanSession=false, elementScrollBehavior=0, ie.browserCommandLineSwitches=, requireWindowFocus=false, browserName=internet explorer, initialBrowserUrl=about:blank, javascriptEnabled=true, ignoreProtectedModeSettings=false, enableElementCacheCleanup=true, unexpectedAlertBehaviour=dismiss}]
Session ID: XXXXXXXX-XXXX-XXXX-XXXX-XXXX18fd1f24
*** Element info: {Using=id, value=first_name}
Command duration or timeout: 374 milliseconds
For documentation on this error, please visit: http://seleniumhq.org/exceptions/no_such_element.html
Build info: version: &apos;2.45.0&apos;, revision: &apos;5017cb8e7ca8e37638dc3091b2440b90a1d8686f&apos;, time: &apos;2015-02-27 09:10:26&apos;
System info: host: &apos;Sauces-MacBook-Air-5.local&apos;, ip: &apos;192.168.17.8&apos;, os.name: &apos;Mac OS X&apos;, os.arch: &apos;x86_64&apos;, os.version: &apos;10.10.5&apos;, java.version: &apos;1.8.0_45&apos;
Driver info: org.openqa.selenium.remote.RemoteWebDriver
Capabilities [{enablePersistentHover=true, ie.fileUploadDialogTimeout=3000, platform=WINDOWS, ie.ensureCleanSession=false, ie.browserCommandLineSwitches=, requireWindowFocus=false, takesScreenshot=true, browserName=internet explorer, javascriptEnabled=true, unexpectedAlertBehaviour=dismiss, browserAttachTimeout=0, ie.enableFullPageScreenshot=true, ie.forceCreateProcessApi=false, ie.forceShellWindowsApi=false, pageLoadStrategy=normal, ignoreZoomSetting=false, hasMetadata=true, version=11, nativeEvents=true, elementScrollBehavior=0, webdriver.remote.sessionid=8c97b1c203f94b2a89c525f57ccda6e6, initialBrowserUrl=about:blank, ignoreProtectedModeSettings=false, enableElementCacheCleanup=true, cssSelectorsEnabled=true}]
Session ID: 8c97b1c203f94b2a89c525f57ccda6e6
*** Element info: {Using=id, value=first_name}" type="org.openqa.selenium.NoSuchElementException">org.openqa.selenium.NoSuchElementException: Unable to find element with id == first_name (WARNING: The server did not provide any stacktrace information)
Command duration or timeout: 289 milliseconds
For documentation on this error, please visit: http://seleniumhq.org/exceptions/no_such_element.html
Build info: version: &apos;2.53.1&apos;, revision: &apos;a36b8b1&apos;, time: &apos;2016-06-30 17:37:03&apos;
System info: host: &apos;WIN-HLEK05V71GA&apos;, ip: &apos;172.20.115.228&apos;, os.name: &apos;Windows Server 2012 R2&apos;, os.arch: &apos;x86&apos;, os.version: &apos;6.3&apos;, java.version: &apos;1.8.0_91&apos;
Driver info: org.openqa.selenium.ie.InternetExplorerDriver
Capabilities [{browserAttachTimeout=0, ie.enableFullPageScreenshot=true, enablePersistentHover=true, ie.forceCreateProcessApi=false, ie.forceShellWindowsApi=false, pageLoadStrategy=normal, ignoreZoomSetting=false, ie.fileUploadDialogTimeout=3000, version=11, platform=WINDOWS, nativeEvents=true, ie.ensureCleanSession=false, elementScrollBehavior=0, ie.browserCommandLineSwitches=, requireWindowFocus=false, browserName=internet explorer, initialBrowserUrl=about:blank, javascriptEnabled=true, ignoreProtectedModeSettings=false, enableElementCacheCleanup=true, unexpectedAlertBehaviour=dismiss}]
Session ID: XXXXXXXX-XXXX-XXXX-XXXX-XXXX18fd1f24
*** Element info: {Using=id, value=first_name}
Command duration or timeout: 374 milliseconds
For documentation on this error, please visit: http://seleniumhq.org/exceptions/no_such_element.html
Build info: version: &apos;2.45.0&apos;, revision: &apos;5017cb8e7ca8e37638dc3091b2440b90a1d8686f&apos;, time: &apos;2015-02-27 09:10:26&apos;
System info: host: &apos;Sauces-MacBook-Air-5.local&apos;, ip: &apos;192.168.17.8&apos;, os.name: &apos;Mac OS X&apos;, os.arch: &apos;x86_64&apos;, os.version: &apos;10.10.5&apos;, java.version: &apos;1.8.0_45&apos;
Driver info: org.openqa.selenium.remote.RemoteWebDriver
Capabilities [{enablePersistentHover=true, ie.fileUploadDialogTimeout=3000, platform=WINDOWS, ie.ensureCleanSession=false, ie.browserCommandLineSwitches=, requireWindowFocus=false, takesScreenshot=true, browserName=internet explorer, javascriptEnabled=true, unexpectedAlertBehaviour=dismiss, browserAttachTimeout=0, ie.enableFullPageScreenshot=true, ie.forceCreateProcessApi=false, ie.forceShellWindowsApi=false, pageLoadStrategy=normal, ignoreZoomSetting=false, hasMetadata=true, version=11, nativeEvents=true, elementScrollBehavior=0, webdriver.remote.sessionid=8c97b1c203f94b2a89c525f57ccda6e6, initialBrowserUrl=about:blank, ignoreProtectedModeSettings=false, enableElementCacheCleanup=true, cssSelectorsEnabled=true}]
Session ID: 8c97b1c203f94b2a89c525f57ccda6e6
*** Element info: {Using=id, value=first_name}
	at sun.reflect.NativeConstructorAccessorImpl.newInstance0(Native Method)
	at sun.reflect.NativeConstructorAccessorImpl.newInstance(NativeConstructorAccessorImpl.java:62)
	at sun.reflect.DelegatingConstructorAccessorImpl.newInstance(DelegatingConstructorAccessorImpl.java:45)
	at java.lang.reflect.Constructor.newInstance(Constructor.java:422)
	at org.openqa.selenium.remote.ErrorHandler.createThrowable(ErrorHandler.java:204)
	at org.openqa.selenium.remote.ErrorHandler.throwIfResponseFailed(ErrorHandler.java:156)
	at org.openqa.selenium.remote.RemoteWebDriver.execute(RemoteWebDriver.java:599)
	at org.openqa.selenium.remote.RemoteWebDriver.findElement(RemoteWebDriver.java:352)
	at org.openqa.selenium.remote.RemoteWebDriver.findElementById(RemoteWebDriver.java:393)
	at org.openqa.selenium.By$ById.findElement(By.java:214)
	at org.openqa.selenium.remote.RemoteWebDriver.findElement(RemoteWebDriver.java:344)
	at com.yourcompany.SampleSauceTest.freeTrialTest(SampleSauceTest.java:218)
	at sun.reflect.NativeMethodAccessorImpl.invoke0(Native Method)
	at sun.reflect.NativeMethodAccessorImpl.invoke(NativeMethodAccessorImpl.java:62)
	at sun.reflect.DelegatingMethodAccessorImpl.invoke(DelegatingMethodAccessorImpl.java:43)
	at java.lang.reflect.Method.invoke(Method.java:497)
	at org.junit.runners.model.FrameworkMethod$1.runReflectiveCall(FrameworkMethod.java:47)
	at org.junit.internal.runners.model.ReflectiveCallable.run(ReflectiveCallable.java:12)
	at org.junit.runners.model.FrameworkMethod.invokeExplosively(FrameworkMethod.java:44)
	at org.junit.internal.runners.statements.InvokeMethod.evaluate(InvokeMethod.java:17)
	at org.junit.internal.runners.statements.RunBefores.evaluate(RunBefores.java:26)
	at org.junit.internal.runners.statements.RunAfters.evaluate(RunAfters.java:27)
	at org.junit.rules.TestWatcher$1.evaluate(TestWatcher.java:55)
	at org.junit.rules.TestWatcher$1.evaluate(TestWatcher.java:55)
	at org.junit.rules.RunRules.evaluate(RunRules.java:20)
	at org.junit.runners.ParentRunner.runLeaf(ParentRunner.java:271)
	at org.junit.runners.BlockJUnit4ClassRunner.runChild(BlockJUnit4ClassRunner.java:70)
	at com.saucelabs.junit.ConcurrentParameterized$SauceClassRunnerForParameters.access$300(ConcurrentParameterized.java:170)
	at com.saucelabs.junit.ConcurrentParameterized$SauceClassRunnerForParameters$2.run(ConcurrentParameterized.java:287)
	at com.saucelabs.junit.ConcurrentParameterized$NonBlockingAsynchronousRunner$1.call(ConcurrentParameterized.java:312)
	at java.util.concurrent.FutureTask.run(FutureTask.java:266)
	at java.util.concurrent.ThreadPoolExecutor.runWorker(ThreadPoolExecutor.java:1142)
	at java.util.concurrent.ThreadPoolExecutor$Worker.run(ThreadPoolExecutor.java:617)
	at java.lang.Thread.run(Thread.java:745)
Caused by: org.openqa.selenium.NoSuchElementException: Unable to find element with id == first_name (WARNING: The server did not provide any stacktrace information)
Command duration or timeout: 289 milliseconds
For documentation on this error, please visit: http://seleniumhq.org/exceptions/no_such_element.html
Build info: version: &apos;2.53.1&apos;, revision: &apos;a36b8b1&apos;, time: &apos;2016-06-30 17:37:03&apos;
System info: host: &apos;WIN-HLEK05V71GA&apos;, ip: &apos;172.20.115.228&apos;, os.name: &apos;Windows Server 2012 R2&apos;, os.arch: &apos;x86&apos;, os.version: &apos;6.3&apos;, java.version: &apos;1.8.0_91&apos;
Driver info: org.openqa.selenium.ie.InternetExplorerDriver
Capabilities [{browserAttachTimeout=0, ie.enableFullPageScreenshot=true, enablePersistentHover=true, ie.forceCreateProcessApi=false, ie.forceShellWindowsApi=false, pageLoadStrategy=normal, ignoreZoomSetting=false, ie.fileUploadDialogTimeout=3000, version=11, platform=WINDOWS, nativeEvents=true, ie.ensureCleanSession=false, elementScrollBehavior=0, ie.browserCommandLineSwitches=, requireWindowFocus=false, browserName=internet explorer, initialBrowserUrl=about:blank, javascriptEnabled=true, ignoreProtectedModeSettings=false, enableElementCacheCleanup=true, unexpectedAlertBehaviour=dismiss}]
Session ID: XXXXXXXX-XXXX-XXXX-XXXX-XXXX18fd1f24
*** Element info: {Using=id, value=first_name}
For documentation on this error, please visit: http://seleniumhq.org/exceptions/no_such_element.html
Build info: version: &apos;2.45.0&apos;, revision: &apos;5017cb8e7ca8e37638dc3091b2440b90a1d8686f&apos;, time: &apos;2015-02-27 09:10:26&apos;
System info: host: &apos;Sauces-MacBook-Air-5.local&apos;, ip: &apos;192.168.17.8&apos;, os.name: &apos;Mac OS X&apos;, os.arch: &apos;x86_64&apos;, os.version: &apos;10.10.5&apos;, java.version: &apos;1.8.0_45&apos;
Driver info: driver.version: EventFiringWebDriver
	at sun.reflect.NativeConstructorAccessorImpl.newInstance0(Native Method)
	at sun.reflect.NativeConstructorAccessorImpl.newInstance(Unknown Source)
	at sun.reflect.DelegatingConstructorAccessorImpl.newInstance(Unknown Source)
	at java.lang.reflect.Constructor.newInstance(Unknown Source)
	at org.openqa.selenium.remote.ErrorHandler.createThrowable(ErrorHandler.java:206)
	at org.openqa.selenium.remote.ErrorHandler.throwIfResponseFailed(ErrorHandler.java:158)
	at org.openqa.selenium.remote.RemoteWebDriver.execute(RemoteWebDriver.java:678)
	at org.openqa.selenium.remote.RemoteWebDriver.findElement(RemoteWebDriver.java:363)
	at org.openqa.selenium.remote.RemoteWebDriver.findElementById(RemoteWebDriver.java:413)
	at org.openqa.selenium.By$ById.findElement(By.java:218)
	at org.openqa.selenium.remote.RemoteWebDriver.findElement(RemoteWebDriver.java:355)
	at sun.reflect.NativeMethodAccessorImpl.invoke0(Native Method)
	at sun.reflect.NativeMethodAccessorImpl.invoke(Unknown Source)
	at sun.reflect.DelegatingMethodAccessorImpl.invoke(Unknown Source)
	at java.lang.reflect.Method.invoke(Unknown Source)
	at org.openqa.selenium.support.events.EventFiringWebDriver$2.invoke(EventFiringWebDriver.java:103)
	at com.sun.proxy.$Proxy1.findElement(Unknown Source)
	at org.openqa.selenium.support.events.EventFiringWebDriver.findElement(EventFiringWebDriver.java:188)
	at org.openqa.selenium.remote.server.handler.FindElement.call(FindElement.java:48)
	at org.openqa.selenium.remote.server.handler.FindElement.call(FindElement.java:1)
	at java.util.concurrent.FutureTask.run(Unknown Source)
	at org.openqa.selenium.remote.server.DefaultSession$1.run(DefaultSession.java:176)
	at java.util.concurrent.ThreadPoolExecutor.runWorker(Unknown Source)
	at java.util.concurrent.ThreadPoolExecutor$Worker.run(Unknown Source)
	at java.lang.Thread.run(Unknown Source)
</error>
    <system-out>SauceOnDemandSessionID=8c97b1c203f94b2a89c525f57ccda6e6 job-name=freeTrialTest[0] : (Windows 8.1 internet explorer latest)
SauceOnDemandSessionID=8c97b1c203f94b2a89c525f57ccda6e6 job-name=com.yourcompany.SampleSauceTest.freeTrialTest[0]
Job link: https://saucelabs.com/jobs/8c97b1c203f94b2a89c525f57ccda6e6?auth=696ae4301ba8a3f799d50557160a2f1a
</system-out>
  </testcase>
  <testcase classname="com.yourcompany.SampleSauceTest" name="verifyTitleTest[10]" time="0">
    <failure message="expected:&lt;[Welcome] | Sauce Labs&gt; but was:&lt;[Selenium Testing, Mobile Testing, JS Unit Testing] | Sauce Labs&gt;" type="org.junit.ComparisonFailure">org.junit.ComparisonFailure: expected:&lt;[Welcome] | Sauce Labs&gt; but was:&lt;[Selenium Testing, Mobile Testing, JS Unit Testing] | Sauce Labs&gt;
	at org.junit.Assert.assertEquals(Assert.java:115)
	at org.junit.Assert.assertEquals(Assert.java:144)
	at com.yourcompany.SampleSauceTest.verifyTitleTest(SampleSauceTest.java:187)
	at sun.reflect.NativeMethodAccessorImpl.invoke0(Native Method)
	at sun.reflect.NativeMethodAccessorImpl.invoke(NativeMethodAccessorImpl.java:62)
	at sun.reflect.DelegatingMethodAccessorImpl.invoke(DelegatingMethodAccessorImpl.java:43)
	at java.lang.reflect.Method.invoke(Method.java:497)
	at org.junit.runners.model.FrameworkMethod$1.runReflectiveCall(FrameworkMethod.java:47)
	at org.junit.internal.runners.model.ReflectiveCallable.run(ReflectiveCallable.java:12)
	at org.junit.runners.model.FrameworkMethod.invokeExplosively(FrameworkMethod.java:44)
	at org.junit.internal.runners.statements.InvokeMethod.evaluate(InvokeMethod.java:17)
	at org.junit.internal.runners.statements.RunBefores.evaluate(RunBefores.java:26)
	at org.junit.internal.runners.statements.RunAfters.evaluate(RunAfters.java:27)
	at org.junit.rules.TestWatcher$1.evaluate(TestWatcher.java:55)
	at org.junit.rules.TestWatcher$1.evaluate(TestWatcher.java:55)
	at org.junit.rules.RunRules.evaluate(RunRules.java:20)
	at org.junit.runners.ParentRunner.runLeaf(ParentRunner.java:271)
	at org.junit.runners.BlockJUnit4ClassRunner.runChild(BlockJUnit4ClassRunner.java:70)
	at com.saucelabs.junit.ConcurrentParameterized$SauceClassRunnerForParameters.access$300(ConcurrentParameterized.java:170)
	at com.saucelabs.junit.ConcurrentParameterized$SauceClassRunnerForParameters$2.run(ConcurrentParameterized.java:287)
	at com.saucelabs.junit.ConcurrentParameterized$NonBlockingAsynchronousRunner$1.call(ConcurrentParameterized.java:312)
	at java.util.concurrent.FutureTask.run(FutureTask.java:266)
	at java.util.concurrent.ThreadPoolExecutor.runWorker(ThreadPoolExecutor.java:1142)
	at java.util.concurrent.ThreadPoolExecutor$Worker.run(ThreadPoolExecutor.java:617)
	at java.lang.Thread.run(Thread.java:745)
</failure>
    <system-out>SauceOnDemandSessionID=0b6988d2616c4210aa65f438669300b5 job-name=verifyTitleTest[10] : (Windows 8 internet explorer 10)
SauceOnDemandSessionID=0b6988d2616c4210aa65f438669300b5 job-name=com.yourcompany.SampleSauceTest.verifyTitleTest[10]
Job link: https://saucelabs.com/jobs/0b6988d2616c4210aa65f438669300b5?auth=0ad1de59533f9aa6beb3191ae09eecfb
</system-out>
  </testcase>
  <testcase classname="com.yourcompany.SampleSauceTest" name="verifyTitleTest[0]" time="0.001">
    <failure message="expected:&lt;[Welcome] | Sauce Labs&gt; but was:&lt;[Selenium Testing, Mobile Testing, JS Unit Testing] | Sauce Labs&gt;" type="org.junit.ComparisonFailure">org.junit.ComparisonFailure: expected:&lt;[Welcome] | Sauce Labs&gt; but was:&lt;[Selenium Testing, Mobile Testing, JS Unit Testing] | Sauce Labs&gt;
	at org.junit.Assert.assertEquals(Assert.java:115)
	at org.junit.Assert.assertEquals(Assert.java:144)
	at com.yourcompany.SampleSauceTest.verifyTitleTest(SampleSauceTest.java:187)
	at sun.reflect.NativeMethodAccessorImpl.invoke0(Native Method)
	at sun.reflect.NativeMethodAccessorImpl.invoke(NativeMethodAccessorImpl.java:62)
	at sun.reflect.DelegatingMethodAccessorImpl.invoke(DelegatingMethodAccessorImpl.java:43)
	at java.lang.reflect.Method.invoke(Method.java:497)
	at org.junit.runners.model.FrameworkMethod$1.runReflectiveCall(FrameworkMethod.java:47)
	at org.junit.internal.runners.model.ReflectiveCallable.run(ReflectiveCallable.java:12)
	at org.junit.runners.model.FrameworkMethod.invokeExplosively(FrameworkMethod.java:44)
	at org.junit.internal.runners.statements.InvokeMethod.evaluate(InvokeMethod.java:17)
	at org.junit.internal.runners.statements.RunBefores.evaluate(RunBefores.java:26)
	at org.junit.internal.runners.statements.RunAfters.evaluate(RunAfters.java:27)
	at org.junit.rules.TestWatcher$1.evaluate(TestWatcher.java:55)
	at org.junit.rules.TestWatcher$1.evaluate(TestWatcher.java:55)
	at org.junit.rules.RunRules.evaluate(RunRules.java:20)
	at org.junit.runners.ParentRunner.runLeaf(ParentRunner.java:271)
	at org.junit.runners.BlockJUnit4ClassRunner.runChild(BlockJUnit4ClassRunner.java:70)
	at com.saucelabs.junit.ConcurrentParameterized$SauceClassRunnerForParameters.access$300(ConcurrentParameterized.java:170)
	at com.saucelabs.junit.ConcurrentParameterized$SauceClassRunnerForParameters$2.run(ConcurrentParameterized.java:287)
	at com.saucelabs.junit.ConcurrentParameterized$NonBlockingAsynchronousRunner$1.call(ConcurrentParameterized.java:312)
	at java.util.concurrent.FutureTask.run(FutureTask.java:266)
	at java.util.concurrent.ThreadPoolExecutor.runWorker(ThreadPoolExecutor.java:1142)
	at java.util.concurrent.ThreadPoolExecutor$Worker.run(ThreadPoolExecutor.java:617)
	at java.lang.Thread.run(Thread.java:745)
</failure>
    <system-out>SauceOnDemandSessionID=fd134deb99224902a583bf631be32ee9 job-name=verifyTitleTest[0] : (Windows 8.1 internet explorer latest)
SauceOnDemandSessionID=fd134deb99224902a583bf631be32ee9 job-name=com.yourcompany.SampleSauceTest.verifyTitleTest[0]
Job link: https://saucelabs.com/jobs/fd134deb99224902a583bf631be32ee9?auth=9b28661ec3c970486e594fd887ca1a2f
</system-out>
  </testcase>
  <testcase classname="com.yourcompany.SampleSauceTest" name="loginTest[0]" time="20.178"/>
  <testcase classname="com.yourcompany.SampleSauceTest" name="loginTest[3]" time="18.085"/>
  <testcase classname="com.yourcompany.SampleSauceTest" name="freeTrialTest[1]" time="0">
    <error type="java.lang.NullPointerException">java.lang.NullPointerException
	at com.yourcompany.SampleSauceTest.tearDown(SampleSauceTest.java:235)
	at sun.reflect.NativeMethodAccessorImpl.invoke0(Native Method)
	at sun.reflect.NativeMethodAccessorImpl.invoke(NativeMethodAccessorImpl.java:62)
	at sun.reflect.DelegatingMethodAccessorImpl.invoke(DelegatingMethodAccessorImpl.java:43)
	at java.lang.reflect.Method.invoke(Method.java:497)
	at org.junit.runners.model.FrameworkMethod$1.runReflectiveCall(FrameworkMethod.java:47)
	at org.junit.internal.runners.model.ReflectiveCallable.run(ReflectiveCallable.java:12)
	at org.junit.runners.model.FrameworkMethod.invokeExplosively(FrameworkMethod.java:44)
	at org.junit.internal.runners.statements.RunAfters.evaluate(RunAfters.java:33)
	at org.junit.rules.TestWatcher$1.evaluate(TestWatcher.java:55)
	at org.junit.rules.TestWatcher$1.evaluate(TestWatcher.java:55)
	at org.junit.rules.RunRules.evaluate(RunRules.java:20)
	at org.junit.runners.ParentRunner.runLeaf(ParentRunner.java:271)
	at org.junit.runners.BlockJUnit4ClassRunner.runChild(BlockJUnit4ClassRunner.java:70)
	at com.saucelabs.junit.ConcurrentParameterized$SauceClassRunnerForParameters.access$300(ConcurrentParameterized.java:170)
	at com.saucelabs.junit.ConcurrentParameterized$SauceClassRunnerForParameters$2.run(ConcurrentParameterized.java:287)
	at com.saucelabs.junit.ConcurrentParameterized$NonBlockingAsynchronousRunner$1.call(ConcurrentParameterized.java:312)
	at java.util.concurrent.FutureTask.run(FutureTask.java:266)
	at java.util.concurrent.ThreadPoolExecutor.runWorker(ThreadPoolExecutor.java:1142)
	at java.util.concurrent.ThreadPoolExecutor$Worker.run(ThreadPoolExecutor.java:617)
	at java.lang.Thread.run(Thread.java:745)
</error>
  </testcase>
  <testcase classname="com.yourcompany.SampleSauceTest" name="freeTrialTest[2]" time="0.001">
    <error message="Unable to find element with id == first_name (WARNING: The server did not provide any stacktrace information)
Command duration or timeout: 278 milliseconds
For documentation on this error, please visit: http://seleniumhq.org/exceptions/no_such_element.html
Build info: version: &apos;2.53.1&apos;, revision: &apos;a36b8b1&apos;, time: &apos;2016-06-30 17:37:03&apos;
System info: host: &apos;WIN-R1JBAO1CNPS&apos;, ip: &apos;172.20.59.7&apos;, os.name: &apos;Windows Server 2008 R2&apos;, os.arch: &apos;x86&apos;, os.version: &apos;6.1&apos;, java.version: &apos;1.8.0_91&apos;
Driver info: org.openqa.selenium.ie.InternetExplorerDriver
Capabilities [{browserAttachTimeout=0, ie.enableFullPageScreenshot=true, enablePersistentHover=true, ie.forceCreateProcessApi=false, ie.forceShellWindowsApi=false, pageLoadStrategy=normal, ignoreZoomSetting=false, ie.fileUploadDialogTimeout=3000, version=10, platform=WINDOWS, nativeEvents=true, ie.ensureCleanSession=false, elementScrollBehavior=0, ie.browserCommandLineSwitches=, requireWindowFocus=false, browserName=internet explorer, initialBrowserUrl=about:blank, javascriptEnabled=true, ignoreProtectedModeSettings=false, enableElementCacheCleanup=true, unexpectedAlertBehaviour=dismiss}]
Session ID: XXXXXXXX-XXXX-XXXX-XXXX-XXXX28b44042
*** Element info: {Using=id, value=first_name}
Command duration or timeout: 355 milliseconds
For documentation on this error, please visit: http://seleniumhq.org/exceptions/no_such_element.html
Build info: version: &apos;2.45.0&apos;, revision: &apos;5017cb8e7ca8e37638dc3091b2440b90a1d8686f&apos;, time: &apos;2015-02-27 09:10:26&apos;
System info: host: &apos;Sauces-MacBook-Air-5.local&apos;, ip: &apos;192.168.17.8&apos;, os.name: &apos;Mac OS X&apos;, os.arch: &apos;x86_64&apos;, os.version: &apos;10.10.5&apos;, java.version: &apos;1.8.0_45&apos;
Driver info: org.openqa.selenium.remote.RemoteWebDriver
Capabilities [{enablePersistentHover=true, ie.fileUploadDialogTimeout=3000, platform=WINDOWS, ie.ensureCleanSession=false, ie.browserCommandLineSwitches=, requireWindowFocus=false, takesScreenshot=true, browserName=internet explorer, javascriptEnabled=true, unexpectedAlertBehaviour=dismiss, browserAttachTimeout=0, ie.enableFullPageScreenshot=true, ie.forceCreateProcessApi=false, ie.forceShellWindowsApi=false, pageLoadStrategy=normal, ignoreZoomSetting=false, hasMetadata=true, version=10, nativeEvents=true, elementScrollBehavior=0, webdriver.remote.sessionid=73edd0e500ba4e9b8d2c1f68f5ce6b41, initialBrowserUrl=about:blank, ignoreProtectedModeSettings=false, enableElementCacheCleanup=true, cssSelectorsEnabled=true}]
Session ID: 73edd0e500ba4e9b8d2c1f68f5ce6b41
*** Element info: {Using=id, value=first_name}" type="org.openqa.selenium.NoSuchElementException">org.openqa.selenium.NoSuchElementException: Unable to find element with id == first_name (WARNING: The server did not provide any stacktrace information)
Command duration or timeout: 278 milliseconds
For documentation on this error, please visit: http://seleniumhq.org/exceptions/no_such_element.html
Build info: version: &apos;2.53.1&apos;, revision: &apos;a36b8b1&apos;, time: &apos;2016-06-30 17:37:03&apos;
System info: host: &apos;WIN-R1JBAO1CNPS&apos;, ip: &apos;172.20.59.7&apos;, os.name: &apos;Windows Server 2008 R2&apos;, os.arch: &apos;x86&apos;, os.version: &apos;6.1&apos;, java.version: &apos;1.8.0_91&apos;
Driver info: org.openqa.selenium.ie.InternetExplorerDriver
Capabilities [{browserAttachTimeout=0, ie.enableFullPageScreenshot=true, enablePersistentHover=true, ie.forceCreateProcessApi=false, ie.forceShellWindowsApi=false, pageLoadStrategy=normal, ignoreZoomSetting=false, ie.fileUploadDialogTimeout=3000, version=10, platform=WINDOWS, nativeEvents=true, ie.ensureCleanSession=false, elementScrollBehavior=0, ie.browserCommandLineSwitches=, requireWindowFocus=false, browserName=internet explorer, initialBrowserUrl=about:blank, javascriptEnabled=true, ignoreProtectedModeSettings=false, enableElementCacheCleanup=true, unexpectedAlertBehaviour=dismiss}]
Session ID: XXXXXXXX-XXXX-XXXX-XXXX-XXXX28b44042
*** Element info: {Using=id, value=first_name}
Command duration or timeout: 355 milliseconds
For documentation on this error, please visit: http://seleniumhq.org/exceptions/no_such_element.html
Build info: version: &apos;2.45.0&apos;, revision: &apos;5017cb8e7ca8e37638dc3091b2440b90a1d8686f&apos;, time: &apos;2015-02-27 09:10:26&apos;
System info: host: &apos;Sauces-MacBook-Air-5.local&apos;, ip: &apos;192.168.17.8&apos;, os.name: &apos;Mac OS X&apos;, os.arch: &apos;x86_64&apos;, os.version: &apos;10.10.5&apos;, java.version: &apos;1.8.0_45&apos;
Driver info: org.openqa.selenium.remote.RemoteWebDriver
Capabilities [{enablePersistentHover=true, ie.fileUploadDialogTimeout=3000, platform=WINDOWS, ie.ensureCleanSession=false, ie.browserCommandLineSwitches=, requireWindowFocus=false, takesScreenshot=true, browserName=internet explorer, javascriptEnabled=true, unexpectedAlertBehaviour=dismiss, browserAttachTimeout=0, ie.enableFullPageScreenshot=true, ie.forceCreateProcessApi=false, ie.forceShellWindowsApi=false, pageLoadStrategy=normal, ignoreZoomSetting=false, hasMetadata=true, version=10, nativeEvents=true, elementScrollBehavior=0, webdriver.remote.sessionid=73edd0e500ba4e9b8d2c1f68f5ce6b41, initialBrowserUrl=about:blank, ignoreProtectedModeSettings=false, enableElementCacheCleanup=true, cssSelectorsEnabled=true}]
Session ID: 73edd0e500ba4e9b8d2c1f68f5ce6b41
*** Element info: {Using=id, value=first_name}
	at sun.reflect.NativeConstructorAccessorImpl.newInstance0(Native Method)
	at sun.reflect.NativeConstructorAccessorImpl.newInstance(NativeConstructorAccessorImpl.java:62)
	at sun.reflect.DelegatingConstructorAccessorImpl.newInstance(DelegatingConstructorAccessorImpl.java:45)
	at java.lang.reflect.Constructor.newInstance(Constructor.java:422)
	at org.openqa.selenium.remote.ErrorHandler.createThrowable(ErrorHandler.java:204)
	at org.openqa.selenium.remote.ErrorHandler.throwIfResponseFailed(ErrorHandler.java:156)
	at org.openqa.selenium.remote.RemoteWebDriver.execute(RemoteWebDriver.java:599)
	at org.openqa.selenium.remote.RemoteWebDriver.findElement(RemoteWebDriver.java:352)
	at org.openqa.selenium.remote.RemoteWebDriver.findElementById(RemoteWebDriver.java:393)
	at org.openqa.selenium.By$ById.findElement(By.java:214)
	at org.openqa.selenium.remote.RemoteWebDriver.findElement(RemoteWebDriver.java:344)
	at com.yourcompany.SampleSauceTest.freeTrialTest(SampleSauceTest.java:218)
	at sun.reflect.NativeMethodAccessorImpl.invoke0(Native Method)
	at sun.reflect.NativeMethodAccessorImpl.invoke(NativeMethodAccessorImpl.java:62)
	at sun.reflect.DelegatingMethodAccessorImpl.invoke(DelegatingMethodAccessorImpl.java:43)
	at java.lang.reflect.Method.invoke(Method.java:497)
	at org.junit.runners.model.FrameworkMethod$1.runReflectiveCall(FrameworkMethod.java:47)
	at org.junit.internal.runners.model.ReflectiveCallable.run(ReflectiveCallable.java:12)
	at org.junit.runners.model.FrameworkMethod.invokeExplosively(FrameworkMethod.java:44)
	at org.junit.internal.runners.statements.InvokeMethod.evaluate(InvokeMethod.java:17)
	at org.junit.internal.runners.statements.RunBefores.evaluate(RunBefores.java:26)
	at org.junit.internal.runners.statements.RunAfters.evaluate(RunAfters.java:27)
	at org.junit.rules.TestWatcher$1.evaluate(TestWatcher.java:55)
	at org.junit.rules.TestWatcher$1.evaluate(TestWatcher.java:55)
	at org.junit.rules.RunRules.evaluate(RunRules.java:20)
	at org.junit.runners.ParentRunner.runLeaf(ParentRunner.java:271)
	at org.junit.runners.BlockJUnit4ClassRunner.runChild(BlockJUnit4ClassRunner.java:70)
	at com.saucelabs.junit.ConcurrentParameterized$SauceClassRunnerForParameters.access$300(ConcurrentParameterized.java:170)
	at com.saucelabs.junit.ConcurrentParameterized$SauceClassRunnerForParameters$2.run(ConcurrentParameterized.java:287)
	at com.saucelabs.junit.ConcurrentParameterized$NonBlockingAsynchronousRunner$1.call(ConcurrentParameterized.java:312)
	at java.util.concurrent.FutureTask.run(FutureTask.java:266)
	at java.util.concurrent.ThreadPoolExecutor.runWorker(ThreadPoolExecutor.java:1142)
	at java.util.concurrent.ThreadPoolExecutor$Worker.run(ThreadPoolExecutor.java:617)
	at java.lang.Thread.run(Thread.java:745)
Caused by: org.openqa.selenium.NoSuchElementException: Unable to find element with id == first_name (WARNING: The server did not provide any stacktrace information)
Command duration or timeout: 278 milliseconds
For documentation on this error, please visit: http://seleniumhq.org/exceptions/no_such_element.html
Build info: version: &apos;2.53.1&apos;, revision: &apos;a36b8b1&apos;, time: &apos;2016-06-30 17:37:03&apos;
System info: host: &apos;WIN-R1JBAO1CNPS&apos;, ip: &apos;172.20.59.7&apos;, os.name: &apos;Windows Server 2008 R2&apos;, os.arch: &apos;x86&apos;, os.version: &apos;6.1&apos;, java.version: &apos;1.8.0_91&apos;
Driver info: org.openqa.selenium.ie.InternetExplorerDriver
Capabilities [{browserAttachTimeout=0, ie.enableFullPageScreenshot=true, enablePersistentHover=true, ie.forceCreateProcessApi=false, ie.forceShellWindowsApi=false, pageLoadStrategy=normal, ignoreZoomSetting=false, ie.fileUploadDialogTimeout=3000, version=10, platform=WINDOWS, nativeEvents=true, ie.ensureCleanSession=false, elementScrollBehavior=0, ie.browserCommandLineSwitches=, requireWindowFocus=false, browserName=internet explorer, initialBrowserUrl=about:blank, javascriptEnabled=true, ignoreProtectedModeSettings=false, enableElementCacheCleanup=true, unexpectedAlertBehaviour=dismiss}]
Session ID: XXXXXXXX-XXXX-XXXX-XXXX-XXXX28b44042
*** Element info: {Using=id, value=first_name}
For documentation on this error, please visit: http://seleniumhq.org/exceptions/no_such_element.html
Build info: version: &apos;2.45.0&apos;, revision: &apos;5017cb8e7ca8e37638dc3091b2440b90a1d8686f&apos;, time: &apos;2015-02-27 09:10:26&apos;
System info: host: &apos;Sauces-MacBook-Air-5.local&apos;, ip: &apos;192.168.17.8&apos;, os.name: &apos;Mac OS X&apos;, os.arch: &apos;x86_64&apos;, os.version: &apos;10.10.5&apos;, java.version: &apos;1.8.0_45&apos;
Driver info: driver.version: EventFiringWebDriver
	at sun.reflect.NativeConstructorAccessorImpl.newInstance0(Native Method)
	at sun.reflect.NativeConstructorAccessorImpl.newInstance(Unknown Source)
	at sun.reflect.DelegatingConstructorAccessorImpl.newInstance(Unknown Source)
	at java.lang.reflect.Constructor.newInstance(Unknown Source)
	at org.openqa.selenium.remote.ErrorHandler.createThrowable(ErrorHandler.java:206)
	at org.openqa.selenium.remote.ErrorHandler.throwIfResponseFailed(ErrorHandler.java:158)
	at org.openqa.selenium.remote.RemoteWebDriver.execute(RemoteWebDriver.java:678)
	at org.openqa.selenium.remote.RemoteWebDriver.findElement(RemoteWebDriver.java:363)
	at org.openqa.selenium.remote.RemoteWebDriver.findElementById(RemoteWebDriver.java:413)
	at org.openqa.selenium.By$ById.findElement(By.java:218)
	at org.openqa.selenium.remote.RemoteWebDriver.findElement(RemoteWebDriver.java:355)
	at sun.reflect.NativeMethodAccessorImpl.invoke0(Native Method)
	at sun.reflect.NativeMethodAccessorImpl.invoke(Unknown Source)
	at sun.reflect.DelegatingMethodAccessorImpl.invoke(Unknown Source)
	at java.lang.reflect.Method.invoke(Unknown Source)
	at org.openqa.selenium.support.events.EventFiringWebDriver$2.invoke(EventFiringWebDriver.java:103)
	at com.sun.proxy.$Proxy1.findElement(Unknown Source)
	at org.openqa.selenium.support.events.EventFiringWebDriver.findElement(EventFiringWebDriver.java:188)
	at org.openqa.selenium.remote.server.handler.FindElement.call(FindElement.java:48)
	at org.openqa.selenium.remote.server.handler.FindElement.call(FindElement.java:1)
	at java.util.concurrent.FutureTask.run(Unknown Source)
	at org.openqa.selenium.remote.server.DefaultSession$1.run(DefaultSession.java:176)
	at java.util.concurrent.ThreadPoolExecutor.runWorker(Unknown Source)
	at java.util.concurrent.ThreadPoolExecutor$Worker.run(Unknown Source)
	at java.lang.Thread.run(Unknown Source)
</error>
    <system-out>SauceOnDemandSessionID=73edd0e500ba4e9b8d2c1f68f5ce6b41 job-name=freeTrialTest[2] : (Windows 7 internet explorer 10)
SauceOnDemandSessionID=73edd0e500ba4e9b8d2c1f68f5ce6b41 job-name=com.yourcompany.SampleSauceTest.freeTrialTest[2]
Job link: https://saucelabs.com/jobs/73edd0e500ba4e9b8d2c1f68f5ce6b41?auth=55b5338b03bb9eccf3fdfe53c7a4fd61
</system-out>
  </testcase>
  <testcase classname="com.yourcompany.SampleSauceTest" name="loginTest[2]" time="29.097"/>
  <testcase classname="com.yourcompany.SampleSauceTest" name="freeTrialTest[12]" time="0">
    <error message="no such element
  (Session info: chrome=38.0.2125.101)
  (Driver info: chromedriver=2.11.298604 (75ea2fdb5c87f133a8e1b8da16f6091fb7d5321e),platform=Windows NT 5.2 SP2 x86) (WARNING: The server did not provide any stacktrace information)
Command duration or timeout: 57 milliseconds
For documentation on this error, please visit: http://seleniumhq.org/exceptions/no_such_element.html
Build info: version: &apos;2.45.0&apos;, revision: &apos;5017cb8e7ca8e37638dc3091b2440b90a1d8686f&apos;, time: &apos;2015-02-27 09:10:26&apos;
System info: host: &apos;Sauces-MacBook-Air-5.local&apos;, ip: &apos;192.168.17.8&apos;, os.name: &apos;Mac OS X&apos;, os.arch: &apos;x86_64&apos;, os.version: &apos;10.10.5&apos;, java.version: &apos;1.8.0_45&apos;
Driver info: org.openqa.selenium.remote.RemoteWebDriver
Capabilities [{applicationCacheEnabled=false, rotatable=false, mobileEmulationEnabled=false, chrome={userDataDir=C:\DOCUME~1\ADMINI~1\LOCALS~1\Temp\scoped_dir1608_18447}, takesHeapSnapshot=true, hasMetadata=true, databaseEnabled=false, handlesAlerts=true, version=38.0.2125.101, platform=XP, browserConnectionEnabled=false, nativeEvents=true, acceptSslCerts=true, webdriver.remote.sessionid=a1da5a5386f94e2194f0b6c660533113, locationContextEnabled=true, webStorageEnabled=true, takesScreenshot=true, browserName=chrome, javascriptEnabled=true, cssSelectorsEnabled=true}]
Session ID: a1da5a5386f94e2194f0b6c660533113
*** Element info: {Using=id, value=first_name}" type="org.openqa.selenium.NoSuchElementException">org.openqa.selenium.NoSuchElementException: no such element
  (Session info: chrome=38.0.2125.101)
  (Driver info: chromedriver=2.11.298604 (75ea2fdb5c87f133a8e1b8da16f6091fb7d5321e),platform=Windows NT 5.2 SP2 x86) (WARNING: The server did not provide any stacktrace information)
Command duration or timeout: 57 milliseconds
For documentation on this error, please visit: http://seleniumhq.org/exceptions/no_such_element.html
Build info: version: &apos;2.45.0&apos;, revision: &apos;5017cb8e7ca8e37638dc3091b2440b90a1d8686f&apos;, time: &apos;2015-02-27 09:10:26&apos;
System info: host: &apos;Sauces-MacBook-Air-5.local&apos;, ip: &apos;192.168.17.8&apos;, os.name: &apos;Mac OS X&apos;, os.arch: &apos;x86_64&apos;, os.version: &apos;10.10.5&apos;, java.version: &apos;1.8.0_45&apos;
Driver info: org.openqa.selenium.remote.RemoteWebDriver
Capabilities [{applicationCacheEnabled=false, rotatable=false, mobileEmulationEnabled=false, chrome={userDataDir=C:\DOCUME~1\ADMINI~1\LOCALS~1\Temp\scoped_dir1608_18447}, takesHeapSnapshot=true, hasMetadata=true, databaseEnabled=false, handlesAlerts=true, version=38.0.2125.101, platform=XP, browserConnectionEnabled=false, nativeEvents=true, acceptSslCerts=true, webdriver.remote.sessionid=a1da5a5386f94e2194f0b6c660533113, locationContextEnabled=true, webStorageEnabled=true, takesScreenshot=true, browserName=chrome, javascriptEnabled=true, cssSelectorsEnabled=true}]
Session ID: a1da5a5386f94e2194f0b6c660533113
*** Element info: {Using=id, value=first_name}
	at sun.reflect.NativeConstructorAccessorImpl.newInstance0(Native Method)
	at sun.reflect.NativeConstructorAccessorImpl.newInstance(NativeConstructorAccessorImpl.java:62)
	at sun.reflect.DelegatingConstructorAccessorImpl.newInstance(DelegatingConstructorAccessorImpl.java:45)
	at java.lang.reflect.Constructor.newInstance(Constructor.java:422)
	at org.openqa.selenium.remote.ErrorHandler.createThrowable(ErrorHandler.java:204)
	at org.openqa.selenium.remote.ErrorHandler.throwIfResponseFailed(ErrorHandler.java:156)
	at org.openqa.selenium.remote.RemoteWebDriver.execute(RemoteWebDriver.java:599)
	at org.openqa.selenium.remote.RemoteWebDriver.findElement(RemoteWebDriver.java:352)
	at org.openqa.selenium.remote.RemoteWebDriver.findElementById(RemoteWebDriver.java:393)
	at org.openqa.selenium.By$ById.findElement(By.java:214)
	at org.openqa.selenium.remote.RemoteWebDriver.findElement(RemoteWebDriver.java:344)
	at com.yourcompany.SampleSauceTest.freeTrialTest(SampleSauceTest.java:218)
	at sun.reflect.NativeMethodAccessorImpl.invoke0(Native Method)
	at sun.reflect.NativeMethodAccessorImpl.invoke(NativeMethodAccessorImpl.java:62)
	at sun.reflect.DelegatingMethodAccessorImpl.invoke(DelegatingMethodAccessorImpl.java:43)
	at java.lang.reflect.Method.invoke(Method.java:497)
	at org.junit.runners.model.FrameworkMethod$1.runReflectiveCall(FrameworkMethod.java:47)
	at org.junit.internal.runners.model.ReflectiveCallable.run(ReflectiveCallable.java:12)
	at org.junit.runners.model.FrameworkMethod.invokeExplosively(FrameworkMethod.java:44)
	at org.junit.internal.runners.statements.InvokeMethod.evaluate(InvokeMethod.java:17)
	at org.junit.internal.runners.statements.RunBefores.evaluate(RunBefores.java:26)
	at org.junit.internal.runners.statements.RunAfters.evaluate(RunAfters.java:27)
	at org.junit.rules.TestWatcher$1.evaluate(TestWatcher.java:55)
	at org.junit.rules.TestWatcher$1.evaluate(TestWatcher.java:55)
	at org.junit.rules.RunRules.evaluate(RunRules.java:20)
	at org.junit.runners.ParentRunner.runLeaf(ParentRunner.java:271)
	at org.junit.runners.BlockJUnit4ClassRunner.runChild(BlockJUnit4ClassRunner.java:70)
	at com.saucelabs.junit.ConcurrentParameterized$SauceClassRunnerForParameters.access$300(ConcurrentParameterized.java:170)
	at com.saucelabs.junit.ConcurrentParameterized$SauceClassRunnerForParameters$2.run(ConcurrentParameterized.java:287)
	at com.saucelabs.junit.ConcurrentParameterized$NonBlockingAsynchronousRunner$1.call(ConcurrentParameterized.java:312)
	at java.util.concurrent.FutureTask.run(FutureTask.java:266)
	at java.util.concurrent.ThreadPoolExecutor.runWorker(ThreadPoolExecutor.java:1142)
	at java.util.concurrent.ThreadPoolExecutor$Worker.run(ThreadPoolExecutor.java:617)
	at java.lang.Thread.run(Thread.java:745)
</error>
    <system-out>SauceOnDemandSessionID=a1da5a5386f94e2194f0b6c660533113 job-name=freeTrialTest[12] : (Windows XP chrome 38)
SauceOnDemandSessionID=a1da5a5386f94e2194f0b6c660533113 job-name=com.yourcompany.SampleSauceTest.freeTrialTest[12]
Job link: https://saucelabs.com/jobs/a1da5a5386f94e2194f0b6c660533113?auth=36dc7d822cea02edbe30bb3f48428a8c
</system-out>
  </testcase>
  <testcase classname="com.yourcompany.SampleSauceTest" name="verifyTitleTest[12]" time="0">
    <failure message="expected:&lt;[Welcome] | Sauce Labs&gt; but was:&lt;[Selenium Testing, Mobile Testing, JS Unit Testing] | Sauce Labs&gt;" type="org.junit.ComparisonFailure">org.junit.ComparisonFailure: expected:&lt;[Welcome] | Sauce Labs&gt; but was:&lt;[Selenium Testing, Mobile Testing, JS Unit Testing] | Sauce Labs&gt;
	at org.junit.Assert.assertEquals(Assert.java:115)
	at org.junit.Assert.assertEquals(Assert.java:144)
	at com.yourcompany.SampleSauceTest.verifyTitleTest(SampleSauceTest.java:187)
	at sun.reflect.NativeMethodAccessorImpl.invoke0(Native Method)
	at sun.reflect.NativeMethodAccessorImpl.invoke(NativeMethodAccessorImpl.java:62)
	at sun.reflect.DelegatingMethodAccessorImpl.invoke(DelegatingMethodAccessorImpl.java:43)
	at java.lang.reflect.Method.invoke(Method.java:497)
	at org.junit.runners.model.FrameworkMethod$1.runReflectiveCall(FrameworkMethod.java:47)
	at org.junit.internal.runners.model.ReflectiveCallable.run(ReflectiveCallable.java:12)
	at org.junit.runners.model.FrameworkMethod.invokeExplosively(FrameworkMethod.java:44)
	at org.junit.internal.runners.statements.InvokeMethod.evaluate(InvokeMethod.java:17)
	at org.junit.internal.runners.statements.RunBefores.evaluate(RunBefores.java:26)
	at org.junit.internal.runners.statements.RunAfters.evaluate(RunAfters.java:27)
	at org.junit.rules.TestWatcher$1.evaluate(TestWatcher.java:55)
	at org.junit.rules.TestWatcher$1.evaluate(TestWatcher.java:55)
	at org.junit.rules.RunRules.evaluate(RunRules.java:20)
	at org.junit.runners.ParentRunner.runLeaf(ParentRunner.java:271)
	at org.junit.runners.BlockJUnit4ClassRunner.runChild(BlockJUnit4ClassRunner.java:70)
	at com.saucelabs.junit.ConcurrentParameterized$SauceClassRunnerForParameters.access$300(ConcurrentParameterized.java:170)
	at com.saucelabs.junit.ConcurrentParameterized$SauceClassRunnerForParameters$2.run(ConcurrentParameterized.java:287)
	at com.saucelabs.junit.ConcurrentParameterized$NonBlockingAsynchronousRunner$1.call(ConcurrentParameterized.java:312)
	at java.util.concurrent.FutureTask.run(FutureTask.java:266)
	at java.util.concurrent.ThreadPoolExecutor.runWorker(ThreadPoolExecutor.java:1142)
	at java.util.concurrent.ThreadPoolExecutor$Worker.run(ThreadPoolExecutor.java:617)
	at java.lang.Thread.run(Thread.java:745)
</failure>
    <system-out>SauceOnDemandSessionID=34f6cef4ef314847951ed27a95080f04 job-name=verifyTitleTest[12] : (Windows XP chrome 38)
SauceOnDemandSessionID=34f6cef4ef314847951ed27a95080f04 job-name=com.yourcompany.SampleSauceTest.verifyTitleTest[12]
Job link: https://saucelabs.com/jobs/34f6cef4ef314847951ed27a95080f04?auth=3f5aae28861627bf3c5a1c972dcb3a45
</system-out>
  </testcase>
  <testcase classname="com.yourcompany.SampleSauceTest" name="verifyTitleTest[2]" time="0.001">
    <failure message="expected:&lt;[Welcome] | Sauce Labs&gt; but was:&lt;[Selenium Testing, Mobile Testing, JS Unit Testing] | Sauce Labs&gt;" type="org.junit.ComparisonFailure">org.junit.ComparisonFailure: expected:&lt;[Welcome] | Sauce Labs&gt; but was:&lt;[Selenium Testing, Mobile Testing, JS Unit Testing] | Sauce Labs&gt;
	at org.junit.Assert.assertEquals(Assert.java:115)
	at org.junit.Assert.assertEquals(Assert.java:144)
	at com.yourcompany.SampleSauceTest.verifyTitleTest(SampleSauceTest.java:187)
	at sun.reflect.NativeMethodAccessorImpl.invoke0(Native Method)
	at sun.reflect.NativeMethodAccessorImpl.invoke(NativeMethodAccessorImpl.java:62)
	at sun.reflect.DelegatingMethodAccessorImpl.invoke(DelegatingMethodAccessorImpl.java:43)
	at java.lang.reflect.Method.invoke(Method.java:497)
	at org.junit.runners.model.FrameworkMethod$1.runReflectiveCall(FrameworkMethod.java:47)
	at org.junit.internal.runners.model.ReflectiveCallable.run(ReflectiveCallable.java:12)
	at org.junit.runners.model.FrameworkMethod.invokeExplosively(FrameworkMethod.java:44)
	at org.junit.internal.runners.statements.InvokeMethod.evaluate(InvokeMethod.java:17)
	at org.junit.internal.runners.statements.RunBefores.evaluate(RunBefores.java:26)
	at org.junit.internal.runners.statements.RunAfters.evaluate(RunAfters.java:27)
	at org.junit.rules.TestWatcher$1.evaluate(TestWatcher.java:55)
	at org.junit.rules.TestWatcher$1.evaluate(TestWatcher.java:55)
	at org.junit.rules.RunRules.evaluate(RunRules.java:20)
	at org.junit.runners.ParentRunner.runLeaf(ParentRunner.java:271)
	at org.junit.runners.BlockJUnit4ClassRunner.runChild(BlockJUnit4ClassRunner.java:70)
	at com.saucelabs.junit.ConcurrentParameterized$SauceClassRunnerForParameters.access$300(ConcurrentParameterized.java:170)
	at com.saucelabs.junit.ConcurrentParameterized$SauceClassRunnerForParameters$2.run(ConcurrentParameterized.java:287)
	at com.saucelabs.junit.ConcurrentParameterized$NonBlockingAsynchronousRunner$1.call(ConcurrentParameterized.java:312)
	at java.util.concurrent.FutureTask.run(FutureTask.java:266)
	at java.util.concurrent.ThreadPoolExecutor.runWorker(ThreadPoolExecutor.java:1142)
	at java.util.concurrent.ThreadPoolExecutor$Worker.run(ThreadPoolExecutor.java:617)
	at java.lang.Thread.run(Thread.java:745)
</failure>
    <system-out>SauceOnDemandSessionID=6103459afb004bbfb67b02e3f85dd86f job-name=verifyTitleTest[2] : (Windows 7 internet explorer 10)
SauceOnDemandSessionID=6103459afb004bbfb67b02e3f85dd86f job-name=com.yourcompany.SampleSauceTest.verifyTitleTest[2]
Job link: https://saucelabs.com/jobs/6103459afb004bbfb67b02e3f85dd86f?auth=7afa6a8c65773d891817e583980914b8
</system-out>
  </testcase>
  <testcase classname="com.yourcompany.SampleSauceTest" name="loginTest[1]" time="0">
    <error type="java.lang.NullPointerException">java.lang.NullPointerException
	at com.yourcompany.SampleSauceTest.tearDown(SampleSauceTest.java:235)
	at sun.reflect.NativeMethodAccessorImpl.invoke0(Native Method)
	at sun.reflect.NativeMethodAccessorImpl.invoke(NativeMethodAccessorImpl.java:62)
	at sun.reflect.DelegatingMethodAccessorImpl.invoke(DelegatingMethodAccessorImpl.java:43)
	at java.lang.reflect.Method.invoke(Method.java:497)
	at org.junit.runners.model.FrameworkMethod$1.runReflectiveCall(FrameworkMethod.java:47)
	at org.junit.internal.runners.model.ReflectiveCallable.run(ReflectiveCallable.java:12)
	at org.junit.runners.model.FrameworkMethod.invokeExplosively(FrameworkMethod.java:44)
	at org.junit.internal.runners.statements.RunAfters.evaluate(RunAfters.java:33)
	at org.junit.rules.TestWatcher$1.evaluate(TestWatcher.java:55)
	at org.junit.rules.TestWatcher$1.evaluate(TestWatcher.java:55)
	at org.junit.rules.RunRules.evaluate(RunRules.java:20)
	at org.junit.runners.ParentRunner.runLeaf(ParentRunner.java:271)
	at org.junit.runners.BlockJUnit4ClassRunner.runChild(BlockJUnit4ClassRunner.java:70)
	at com.saucelabs.junit.ConcurrentParameterized$SauceClassRunnerForParameters.access$300(ConcurrentParameterized.java:170)
	at com.saucelabs.junit.ConcurrentParameterized$SauceClassRunnerForParameters$2.run(ConcurrentParameterized.java:287)
	at com.saucelabs.junit.ConcurrentParameterized$NonBlockingAsynchronousRunner$1.call(ConcurrentParameterized.java:312)
	at java.util.concurrent.FutureTask.run(FutureTask.java:266)
	at java.util.concurrent.ThreadPoolExecutor.runWorker(ThreadPoolExecutor.java:1142)
	at java.util.concurrent.ThreadPoolExecutor$Worker.run(ThreadPoolExecutor.java:617)
	at java.lang.Thread.run(Thread.java:745)
</error>
  </testcase>
  <testcase classname="com.yourcompany.SampleSauceTest" name="loginTest[10]" time="25.918"/>
  <testcase classname="com.yourcompany.SampleSauceTest" name="verifyTitleTest[1]" time="0">
    <error type="java.lang.NullPointerException">java.lang.NullPointerException
	at com.yourcompany.SampleSauceTest.tearDown(SampleSauceTest.java:235)
	at sun.reflect.NativeMethodAccessorImpl.invoke0(Native Method)
	at sun.reflect.NativeMethodAccessorImpl.invoke(NativeMethodAccessorImpl.java:62)
	at sun.reflect.DelegatingMethodAccessorImpl.invoke(DelegatingMethodAccessorImpl.java:43)
	at java.lang.reflect.Method.invoke(Method.java:497)
	at org.junit.runners.model.FrameworkMethod$1.runReflectiveCall(FrameworkMethod.java:47)
	at org.junit.internal.runners.model.ReflectiveCallable.run(ReflectiveCallable.java:12)
	at org.junit.runners.model.FrameworkMethod.invokeExplosively(FrameworkMethod.java:44)
	at org.junit.internal.runners.statements.RunAfters.evaluate(RunAfters.java:33)
	at org.junit.rules.TestWatcher$1.evaluate(TestWatcher.java:55)
	at org.junit.rules.TestWatcher$1.evaluate(TestWatcher.java:55)
	at org.junit.rules.RunRules.evaluate(RunRules.java:20)
	at org.junit.runners.ParentRunner.runLeaf(ParentRunner.java:271)
	at org.junit.runners.BlockJUnit4ClassRunner.runChild(BlockJUnit4ClassRunner.java:70)
	at com.saucelabs.junit.ConcurrentParameterized$SauceClassRunnerForParameters.access$300(ConcurrentParameterized.java:170)
	at com.saucelabs.junit.ConcurrentParameterized$SauceClassRunnerForParameters$2.run(ConcurrentParameterized.java:287)
	at com.saucelabs.junit.ConcurrentParameterized$NonBlockingAsynchronousRunner$1.call(ConcurrentParameterized.java:312)
	at java.util.concurrent.FutureTask.run(FutureTask.java:266)
	at java.util.concurrent.ThreadPoolExecutor.runWorker(ThreadPoolExecutor.java:1142)
	at java.util.concurrent.ThreadPoolExecutor$Worker.run(ThreadPoolExecutor.java:617)
	at java.lang.Thread.run(Thread.java:745)
</error>
  </testcase>
  <testcase classname="com.yourcompany.SampleSauceTest" name="verifyTitleTest[6]" time="0.001">
    <failure message="expected:&lt;[Welcome] | Sauce Labs&gt; but was:&lt;[Selenium Testing, Mobile Testing, JS Unit Testing] | Sauce Labs&gt;" type="org.junit.ComparisonFailure">org.junit.ComparisonFailure: expected:&lt;[Welcome] | Sauce Labs&gt; but was:&lt;[Selenium Testing, Mobile Testing, JS Unit Testing] | Sauce Labs&gt;
	at org.junit.Assert.assertEquals(Assert.java:115)
	at org.junit.Assert.assertEquals(Assert.java:144)
	at com.yourcompany.SampleSauceTest.verifyTitleTest(SampleSauceTest.java:187)
	at sun.reflect.NativeMethodAccessorImpl.invoke0(Native Method)
	at sun.reflect.NativeMethodAccessorImpl.invoke(NativeMethodAccessorImpl.java:62)
	at sun.reflect.DelegatingMethodAccessorImpl.invoke(DelegatingMethodAccessorImpl.java:43)
	at java.lang.reflect.Method.invoke(Method.java:497)
	at org.junit.runners.model.FrameworkMethod$1.runReflectiveCall(FrameworkMethod.java:47)
	at org.junit.internal.runners.model.ReflectiveCallable.run(ReflectiveCallable.java:12)
	at org.junit.runners.model.FrameworkMethod.invokeExplosively(FrameworkMethod.java:44)
	at org.junit.internal.runners.statements.InvokeMethod.evaluate(InvokeMethod.java:17)
	at org.junit.internal.runners.statements.RunBefores.evaluate(RunBefores.java:26)
	at org.junit.internal.runners.statements.RunAfters.evaluate(RunAfters.java:27)
	at org.junit.rules.TestWatcher$1.evaluate(TestWatcher.java:55)
	at org.junit.rules.TestWatcher$1.evaluate(TestWatcher.java:55)
	at org.junit.rules.RunRules.evaluate(RunRules.java:20)
	at org.junit.runners.ParentRunner.runLeaf(ParentRunner.java:271)
	at org.junit.runners.BlockJUnit4ClassRunner.runChild(BlockJUnit4ClassRunner.java:70)
	at com.saucelabs.junit.ConcurrentParameterized$SauceClassRunnerForParameters.access$300(ConcurrentParameterized.java:170)
	at com.saucelabs.junit.ConcurrentParameterized$SauceClassRunnerForParameters$2.run(ConcurrentParameterized.java:287)
	at com.saucelabs.junit.ConcurrentParameterized$NonBlockingAsynchronousRunner$1.call(ConcurrentParameterized.java:312)
	at java.util.concurrent.FutureTask.run(FutureTask.java:266)
	at java.util.concurrent.ThreadPoolExecutor.runWorker(ThreadPoolExecutor.java:1142)
	at java.util.concurrent.ThreadPoolExecutor$Worker.run(ThreadPoolExecutor.java:617)
	at java.lang.Thread.run(Thread.java:745)
</failure>
    <system-out>SauceOnDemandSessionID=4c1527f0238e4a55a5ecb7198b8a44fc job-name=verifyTitleTest[6] : (OSX 10.11 Chrome 43)
SauceOnDemandSessionID=4c1527f0238e4a55a5ecb7198b8a44fc job-name=com.yourcompany.SampleSauceTest.verifyTitleTest[6]
Job link: https://saucelabs.com/jobs/4c1527f0238e4a55a5ecb7198b8a44fc?auth=a41b2bd03161be56f8838ba085bba41e
</system-out>
  </testcase>
  <testcase classname="com.yourcompany.SampleSauceTest" name="verifyTitleTest[11]" time="0">
    <failure message="expected:&lt;[Welcome] | Sauce Labs&gt; but was:&lt;[Selenium Testing, Mobile Testing, JS Unit Testing] | Sauce Labs&gt;" type="org.junit.ComparisonFailure">org.junit.ComparisonFailure: expected:&lt;[Welcome] | Sauce Labs&gt; but was:&lt;[Selenium Testing, Mobile Testing, JS Unit Testing] | Sauce Labs&gt;
	at org.junit.Assert.assertEquals(Assert.java:115)
	at org.junit.Assert.assertEquals(Assert.java:144)
	at com.yourcompany.SampleSauceTest.verifyTitleTest(SampleSauceTest.java:187)
	at sun.reflect.NativeMethodAccessorImpl.invoke0(Native Method)
	at sun.reflect.NativeMethodAccessorImpl.invoke(NativeMethodAccessorImpl.java:62)
	at sun.reflect.DelegatingMethodAccessorImpl.invoke(DelegatingMethodAccessorImpl.java:43)
	at java.lang.reflect.Method.invoke(Method.java:497)
	at org.junit.runners.model.FrameworkMethod$1.runReflectiveCall(FrameworkMethod.java:47)
	at org.junit.internal.runners.model.ReflectiveCallable.run(ReflectiveCallable.java:12)
	at org.junit.runners.model.FrameworkMethod.invokeExplosively(FrameworkMethod.java:44)
	at org.junit.internal.runners.statements.InvokeMethod.evaluate(InvokeMethod.java:17)
	at org.junit.internal.runners.statements.RunBefores.evaluate(RunBefores.java:26)
	at org.junit.internal.runners.statements.RunAfters.evaluate(RunAfters.java:27)
	at org.junit.rules.TestWatcher$1.evaluate(TestWatcher.java:55)
	at org.junit.rules.TestWatcher$1.evaluate(TestWatcher.java:55)
	at org.junit.rules.RunRules.evaluate(RunRules.java:20)
	at org.junit.runners.ParentRunner.runLeaf(ParentRunner.java:271)
	at org.junit.runners.BlockJUnit4ClassRunner.runChild(BlockJUnit4ClassRunner.java:70)
	at com.saucelabs.junit.ConcurrentParameterized$SauceClassRunnerForParameters.access$300(ConcurrentParameterized.java:170)
	at com.saucelabs.junit.ConcurrentParameterized$SauceClassRunnerForParameters$2.run(ConcurrentParameterized.java:287)
	at com.saucelabs.junit.ConcurrentParameterized$NonBlockingAsynchronousRunner$1.call(ConcurrentParameterized.java:312)
	at java.util.concurrent.FutureTask.run(FutureTask.java:266)
	at java.util.concurrent.ThreadPoolExecutor.runWorker(ThreadPoolExecutor.java:1142)
	at java.util.concurrent.ThreadPoolExecutor$Worker.run(ThreadPoolExecutor.java:617)
	at java.lang.Thread.run(Thread.java:745)
</failure>
    <system-out>SauceOnDemandSessionID=03e2986dd0a0470a9a1942f8f4d7927e job-name=verifyTitleTest[11] : (Windows 7 internet explorer 9)
SauceOnDemandSessionID=03e2986dd0a0470a9a1942f8f4d7927e job-name=com.yourcompany.SampleSauceTest.verifyTitleTest[11]
Job link: https://saucelabs.com/jobs/03e2986dd0a0470a9a1942f8f4d7927e?auth=ec9ff9e3d49ef18eb7a088ea052f6abb
</system-out>
  </testcase>
  <testcase classname="com.yourcompany.SampleSauceTest" name="loginTest[15]" time="24.099"/>
  <testcase classname="com.yourcompany.SampleSauceTest" name="freeTrialTest[8]" time="0.001">
    <error type="java.lang.NullPointerException">java.lang.NullPointerException
	at com.yourcompany.SampleSauceTest.tearDown(SampleSauceTest.java:235)
	at sun.reflect.GeneratedMethodAccessor37.invoke(Unknown Source)
	at sun.reflect.DelegatingMethodAccessorImpl.invoke(DelegatingMethodAccessorImpl.java:43)
	at java.lang.reflect.Method.invoke(Method.java:497)
	at org.junit.runners.model.FrameworkMethod$1.runReflectiveCall(FrameworkMethod.java:47)
	at org.junit.internal.runners.model.ReflectiveCallable.run(ReflectiveCallable.java:12)
	at org.junit.runners.model.FrameworkMethod.invokeExplosively(FrameworkMethod.java:44)
	at org.junit.internal.runners.statements.RunAfters.evaluate(RunAfters.java:33)
	at org.junit.rules.TestWatcher$1.evaluate(TestWatcher.java:55)
	at org.junit.rules.TestWatcher$1.evaluate(TestWatcher.java:55)
	at org.junit.rules.RunRules.evaluate(RunRules.java:20)
	at org.junit.runners.ParentRunner.runLeaf(ParentRunner.java:271)
	at org.junit.runners.BlockJUnit4ClassRunner.runChild(BlockJUnit4ClassRunner.java:70)
	at com.saucelabs.junit.ConcurrentParameterized$SauceClassRunnerForParameters.access$300(ConcurrentParameterized.java:170)
	at com.saucelabs.junit.ConcurrentParameterized$SauceClassRunnerForParameters$2.run(ConcurrentParameterized.java:287)
	at com.saucelabs.junit.ConcurrentParameterized$NonBlockingAsynchronousRunner$1.call(ConcurrentParameterized.java:312)
	at java.util.concurrent.FutureTask.run(FutureTask.java:266)
	at java.util.concurrent.ThreadPoolExecutor.runWorker(ThreadPoolExecutor.java:1142)
	at java.util.concurrent.ThreadPoolExecutor$Worker.run(ThreadPoolExecutor.java:617)
	at java.lang.Thread.run(Thread.java:745)
</error>
    <system-err>Aug 15, 2016 12:17:25 PM org.apache.http.impl.execchain.RetryExec execute
INFO: I/O exception (org.apache.http.NoHttpResponseException) caught when processing request to {}-&gt;http://ondemand.saucelabs.com:443: The target server failed to respond
Aug 15, 2016 12:17:25 PM org.apache.http.impl.execchain.RetryExec execute
INFO: Retrying request to {}-&gt;http://ondemand.saucelabs.com:443
Aug 15, 2016 12:17:25 PM org.apache.http.impl.execchain.RetryExec execute
INFO: I/O exception (org.apache.http.NoHttpResponseException) caught when processing request to {}-&gt;http://ondemand.saucelabs.com:443: The target server failed to respond
Aug 15, 2016 12:17:25 PM org.apache.http.impl.execchain.RetryExec execute
INFO: Retrying request to {}-&gt;http://ondemand.saucelabs.com:443
Aug 15, 2016 12:17:25 PM org.apache.http.impl.execchain.RetryExec execute
INFO: I/O exception (org.apache.http.NoHttpResponseException) caught when processing request to {}-&gt;http://ondemand.saucelabs.com:443: The target server failed to respond
Aug 15, 2016 12:17:25 PM org.apache.http.impl.execchain.RetryExec execute
INFO: Retrying request to {}-&gt;http://ondemand.saucelabs.com:443
Aug 15, 2016 12:18:53 PM org.apache.http.impl.execchain.RetryExec execute
INFO: I/O exception (org.apache.http.NoHttpResponseException) caught when processing request to {}-&gt;http://ondemand.saucelabs.com:443: The target server failed to respond
Aug 15, 2016 12:18:53 PM org.apache.http.impl.execchain.RetryExec execute
INFO: Retrying request to {}-&gt;http://ondemand.saucelabs.com:443
Aug 15, 2016 12:18:53 PM org.apache.http.impl.execchain.RetryExec execute
INFO: I/O exception (org.apache.http.NoHttpResponseException) caught when processing request to {}-&gt;http://ondemand.saucelabs.com:443: The target server failed to respond
Aug 15, 2016 12:18:53 PM org.apache.http.impl.execchain.RetryExec execute
INFO: Retrying request to {}-&gt;http://ondemand.saucelabs.com:443
Aug 15, 2016 12:18:53 PM org.apache.http.impl.execchain.RetryExec execute
INFO: I/O exception (org.apache.http.NoHttpResponseException) caught when processing request to {}-&gt;http://ondemand.saucelabs.com:443: The target server failed to respond
Aug 15, 2016 12:18:53 PM org.apache.http.impl.execchain.RetryExec execute
INFO: Retrying request to {}-&gt;http://ondemand.saucelabs.com:443
</system-err>
  </testcase>
  <testcase classname="com.yourcompany.SampleSauceTest" name="freeTrialTest[14]" time="0.002">
    <error message="Unable to find element with id == first_name (WARNING: The server did not provide any stacktrace information)
Command duration or timeout: 319 milliseconds
For documentation on this error, please visit: http://seleniumhq.org/exceptions/no_such_element.html
Build info: version: &apos;2.53.1&apos;, revision: &apos;a36b8b1&apos;, time: &apos;2016-06-30 17:37:03&apos;
System info: host: &apos;WIN-SB3ER6JQ6ME&apos;, ip: &apos;172.20.113.72&apos;, os.name: &apos;Windows 10&apos;, os.arch: &apos;x86&apos;, os.version: &apos;10.0&apos;, java.version: &apos;1.8.0_91&apos;
Driver info: org.openqa.selenium.ie.InternetExplorerDriver
Capabilities [{browserAttachTimeout=0, ie.enableFullPageScreenshot=true, enablePersistentHover=true, ie.forceCreateProcessApi=false, ie.forceShellWindowsApi=false, pageLoadStrategy=normal, ignoreZoomSetting=false, ie.fileUploadDialogTimeout=3000, version=11, platform=WINDOWS, nativeEvents=true, ie.ensureCleanSession=false, elementScrollBehavior=0, ie.browserCommandLineSwitches=, requireWindowFocus=false, browserName=internet explorer, initialBrowserUrl=about:blank, javascriptEnabled=true, ignoreProtectedModeSettings=false, enableElementCacheCleanup=true, unexpectedAlertBehaviour=dismiss}]
Session ID: XXXXXXXX-XXXX-XXXX-XXXX-XXXXe8d3a2a1
*** Element info: {Using=id, value=first_name}
Command duration or timeout: 377 milliseconds
For documentation on this error, please visit: http://seleniumhq.org/exceptions/no_such_element.html
Build info: version: &apos;2.45.0&apos;, revision: &apos;5017cb8e7ca8e37638dc3091b2440b90a1d8686f&apos;, time: &apos;2015-02-27 09:10:26&apos;
System info: host: &apos;Sauces-MacBook-Air-5.local&apos;, ip: &apos;192.168.17.8&apos;, os.name: &apos;Mac OS X&apos;, os.arch: &apos;x86_64&apos;, os.version: &apos;10.10.5&apos;, java.version: &apos;1.8.0_45&apos;
Driver info: org.openqa.selenium.remote.RemoteWebDriver
Capabilities [{enablePersistentHover=true, ie.fileUploadDialogTimeout=3000, platform=WINDOWS, ie.ensureCleanSession=false, ie.browserCommandLineSwitches=, requireWindowFocus=false, takesScreenshot=true, browserName=internet explorer, javascriptEnabled=true, unexpectedAlertBehaviour=dismiss, browserAttachTimeout=0, ie.enableFullPageScreenshot=true, ie.forceCreateProcessApi=false, ie.forceShellWindowsApi=false, pageLoadStrategy=normal, ignoreZoomSetting=false, hasMetadata=true, version=11, nativeEvents=true, elementScrollBehavior=0, webdriver.remote.sessionid=aa2182407f4b47acabb782258bbf322d, initialBrowserUrl=about:blank, ignoreProtectedModeSettings=false, enableElementCacheCleanup=true, cssSelectorsEnabled=true}]
Session ID: aa2182407f4b47acabb782258bbf322d
*** Element info: {Using=id, value=first_name}" type="org.openqa.selenium.NoSuchElementException">org.openqa.selenium.NoSuchElementException: Unable to find element with id == first_name (WARNING: The server did not provide any stacktrace information)
Command duration or timeout: 319 milliseconds
For documentation on this error, please visit: http://seleniumhq.org/exceptions/no_such_element.html
Build info: version: &apos;2.53.1&apos;, revision: &apos;a36b8b1&apos;, time: &apos;2016-06-30 17:37:03&apos;
System info: host: &apos;WIN-SB3ER6JQ6ME&apos;, ip: &apos;172.20.113.72&apos;, os.name: &apos;Windows 10&apos;, os.arch: &apos;x86&apos;, os.version: &apos;10.0&apos;, java.version: &apos;1.8.0_91&apos;
Driver info: org.openqa.selenium.ie.InternetExplorerDriver
Capabilities [{browserAttachTimeout=0, ie.enableFullPageScreenshot=true, enablePersistentHover=true, ie.forceCreateProcessApi=false, ie.forceShellWindowsApi=false, pageLoadStrategy=normal, ignoreZoomSetting=false, ie.fileUploadDialogTimeout=3000, version=11, platform=WINDOWS, nativeEvents=true, ie.ensureCleanSession=false, elementScrollBehavior=0, ie.browserCommandLineSwitches=, requireWindowFocus=false, browserName=internet explorer, initialBrowserUrl=about:blank, javascriptEnabled=true, ignoreProtectedModeSettings=false, enableElementCacheCleanup=true, unexpectedAlertBehaviour=dismiss}]
Session ID: XXXXXXXX-XXXX-XXXX-XXXX-XXXXe8d3a2a1
*** Element info: {Using=id, value=first_name}
Command duration or timeout: 377 milliseconds
For documentation on this error, please visit: http://seleniumhq.org/exceptions/no_such_element.html
Build info: version: &apos;2.45.0&apos;, revision: &apos;5017cb8e7ca8e37638dc3091b2440b90a1d8686f&apos;, time: &apos;2015-02-27 09:10:26&apos;
System info: host: &apos;Sauces-MacBook-Air-5.local&apos;, ip: &apos;192.168.17.8&apos;, os.name: &apos;Mac OS X&apos;, os.arch: &apos;x86_64&apos;, os.version: &apos;10.10.5&apos;, java.version: &apos;1.8.0_45&apos;
Driver info: org.openqa.selenium.remote.RemoteWebDriver
Capabilities [{enablePersistentHover=true, ie.fileUploadDialogTimeout=3000, platform=WINDOWS, ie.ensureCleanSession=false, ie.browserCommandLineSwitches=, requireWindowFocus=false, takesScreenshot=true, browserName=internet explorer, javascriptEnabled=true, unexpectedAlertBehaviour=dismiss, browserAttachTimeout=0, ie.enableFullPageScreenshot=true, ie.forceCreateProcessApi=false, ie.forceShellWindowsApi=false, pageLoadStrategy=normal, ignoreZoomSetting=false, hasMetadata=true, version=11, nativeEvents=true, elementScrollBehavior=0, webdriver.remote.sessionid=aa2182407f4b47acabb782258bbf322d, initialBrowserUrl=about:blank, ignoreProtectedModeSettings=false, enableElementCacheCleanup=true, cssSelectorsEnabled=true}]
Session ID: aa2182407f4b47acabb782258bbf322d
*** Element info: {Using=id, value=first_name}
	at sun.reflect.NativeConstructorAccessorImpl.newInstance0(Native Method)
	at sun.reflect.NativeConstructorAccessorImpl.newInstance(NativeConstructorAccessorImpl.java:62)
	at sun.reflect.DelegatingConstructorAccessorImpl.newInstance(DelegatingConstructorAccessorImpl.java:45)
	at java.lang.reflect.Constructor.newInstance(Constructor.java:422)
	at org.openqa.selenium.remote.ErrorHandler.createThrowable(ErrorHandler.java:204)
	at org.openqa.selenium.remote.ErrorHandler.throwIfResponseFailed(ErrorHandler.java:156)
	at org.openqa.selenium.remote.RemoteWebDriver.execute(RemoteWebDriver.java:599)
	at org.openqa.selenium.remote.RemoteWebDriver.findElement(RemoteWebDriver.java:352)
	at org.openqa.selenium.remote.RemoteWebDriver.findElementById(RemoteWebDriver.java:393)
	at org.openqa.selenium.By$ById.findElement(By.java:214)
	at org.openqa.selenium.remote.RemoteWebDriver.findElement(RemoteWebDriver.java:344)
	at com.yourcompany.SampleSauceTest.freeTrialTest(SampleSauceTest.java:218)
	at sun.reflect.NativeMethodAccessorImpl.invoke0(Native Method)
	at sun.reflect.NativeMethodAccessorImpl.invoke(NativeMethodAccessorImpl.java:62)
	at sun.reflect.DelegatingMethodAccessorImpl.invoke(DelegatingMethodAccessorImpl.java:43)
	at java.lang.reflect.Method.invoke(Method.java:497)
	at org.junit.runners.model.FrameworkMethod$1.runReflectiveCall(FrameworkMethod.java:47)
	at org.junit.internal.runners.model.ReflectiveCallable.run(ReflectiveCallable.java:12)
	at org.junit.runners.model.FrameworkMethod.invokeExplosively(FrameworkMethod.java:44)
	at org.junit.internal.runners.statements.InvokeMethod.evaluate(InvokeMethod.java:17)
	at org.junit.internal.runners.statements.RunBefores.evaluate(RunBefores.java:26)
	at org.junit.internal.runners.statements.RunAfters.evaluate(RunAfters.java:27)
	at org.junit.rules.TestWatcher$1.evaluate(TestWatcher.java:55)
	at org.junit.rules.TestWatcher$1.evaluate(TestWatcher.java:55)
	at org.junit.rules.RunRules.evaluate(RunRules.java:20)
	at org.junit.runners.ParentRunner.runLeaf(ParentRunner.java:271)
	at org.junit.runners.BlockJUnit4ClassRunner.runChild(BlockJUnit4ClassRunner.java:70)
	at com.saucelabs.junit.ConcurrentParameterized$SauceClassRunnerForParameters.access$300(ConcurrentParameterized.java:170)
	at com.saucelabs.junit.ConcurrentParameterized$SauceClassRunnerForParameters$2.run(ConcurrentParameterized.java:287)
	at com.saucelabs.junit.ConcurrentParameterized$NonBlockingAsynchronousRunner$1.call(ConcurrentParameterized.java:312)
	at java.util.concurrent.FutureTask.run(FutureTask.java:266)
	at java.util.concurrent.ThreadPoolExecutor.runWorker(ThreadPoolExecutor.java:1142)
	at java.util.concurrent.ThreadPoolExecutor$Worker.run(ThreadPoolExecutor.java:617)
	at java.lang.Thread.run(Thread.java:745)
Caused by: org.openqa.selenium.NoSuchElementException: Unable to find element with id == first_name (WARNING: The server did not provide any stacktrace information)
Command duration or timeout: 319 milliseconds
For documentation on this error, please visit: http://seleniumhq.org/exceptions/no_such_element.html
Build info: version: &apos;2.53.1&apos;, revision: &apos;a36b8b1&apos;, time: &apos;2016-06-30 17:37:03&apos;
System info: host: &apos;WIN-SB3ER6JQ6ME&apos;, ip: &apos;172.20.113.72&apos;, os.name: &apos;Windows 10&apos;, os.arch: &apos;x86&apos;, os.version: &apos;10.0&apos;, java.version: &apos;1.8.0_91&apos;
Driver info: org.openqa.selenium.ie.InternetExplorerDriver
Capabilities [{browserAttachTimeout=0, ie.enableFullPageScreenshot=true, enablePersistentHover=true, ie.forceCreateProcessApi=false, ie.forceShellWindowsApi=false, pageLoadStrategy=normal, ignoreZoomSetting=false, ie.fileUploadDialogTimeout=3000, version=11, platform=WINDOWS, nativeEvents=true, ie.ensureCleanSession=false, elementScrollBehavior=0, ie.browserCommandLineSwitches=, requireWindowFocus=false, browserName=internet explorer, initialBrowserUrl=about:blank, javascriptEnabled=true, ignoreProtectedModeSettings=false, enableElementCacheCleanup=true, unexpectedAlertBehaviour=dismiss}]
Session ID: XXXXXXXX-XXXX-XXXX-XXXX-XXXXe8d3a2a1
*** Element info: {Using=id, value=first_name}
For documentation on this error, please visit: http://seleniumhq.org/exceptions/no_such_element.html
Build info: version: &apos;2.45.0&apos;, revision: &apos;5017cb8e7ca8e37638dc3091b2440b90a1d8686f&apos;, time: &apos;2015-02-27 09:10:26&apos;
System info: host: &apos;Sauces-MacBook-Air-5.local&apos;, ip: &apos;192.168.17.8&apos;, os.name: &apos;Mac OS X&apos;, os.arch: &apos;x86_64&apos;, os.version: &apos;10.10.5&apos;, java.version: &apos;1.8.0_45&apos;
Driver info: driver.version: EventFiringWebDriver
	at sun.reflect.NativeConstructorAccessorImpl.newInstance0(Native Method)
	at sun.reflect.NativeConstructorAccessorImpl.newInstance(Unknown Source)
	at sun.reflect.DelegatingConstructorAccessorImpl.newInstance(Unknown Source)
	at java.lang.reflect.Constructor.newInstance(Unknown Source)
	at org.openqa.selenium.remote.ErrorHandler.createThrowable(ErrorHandler.java:206)
	at org.openqa.selenium.remote.ErrorHandler.throwIfResponseFailed(ErrorHandler.java:158)
	at org.openqa.selenium.remote.RemoteWebDriver.execute(RemoteWebDriver.java:678)
	at org.openqa.selenium.remote.RemoteWebDriver.findElement(RemoteWebDriver.java:363)
	at org.openqa.selenium.remote.RemoteWebDriver.findElementById(RemoteWebDriver.java:413)
	at org.openqa.selenium.By$ById.findElement(By.java:218)
	at org.openqa.selenium.remote.RemoteWebDriver.findElement(RemoteWebDriver.java:355)
	at sun.reflect.NativeMethodAccessorImpl.invoke0(Native Method)
	at sun.reflect.NativeMethodAccessorImpl.invoke(Unknown Source)
	at sun.reflect.DelegatingMethodAccessorImpl.invoke(Unknown Source)
	at java.lang.reflect.Method.invoke(Unknown Source)
	at org.openqa.selenium.support.events.EventFiringWebDriver$2.invoke(EventFiringWebDriver.java:103)
	at com.sun.proxy.$Proxy1.findElement(Unknown Source)
	at org.openqa.selenium.support.events.EventFiringWebDriver.findElement(EventFiringWebDriver.java:188)
	at org.openqa.selenium.remote.server.handler.FindElement.call(FindElement.java:48)
	at org.openqa.selenium.remote.server.handler.FindElement.call(FindElement.java:1)
	at java.util.concurrent.FutureTask.run(Unknown Source)
	at org.openqa.selenium.remote.server.DefaultSession$1.run(DefaultSession.java:176)
	at java.util.concurrent.ThreadPoolExecutor.runWorker(Unknown Source)
	at java.util.concurrent.ThreadPoolExecutor$Worker.run(Unknown Source)
	at java.lang.Thread.run(Unknown Source)
</error>
    <system-out>SauceOnDemandSessionID=aa2182407f4b47acabb782258bbf322d job-name=freeTrialTest[14] : (Windows 10 internet explorer 11)
SauceOnDemandSessionID=aa2182407f4b47acabb782258bbf322d job-name=com.yourcompany.SampleSauceTest.freeTrialTest[14]
Job link: https://saucelabs.com/jobs/aa2182407f4b47acabb782258bbf322d?auth=f299025cfcccd0f59bccc4ce95c5be30
</system-out>
  </testcase>
  <testcase classname="com.yourcompany.SampleSauceTest" name="loginTest[5]" time="20.805"/>
  <testcase classname="com.yourcompany.SampleSauceTest" name="freeTrialTest[6]" time="0">
    <error message="no such element
  (Session info: chrome=43.0.2357.65)
  (Driver info: chromedriver=2.15.322455 (ae8db840dac8d0c453355d3d922c91adfb61df8f),platform=Mac OS X 10.11.0 x86_64) (WARNING: The server did not provide any stacktrace information)
Command duration or timeout: 273 milliseconds
For documentation on this error, please visit: http://seleniumhq.org/exceptions/no_such_element.html
Build info: version: &apos;2.45.0&apos;, revision: &apos;5017cb8e7ca8e37638dc3091b2440b90a1d8686f&apos;, time: &apos;2015-02-27 09:10:26&apos;
System info: host: &apos;Sauces-MacBook-Air-5.local&apos;, ip: &apos;192.168.17.8&apos;, os.name: &apos;Mac OS X&apos;, os.arch: &apos;x86_64&apos;, os.version: &apos;10.10.5&apos;, java.version: &apos;1.8.0_45&apos;
Driver info: org.openqa.selenium.remote.RemoteWebDriver
Capabilities [{applicationCacheEnabled=false, rotatable=false, mobileEmulationEnabled=false, chrome={userDataDir=/var/folders/xt/59ppfth575qchwqscff7gzv40000kr/T/.org.chromium.Chromium.ozDx8y}, takesHeapSnapshot=true, hasMetadata=true, databaseEnabled=false, handlesAlerts=true, version=43.0.2357.65, platform=MAC, browserConnectionEnabled=false, nativeEvents=true, acceptSslCerts=true, webdriver.remote.sessionid=811646a0017f4b5b971c2e1245934b10, locationContextEnabled=true, webStorageEnabled=true, takesScreenshot=true, browserName=chrome, javascriptEnabled=true, cssSelectorsEnabled=true}]
Session ID: 811646a0017f4b5b971c2e1245934b10
*** Element info: {Using=id, value=first_name}" type="org.openqa.selenium.NoSuchElementException">org.openqa.selenium.NoSuchElementException: no such element
  (Session info: chrome=43.0.2357.65)
  (Driver info: chromedriver=2.15.322455 (ae8db840dac8d0c453355d3d922c91adfb61df8f),platform=Mac OS X 10.11.0 x86_64) (WARNING: The server did not provide any stacktrace information)
Command duration or timeout: 273 milliseconds
For documentation on this error, please visit: http://seleniumhq.org/exceptions/no_such_element.html
Build info: version: &apos;2.45.0&apos;, revision: &apos;5017cb8e7ca8e37638dc3091b2440b90a1d8686f&apos;, time: &apos;2015-02-27 09:10:26&apos;
System info: host: &apos;Sauces-MacBook-Air-5.local&apos;, ip: &apos;192.168.17.8&apos;, os.name: &apos;Mac OS X&apos;, os.arch: &apos;x86_64&apos;, os.version: &apos;10.10.5&apos;, java.version: &apos;1.8.0_45&apos;
Driver info: org.openqa.selenium.remote.RemoteWebDriver
Capabilities [{applicationCacheEnabled=false, rotatable=false, mobileEmulationEnabled=false, chrome={userDataDir=/var/folders/xt/59ppfth575qchwqscff7gzv40000kr/T/.org.chromium.Chromium.ozDx8y}, takesHeapSnapshot=true, hasMetadata=true, databaseEnabled=false, handlesAlerts=true, version=43.0.2357.65, platform=MAC, browserConnectionEnabled=false, nativeEvents=true, acceptSslCerts=true, webdriver.remote.sessionid=811646a0017f4b5b971c2e1245934b10, locationContextEnabled=true, webStorageEnabled=true, takesScreenshot=true, browserName=chrome, javascriptEnabled=true, cssSelectorsEnabled=true}]
Session ID: 811646a0017f4b5b971c2e1245934b10
*** Element info: {Using=id, value=first_name}
	at sun.reflect.NativeConstructorAccessorImpl.newInstance0(Native Method)
	at sun.reflect.NativeConstructorAccessorImpl.newInstance(NativeConstructorAccessorImpl.java:62)
	at sun.reflect.DelegatingConstructorAccessorImpl.newInstance(DelegatingConstructorAccessorImpl.java:45)
	at java.lang.reflect.Constructor.newInstance(Constructor.java:422)
	at org.openqa.selenium.remote.ErrorHandler.createThrowable(ErrorHandler.java:204)
	at org.openqa.selenium.remote.ErrorHandler.throwIfResponseFailed(ErrorHandler.java:156)
	at org.openqa.selenium.remote.RemoteWebDriver.execute(RemoteWebDriver.java:599)
	at org.openqa.selenium.remote.RemoteWebDriver.findElement(RemoteWebDriver.java:352)
	at org.openqa.selenium.remote.RemoteWebDriver.findElementById(RemoteWebDriver.java:393)
	at org.openqa.selenium.By$ById.findElement(By.java:214)
	at org.openqa.selenium.remote.RemoteWebDriver.findElement(RemoteWebDriver.java:344)
	at com.yourcompany.SampleSauceTest.freeTrialTest(SampleSauceTest.java:218)
	at sun.reflect.NativeMethodAccessorImpl.invoke0(Native Method)
	at sun.reflect.NativeMethodAccessorImpl.invoke(NativeMethodAccessorImpl.java:62)
	at sun.reflect.DelegatingMethodAccessorImpl.invoke(DelegatingMethodAccessorImpl.java:43)
	at java.lang.reflect.Method.invoke(Method.java:497)
	at org.junit.runners.model.FrameworkMethod$1.runReflectiveCall(FrameworkMethod.java:47)
	at org.junit.internal.runners.model.ReflectiveCallable.run(ReflectiveCallable.java:12)
	at org.junit.runners.model.FrameworkMethod.invokeExplosively(FrameworkMethod.java:44)
	at org.junit.internal.runners.statements.InvokeMethod.evaluate(InvokeMethod.java:17)
	at org.junit.internal.runners.statements.RunBefores.evaluate(RunBefores.java:26)
	at org.junit.internal.runners.statements.RunAfters.evaluate(RunAfters.java:27)
	at org.junit.rules.TestWatcher$1.evaluate(TestWatcher.java:55)
	at org.junit.rules.TestWatcher$1.evaluate(TestWatcher.java:55)
	at org.junit.rules.RunRules.evaluate(RunRules.java:20)
	at org.junit.runners.ParentRunner.runLeaf(ParentRunner.java:271)
	at org.junit.runners.BlockJUnit4ClassRunner.runChild(BlockJUnit4ClassRunner.java:70)
	at com.saucelabs.junit.ConcurrentParameterized$SauceClassRunnerForParameters.access$300(ConcurrentParameterized.java:170)
	at com.saucelabs.junit.ConcurrentParameterized$SauceClassRunnerForParameters$2.run(ConcurrentParameterized.java:287)
	at com.saucelabs.junit.ConcurrentParameterized$NonBlockingAsynchronousRunner$1.call(ConcurrentParameterized.java:312)
	at java.util.concurrent.FutureTask.run(FutureTask.java:266)
	at java.util.concurrent.ThreadPoolExecutor.runWorker(ThreadPoolExecutor.java:1142)
	at java.util.concurrent.ThreadPoolExecutor$Worker.run(ThreadPoolExecutor.java:617)
	at java.lang.Thread.run(Thread.java:745)
</error>
    <system-out>SauceOnDemandSessionID=811646a0017f4b5b971c2e1245934b10 job-name=freeTrialTest[6] : (OSX 10.11 Chrome 43)
SauceOnDemandSessionID=811646a0017f4b5b971c2e1245934b10 job-name=com.yourcompany.SampleSauceTest.freeTrialTest[6]
Job link: https://saucelabs.com/jobs/811646a0017f4b5b971c2e1245934b10?auth=30af29ee3ae2f62b9426fe3daef5a8e8
</system-out>
  </testcase>
  <testcase classname="com.yourcompany.SampleSauceTest" name="freeTrialTest[13]" time="0.003">
    <error message="Unable to locate element: {&quot;method&quot;:&quot;id&quot;,&quot;selector&quot;:&quot;first_name&quot;}
For documentation on this error, please visit: http://seleniumhq.org/exceptions/no_such_element.html
Build info: version: &apos;2.53.1&apos;, revision: &apos;a36b8b1&apos;, time: &apos;2016-06-30 17:37:03&apos;
System info: host: &apos;WIN-HLEK05V71GA&apos;, ip: &apos;172.20.113.234&apos;, os.name: &apos;Windows Server 2012&apos;, os.arch: &apos;x86&apos;, os.version: &apos;6.2&apos;, java.version: &apos;1.8.0_91&apos;
Driver info: driver.version: unknown
Command duration or timeout: 78 milliseconds
For documentation on this error, please visit: http://seleniumhq.org/exceptions/no_such_element.html
Build info: version: &apos;2.45.0&apos;, revision: &apos;5017cb8e7ca8e37638dc3091b2440b90a1d8686f&apos;, time: &apos;2015-02-27 09:10:26&apos;
System info: host: &apos;Sauces-MacBook-Air-5.local&apos;, ip: &apos;192.168.17.8&apos;, os.name: &apos;Mac OS X&apos;, os.arch: &apos;x86_64&apos;, os.version: &apos;10.10.5&apos;, java.version: &apos;1.8.0_45&apos;
Driver info: org.openqa.selenium.remote.RemoteWebDriver
Capabilities [{applicationCacheEnabled=true, rotatable=false, hasMetadata=true, databaseEnabled=true, handlesAlerts=true, version=45.0, platform=WINDOWS, nativeEvents=false, acceptSslCerts=true, webdriver.remote.sessionid=04acd4b2fc854ec6a2dbac30e750c093, locationContextEnabled=true, webStorageEnabled=true, takesScreenshot=true, browserName=firefox, javascriptEnabled=true, cssSelectorsEnabled=true}]
Session ID: 04acd4b2fc854ec6a2dbac30e750c093
*** Element info: {Using=id, value=first_name}" type="org.openqa.selenium.NoSuchElementException">org.openqa.selenium.NoSuchElementException: Unable to locate element: {&quot;method&quot;:&quot;id&quot;,&quot;selector&quot;:&quot;first_name&quot;}
For documentation on this error, please visit: http://seleniumhq.org/exceptions/no_such_element.html
Build info: version: &apos;2.53.1&apos;, revision: &apos;a36b8b1&apos;, time: &apos;2016-06-30 17:37:03&apos;
System info: host: &apos;WIN-HLEK05V71GA&apos;, ip: &apos;172.20.113.234&apos;, os.name: &apos;Windows Server 2012&apos;, os.arch: &apos;x86&apos;, os.version: &apos;6.2&apos;, java.version: &apos;1.8.0_91&apos;
Driver info: driver.version: unknown
Command duration or timeout: 78 milliseconds
For documentation on this error, please visit: http://seleniumhq.org/exceptions/no_such_element.html
Build info: version: &apos;2.45.0&apos;, revision: &apos;5017cb8e7ca8e37638dc3091b2440b90a1d8686f&apos;, time: &apos;2015-02-27 09:10:26&apos;
System info: host: &apos;Sauces-MacBook-Air-5.local&apos;, ip: &apos;192.168.17.8&apos;, os.name: &apos;Mac OS X&apos;, os.arch: &apos;x86_64&apos;, os.version: &apos;10.10.5&apos;, java.version: &apos;1.8.0_45&apos;
Driver info: org.openqa.selenium.remote.RemoteWebDriver
Capabilities [{applicationCacheEnabled=true, rotatable=false, hasMetadata=true, databaseEnabled=true, handlesAlerts=true, version=45.0, platform=WINDOWS, nativeEvents=false, acceptSslCerts=true, webdriver.remote.sessionid=04acd4b2fc854ec6a2dbac30e750c093, locationContextEnabled=true, webStorageEnabled=true, takesScreenshot=true, browserName=firefox, javascriptEnabled=true, cssSelectorsEnabled=true}]
Session ID: 04acd4b2fc854ec6a2dbac30e750c093
*** Element info: {Using=id, value=first_name}
	at sun.reflect.NativeConstructorAccessorImpl.newInstance0(Native Method)
	at sun.reflect.NativeConstructorAccessorImpl.newInstance(NativeConstructorAccessorImpl.java:62)
	at sun.reflect.DelegatingConstructorAccessorImpl.newInstance(DelegatingConstructorAccessorImpl.java:45)
	at java.lang.reflect.Constructor.newInstance(Constructor.java:422)
	at org.openqa.selenium.remote.ErrorHandler.createThrowable(ErrorHandler.java:204)
	at org.openqa.selenium.remote.ErrorHandler.throwIfResponseFailed(ErrorHandler.java:156)
	at org.openqa.selenium.remote.RemoteWebDriver.execute(RemoteWebDriver.java:599)
	at org.openqa.selenium.remote.RemoteWebDriver.findElement(RemoteWebDriver.java:352)
	at org.openqa.selenium.remote.RemoteWebDriver.findElementById(RemoteWebDriver.java:393)
	at org.openqa.selenium.By$ById.findElement(By.java:214)
	at org.openqa.selenium.remote.RemoteWebDriver.findElement(RemoteWebDriver.java:344)
	at com.yourcompany.SampleSauceTest.freeTrialTest(SampleSauceTest.java:218)
	at sun.reflect.NativeMethodAccessorImpl.invoke0(Native Method)
	at sun.reflect.NativeMethodAccessorImpl.invoke(NativeMethodAccessorImpl.java:62)
	at sun.reflect.DelegatingMethodAccessorImpl.invoke(DelegatingMethodAccessorImpl.java:43)
	at java.lang.reflect.Method.invoke(Method.java:497)
	at org.junit.runners.model.FrameworkMethod$1.runReflectiveCall(FrameworkMethod.java:47)
	at org.junit.internal.runners.model.ReflectiveCallable.run(ReflectiveCallable.java:12)
	at org.junit.runners.model.FrameworkMethod.invokeExplosively(FrameworkMethod.java:44)
	at org.junit.internal.runners.statements.InvokeMethod.evaluate(InvokeMethod.java:17)
	at org.junit.internal.runners.statements.RunBefores.evaluate(RunBefores.java:26)
	at org.junit.internal.runners.statements.RunAfters.evaluate(RunAfters.java:27)
	at org.junit.rules.TestWatcher$1.evaluate(TestWatcher.java:55)
	at org.junit.rules.TestWatcher$1.evaluate(TestWatcher.java:55)
	at org.junit.rules.RunRules.evaluate(RunRules.java:20)
	at org.junit.runners.ParentRunner.runLeaf(ParentRunner.java:271)
	at org.junit.runners.BlockJUnit4ClassRunner.runChild(BlockJUnit4ClassRunner.java:70)
	at com.saucelabs.junit.ConcurrentParameterized$SauceClassRunnerForParameters.access$300(ConcurrentParameterized.java:170)
	at com.saucelabs.junit.ConcurrentParameterized$SauceClassRunnerForParameters$2.run(ConcurrentParameterized.java:287)
	at com.saucelabs.junit.ConcurrentParameterized$NonBlockingAsynchronousRunner$1.call(ConcurrentParameterized.java:312)
	at java.util.concurrent.FutureTask.run(FutureTask.java:266)
	at java.util.concurrent.ThreadPoolExecutor.runWorker(ThreadPoolExecutor.java:1142)
	at java.util.concurrent.ThreadPoolExecutor$Worker.run(ThreadPoolExecutor.java:617)
	at java.lang.Thread.run(Thread.java:745)
Caused by: org.openqa.selenium.NoSuchElementException: Unable to locate element: {&quot;method&quot;:&quot;id&quot;,&quot;selector&quot;:&quot;first_name&quot;}
For documentation on this error, please visit: http://seleniumhq.org/exceptions/no_such_element.html
Build info: version: &apos;2.53.1&apos;, revision: &apos;a36b8b1&apos;, time: &apos;2016-06-30 17:37:03&apos;
System info: host: &apos;WIN-HLEK05V71GA&apos;, ip: &apos;172.20.113.234&apos;, os.name: &apos;Windows Server 2012&apos;, os.arch: &apos;x86&apos;, os.version: &apos;6.2&apos;, java.version: &apos;1.8.0_91&apos;
Driver info: driver.version: unknown
For documentation on this error, please visit: http://seleniumhq.org/exceptions/no_such_element.html
Build info: version: &apos;2.45.0&apos;, revision: &apos;5017cb8e7ca8e37638dc3091b2440b90a1d8686f&apos;, time: &apos;2015-02-27 09:10:26&apos;
System info: host: &apos;Sauces-MacBook-Air-5.local&apos;, ip: &apos;192.168.17.8&apos;, os.name: &apos;Mac OS X&apos;, os.arch: &apos;x86_64&apos;, os.version: &apos;10.10.5&apos;, java.version: &apos;1.8.0_45&apos;
Driver info: driver.version: unknown
	at &lt;anonymous class&gt;.FirefoxDriver.prototype.findElementInternal_(file:///C:/Users/ADMINI~1/AppData/Local/Temp/anonymous405596269350578548webdriver-profile/extensions/fxdriver@googlecode.com/components/driver-component.js:10770)
	at &lt;anonymous class&gt;.FirefoxDriver.prototype.findElement(file:///C:/Users/ADMINI~1/AppData/Local/Temp/anonymous405596269350578548webdriver-profile/extensions/fxdriver@googlecode.com/components/driver-component.js:10779)
	at &lt;anonymous class&gt;.DelayedCommand.prototype.executeInternal_/h(file:///C:/Users/ADMINI~1/AppData/Local/Temp/anonymous405596269350578548webdriver-profile/extensions/fxdriver@googlecode.com/components/command-processor.js:12661)
	at &lt;anonymous class&gt;.DelayedCommand.prototype.executeInternal_(file:///C:/Users/ADMINI~1/AppData/Local/Temp/anonymous405596269350578548webdriver-profile/extensions/fxdriver@googlecode.com/components/command-processor.js:12666)
	at &lt;anonymous class&gt;.DelayedCommand.prototype.execute/&lt;(file:///C:/Users/ADMINI~1/AppData/Local/Temp/anonymous405596269350578548webdriver-profile/extensions/fxdriver@googlecode.com/components/command-processor.js:12608)
</error>
    <system-out>SauceOnDemandSessionID=04acd4b2fc854ec6a2dbac30e750c093 job-name=freeTrialTest[13] : (Windows 8 firefox 45)
SauceOnDemandSessionID=04acd4b2fc854ec6a2dbac30e750c093 job-name=com.yourcompany.SampleSauceTest.freeTrialTest[13]
Job link: https://saucelabs.com/jobs/04acd4b2fc854ec6a2dbac30e750c093?auth=dfadb052d901b63f8897b09314abe361
</system-out>
  </testcase>
  <testcase classname="com.yourcompany.SampleSauceTest" name="freeTrialTest[11]" time="0.001">
    <error message="Cannot click on element (WARNING: The server did not provide any stacktrace information)
Command duration or timeout: 97 milliseconds
Build info: version: &apos;2.53.1&apos;, revision: &apos;a36b8b1&apos;, time: &apos;2016-06-30 17:37:03&apos;
System info: host: &apos;Sauce-Win7&apos;, ip: &apos;172.20.42.162&apos;, os.name: &apos;Windows 7&apos;, os.arch: &apos;x86&apos;, os.version: &apos;6.1&apos;, java.version: &apos;1.8.0_91&apos;
Driver info: org.openqa.selenium.ie.InternetExplorerDriver
Capabilities [{browserAttachTimeout=0, ie.enableFullPageScreenshot=true, enablePersistentHover=true, ie.forceCreateProcessApi=false, ie.forceShellWindowsApi=false, pageLoadStrategy=normal, ignoreZoomSetting=false, ie.fileUploadDialogTimeout=3000, version=9, platform=WINDOWS, proxy={proxyAutoconfigUrl=http://127.0.0.1:19876/pac.js, proxyType=pac}, nativeEvents=true, ie.ensureCleanSession=false, elementScrollBehavior=0, ie.browserCommandLineSwitches=, requireWindowFocus=false, browserName=internet explorer, initialBrowserUrl=http://localhost:4452/, javascriptEnabled=true, ignoreProtectedModeSettings=false, enableElementCacheCleanup=true, unexpectedAlertBehaviour=dismiss}]
Session ID: XXXXXXXX-XXXX-XXXX-XXXX-XXXX818f4ffb
Command duration or timeout: 272 milliseconds
Build info: version: &apos;2.45.0&apos;, revision: &apos;5017cb8e7ca8e37638dc3091b2440b90a1d8686f&apos;, time: &apos;2015-02-27 09:10:26&apos;
System info: host: &apos;Sauces-MacBook-Air-5.local&apos;, ip: &apos;192.168.17.8&apos;, os.name: &apos;Mac OS X&apos;, os.arch: &apos;x86_64&apos;, os.version: &apos;10.10.5&apos;, java.version: &apos;1.8.0_45&apos;
Driver info: org.openqa.selenium.remote.RemoteWebDriver
Capabilities [{enablePersistentHover=true, ie.fileUploadDialogTimeout=3000, platform=WINDOWS, ie.ensureCleanSession=false, ie.browserCommandLineSwitches=, requireWindowFocus=false, takesScreenshot=true, browserName=internet explorer, javascriptEnabled=true, unexpectedAlertBehaviour=dismiss, browserAttachTimeout=0, ie.enableFullPageScreenshot=true, ie.forceCreateProcessApi=false, ie.forceShellWindowsApi=false, pageLoadStrategy=normal, ignoreZoomSetting=false, hasMetadata=true, version=9, proxy={proxyAutoconfigUrl=http://127.0.0.1:19876/pac.js, proxyType=pac}, nativeEvents=true, elementScrollBehavior=0, webdriver.remote.sessionid=fc3cfa2d14b94b5ab714ade4d02642f8, initialBrowserUrl=http://localhost:4452/, ignoreProtectedModeSettings=false, enableElementCacheCleanup=true, cssSelectorsEnabled=true}]
Session ID: fc3cfa2d14b94b5ab714ade4d02642f8" type="org.openqa.selenium.ElementNotVisibleException">org.openqa.selenium.ElementNotVisibleException: Cannot click on element (WARNING: The server did not provide any stacktrace information)
Command duration or timeout: 97 milliseconds
Build info: version: &apos;2.53.1&apos;, revision: &apos;a36b8b1&apos;, time: &apos;2016-06-30 17:37:03&apos;
System info: host: &apos;Sauce-Win7&apos;, ip: &apos;172.20.42.162&apos;, os.name: &apos;Windows 7&apos;, os.arch: &apos;x86&apos;, os.version: &apos;6.1&apos;, java.version: &apos;1.8.0_91&apos;
Driver info: org.openqa.selenium.ie.InternetExplorerDriver
Capabilities [{browserAttachTimeout=0, ie.enableFullPageScreenshot=true, enablePersistentHover=true, ie.forceCreateProcessApi=false, ie.forceShellWindowsApi=false, pageLoadStrategy=normal, ignoreZoomSetting=false, ie.fileUploadDialogTimeout=3000, version=9, platform=WINDOWS, proxy={proxyAutoconfigUrl=http://127.0.0.1:19876/pac.js, proxyType=pac}, nativeEvents=true, ie.ensureCleanSession=false, elementScrollBehavior=0, ie.browserCommandLineSwitches=, requireWindowFocus=false, browserName=internet explorer, initialBrowserUrl=http://localhost:4452/, javascriptEnabled=true, ignoreProtectedModeSettings=false, enableElementCacheCleanup=true, unexpectedAlertBehaviour=dismiss}]
Session ID: XXXXXXXX-XXXX-XXXX-XXXX-XXXX818f4ffb
Command duration or timeout: 272 milliseconds
Build info: version: &apos;2.45.0&apos;, revision: &apos;5017cb8e7ca8e37638dc3091b2440b90a1d8686f&apos;, time: &apos;2015-02-27 09:10:26&apos;
System info: host: &apos;Sauces-MacBook-Air-5.local&apos;, ip: &apos;192.168.17.8&apos;, os.name: &apos;Mac OS X&apos;, os.arch: &apos;x86_64&apos;, os.version: &apos;10.10.5&apos;, java.version: &apos;1.8.0_45&apos;
Driver info: org.openqa.selenium.remote.RemoteWebDriver
Capabilities [{enablePersistentHover=true, ie.fileUploadDialogTimeout=3000, platform=WINDOWS, ie.ensureCleanSession=false, ie.browserCommandLineSwitches=, requireWindowFocus=false, takesScreenshot=true, browserName=internet explorer, javascriptEnabled=true, unexpectedAlertBehaviour=dismiss, browserAttachTimeout=0, ie.enableFullPageScreenshot=true, ie.forceCreateProcessApi=false, ie.forceShellWindowsApi=false, pageLoadStrategy=normal, ignoreZoomSetting=false, hasMetadata=true, version=9, proxy={proxyAutoconfigUrl=http://127.0.0.1:19876/pac.js, proxyType=pac}, nativeEvents=true, elementScrollBehavior=0, webdriver.remote.sessionid=fc3cfa2d14b94b5ab714ade4d02642f8, initialBrowserUrl=http://localhost:4452/, ignoreProtectedModeSettings=false, enableElementCacheCleanup=true, cssSelectorsEnabled=true}]
Session ID: fc3cfa2d14b94b5ab714ade4d02642f8
	at sun.reflect.NativeConstructorAccessorImpl.newInstance0(Native Method)
	at sun.reflect.NativeConstructorAccessorImpl.newInstance(NativeConstructorAccessorImpl.java:62)
	at sun.reflect.DelegatingConstructorAccessorImpl.newInstance(DelegatingConstructorAccessorImpl.java:45)
	at java.lang.reflect.Constructor.newInstance(Constructor.java:422)
	at org.openqa.selenium.remote.ErrorHandler.createThrowable(ErrorHandler.java:204)
	at org.openqa.selenium.remote.ErrorHandler.throwIfResponseFailed(ErrorHandler.java:156)
	at org.openqa.selenium.remote.RemoteWebDriver.execute(RemoteWebDriver.java:599)
	at org.openqa.selenium.remote.RemoteWebElement.execute(RemoteWebElement.java:268)
	at org.openqa.selenium.remote.RemoteWebElement.click(RemoteWebElement.java:79)
	at com.yourcompany.SampleSauceTest.freeTrialTest(SampleSauceTest.java:216)
	at sun.reflect.NativeMethodAccessorImpl.invoke0(Native Method)
	at sun.reflect.NativeMethodAccessorImpl.invoke(NativeMethodAccessorImpl.java:62)
	at sun.reflect.DelegatingMethodAccessorImpl.invoke(DelegatingMethodAccessorImpl.java:43)
	at java.lang.reflect.Method.invoke(Method.java:497)
	at org.junit.runners.model.FrameworkMethod$1.runReflectiveCall(FrameworkMethod.java:47)
	at org.junit.internal.runners.model.ReflectiveCallable.run(ReflectiveCallable.java:12)
	at org.junit.runners.model.FrameworkMethod.invokeExplosively(FrameworkMethod.java:44)
	at org.junit.internal.runners.statements.InvokeMethod.evaluate(InvokeMethod.java:17)
	at org.junit.internal.runners.statements.RunBefores.evaluate(RunBefores.java:26)
	at org.junit.internal.runners.statements.RunAfters.evaluate(RunAfters.java:27)
	at org.junit.rules.TestWatcher$1.evaluate(TestWatcher.java:55)
	at org.junit.rules.TestWatcher$1.evaluate(TestWatcher.java:55)
	at org.junit.rules.RunRules.evaluate(RunRules.java:20)
	at org.junit.runners.ParentRunner.runLeaf(ParentRunner.java:271)
	at org.junit.runners.BlockJUnit4ClassRunner.runChild(BlockJUnit4ClassRunner.java:70)
	at com.saucelabs.junit.ConcurrentParameterized$SauceClassRunnerForParameters.access$300(ConcurrentParameterized.java:170)
	at com.saucelabs.junit.ConcurrentParameterized$SauceClassRunnerForParameters$2.run(ConcurrentParameterized.java:287)
	at com.saucelabs.junit.ConcurrentParameterized$NonBlockingAsynchronousRunner$1.call(ConcurrentParameterized.java:312)
	at java.util.concurrent.FutureTask.run(FutureTask.java:266)
	at java.util.concurrent.ThreadPoolExecutor.runWorker(ThreadPoolExecutor.java:1142)
	at java.util.concurrent.ThreadPoolExecutor$Worker.run(ThreadPoolExecutor.java:617)
	at java.lang.Thread.run(Thread.java:745)
Caused by: org.openqa.selenium.ElementNotVisibleException: Cannot click on element (WARNING: The server did not provide any stacktrace information)
Command duration or timeout: 97 milliseconds
Build info: version: &apos;2.53.1&apos;, revision: &apos;a36b8b1&apos;, time: &apos;2016-06-30 17:37:03&apos;
System info: host: &apos;Sauce-Win7&apos;, ip: &apos;172.20.42.162&apos;, os.name: &apos;Windows 7&apos;, os.arch: &apos;x86&apos;, os.version: &apos;6.1&apos;, java.version: &apos;1.8.0_91&apos;
Driver info: org.openqa.selenium.ie.InternetExplorerDriver
Capabilities [{browserAttachTimeout=0, ie.enableFullPageScreenshot=true, enablePersistentHover=true, ie.forceCreateProcessApi=false, ie.forceShellWindowsApi=false, pageLoadStrategy=normal, ignoreZoomSetting=false, ie.fileUploadDialogTimeout=3000, version=9, platform=WINDOWS, proxy={proxyAutoconfigUrl=http://127.0.0.1:19876/pac.js, proxyType=pac}, nativeEvents=true, ie.ensureCleanSession=false, elementScrollBehavior=0, ie.browserCommandLineSwitches=, requireWindowFocus=false, browserName=internet explorer, initialBrowserUrl=http://localhost:4452/, javascriptEnabled=true, ignoreProtectedModeSettings=false, enableElementCacheCleanup=true, unexpectedAlertBehaviour=dismiss}]
Session ID: XXXXXXXX-XXXX-XXXX-XXXX-XXXX818f4ffb
Build info: version: &apos;2.45.0&apos;, revision: &apos;5017cb8e7ca8e37638dc3091b2440b90a1d8686f&apos;, time: &apos;2015-02-27 09:10:26&apos;
System info: host: &apos;Sauces-MacBook-Air-5.local&apos;, ip: &apos;192.168.17.8&apos;, os.name: &apos;Mac OS X&apos;, os.arch: &apos;x86_64&apos;, os.version: &apos;10.10.5&apos;, java.version: &apos;1.8.0_45&apos;
Driver info: driver.version: RemoteWebDriver
	at sun.reflect.NativeConstructorAccessorImpl.newInstance0(Native Method)
	at sun.reflect.NativeConstructorAccessorImpl.newInstance(Unknown Source)
	at sun.reflect.DelegatingConstructorAccessorImpl.newInstance(Unknown Source)
	at java.lang.reflect.Constructor.newInstance(Unknown Source)
	at org.openqa.selenium.remote.ErrorHandler.createThrowable(ErrorHandler.java:206)
	at org.openqa.selenium.remote.ErrorHandler.throwIfResponseFailed(ErrorHandler.java:158)
	at org.openqa.selenium.remote.RemoteWebDriver.execute(RemoteWebDriver.java:678)
	at org.openqa.selenium.remote.RemoteWebElement.execute(RemoteWebElement.java:327)
	at org.openqa.selenium.remote.RemoteWebElement.click(RemoteWebElement.java:85)
	at sun.reflect.NativeMethodAccessorImpl.invoke0(Native Method)
	at sun.reflect.NativeMethodAccessorImpl.invoke(Unknown Source)
	at sun.reflect.DelegatingMethodAccessorImpl.invoke(Unknown Source)
	at java.lang.reflect.Method.invoke(Unknown Source)
	at org.openqa.selenium.support.events.EventFiringWebDriver$EventFiringWebElement$1.invoke(EventFiringWebDriver.java:335)
	at com.sun.proxy.$Proxy2.click(Unknown Source)
	at org.openqa.selenium.support.events.EventFiringWebDriver$EventFiringWebElement.click(EventFiringWebDriver.java:348)
	at sun.reflect.NativeMethodAccessorImpl.invoke0(Native Method)
	at sun.reflect.NativeMethodAccessorImpl.invoke(Unknown Source)
	at sun.reflect.DelegatingMethodAccessorImpl.invoke(Unknown Source)
	at java.lang.reflect.Method.invoke(Unknown Source)
	at org.openqa.selenium.remote.server.KnownElements$1.invoke(KnownElements.java:64)
	at com.sun.proxy.$Proxy3.click(Unknown Source)
	at org.openqa.selenium.remote.server.handler.ClickElement.call(ClickElement.java:30)
	at org.openqa.selenium.remote.server.handler.ClickElement.call(ClickElement.java:1)
	at java.util.concurrent.FutureTask.run(Unknown Source)
	at org.openqa.selenium.remote.server.DefaultSession$1.run(DefaultSession.java:176)
	at java.util.concurrent.ThreadPoolExecutor.runWorker(Unknown Source)
	at java.util.concurrent.ThreadPoolExecutor$Worker.run(Unknown Source)
	at java.lang.Thread.run(Unknown Source)
</error>
    <system-out>SauceOnDemandSessionID=fc3cfa2d14b94b5ab714ade4d02642f8 job-name=freeTrialTest[11] : (Windows 7 internet explorer 9)
SauceOnDemandSessionID=fc3cfa2d14b94b5ab714ade4d02642f8 job-name=com.yourcompany.SampleSauceTest.freeTrialTest[11]
Job link: https://saucelabs.com/jobs/fc3cfa2d14b94b5ab714ade4d02642f8?auth=d77d351a03066592cad8a87cca71412a
</system-out>
  </testcase>
  <testcase classname="com.yourcompany.SampleSauceTest" name="verifyTitleTest[14]" time="0">
    <failure message="expected:&lt;[Welcome] | Sauce Labs&gt; but was:&lt;[Selenium Testing, Mobile Testing, JS Unit Testing] | Sauce Labs&gt;" type="org.junit.ComparisonFailure">org.junit.ComparisonFailure: expected:&lt;[Welcome] | Sauce Labs&gt; but was:&lt;[Selenium Testing, Mobile Testing, JS Unit Testing] | Sauce Labs&gt;
	at org.junit.Assert.assertEquals(Assert.java:115)
	at org.junit.Assert.assertEquals(Assert.java:144)
	at com.yourcompany.SampleSauceTest.verifyTitleTest(SampleSauceTest.java:187)
	at sun.reflect.NativeMethodAccessorImpl.invoke0(Native Method)
	at sun.reflect.NativeMethodAccessorImpl.invoke(NativeMethodAccessorImpl.java:62)
	at sun.reflect.DelegatingMethodAccessorImpl.invoke(DelegatingMethodAccessorImpl.java:43)
	at java.lang.reflect.Method.invoke(Method.java:497)
	at org.junit.runners.model.FrameworkMethod$1.runReflectiveCall(FrameworkMethod.java:47)
	at org.junit.internal.runners.model.ReflectiveCallable.run(ReflectiveCallable.java:12)
	at org.junit.runners.model.FrameworkMethod.invokeExplosively(FrameworkMethod.java:44)
	at org.junit.internal.runners.statements.InvokeMethod.evaluate(InvokeMethod.java:17)
	at org.junit.internal.runners.statements.RunBefores.evaluate(RunBefores.java:26)
	at org.junit.internal.runners.statements.RunAfters.evaluate(RunAfters.java:27)
	at org.junit.rules.TestWatcher$1.evaluate(TestWatcher.java:55)
	at org.junit.rules.TestWatcher$1.evaluate(TestWatcher.java:55)
	at org.junit.rules.RunRules.evaluate(RunRules.java:20)
	at org.junit.runners.ParentRunner.runLeaf(ParentRunner.java:271)
	at org.junit.runners.BlockJUnit4ClassRunner.runChild(BlockJUnit4ClassRunner.java:70)
	at com.saucelabs.junit.ConcurrentParameterized$SauceClassRunnerForParameters.access$300(ConcurrentParameterized.java:170)
	at com.saucelabs.junit.ConcurrentParameterized$SauceClassRunnerForParameters$2.run(ConcurrentParameterized.java:287)
	at com.saucelabs.junit.ConcurrentParameterized$NonBlockingAsynchronousRunner$1.call(ConcurrentParameterized.java:312)
	at java.util.concurrent.FutureTask.run(FutureTask.java:266)
	at java.util.concurrent.ThreadPoolExecutor.runWorker(ThreadPoolExecutor.java:1142)
	at java.util.concurrent.ThreadPoolExecutor$Worker.run(ThreadPoolExecutor.java:617)
	at java.lang.Thread.run(Thread.java:745)
</failure>
    <system-out>SauceOnDemandSessionID=638f021b9cbd4697a94bf91e169dcfbd job-name=verifyTitleTest[14] : (Windows 10 internet explorer 11)
SauceOnDemandSessionID=638f021b9cbd4697a94bf91e169dcfbd job-name=com.yourcompany.SampleSauceTest.verifyTitleTest[14]
Job link: https://saucelabs.com/jobs/638f021b9cbd4697a94bf91e169dcfbd?auth=73abfadfefd6709bb97d087f8be81e2a
</system-out>
  </testcase>
  <testcase classname="com.yourcompany.SampleSauceTest" name="freeTrialTest[4]" time="0">
    <error message="Unable to locate element: {&quot;method&quot;:&quot;id&quot;,&quot;selector&quot;:&quot;first_name&quot;}
For documentation on this error, please visit: http://seleniumhq.org/exceptions/no_such_element.html
Build info: version: &apos;2.45.0&apos;, revision: &apos;5017cb8&apos;, time: &apos;2015-02-26 23:59:50&apos;
System info: host: &apos;chef-win2003&apos;, ip: &apos;172.20.59.97&apos;, os.name: &apos;Windows 2003&apos;, os.arch: &apos;x86&apos;, os.version: &apos;5.2&apos;, java.version: &apos;1.7.0_45&apos;
Driver info: driver.version: unknown
Command duration or timeout: 99 milliseconds
For documentation on this error, please visit: http://seleniumhq.org/exceptions/no_such_element.html
Build info: version: &apos;2.45.0&apos;, revision: &apos;5017cb8e7ca8e37638dc3091b2440b90a1d8686f&apos;, time: &apos;2015-02-27 09:10:26&apos;
System info: host: &apos;Sauces-MacBook-Air-5.local&apos;, ip: &apos;192.168.17.8&apos;, os.name: &apos;Mac OS X&apos;, os.arch: &apos;x86_64&apos;, os.version: &apos;10.10.5&apos;, java.version: &apos;1.8.0_45&apos;
Driver info: org.openqa.selenium.remote.RemoteWebDriver
Capabilities [{applicationCacheEnabled=true, rotatable=false, hasMetadata=true, databaseEnabled=true, handlesAlerts=true, version=36.0, platform=WINDOWS, nativeEvents=false, acceptSslCerts=true, webdriver.remote.sessionid=a14dd38e1aaa4950a7567773be310e60, locationContextEnabled=true, webStorageEnabled=true, takesScreenshot=true, browserName=firefox, javascriptEnabled=true, cssSelectorsEnabled=true}]
Session ID: a14dd38e1aaa4950a7567773be310e60
*** Element info: {Using=id, value=first_name}" type="org.openqa.selenium.NoSuchElementException">org.openqa.selenium.NoSuchElementException: Unable to locate element: {&quot;method&quot;:&quot;id&quot;,&quot;selector&quot;:&quot;first_name&quot;}
For documentation on this error, please visit: http://seleniumhq.org/exceptions/no_such_element.html
Build info: version: &apos;2.45.0&apos;, revision: &apos;5017cb8&apos;, time: &apos;2015-02-26 23:59:50&apos;
System info: host: &apos;chef-win2003&apos;, ip: &apos;172.20.59.97&apos;, os.name: &apos;Windows 2003&apos;, os.arch: &apos;x86&apos;, os.version: &apos;5.2&apos;, java.version: &apos;1.7.0_45&apos;
Driver info: driver.version: unknown
Command duration or timeout: 99 milliseconds
For documentation on this error, please visit: http://seleniumhq.org/exceptions/no_such_element.html
Build info: version: &apos;2.45.0&apos;, revision: &apos;5017cb8e7ca8e37638dc3091b2440b90a1d8686f&apos;, time: &apos;2015-02-27 09:10:26&apos;
System info: host: &apos;Sauces-MacBook-Air-5.local&apos;, ip: &apos;192.168.17.8&apos;, os.name: &apos;Mac OS X&apos;, os.arch: &apos;x86_64&apos;, os.version: &apos;10.10.5&apos;, java.version: &apos;1.8.0_45&apos;
Driver info: org.openqa.selenium.remote.RemoteWebDriver
Capabilities [{applicationCacheEnabled=true, rotatable=false, hasMetadata=true, databaseEnabled=true, handlesAlerts=true, version=36.0, platform=WINDOWS, nativeEvents=false, acceptSslCerts=true, webdriver.remote.sessionid=a14dd38e1aaa4950a7567773be310e60, locationContextEnabled=true, webStorageEnabled=true, takesScreenshot=true, browserName=firefox, javascriptEnabled=true, cssSelectorsEnabled=true}]
Session ID: a14dd38e1aaa4950a7567773be310e60
*** Element info: {Using=id, value=first_name}
	at sun.reflect.NativeConstructorAccessorImpl.newInstance0(Native Method)
	at sun.reflect.NativeConstructorAccessorImpl.newInstance(NativeConstructorAccessorImpl.java:62)
	at sun.reflect.DelegatingConstructorAccessorImpl.newInstance(DelegatingConstructorAccessorImpl.java:45)
	at java.lang.reflect.Constructor.newInstance(Constructor.java:422)
	at org.openqa.selenium.remote.ErrorHandler.createThrowable(ErrorHandler.java:204)
	at org.openqa.selenium.remote.ErrorHandler.throwIfResponseFailed(ErrorHandler.java:156)
	at org.openqa.selenium.remote.RemoteWebDriver.execute(RemoteWebDriver.java:599)
	at org.openqa.selenium.remote.RemoteWebDriver.findElement(RemoteWebDriver.java:352)
	at org.openqa.selenium.remote.RemoteWebDriver.findElementById(RemoteWebDriver.java:393)
	at org.openqa.selenium.By$ById.findElement(By.java:214)
	at org.openqa.selenium.remote.RemoteWebDriver.findElement(RemoteWebDriver.java:344)
	at com.yourcompany.SampleSauceTest.freeTrialTest(SampleSauceTest.java:218)
	at sun.reflect.NativeMethodAccessorImpl.invoke0(Native Method)
	at sun.reflect.NativeMethodAccessorImpl.invoke(NativeMethodAccessorImpl.java:62)
	at sun.reflect.DelegatingMethodAccessorImpl.invoke(DelegatingMethodAccessorImpl.java:43)
	at java.lang.reflect.Method.invoke(Method.java:497)
	at org.junit.runners.model.FrameworkMethod$1.runReflectiveCall(FrameworkMethod.java:47)
	at org.junit.internal.runners.model.ReflectiveCallable.run(ReflectiveCallable.java:12)
	at org.junit.runners.model.FrameworkMethod.invokeExplosively(FrameworkMethod.java:44)
	at org.junit.internal.runners.statements.InvokeMethod.evaluate(InvokeMethod.java:17)
	at org.junit.internal.runners.statements.RunBefores.evaluate(RunBefores.java:26)
	at org.junit.internal.runners.statements.RunAfters.evaluate(RunAfters.java:27)
	at org.junit.rules.TestWatcher$1.evaluate(TestWatcher.java:55)
	at org.junit.rules.TestWatcher$1.evaluate(TestWatcher.java:55)
	at org.junit.rules.RunRules.evaluate(RunRules.java:20)
	at org.junit.runners.ParentRunner.runLeaf(ParentRunner.java:271)
	at org.junit.runners.BlockJUnit4ClassRunner.runChild(BlockJUnit4ClassRunner.java:70)
	at com.saucelabs.junit.ConcurrentParameterized$SauceClassRunnerForParameters.access$300(ConcurrentParameterized.java:170)
	at com.saucelabs.junit.ConcurrentParameterized$SauceClassRunnerForParameters$2.run(ConcurrentParameterized.java:287)
	at com.saucelabs.junit.ConcurrentParameterized$NonBlockingAsynchronousRunner$1.call(ConcurrentParameterized.java:312)
	at java.util.concurrent.FutureTask.run(FutureTask.java:266)
	at java.util.concurrent.ThreadPoolExecutor.runWorker(ThreadPoolExecutor.java:1142)
	at java.util.concurrent.ThreadPoolExecutor$Worker.run(ThreadPoolExecutor.java:617)
	at java.lang.Thread.run(Thread.java:745)
Caused by: org.openqa.selenium.NoSuchElementException: Unable to locate element: {&quot;method&quot;:&quot;id&quot;,&quot;selector&quot;:&quot;first_name&quot;}
For documentation on this error, please visit: http://seleniumhq.org/exceptions/no_such_element.html
Build info: version: &apos;2.45.0&apos;, revision: &apos;5017cb8&apos;, time: &apos;2015-02-26 23:59:50&apos;
System info: host: &apos;chef-win2003&apos;, ip: &apos;172.20.59.97&apos;, os.name: &apos;Windows 2003&apos;, os.arch: &apos;x86&apos;, os.version: &apos;5.2&apos;, java.version: &apos;1.7.0_45&apos;
Driver info: driver.version: unknown
For documentation on this error, please visit: http://seleniumhq.org/exceptions/no_such_element.html
Build info: version: &apos;2.45.0&apos;, revision: &apos;5017cb8e7ca8e37638dc3091b2440b90a1d8686f&apos;, time: &apos;2015-02-27 09:10:26&apos;
System info: host: &apos;Sauces-MacBook-Air-5.local&apos;, ip: &apos;192.168.17.8&apos;, os.name: &apos;Mac OS X&apos;, os.arch: &apos;x86_64&apos;, os.version: &apos;10.10.5&apos;, java.version: &apos;1.8.0_45&apos;
Driver info: driver.version: unknown
	at &lt;anonymous class&gt;.FirefoxDriver.prototype.findElementInternal_(file:///C:/DOCUME~1/ADMINI~1/LOCALS~1/Temp/anonymous2019998422117950578webdriver-profile/extensions/fxdriver@googlecode.com/components/driver-component.js:10271)
	at &lt;anonymous class&gt;.FirefoxDriver.prototype.findElement(file:///C:/DOCUME~1/ADMINI~1/LOCALS~1/Temp/anonymous2019998422117950578webdriver-profile/extensions/fxdriver@googlecode.com/components/driver-component.js:10280)
	at &lt;anonymous class&gt;.DelayedCommand.prototype.executeInternal_/h(file:///C:/DOCUME~1/ADMINI~1/LOCALS~1/Temp/anonymous2019998422117950578webdriver-profile/extensions/fxdriver@googlecode.com/components/command-processor.js:12274)
	at &lt;anonymous class&gt;.DelayedCommand.prototype.executeInternal_(file:///C:/DOCUME~1/ADMINI~1/LOCALS~1/Temp/anonymous2019998422117950578webdriver-profile/extensions/fxdriver@googlecode.com/components/command-processor.js:12279)
	at &lt;anonymous class&gt;.DelayedCommand.prototype.execute/&lt;(file:///C:/DOCUME~1/ADMINI~1/LOCALS~1/Temp/anonymous2019998422117950578webdriver-profile/extensions/fxdriver@googlecode.com/components/command-processor.js:12221)
</error>
    <system-out>SauceOnDemandSessionID=a14dd38e1aaa4950a7567773be310e60 job-name=freeTrialTest[4] : (Windows XP firefox 36)
SauceOnDemandSessionID=a14dd38e1aaa4950a7567773be310e60 job-name=com.yourcompany.SampleSauceTest.freeTrialTest[4]
Job link: https://saucelabs.com/jobs/a14dd38e1aaa4950a7567773be310e60?auth=18006e21f2dfbe42f12102075d9a83bc
</system-out>
  </testcase>
  <testcase classname="com.yourcompany.SampleSauceTest" name="verifyTitleTest[4]" time="0.001">
    <failure message="expected:&lt;[Welcome] | Sauce Labs&gt; but was:&lt;[Selenium Testing, Mobile Testing, JS Unit Testing] | Sauce Labs&gt;" type="org.junit.ComparisonFailure">org.junit.ComparisonFailure: expected:&lt;[Welcome] | Sauce Labs&gt; but was:&lt;[Selenium Testing, Mobile Testing, JS Unit Testing] | Sauce Labs&gt;
	at org.junit.Assert.assertEquals(Assert.java:115)
	at org.junit.Assert.assertEquals(Assert.java:144)
	at com.yourcompany.SampleSauceTest.verifyTitleTest(SampleSauceTest.java:187)
	at sun.reflect.NativeMethodAccessorImpl.invoke0(Native Method)
	at sun.reflect.NativeMethodAccessorImpl.invoke(NativeMethodAccessorImpl.java:62)
	at sun.reflect.DelegatingMethodAccessorImpl.invoke(DelegatingMethodAccessorImpl.java:43)
	at java.lang.reflect.Method.invoke(Method.java:497)
	at org.junit.runners.model.FrameworkMethod$1.runReflectiveCall(FrameworkMethod.java:47)
	at org.junit.internal.runners.model.ReflectiveCallable.run(ReflectiveCallable.java:12)
	at org.junit.runners.model.FrameworkMethod.invokeExplosively(FrameworkMethod.java:44)
	at org.junit.internal.runners.statements.InvokeMethod.evaluate(InvokeMethod.java:17)
	at org.junit.internal.runners.statements.RunBefores.evaluate(RunBefores.java:26)
	at org.junit.internal.runners.statements.RunAfters.evaluate(RunAfters.java:27)
	at org.junit.rules.TestWatcher$1.evaluate(TestWatcher.java:55)
	at org.junit.rules.TestWatcher$1.evaluate(TestWatcher.java:55)
	at org.junit.rules.RunRules.evaluate(RunRules.java:20)
	at org.junit.runners.ParentRunner.runLeaf(ParentRunner.java:271)
	at org.junit.runners.BlockJUnit4ClassRunner.runChild(BlockJUnit4ClassRunner.java:70)
	at com.saucelabs.junit.ConcurrentParameterized$SauceClassRunnerForParameters.access$300(ConcurrentParameterized.java:170)
	at com.saucelabs.junit.ConcurrentParameterized$SauceClassRunnerForParameters$2.run(ConcurrentParameterized.java:287)
	at com.saucelabs.junit.ConcurrentParameterized$NonBlockingAsynchronousRunner$1.call(ConcurrentParameterized.java:312)
	at java.util.concurrent.FutureTask.run(FutureTask.java:266)
	at java.util.concurrent.ThreadPoolExecutor.runWorker(ThreadPoolExecutor.java:1142)
	at java.util.concurrent.ThreadPoolExecutor$Worker.run(ThreadPoolExecutor.java:617)
	at java.lang.Thread.run(Thread.java:745)
</failure>
    <system-out>SauceOnDemandSessionID=6992582681e3456493ff0275c7fcbe63 job-name=verifyTitleTest[4] : (Windows XP firefox 36)
SauceOnDemandSessionID=6992582681e3456493ff0275c7fcbe63 job-name=com.yourcompany.SampleSauceTest.verifyTitleTest[4]
Job link: https://saucelabs.com/jobs/6992582681e3456493ff0275c7fcbe63?auth=08dfd4f9b8aa9945b427a93ef42f403f
</system-out>
  </testcase>
  <testcase classname="com.yourcompany.SampleSauceTest" name="loginTest[9]" time="0">
    <error type="java.lang.NullPointerException">java.lang.NullPointerException
	at com.yourcompany.SampleSauceTest.tearDown(SampleSauceTest.java:235)
	at sun.reflect.GeneratedMethodAccessor37.invoke(Unknown Source)
	at sun.reflect.DelegatingMethodAccessorImpl.invoke(DelegatingMethodAccessorImpl.java:43)
	at java.lang.reflect.Method.invoke(Method.java:497)
	at org.junit.runners.model.FrameworkMethod$1.runReflectiveCall(FrameworkMethod.java:47)
	at org.junit.internal.runners.model.ReflectiveCallable.run(ReflectiveCallable.java:12)
	at org.junit.runners.model.FrameworkMethod.invokeExplosively(FrameworkMethod.java:44)
	at org.junit.internal.runners.statements.RunAfters.evaluate(RunAfters.java:33)
	at org.junit.rules.TestWatcher$1.evaluate(TestWatcher.java:55)
	at org.junit.rules.TestWatcher$1.evaluate(TestWatcher.java:55)
	at org.junit.rules.RunRules.evaluate(RunRules.java:20)
	at org.junit.runners.ParentRunner.runLeaf(ParentRunner.java:271)
	at org.junit.runners.BlockJUnit4ClassRunner.runChild(BlockJUnit4ClassRunner.java:70)
	at com.saucelabs.junit.ConcurrentParameterized$SauceClassRunnerForParameters.access$300(ConcurrentParameterized.java:170)
	at com.saucelabs.junit.ConcurrentParameterized$SauceClassRunnerForParameters$2.run(ConcurrentParameterized.java:287)
	at com.saucelabs.junit.ConcurrentParameterized$NonBlockingAsynchronousRunner$1.call(ConcurrentParameterized.java:312)
	at java.util.concurrent.FutureTask.run(FutureTask.java:266)
	at java.util.concurrent.ThreadPoolExecutor.runWorker(ThreadPoolExecutor.java:1142)
	at java.util.concurrent.ThreadPoolExecutor$Worker.run(ThreadPoolExecutor.java:617)
	at java.lang.Thread.run(Thread.java:745)
</error>
    <system-err>Aug 15, 2016 12:17:23 PM org.apache.http.impl.execchain.RetryExec execute
INFO: I/O exception (org.apache.http.NoHttpResponseException) caught when processing request to {}-&gt;http://ondemand.saucelabs.com:443: The target server failed to respond
Aug 15, 2016 12:17:23 PM org.apache.http.impl.execchain.RetryExec execute
INFO: Retrying request to {}-&gt;http://ondemand.saucelabs.com:443
Aug 15, 2016 12:17:23 PM org.apache.http.impl.execchain.RetryExec execute
INFO: I/O exception (org.apache.http.NoHttpResponseException) caught when processing request to {}-&gt;http://ondemand.saucelabs.com:443: The target server failed to respond
Aug 15, 2016 12:17:23 PM org.apache.http.impl.execchain.RetryExec execute
INFO: Retrying request to {}-&gt;http://ondemand.saucelabs.com:443
Aug 15, 2016 12:17:23 PM org.apache.http.impl.execchain.RetryExec execute
INFO: I/O exception (org.apache.http.NoHttpResponseException) caught when processing request to {}-&gt;http://ondemand.saucelabs.com:443: The target server failed to respond
Aug 15, 2016 12:17:23 PM org.apache.http.impl.execchain.RetryExec execute
INFO: Retrying request to {}-&gt;http://ondemand.saucelabs.com:443
Aug 15, 2016 12:18:40 PM org.apache.http.impl.execchain.RetryExec execute
INFO: I/O exception (org.apache.http.NoHttpResponseException) caught when processing request to {}-&gt;http://ondemand.saucelabs.com:443: The target server failed to respond
Aug 15, 2016 12:18:40 PM org.apache.http.impl.execchain.RetryExec execute
INFO: Retrying request to {}-&gt;http://ondemand.saucelabs.com:443
Aug 15, 2016 12:18:40 PM org.apache.http.impl.execchain.RetryExec execute
INFO: I/O exception (org.apache.http.NoHttpResponseException) caught when processing request to {}-&gt;http://ondemand.saucelabs.com:443: The target server failed to respond
Aug 15, 2016 12:18:40 PM org.apache.http.impl.execchain.RetryExec execute
INFO: Retrying request to {}-&gt;http://ondemand.saucelabs.com:443
Aug 15, 2016 12:18:40 PM org.apache.http.impl.execchain.RetryExec execute
INFO: I/O exception (org.apache.http.NoHttpResponseException) caught when processing request to {}-&gt;http://ondemand.saucelabs.com:443: The target server failed to respond
Aug 15, 2016 12:18:40 PM org.apache.http.impl.execchain.RetryExec execute
INFO: Retrying request to {}-&gt;http://ondemand.saucelabs.com:443
</system-err>
  </testcase>
  <testcase classname="com.yourcompany.SampleSauceTest" name="verifyTitleTest[15]" time="0">
    <failure message="expected:&lt;[Welcome] | Sauce Labs&gt; but was:&lt;[Selenium Testing, Mobile Testing, JS Unit Testing] | Sauce Labs&gt;" type="org.junit.ComparisonFailure">org.junit.ComparisonFailure: expected:&lt;[Welcome] | Sauce Labs&gt; but was:&lt;[Selenium Testing, Mobile Testing, JS Unit Testing] | Sauce Labs&gt;
	at org.junit.Assert.assertEquals(Assert.java:115)
	at org.junit.Assert.assertEquals(Assert.java:144)
	at com.yourcompany.SampleSauceTest.verifyTitleTest(SampleSauceTest.java:187)
	at sun.reflect.NativeMethodAccessorImpl.invoke0(Native Method)
	at sun.reflect.NativeMethodAccessorImpl.invoke(NativeMethodAccessorImpl.java:62)
	at sun.reflect.DelegatingMethodAccessorImpl.invoke(DelegatingMethodAccessorImpl.java:43)
	at java.lang.reflect.Method.invoke(Method.java:497)
	at org.junit.runners.model.FrameworkMethod$1.runReflectiveCall(FrameworkMethod.java:47)
	at org.junit.internal.runners.model.ReflectiveCallable.run(ReflectiveCallable.java:12)
	at org.junit.runners.model.FrameworkMethod.invokeExplosively(FrameworkMethod.java:44)
	at org.junit.internal.runners.statements.InvokeMethod.evaluate(InvokeMethod.java:17)
	at org.junit.internal.runners.statements.RunBefores.evaluate(RunBefores.java:26)
	at org.junit.internal.runners.statements.RunAfters.evaluate(RunAfters.java:27)
	at org.junit.rules.TestWatcher$1.evaluate(TestWatcher.java:55)
	at org.junit.rules.TestWatcher$1.evaluate(TestWatcher.java:55)
	at org.junit.rules.RunRules.evaluate(RunRules.java:20)
	at org.junit.runners.ParentRunner.runLeaf(ParentRunner.java:271)
	at org.junit.runners.BlockJUnit4ClassRunner.runChild(BlockJUnit4ClassRunner.java:70)
	at com.saucelabs.junit.ConcurrentParameterized$SauceClassRunnerForParameters.access$300(ConcurrentParameterized.java:170)
	at com.saucelabs.junit.ConcurrentParameterized$SauceClassRunnerForParameters$2.run(ConcurrentParameterized.java:287)
	at com.saucelabs.junit.ConcurrentParameterized$NonBlockingAsynchronousRunner$1.call(ConcurrentParameterized.java:312)
	at java.util.concurrent.FutureTask.run(FutureTask.java:266)
	at java.util.concurrent.ThreadPoolExecutor.runWorker(ThreadPoolExecutor.java:1142)
	at java.util.concurrent.ThreadPoolExecutor$Worker.run(ThreadPoolExecutor.java:617)
	at java.lang.Thread.run(Thread.java:745)
</failure>
    <system-out>SauceOnDemandSessionID=c99d508449a8479887489174397f86f0 job-name=verifyTitleTest[15] : (Windows 10 Chrome 51)
SauceOnDemandSessionID=c99d508449a8479887489174397f86f0 job-name=com.yourcompany.SampleSauceTest.verifyTitleTest[15]
Job link: https://saucelabs.com/jobs/c99d508449a8479887489174397f86f0?auth=78e8bb5f7bdd024a834f8b8eea2a2419
</system-out>
  </testcase>
  <testcase classname="com.yourcompany.SampleSauceTest" name="loginTest[14]" time="22.131"/>
  <testcase classname="com.yourcompany.SampleSauceTest" name="loginTest[12]" time="18.762"/>
  <testcase classname="com.yourcompany.SampleSauceTest" name="loginTest[16]" time="28.329"/>
  <testcase classname="com.yourcompany.SampleSauceTest" name="verifyTitleTest[16]" time="0">
    <failure message="expected:&lt;[Welcome] | Sauce Labs&gt; but was:&lt;[Selenium Testing, Mobile Testing, JS Unit Testing] | Sauce Labs&gt;" type="org.junit.ComparisonFailure">org.junit.ComparisonFailure: expected:&lt;[Welcome] | Sauce Labs&gt; but was:&lt;[Selenium Testing, Mobile Testing, JS Unit Testing] | Sauce Labs&gt;
	at org.junit.Assert.assertEquals(Assert.java:115)
	at org.junit.Assert.assertEquals(Assert.java:144)
	at com.yourcompany.SampleSauceTest.verifyTitleTest(SampleSauceTest.java:187)
	at sun.reflect.NativeMethodAccessorImpl.invoke0(Native Method)
	at sun.reflect.NativeMethodAccessorImpl.invoke(NativeMethodAccessorImpl.java:62)
	at sun.reflect.DelegatingMethodAccessorImpl.invoke(DelegatingMethodAccessorImpl.java:43)
	at java.lang.reflect.Method.invoke(Method.java:497)
	at org.junit.runners.model.FrameworkMethod$1.runReflectiveCall(FrameworkMethod.java:47)
	at org.junit.internal.runners.model.ReflectiveCallable.run(ReflectiveCallable.java:12)
	at org.junit.runners.model.FrameworkMethod.invokeExplosively(FrameworkMethod.java:44)
	at org.junit.internal.runners.statements.InvokeMethod.evaluate(InvokeMethod.java:17)
	at org.junit.internal.runners.statements.RunBefores.evaluate(RunBefores.java:26)
	at org.junit.internal.runners.statements.RunAfters.evaluate(RunAfters.java:27)
	at org.junit.rules.TestWatcher$1.evaluate(TestWatcher.java:55)
	at org.junit.rules.TestWatcher$1.evaluate(TestWatcher.java:55)
	at org.junit.rules.RunRules.evaluate(RunRules.java:20)
	at org.junit.runners.ParentRunner.runLeaf(ParentRunner.java:271)
	at org.junit.runners.BlockJUnit4ClassRunner.runChild(BlockJUnit4ClassRunner.java:70)
	at com.saucelabs.junit.ConcurrentParameterized$SauceClassRunnerForParameters.access$300(ConcurrentParameterized.java:170)
	at com.saucelabs.junit.ConcurrentParameterized$SauceClassRunnerForParameters$2.run(ConcurrentParameterized.java:287)
	at com.saucelabs.junit.ConcurrentParameterized$NonBlockingAsynchronousRunner$1.call(ConcurrentParameterized.java:312)
	at java.util.concurrent.FutureTask.run(FutureTask.java:266)
	at java.util.concurrent.ThreadPoolExecutor.runWorker(ThreadPoolExecutor.java:1142)
	at java.util.concurrent.ThreadPoolExecutor$Worker.run(ThreadPoolExecutor.java:617)
	at java.lang.Thread.run(Thread.java:745)
</failure>
    <system-out>SauceOnDemandSessionID=9c63e7bac2264d28b3ee6e041f3b8e15 job-name=verifyTitleTest[16] : (Windows 10 MicrosoftEdge 13.10586)
SauceOnDemandSessionID=9c63e7bac2264d28b3ee6e041f3b8e15 job-name=com.yourcompany.SampleSauceTest.verifyTitleTest[16]
Job link: https://saucelabs.com/jobs/9c63e7bac2264d28b3ee6e041f3b8e15?auth=0098d4703dab06adb53307403e22be31
</system-out>
  </testcase>
  <testcase classname="com.yourcompany.SampleSauceTest" name="freeTrialTest[16]" time="0.002">
    <error message="No such element (WARNING: The server did not provide any stacktrace information)
Command duration or timeout: 37 milliseconds
For documentation on this error, please visit: http://seleniumhq.org/exceptions/no_such_element.html
Build info: version: &apos;2.52.0&apos;, revision: &apos;4c2593c&apos;, time: &apos;2016-02-11 19:06:42&apos;
System info: host: &apos;WIN-SB3ER6JQ6ME&apos;, ip: &apos;172.20.115.13&apos;, os.name: &apos;Windows 10&apos;, os.arch: &apos;x86&apos;, os.version: &apos;10.0&apos;, java.version: &apos;1.8.0_91&apos;
Driver info: org.openqa.selenium.edge.EdgeDriver
Capabilities [{acceptSslCerts=true, browserVersion=25.10586.0.0, platformVersion=10, browserName=MicrosoftEdge, takesScreenshot=true, pageLoadStrategy=normal, takesElementScreenshot=true, platformName=windows, platform=ANY}]
Session ID: XXXXXXXX-XXXX-XXXX-XXXX-XXXXCBAE1E00
*** Element info: {Using=id, value=first_name}
Command duration or timeout: 116 milliseconds
For documentation on this error, please visit: http://seleniumhq.org/exceptions/no_such_element.html
Build info: version: &apos;2.45.0&apos;, revision: &apos;5017cb8e7ca8e37638dc3091b2440b90a1d8686f&apos;, time: &apos;2015-02-27 09:10:26&apos;
System info: host: &apos;Sauces-MacBook-Air-5.local&apos;, ip: &apos;192.168.17.8&apos;, os.name: &apos;Mac OS X&apos;, os.arch: &apos;x86_64&apos;, os.version: &apos;10.10.5&apos;, java.version: &apos;1.8.0_45&apos;
Driver info: org.openqa.selenium.remote.RemoteWebDriver
Capabilities [{pageLoadStrategy=normal, hasMetadata=true, platform=ANY, acceptSslCerts=true, webdriver.remote.sessionid=6fc43aa69d7148ff965a4685916092cd, browserVersion=25.10586.0.0, platformVersion=10, takesScreenshot=true, browserName=MicrosoftEdge, javascriptEnabled=true, takesElementScreenshot=true, platformName=windows, cssSelectorsEnabled=true}]
Session ID: 6fc43aa69d7148ff965a4685916092cd
*** Element info: {Using=id, value=first_name}" type="org.openqa.selenium.NoSuchElementException">org.openqa.selenium.NoSuchElementException: No such element (WARNING: The server did not provide any stacktrace information)
Command duration or timeout: 37 milliseconds
For documentation on this error, please visit: http://seleniumhq.org/exceptions/no_such_element.html
Build info: version: &apos;2.52.0&apos;, revision: &apos;4c2593c&apos;, time: &apos;2016-02-11 19:06:42&apos;
System info: host: &apos;WIN-SB3ER6JQ6ME&apos;, ip: &apos;172.20.115.13&apos;, os.name: &apos;Windows 10&apos;, os.arch: &apos;x86&apos;, os.version: &apos;10.0&apos;, java.version: &apos;1.8.0_91&apos;
Driver info: org.openqa.selenium.edge.EdgeDriver
Capabilities [{acceptSslCerts=true, browserVersion=25.10586.0.0, platformVersion=10, browserName=MicrosoftEdge, takesScreenshot=true, pageLoadStrategy=normal, takesElementScreenshot=true, platformName=windows, platform=ANY}]
Session ID: XXXXXXXX-XXXX-XXXX-XXXX-XXXXCBAE1E00
*** Element info: {Using=id, value=first_name}
Command duration or timeout: 116 milliseconds
For documentation on this error, please visit: http://seleniumhq.org/exceptions/no_such_element.html
Build info: version: &apos;2.45.0&apos;, revision: &apos;5017cb8e7ca8e37638dc3091b2440b90a1d8686f&apos;, time: &apos;2015-02-27 09:10:26&apos;
System info: host: &apos;Sauces-MacBook-Air-5.local&apos;, ip: &apos;192.168.17.8&apos;, os.name: &apos;Mac OS X&apos;, os.arch: &apos;x86_64&apos;, os.version: &apos;10.10.5&apos;, java.version: &apos;1.8.0_45&apos;
Driver info: org.openqa.selenium.remote.RemoteWebDriver
Capabilities [{pageLoadStrategy=normal, hasMetadata=true, platform=ANY, acceptSslCerts=true, webdriver.remote.sessionid=6fc43aa69d7148ff965a4685916092cd, browserVersion=25.10586.0.0, platformVersion=10, takesScreenshot=true, browserName=MicrosoftEdge, javascriptEnabled=true, takesElementScreenshot=true, platformName=windows, cssSelectorsEnabled=true}]
Session ID: 6fc43aa69d7148ff965a4685916092cd
*** Element info: {Using=id, value=first_name}
	at sun.reflect.NativeConstructorAccessorImpl.newInstance0(Native Method)
	at sun.reflect.NativeConstructorAccessorImpl.newInstance(NativeConstructorAccessorImpl.java:62)
	at sun.reflect.DelegatingConstructorAccessorImpl.newInstance(DelegatingConstructorAccessorImpl.java:45)
	at java.lang.reflect.Constructor.newInstance(Constructor.java:422)
	at org.openqa.selenium.remote.ErrorHandler.createThrowable(ErrorHandler.java:204)
	at org.openqa.selenium.remote.ErrorHandler.throwIfResponseFailed(ErrorHandler.java:156)
	at org.openqa.selenium.remote.RemoteWebDriver.execute(RemoteWebDriver.java:599)
	at org.openqa.selenium.remote.RemoteWebDriver.findElement(RemoteWebDriver.java:352)
	at org.openqa.selenium.remote.RemoteWebDriver.findElementById(RemoteWebDriver.java:393)
	at org.openqa.selenium.By$ById.findElement(By.java:214)
	at org.openqa.selenium.remote.RemoteWebDriver.findElement(RemoteWebDriver.java:344)
	at com.yourcompany.SampleSauceTest.freeTrialTest(SampleSauceTest.java:218)
	at sun.reflect.NativeMethodAccessorImpl.invoke0(Native Method)
	at sun.reflect.NativeMethodAccessorImpl.invoke(NativeMethodAccessorImpl.java:62)
	at sun.reflect.DelegatingMethodAccessorImpl.invoke(DelegatingMethodAccessorImpl.java:43)
	at java.lang.reflect.Method.invoke(Method.java:497)
	at org.junit.runners.model.FrameworkMethod$1.runReflectiveCall(FrameworkMethod.java:47)
	at org.junit.internal.runners.model.ReflectiveCallable.run(ReflectiveCallable.java:12)
	at org.junit.runners.model.FrameworkMethod.invokeExplosively(FrameworkMethod.java:44)
	at org.junit.internal.runners.statements.InvokeMethod.evaluate(InvokeMethod.java:17)
	at org.junit.internal.runners.statements.RunBefores.evaluate(RunBefores.java:26)
	at org.junit.internal.runners.statements.RunAfters.evaluate(RunAfters.java:27)
	at org.junit.rules.TestWatcher$1.evaluate(TestWatcher.java:55)
	at org.junit.rules.TestWatcher$1.evaluate(TestWatcher.java:55)
	at org.junit.rules.RunRules.evaluate(RunRules.java:20)
	at org.junit.runners.ParentRunner.runLeaf(ParentRunner.java:271)
	at org.junit.runners.BlockJUnit4ClassRunner.runChild(BlockJUnit4ClassRunner.java:70)
	at com.saucelabs.junit.ConcurrentParameterized$SauceClassRunnerForParameters.access$300(ConcurrentParameterized.java:170)
	at com.saucelabs.junit.ConcurrentParameterized$SauceClassRunnerForParameters$2.run(ConcurrentParameterized.java:287)
	at com.saucelabs.junit.ConcurrentParameterized$NonBlockingAsynchronousRunner$1.call(ConcurrentParameterized.java:312)
	at java.util.concurrent.FutureTask.run(FutureTask.java:266)
	at java.util.concurrent.ThreadPoolExecutor.runWorker(ThreadPoolExecutor.java:1142)
	at java.util.concurrent.ThreadPoolExecutor$Worker.run(ThreadPoolExecutor.java:617)
	at java.lang.Thread.run(Thread.java:745)
Caused by: org.openqa.selenium.NoSuchElementException: No such element (WARNING: The server did not provide any stacktrace information)
Command duration or timeout: 37 milliseconds
For documentation on this error, please visit: http://seleniumhq.org/exceptions/no_such_element.html
Build info: version: &apos;2.52.0&apos;, revision: &apos;4c2593c&apos;, time: &apos;2016-02-11 19:06:42&apos;
System info: host: &apos;WIN-SB3ER6JQ6ME&apos;, ip: &apos;172.20.115.13&apos;, os.name: &apos;Windows 10&apos;, os.arch: &apos;x86&apos;, os.version: &apos;10.0&apos;, java.version: &apos;1.8.0_91&apos;
Driver info: org.openqa.selenium.edge.EdgeDriver
Capabilities [{acceptSslCerts=true, browserVersion=25.10586.0.0, platformVersion=10, browserName=MicrosoftEdge, takesScreenshot=true, pageLoadStrategy=normal, takesElementScreenshot=true, platformName=windows, platform=ANY}]
Session ID: XXXXXXXX-XXXX-XXXX-XXXX-XXXXCBAE1E00
*** Element info: {Using=id, value=first_name}
For documentation on this error, please visit: http://seleniumhq.org/exceptions/no_such_element.html
Build info: version: &apos;2.45.0&apos;, revision: &apos;5017cb8e7ca8e37638dc3091b2440b90a1d8686f&apos;, time: &apos;2015-02-27 09:10:26&apos;
System info: host: &apos;Sauces-MacBook-Air-5.local&apos;, ip: &apos;192.168.17.8&apos;, os.name: &apos;Mac OS X&apos;, os.arch: &apos;x86_64&apos;, os.version: &apos;10.10.5&apos;, java.version: &apos;1.8.0_45&apos;
Driver info: driver.version: EventFiringWebDriver
	at sun.reflect.NativeConstructorAccessorImpl.newInstance0(Native Method)
	at sun.reflect.NativeConstructorAccessorImpl.newInstance(Unknown Source)
	at sun.reflect.DelegatingConstructorAccessorImpl.newInstance(Unknown Source)
	at java.lang.reflect.Constructor.newInstance(Unknown Source)
	at org.openqa.selenium.remote.ErrorHandler.createThrowable(ErrorHandler.java:206)
	at org.openqa.selenium.remote.ErrorHandler.throwIfResponseFailed(ErrorHandler.java:158)
	at org.openqa.selenium.remote.RemoteWebDriver.execute(RemoteWebDriver.java:678)
	at org.openqa.selenium.remote.RemoteWebDriver.findElement(RemoteWebDriver.java:363)
	at org.openqa.selenium.remote.RemoteWebDriver.findElementById(RemoteWebDriver.java:413)
	at org.openqa.selenium.By$ById.findElement(By.java:218)
	at org.openqa.selenium.remote.RemoteWebDriver.findElement(RemoteWebDriver.java:355)
	at sun.reflect.NativeMethodAccessorImpl.invoke0(Native Method)
	at sun.reflect.NativeMethodAccessorImpl.invoke(Unknown Source)
	at sun.reflect.DelegatingMethodAccessorImpl.invoke(Unknown Source)
	at java.lang.reflect.Method.invoke(Unknown Source)
	at org.openqa.selenium.support.events.EventFiringWebDriver$2.invoke(EventFiringWebDriver.java:103)
	at com.sun.proxy.$Proxy1.findElement(Unknown Source)
	at org.openqa.selenium.support.events.EventFiringWebDriver.findElement(EventFiringWebDriver.java:188)
	at org.openqa.selenium.remote.server.handler.FindElement.call(FindElement.java:48)
	at org.openqa.selenium.remote.server.handler.FindElement.call(FindElement.java:1)
	at java.util.concurrent.FutureTask.run(Unknown Source)
	at org.openqa.selenium.remote.server.DefaultSession$1.run(DefaultSession.java:176)
	at java.util.concurrent.ThreadPoolExecutor.runWorker(Unknown Source)
	at java.util.concurrent.ThreadPoolExecutor$Worker.run(Unknown Source)
	at java.lang.Thread.run(Unknown Source)
</error>
    <system-out>SauceOnDemandSessionID=6fc43aa69d7148ff965a4685916092cd job-name=freeTrialTest[16] : (Windows 10 MicrosoftEdge 13.10586)
SauceOnDemandSessionID=6fc43aa69d7148ff965a4685916092cd job-name=com.yourcompany.SampleSauceTest.freeTrialTest[16]
Job link: https://saucelabs.com/jobs/6fc43aa69d7148ff965a4685916092cd?auth=bdfa9c3e89a2000bf53ff1b5e290810d
</system-out>
  </testcase>
</testsuite>