<?xml version="1.0" encoding="UTF-8" ?>
<testsuite tests="28" failures="0" name="com.yourcompany.SampleSauceTest" time="354.178" errors="14" skipped="0">
  <properties>
    <property name="java.runtime.name" value="Java(TM) SE Runtime Environment"/>
    <property name="sun.boot.library.path" value="/Library/Java/JavaVirtualMachines/jdk1.8.0_45.jdk/Contents/Home/jre/lib"/>
    <property name="java.vm.version" value="25.45-b02"/>
    <property name="gopherProxySet" value="false"/>
    <property name="java.vm.vendor" value="Oracle Corporation"/>
    <property name="maven.multiModuleProjectDirectory" value="/Users/kristianmeier/Desktop/dev/travisci_localhost_demo"/>
    <property name="java.vendor.url" value="http://java.oracle.com/"/>
    <property name="path.separator" value=":"/>
    <property name="guice.disable.misplaced.annotation.check" value="true"/>
    <property name="java.vm.name" value="Java HotSpot(TM) 64-Bit Server VM"/>
    <property name="file.encoding.pkg" value="sun.io"/>
    <property name="user.country" value="US"/>
    <property name="sun.java.launcher" value="SUN_STANDARD"/>
    <property name="sun.os.patch.level" value="unknown"/>
    <property name="java.vm.specification.name" value="Java Virtual Machine Specification"/>
    <property name="user.dir" value="/Users/kristianmeier/Desktop/dev/travisci_localhost_demo"/>
    <property name="java.runtime.version" value="1.8.0_45-b14"/>
    <property name="java.awt.graphicsenv" value="sun.awt.CGraphicsEnvironment"/>
    <property name="java.endorsed.dirs" value="/Library/Java/JavaVirtualMachines/jdk1.8.0_45.jdk/Contents/Home/jre/lib/endorsed"/>
    <property name="os.arch" value="x86_64"/>
    <property name="java.io.tmpdir" value="/var/folders/37/g13t538d5px2pdf_jhp6lfz80000gp/T/"/>
    <property name="line.separator" value="
"/>
    <property name="java.vm.specification.vendor" value="Oracle Corporation"/>
    <property name="os.name" value="Mac OS X"/>
    <property name="classworlds.conf" value="/usr/local/Cellar/maven/3.3.3/libexec/bin/m2.conf"/>
    <property name="sun.jnu.encoding" value="UTF-8"/>
    <property name="java.library.path" value="/Users/kristianmeier/Library/Java/Extensions:/Library/Java/Extensions:/Network/Library/Java/Extensions:/System/Library/Java/Extensions:/usr/lib/java:."/>
    <property name="java.specification.name" value="Java Platform API Specification"/>
    <property name="java.class.version" value="52.0"/>
    <property name="sun.management.compiler" value="HotSpot 64-Bit Tiered Compilers"/>
    <property name="os.version" value="10.10.5"/>
    <property name="http.nonProxyHosts" value="local|*.local|169.254/16|*.169.254/16"/>
    <property name="user.home" value="/Users/kristianmeier"/>
    <property name="user.timezone" value="America/Los_Angeles"/>
    <property name="java.awt.printerjob" value="sun.lwawt.macosx.CPrinterJob"/>
    <property name="java.specification.version" value="1.8"/>
    <property name="file.encoding" value="UTF-8"/>
    <property name="user.name" value="kristianmeier"/>
    <property name="java.class.path" value="/usr/local/Cellar/maven/3.3.3/libexec/boot/plexus-classworlds-2.5.2.jar"/>
    <property name="java.vm.specification.version" value="1.8"/>
    <property name="sun.arch.data.model" value="64"/>
    <property name="java.home" value="/Library/Java/JavaVirtualMachines/jdk1.8.0_45.jdk/Contents/Home/jre"/>
    <property name="sun.java.command" value="org.codehaus.plexus.classworlds.launcher.Launcher test"/>
    <property name="java.specification.vendor" value="Oracle Corporation"/>
    <property name="user.language" value="en"/>
    <property name="awt.toolkit" value="sun.lwawt.macosx.LWCToolkit"/>
    <property name="java.vm.info" value="mixed mode"/>
    <property name="java.version" value="1.8.0_45"/>
    <property name="java.ext.dirs" value="/Users/kristianmeier/Library/Java/Extensions:/Library/Java/JavaVirtualMachines/jdk1.8.0_45.jdk/Contents/Home/jre/lib/ext:/Library/Java/Extensions:/Network/Library/Java/Extensions:/System/Library/Java/Extensions:/usr/lib/java"/>
    <property name="sun.boot.class.path" value="/Library/Java/JavaVirtualMachines/jdk1.8.0_45.jdk/Contents/Home/jre/lib/resources.jar:/Library/Java/JavaVirtualMachines/jdk1.8.0_45.jdk/Contents/Home/jre/lib/rt.jar:/Library/Java/JavaVirtualMachines/jdk1.8.0_45.jdk/Contents/Home/jre/lib/sunrsasign.jar:/Library/Java/JavaVirtualMachines/jdk1.8.0_45.jdk/Contents/Home/jre/lib/jsse.jar:/Library/Java/JavaVirtualMachines/jdk1.8.0_45.jdk/Contents/Home/jre/lib/jce.jar:/Library/Java/JavaVirtualMachines/jdk1.8.0_45.jdk/Contents/Home/jre/lib/charsets.jar:/Library/Java/JavaVirtualMachines/jdk1.8.0_45.jdk/Contents/Home/jre/lib/jfr.jar:/Library/Java/JavaVirtualMachines/jdk1.8.0_45.jdk/Contents/Home/jre/classes"/>
    <property name="java.vendor" value="Oracle Corporation"/>
    <property name="maven.home" value="/usr/local/Cellar/maven/3.3.3/libexec"/>
    <property name="file.separator" value="/"/>
    <property name="java.vendor.url.bug" value="http://bugreport.sun.com/bugreport/"/>
    <property name="sun.cpu.endian" value="little"/>
    <property name="sun.io.unicode.encoding" value="UnicodeBig"/>
    <property name="socksNonProxyHosts" value="local|*.local|169.254/16|*.169.254/16"/>
    <property name="ftp.nonProxyHosts" value="local|*.local|169.254/16|*.169.254/16"/>
    <property name="sun.cpu.isalist" value=""/>
  </properties>
  <testcase classname="com.yourcompany.SampleSauceTest" name="verifyTitleTest[6]" time="53.753"/>
  <testcase classname="com.yourcompany.SampleSauceTest" name="verifyTitleTest[1]" time="20.776"/>
  <testcase classname="com.yourcompany.SampleSauceTest" name="loginTest[5]" time="0.001">
    <error message="Could not find element: {&quot;using&quot;:&quot;id&quot;,&quot;value&quot;:&quot;username&quot;} (WARNING: The server did not provide any stacktrace information)
Command duration or timeout: 46 milliseconds
For documentation on this error, please visit: http://seleniumhq.org/exceptions/no_such_element.html
Build info: version: &apos;2.40.0&apos;, revision: &apos;fbe29a9&apos;, time: &apos;2014-02-19 20:54:28&apos;
System info: host: &apos;itako44240.prod.miso&apos;, ip: &apos;172.20.44.240&apos;, os.name: &apos;Mac OS X&apos;, os.arch: &apos;x86_64&apos;, os.version: &apos;10.10.5&apos;, java.version: &apos;1.8.0_66&apos;
Driver info: org.openqa.selenium.safari.SafariDriver
Capabilities [{browserName=safari, takesScreenshot=true, javascriptEnabled=true, version=8.0.8, cssSelectorsEnabled=true, platform=MAC, secureSsl=true}]
Session ID: null
Command duration or timeout: 118 milliseconds
For documentation on this error, please visit: http://seleniumhq.org/exceptions/no_such_element.html
Build info: version: &apos;2.45.0&apos;, revision: &apos;5017cb8e7ca8e37638dc3091b2440b90a1d8686f&apos;, time: &apos;2015-02-27 09:10:26&apos;
System info: host: &apos;Sauces-MacBook-Air-5.local&apos;, ip: &apos;172.16.3.124&apos;, os.name: &apos;Mac OS X&apos;, os.arch: &apos;x86_64&apos;, os.version: &apos;10.10.5&apos;, java.version: &apos;1.8.0_45&apos;
Driver info: org.openqa.selenium.remote.RemoteWebDriver
Capabilities [{webdriver.remote.sessionid=9bed774b0a734ca49cb88ebec09c04eb, takesScreenshot=true, browserName=safari, javascriptEnabled=true, hasMetadata=true, version=8.0.8, cssSelectorsEnabled=true, platform=MAC, secureSsl=true}]
Session ID: 9bed774b0a734ca49cb88ebec09c04eb
*** Element info: {Using=id, value=username}" type="org.openqa.selenium.NoSuchElementException">org.openqa.selenium.NoSuchElementException: Could not find element: {&quot;using&quot;:&quot;id&quot;,&quot;value&quot;:&quot;username&quot;} (WARNING: The server did not provide any stacktrace information)
Command duration or timeout: 46 milliseconds
For documentation on this error, please visit: http://seleniumhq.org/exceptions/no_such_element.html
Build info: version: &apos;2.40.0&apos;, revision: &apos;fbe29a9&apos;, time: &apos;2014-02-19 20:54:28&apos;
System info: host: &apos;itako44240.prod.miso&apos;, ip: &apos;172.20.44.240&apos;, os.name: &apos;Mac OS X&apos;, os.arch: &apos;x86_64&apos;, os.version: &apos;10.10.5&apos;, java.version: &apos;1.8.0_66&apos;
Driver info: org.openqa.selenium.safari.SafariDriver
Capabilities [{browserName=safari, takesScreenshot=true, javascriptEnabled=true, version=8.0.8, cssSelectorsEnabled=true, platform=MAC, secureSsl=true}]
Session ID: null
Command duration or timeout: 118 milliseconds
For documentation on this error, please visit: http://seleniumhq.org/exceptions/no_such_element.html
Build info: version: &apos;2.45.0&apos;, revision: &apos;5017cb8e7ca8e37638dc3091b2440b90a1d8686f&apos;, time: &apos;2015-02-27 09:10:26&apos;
System info: host: &apos;Sauces-MacBook-Air-5.local&apos;, ip: &apos;172.16.3.124&apos;, os.name: &apos;Mac OS X&apos;, os.arch: &apos;x86_64&apos;, os.version: &apos;10.10.5&apos;, java.version: &apos;1.8.0_45&apos;
Driver info: org.openqa.selenium.remote.RemoteWebDriver
Capabilities [{webdriver.remote.sessionid=9bed774b0a734ca49cb88ebec09c04eb, takesScreenshot=true, browserName=safari, javascriptEnabled=true, hasMetadata=true, version=8.0.8, cssSelectorsEnabled=true, platform=MAC, secureSsl=true}]
Session ID: 9bed774b0a734ca49cb88ebec09c04eb
*** Element info: {Using=id, value=username}
	at sun.reflect.NativeConstructorAccessorImpl.newInstance0(Native Method)
	at sun.reflect.NativeConstructorAccessorImpl.newInstance(NativeConstructorAccessorImpl.java:62)
	at sun.reflect.DelegatingConstructorAccessorImpl.newInstance(DelegatingConstructorAccessorImpl.java:45)
	at java.lang.reflect.Constructor.newInstance(Constructor.java:422)
	at org.openqa.selenium.remote.ErrorHandler.createThrowable(ErrorHandler.java:204)
	at org.openqa.selenium.remote.ErrorHandler.throwIfResponseFailed(ErrorHandler.java:156)
	at org.openqa.selenium.remote.RemoteWebDriver.execute(RemoteWebDriver.java:599)
	at org.openqa.selenium.remote.RemoteWebDriver.findElement(RemoteWebDriver.java:352)
	at org.openqa.selenium.remote.RemoteWebDriver.findElementById(RemoteWebDriver.java:393)
	at org.openqa.selenium.By$ById.findElement(By.java:214)
	at org.openqa.selenium.remote.RemoteWebDriver.findElement(RemoteWebDriver.java:344)
	at com.yourcompany.SampleSauceTest.loginTest(SampleSauceTest.java:205)
	at sun.reflect.NativeMethodAccessorImpl.invoke0(Native Method)
	at sun.reflect.NativeMethodAccessorImpl.invoke(NativeMethodAccessorImpl.java:62)
	at sun.reflect.DelegatingMethodAccessorImpl.invoke(DelegatingMethodAccessorImpl.java:43)
	at java.lang.reflect.Method.invoke(Method.java:497)
	at org.junit.runners.model.FrameworkMethod$1.runReflectiveCall(FrameworkMethod.java:47)
	at org.junit.internal.runners.model.ReflectiveCallable.run(ReflectiveCallable.java:12)
	at org.junit.runners.model.FrameworkMethod.invokeExplosively(FrameworkMethod.java:44)
	at org.junit.internal.runners.statements.InvokeMethod.evaluate(InvokeMethod.java:17)
	at org.junit.internal.runners.statements.RunBefores.evaluate(RunBefores.java:26)
	at org.junit.internal.runners.statements.RunAfters.evaluate(RunAfters.java:27)
	at org.junit.rules.TestWatcher$1.evaluate(TestWatcher.java:55)
	at org.junit.rules.TestWatcher$1.evaluate(TestWatcher.java:55)
	at org.junit.rules.RunRules.evaluate(RunRules.java:20)
	at org.junit.runners.ParentRunner.runLeaf(ParentRunner.java:271)
	at org.junit.runners.BlockJUnit4ClassRunner.runChild(BlockJUnit4ClassRunner.java:70)
	at com.saucelabs.junit.ConcurrentParameterized$SauceClassRunnerForParameters.access$300(ConcurrentParameterized.java:170)
	at com.saucelabs.junit.ConcurrentParameterized$SauceClassRunnerForParameters$2.run(ConcurrentParameterized.java:287)
	at com.saucelabs.junit.ConcurrentParameterized$NonBlockingAsynchronousRunner$1.call(ConcurrentParameterized.java:312)
	at java.util.concurrent.FutureTask.run(FutureTask.java:266)
	at java.util.concurrent.ThreadPoolExecutor.runWorker(ThreadPoolExecutor.java:1142)
	at java.util.concurrent.ThreadPoolExecutor$Worker.run(ThreadPoolExecutor.java:617)
	at java.lang.Thread.run(Thread.java:745)
Caused by: org.openqa.selenium.NoSuchElementException: Could not find element: {&quot;using&quot;:&quot;id&quot;,&quot;value&quot;:&quot;username&quot;} (WARNING: The server did not provide any stacktrace information)
Command duration or timeout: 46 milliseconds
For documentation on this error, please visit: http://seleniumhq.org/exceptions/no_such_element.html
Build info: version: &apos;2.40.0&apos;, revision: &apos;fbe29a9&apos;, time: &apos;2014-02-19 20:54:28&apos;
System info: host: &apos;itako44240.prod.miso&apos;, ip: &apos;172.20.44.240&apos;, os.name: &apos;Mac OS X&apos;, os.arch: &apos;x86_64&apos;, os.version: &apos;10.10.5&apos;, java.version: &apos;1.8.0_66&apos;
Driver info: org.openqa.selenium.safari.SafariDriver
Capabilities [{browserName=safari, takesScreenshot=true, javascriptEnabled=true, version=8.0.8, cssSelectorsEnabled=true, platform=MAC, secureSsl=true}]
Session ID: null
For documentation on this error, please visit: http://seleniumhq.org/exceptions/no_such_element.html
Build info: version: &apos;2.45.0&apos;, revision: &apos;5017cb8e7ca8e37638dc3091b2440b90a1d8686f&apos;, time: &apos;2015-02-27 09:10:26&apos;
System info: host: &apos;Sauces-MacBook-Air-5.local&apos;, ip: &apos;172.16.3.124&apos;, os.name: &apos;Mac OS X&apos;, os.arch: &apos;x86_64&apos;, os.version: &apos;10.10.5&apos;, java.version: &apos;1.8.0_45&apos;
Driver info: driver.version: EventFiringWebDriver
	at sun.reflect.NativeConstructorAccessorImpl.newInstance0(Native Method)
	at sun.reflect.NativeConstructorAccessorImpl.newInstance(NativeConstructorAccessorImpl.java:62)
	at sun.reflect.DelegatingConstructorAccessorImpl.newInstance(DelegatingConstructorAccessorImpl.java:45)
	at java.lang.reflect.Constructor.newInstance(Constructor.java:422)
	at org.openqa.selenium.remote.ErrorHandler.createThrowable(ErrorHandler.java:193)
	at org.openqa.selenium.remote.ErrorHandler.throwIfResponseFailed(ErrorHandler.java:145)
	at org.openqa.selenium.remote.RemoteWebDriver.execute(RemoteWebDriver.java:573)
	at org.openqa.selenium.remote.RemoteWebDriver.findElement(RemoteWebDriver.java:326)
	at org.openqa.selenium.remote.RemoteWebDriver.findElementById(RemoteWebDriver.java:367)
	at org.openqa.selenium.By$ById.findElement(By.java:214)
	at org.openqa.selenium.remote.RemoteWebDriver.findElement(RemoteWebDriver.java:318)
	at sun.reflect.NativeMethodAccessorImpl.invoke0(Native Method)
	at sun.reflect.NativeMethodAccessorImpl.invoke(NativeMethodAccessorImpl.java:62)
	at sun.reflect.DelegatingMethodAccessorImpl.invoke(DelegatingMethodAccessorImpl.java:43)
	at java.lang.reflect.Method.invoke(Method.java:497)
	at org.openqa.selenium.support.events.EventFiringWebDriver$2.invoke(EventFiringWebDriver.java:101)
	at com.sun.proxy.$Proxy1.findElement(Unknown Source)
	at org.openqa.selenium.support.events.EventFiringWebDriver.findElement(EventFiringWebDriver.java:184)
	at org.openqa.selenium.remote.server.handler.FindElement.call(FindElement.java:47)
	at org.openqa.selenium.remote.server.handler.FindElement.call(FindElement.java:1)
	at java.util.concurrent.FutureTask.run(FutureTask.java:266)
	at org.openqa.selenium.remote.server.DefaultSession$1.run(DefaultSession.java:170)
	... 3 more
</error>
    <system-out>SauceOnDemandSessionID=9bed774b0a734ca49cb88ebec09c04eb job-name=com.yourcompany.SampleSauceTest.loginTest[5]
Job link: https://saucelabs.com/jobs/9bed774b0a734ca49cb88ebec09c04eb?auth=4937ca6919b488d76ee29687dba8dba6
</system-out>
  </testcase>
  <testcase classname="com.yourcompany.SampleSauceTest" name="loginTest[1]" time="0.001">
    <error message="Unable to find element with id == username (WARNING: The server did not provide any stacktrace information)
Command duration or timeout: 306 milliseconds
For documentation on this error, please visit: http://seleniumhq.org/exceptions/no_such_element.html
Build info: version: &apos;2.40.0&apos;, revision: &apos;fbe29a9&apos;, time: &apos;2014-02-19 20:54:28&apos;
System info: host: &apos;WIN-R1JBAO1CNPS&apos;, ip: &apos;172.20.32.13&apos;, os.name: &apos;Windows Server 2008 R2&apos;, os.arch: &apos;amd64&apos;, os.version: &apos;6.1&apos;, java.version: &apos;1.8.0_60&apos;
Driver info: org.openqa.selenium.ie.InternetExplorerDriver
Capabilities [{browserAttachTimeout=0, enablePersistentHover=true, ie.forceCreateProcessApi=false, ie.usePerProcessProxy=false, ignoreZoomSetting=false, handlesAlerts=true, version=10, platform=WINDOWS, nativeEvents=true, ie.ensureCleanSession=false, elementScrollBehavior=0, ie.browserCommandLineSwitches=, requireWindowFocus=false, browserName=internet explorer, initialBrowserUrl=about:blank, takesScreenshot=true, javascriptEnabled=true, ignoreProtectedModeSettings=false, enableElementCacheCleanup=true, cssSelectorsEnabled=true, unexpectedAlertBehaviour=dismiss}]
Session ID: XXXXXXXX-XXXX-XXXX-XXXX-XXXXa414e9dc
Command duration or timeout: 402 milliseconds
For documentation on this error, please visit: http://seleniumhq.org/exceptions/no_such_element.html
Build info: version: &apos;2.45.0&apos;, revision: &apos;5017cb8e7ca8e37638dc3091b2440b90a1d8686f&apos;, time: &apos;2015-02-27 09:10:26&apos;
System info: host: &apos;Sauces-MacBook-Air-5.local&apos;, ip: &apos;172.16.3.124&apos;, os.name: &apos;Mac OS X&apos;, os.arch: &apos;x86_64&apos;, os.version: &apos;10.10.5&apos;, java.version: &apos;1.8.0_45&apos;
Driver info: org.openqa.selenium.remote.RemoteWebDriver
Capabilities [{browserAttachTimeout=0, enablePersistentHover=true, ie.forceCreateProcessApi=false, ie.usePerProcessProxy=false, ignoreZoomSetting=false, hasMetadata=true, handlesAlerts=true, version=10, platform=WINDOWS, nativeEvents=true, ie.ensureCleanSession=false, elementScrollBehavior=0, ie.browserCommandLineSwitches=, webdriver.remote.sessionid=8b9ed802409f4cafa1a5f134a0618276, requireWindowFocus=false, takesScreenshot=true, browserName=internet explorer, initialBrowserUrl=about:blank, javascriptEnabled=true, ignoreProtectedModeSettings=false, enableElementCacheCleanup=true, cssSelectorsEnabled=true, unexpectedAlertBehaviour=dismiss}]
Session ID: 8b9ed802409f4cafa1a5f134a0618276
*** Element info: {Using=id, value=username}" type="org.openqa.selenium.NoSuchElementException">org.openqa.selenium.NoSuchElementException: Unable to find element with id == username (WARNING: The server did not provide any stacktrace information)
Command duration or timeout: 306 milliseconds
For documentation on this error, please visit: http://seleniumhq.org/exceptions/no_such_element.html
Build info: version: &apos;2.40.0&apos;, revision: &apos;fbe29a9&apos;, time: &apos;2014-02-19 20:54:28&apos;
System info: host: &apos;WIN-R1JBAO1CNPS&apos;, ip: &apos;172.20.32.13&apos;, os.name: &apos;Windows Server 2008 R2&apos;, os.arch: &apos;amd64&apos;, os.version: &apos;6.1&apos;, java.version: &apos;1.8.0_60&apos;
Driver info: org.openqa.selenium.ie.InternetExplorerDriver
Capabilities [{browserAttachTimeout=0, enablePersistentHover=true, ie.forceCreateProcessApi=false, ie.usePerProcessProxy=false, ignoreZoomSetting=false, handlesAlerts=true, version=10, platform=WINDOWS, nativeEvents=true, ie.ensureCleanSession=false, elementScrollBehavior=0, ie.browserCommandLineSwitches=, requireWindowFocus=false, browserName=internet explorer, initialBrowserUrl=about:blank, takesScreenshot=true, javascriptEnabled=true, ignoreProtectedModeSettings=false, enableElementCacheCleanup=true, cssSelectorsEnabled=true, unexpectedAlertBehaviour=dismiss}]
Session ID: XXXXXXXX-XXXX-XXXX-XXXX-XXXXa414e9dc
Command duration or timeout: 402 milliseconds
For documentation on this error, please visit: http://seleniumhq.org/exceptions/no_such_element.html
Build info: version: &apos;2.45.0&apos;, revision: &apos;5017cb8e7ca8e37638dc3091b2440b90a1d8686f&apos;, time: &apos;2015-02-27 09:10:26&apos;
System info: host: &apos;Sauces-MacBook-Air-5.local&apos;, ip: &apos;172.16.3.124&apos;, os.name: &apos;Mac OS X&apos;, os.arch: &apos;x86_64&apos;, os.version: &apos;10.10.5&apos;, java.version: &apos;1.8.0_45&apos;
Driver info: org.openqa.selenium.remote.RemoteWebDriver
Capabilities [{browserAttachTimeout=0, enablePersistentHover=true, ie.forceCreateProcessApi=false, ie.usePerProcessProxy=false, ignoreZoomSetting=false, hasMetadata=true, handlesAlerts=true, version=10, platform=WINDOWS, nativeEvents=true, ie.ensureCleanSession=false, elementScrollBehavior=0, ie.browserCommandLineSwitches=, webdriver.remote.sessionid=8b9ed802409f4cafa1a5f134a0618276, requireWindowFocus=false, takesScreenshot=true, browserName=internet explorer, initialBrowserUrl=about:blank, javascriptEnabled=true, ignoreProtectedModeSettings=false, enableElementCacheCleanup=true, cssSelectorsEnabled=true, unexpectedAlertBehaviour=dismiss}]
Session ID: 8b9ed802409f4cafa1a5f134a0618276
*** Element info: {Using=id, value=username}
	at sun.reflect.NativeConstructorAccessorImpl.newInstance0(Native Method)
	at sun.reflect.NativeConstructorAccessorImpl.newInstance(NativeConstructorAccessorImpl.java:62)
	at sun.reflect.DelegatingConstructorAccessorImpl.newInstance(DelegatingConstructorAccessorImpl.java:45)
	at java.lang.reflect.Constructor.newInstance(Constructor.java:422)
	at org.openqa.selenium.remote.ErrorHandler.createThrowable(ErrorHandler.java:204)
	at org.openqa.selenium.remote.ErrorHandler.throwIfResponseFailed(ErrorHandler.java:156)
	at org.openqa.selenium.remote.RemoteWebDriver.execute(RemoteWebDriver.java:599)
	at org.openqa.selenium.remote.RemoteWebDriver.findElement(RemoteWebDriver.java:352)
	at org.openqa.selenium.remote.RemoteWebDriver.findElementById(RemoteWebDriver.java:393)
	at org.openqa.selenium.By$ById.findElement(By.java:214)
	at org.openqa.selenium.remote.RemoteWebDriver.findElement(RemoteWebDriver.java:344)
	at com.yourcompany.SampleSauceTest.loginTest(SampleSauceTest.java:205)
	at sun.reflect.NativeMethodAccessorImpl.invoke0(Native Method)
	at sun.reflect.NativeMethodAccessorImpl.invoke(NativeMethodAccessorImpl.java:62)
	at sun.reflect.DelegatingMethodAccessorImpl.invoke(DelegatingMethodAccessorImpl.java:43)
	at java.lang.reflect.Method.invoke(Method.java:497)
	at org.junit.runners.model.FrameworkMethod$1.runReflectiveCall(FrameworkMethod.java:47)
	at org.junit.internal.runners.model.ReflectiveCallable.run(ReflectiveCallable.java:12)
	at org.junit.runners.model.FrameworkMethod.invokeExplosively(FrameworkMethod.java:44)
	at org.junit.internal.runners.statements.InvokeMethod.evaluate(InvokeMethod.java:17)
	at org.junit.internal.runners.statements.RunBefores.evaluate(RunBefores.java:26)
	at org.junit.internal.runners.statements.RunAfters.evaluate(RunAfters.java:27)
	at org.junit.rules.TestWatcher$1.evaluate(TestWatcher.java:55)
	at org.junit.rules.TestWatcher$1.evaluate(TestWatcher.java:55)
	at org.junit.rules.RunRules.evaluate(RunRules.java:20)
	at org.junit.runners.ParentRunner.runLeaf(ParentRunner.java:271)
	at org.junit.runners.BlockJUnit4ClassRunner.runChild(BlockJUnit4ClassRunner.java:70)
	at com.saucelabs.junit.ConcurrentParameterized$SauceClassRunnerForParameters.access$300(ConcurrentParameterized.java:170)
	at com.saucelabs.junit.ConcurrentParameterized$SauceClassRunnerForParameters$2.run(ConcurrentParameterized.java:287)
	at com.saucelabs.junit.ConcurrentParameterized$NonBlockingAsynchronousRunner$1.call(ConcurrentParameterized.java:312)
	at java.util.concurrent.FutureTask.run(FutureTask.java:266)
	at java.util.concurrent.ThreadPoolExecutor.runWorker(ThreadPoolExecutor.java:1142)
	at java.util.concurrent.ThreadPoolExecutor$Worker.run(ThreadPoolExecutor.java:617)
	at java.lang.Thread.run(Thread.java:745)
Caused by: org.openqa.selenium.NoSuchElementException: Unable to find element with id == username (WARNING: The server did not provide any stacktrace information)
Command duration or timeout: 306 milliseconds
For documentation on this error, please visit: http://seleniumhq.org/exceptions/no_such_element.html
Build info: version: &apos;2.40.0&apos;, revision: &apos;fbe29a9&apos;, time: &apos;2014-02-19 20:54:28&apos;
System info: host: &apos;WIN-R1JBAO1CNPS&apos;, ip: &apos;172.20.32.13&apos;, os.name: &apos;Windows Server 2008 R2&apos;, os.arch: &apos;amd64&apos;, os.version: &apos;6.1&apos;, java.version: &apos;1.8.0_60&apos;
Driver info: org.openqa.selenium.ie.InternetExplorerDriver
Capabilities [{browserAttachTimeout=0, enablePersistentHover=true, ie.forceCreateProcessApi=false, ie.usePerProcessProxy=false, ignoreZoomSetting=false, handlesAlerts=true, version=10, platform=WINDOWS, nativeEvents=true, ie.ensureCleanSession=false, elementScrollBehavior=0, ie.browserCommandLineSwitches=, requireWindowFocus=false, browserName=internet explorer, initialBrowserUrl=about:blank, takesScreenshot=true, javascriptEnabled=true, ignoreProtectedModeSettings=false, enableElementCacheCleanup=true, cssSelectorsEnabled=true, unexpectedAlertBehaviour=dismiss}]
Session ID: XXXXXXXX-XXXX-XXXX-XXXX-XXXXa414e9dc
For documentation on this error, please visit: http://seleniumhq.org/exceptions/no_such_element.html
Build info: version: &apos;2.45.0&apos;, revision: &apos;5017cb8e7ca8e37638dc3091b2440b90a1d8686f&apos;, time: &apos;2015-02-27 09:10:26&apos;
System info: host: &apos;Sauces-MacBook-Air-5.local&apos;, ip: &apos;172.16.3.124&apos;, os.name: &apos;Mac OS X&apos;, os.arch: &apos;x86_64&apos;, os.version: &apos;10.10.5&apos;, java.version: &apos;1.8.0_45&apos;
Driver info: driver.version: EventFiringWebDriver
	at sun.reflect.NativeConstructorAccessorImpl.newInstance0(Native Method)
	at sun.reflect.NativeConstructorAccessorImpl.newInstance(Unknown Source)
	at sun.reflect.DelegatingConstructorAccessorImpl.newInstance(Unknown Source)
	at java.lang.reflect.Constructor.newInstance(Unknown Source)
	at org.openqa.selenium.remote.ErrorHandler.createThrowable(ErrorHandler.java:193)
	at org.openqa.selenium.remote.ErrorHandler.throwIfResponseFailed(ErrorHandler.java:145)
	at org.openqa.selenium.remote.RemoteWebDriver.execute(RemoteWebDriver.java:573)
	at org.openqa.selenium.remote.RemoteWebDriver.findElement(RemoteWebDriver.java:326)
	at org.openqa.selenium.remote.RemoteWebDriver.findElementById(RemoteWebDriver.java:367)
	at org.openqa.selenium.By$ById.findElement(By.java:214)
	at org.openqa.selenium.remote.RemoteWebDriver.findElement(RemoteWebDriver.java:318)
	at sun.reflect.NativeMethodAccessorImpl.invoke0(Native Method)
	at sun.reflect.NativeMethodAccessorImpl.invoke(Unknown Source)
	at sun.reflect.DelegatingMethodAccessorImpl.invoke(Unknown Source)
	at java.lang.reflect.Method.invoke(Unknown Source)
	at org.openqa.selenium.support.events.EventFiringWebDriver$2.invoke(EventFiringWebDriver.java:101)
	at com.sun.proxy.$Proxy2.findElement(Unknown Source)
	at org.openqa.selenium.support.events.EventFiringWebDriver.findElement(EventFiringWebDriver.java:184)
	at org.openqa.selenium.remote.server.handler.FindElement.call(FindElement.java:47)
	at org.openqa.selenium.remote.server.handler.FindElement.call(FindElement.java:1)
	at java.util.concurrent.FutureTask.run(Unknown Source)
	at org.openqa.selenium.remote.server.DefaultSession$1.run(DefaultSession.java:170)
	at java.util.concurrent.ThreadPoolExecutor.runWorker(Unknown Source)
	at java.util.concurrent.ThreadPoolExecutor$Worker.run(Unknown Source)
	at java.lang.Thread.run(Unknown Source)
</error>
    <system-out>SauceOnDemandSessionID=8b9ed802409f4cafa1a5f134a0618276 job-name=com.yourcompany.SampleSauceTest.loginTest[1]
Job link: https://saucelabs.com/jobs/8b9ed802409f4cafa1a5f134a0618276?auth=c51672e072bfde4f6da767998a92cb1e
</system-out>
  </testcase>
  <testcase classname="com.yourcompany.SampleSauceTest" name="loginTest[8]" time="0.001">
    <error message="Unable to find element with id == username (WARNING: The server did not provide any stacktrace information)
Command duration or timeout: 307 milliseconds
For documentation on this error, please visit: http://seleniumhq.org/exceptions/no_such_element.html
Build info: version: &apos;2.40.0&apos;, revision: &apos;fbe29a9&apos;, time: &apos;2014-02-19 20:54:28&apos;
System info: host: &apos;WIN-HLEK05V71GA&apos;, ip: &apos;172.20.33.137&apos;, os.name: &apos;Windows Server 2012&apos;, os.arch: &apos;amd64&apos;, os.version: &apos;6.2&apos;, java.version: &apos;1.8.0_60&apos;
Driver info: org.openqa.selenium.ie.InternetExplorerDriver
Capabilities [{browserAttachTimeout=0, enablePersistentHover=true, ie.forceCreateProcessApi=false, ie.usePerProcessProxy=false, ignoreZoomSetting=false, handlesAlerts=true, version=10, platform=WINDOWS, nativeEvents=true, ie.ensureCleanSession=false, elementScrollBehavior=0, ie.browserCommandLineSwitches=, requireWindowFocus=false, browserName=internet explorer, initialBrowserUrl=about:blank, takesScreenshot=true, javascriptEnabled=true, ignoreProtectedModeSettings=false, enableElementCacheCleanup=true, cssSelectorsEnabled=true, unexpectedAlertBehaviour=dismiss}]
Session ID: XXXXXXXX-XXXX-XXXX-XXXX-XXXX3ec2af9b
Command duration or timeout: 426 milliseconds
For documentation on this error, please visit: http://seleniumhq.org/exceptions/no_such_element.html
Build info: version: &apos;2.45.0&apos;, revision: &apos;5017cb8e7ca8e37638dc3091b2440b90a1d8686f&apos;, time: &apos;2015-02-27 09:10:26&apos;
System info: host: &apos;Sauces-MacBook-Air-5.local&apos;, ip: &apos;172.16.3.124&apos;, os.name: &apos;Mac OS X&apos;, os.arch: &apos;x86_64&apos;, os.version: &apos;10.10.5&apos;, java.version: &apos;1.8.0_45&apos;
Driver info: org.openqa.selenium.remote.RemoteWebDriver
Capabilities [{browserAttachTimeout=0, enablePersistentHover=true, ie.forceCreateProcessApi=false, ie.usePerProcessProxy=false, ignoreZoomSetting=false, hasMetadata=true, handlesAlerts=true, version=10, platform=WINDOWS, nativeEvents=true, ie.ensureCleanSession=false, elementScrollBehavior=0, ie.browserCommandLineSwitches=, webdriver.remote.sessionid=c41250c3c10b435d9ae6bf8e1ecb0e40, requireWindowFocus=false, takesScreenshot=true, browserName=internet explorer, initialBrowserUrl=about:blank, javascriptEnabled=true, ignoreProtectedModeSettings=false, enableElementCacheCleanup=true, cssSelectorsEnabled=true, unexpectedAlertBehaviour=dismiss}]
Session ID: c41250c3c10b435d9ae6bf8e1ecb0e40
*** Element info: {Using=id, value=username}" type="org.openqa.selenium.NoSuchElementException">org.openqa.selenium.NoSuchElementException: Unable to find element with id == username (WARNING: The server did not provide any stacktrace information)
Command duration or timeout: 307 milliseconds
For documentation on this error, please visit: http://seleniumhq.org/exceptions/no_such_element.html
Build info: version: &apos;2.40.0&apos;, revision: &apos;fbe29a9&apos;, time: &apos;2014-02-19 20:54:28&apos;
System info: host: &apos;WIN-HLEK05V71GA&apos;, ip: &apos;172.20.33.137&apos;, os.name: &apos;Windows Server 2012&apos;, os.arch: &apos;amd64&apos;, os.version: &apos;6.2&apos;, java.version: &apos;1.8.0_60&apos;
Driver info: org.openqa.selenium.ie.InternetExplorerDriver
Capabilities [{browserAttachTimeout=0, enablePersistentHover=true, ie.forceCreateProcessApi=false, ie.usePerProcessProxy=false, ignoreZoomSetting=false, handlesAlerts=true, version=10, platform=WINDOWS, nativeEvents=true, ie.ensureCleanSession=false, elementScrollBehavior=0, ie.browserCommandLineSwitches=, requireWindowFocus=false, browserName=internet explorer, initialBrowserUrl=about:blank, takesScreenshot=true, javascriptEnabled=true, ignoreProtectedModeSettings=false, enableElementCacheCleanup=true, cssSelectorsEnabled=true, unexpectedAlertBehaviour=dismiss}]
Session ID: XXXXXXXX-XXXX-XXXX-XXXX-XXXX3ec2af9b
Command duration or timeout: 426 milliseconds
For documentation on this error, please visit: http://seleniumhq.org/exceptions/no_such_element.html
Build info: version: &apos;2.45.0&apos;, revision: &apos;5017cb8e7ca8e37638dc3091b2440b90a1d8686f&apos;, time: &apos;2015-02-27 09:10:26&apos;
System info: host: &apos;Sauces-MacBook-Air-5.local&apos;, ip: &apos;172.16.3.124&apos;, os.name: &apos;Mac OS X&apos;, os.arch: &apos;x86_64&apos;, os.version: &apos;10.10.5&apos;, java.version: &apos;1.8.0_45&apos;
Driver info: org.openqa.selenium.remote.RemoteWebDriver
Capabilities [{browserAttachTimeout=0, enablePersistentHover=true, ie.forceCreateProcessApi=false, ie.usePerProcessProxy=false, ignoreZoomSetting=false, hasMetadata=true, handlesAlerts=true, version=10, platform=WINDOWS, nativeEvents=true, ie.ensureCleanSession=false, elementScrollBehavior=0, ie.browserCommandLineSwitches=, webdriver.remote.sessionid=c41250c3c10b435d9ae6bf8e1ecb0e40, requireWindowFocus=false, takesScreenshot=true, browserName=internet explorer, initialBrowserUrl=about:blank, javascriptEnabled=true, ignoreProtectedModeSettings=false, enableElementCacheCleanup=true, cssSelectorsEnabled=true, unexpectedAlertBehaviour=dismiss}]
Session ID: c41250c3c10b435d9ae6bf8e1ecb0e40
*** Element info: {Using=id, value=username}
	at sun.reflect.NativeConstructorAccessorImpl.newInstance0(Native Method)
	at sun.reflect.NativeConstructorAccessorImpl.newInstance(NativeConstructorAccessorImpl.java:62)
	at sun.reflect.DelegatingConstructorAccessorImpl.newInstance(DelegatingConstructorAccessorImpl.java:45)
	at java.lang.reflect.Constructor.newInstance(Constructor.java:422)
	at org.openqa.selenium.remote.ErrorHandler.createThrowable(ErrorHandler.java:204)
	at org.openqa.selenium.remote.ErrorHandler.throwIfResponseFailed(ErrorHandler.java:156)
	at org.openqa.selenium.remote.RemoteWebDriver.execute(RemoteWebDriver.java:599)
	at org.openqa.selenium.remote.RemoteWebDriver.findElement(RemoteWebDriver.java:352)
	at org.openqa.selenium.remote.RemoteWebDriver.findElementById(RemoteWebDriver.java:393)
	at org.openqa.selenium.By$ById.findElement(By.java:214)
	at org.openqa.selenium.remote.RemoteWebDriver.findElement(RemoteWebDriver.java:344)
	at com.yourcompany.SampleSauceTest.loginTest(SampleSauceTest.java:205)
	at sun.reflect.NativeMethodAccessorImpl.invoke0(Native Method)
	at sun.reflect.NativeMethodAccessorImpl.invoke(NativeMethodAccessorImpl.java:62)
	at sun.reflect.DelegatingMethodAccessorImpl.invoke(DelegatingMethodAccessorImpl.java:43)
	at java.lang.reflect.Method.invoke(Method.java:497)
	at org.junit.runners.model.FrameworkMethod$1.runReflectiveCall(FrameworkMethod.java:47)
	at org.junit.internal.runners.model.ReflectiveCallable.run(ReflectiveCallable.java:12)
	at org.junit.runners.model.FrameworkMethod.invokeExplosively(FrameworkMethod.java:44)
	at org.junit.internal.runners.statements.InvokeMethod.evaluate(InvokeMethod.java:17)
	at org.junit.internal.runners.statements.RunBefores.evaluate(RunBefores.java:26)
	at org.junit.internal.runners.statements.RunAfters.evaluate(RunAfters.java:27)
	at org.junit.rules.TestWatcher$1.evaluate(TestWatcher.java:55)
	at org.junit.rules.TestWatcher$1.evaluate(TestWatcher.java:55)
	at org.junit.rules.RunRules.evaluate(RunRules.java:20)
	at org.junit.runners.ParentRunner.runLeaf(ParentRunner.java:271)
	at org.junit.runners.BlockJUnit4ClassRunner.runChild(BlockJUnit4ClassRunner.java:70)
	at com.saucelabs.junit.ConcurrentParameterized$SauceClassRunnerForParameters.access$300(ConcurrentParameterized.java:170)
	at com.saucelabs.junit.ConcurrentParameterized$SauceClassRunnerForParameters$2.run(ConcurrentParameterized.java:287)
	at com.saucelabs.junit.ConcurrentParameterized$NonBlockingAsynchronousRunner$1.call(ConcurrentParameterized.java:312)
	at java.util.concurrent.FutureTask.run(FutureTask.java:266)
	at java.util.concurrent.ThreadPoolExecutor.runWorker(ThreadPoolExecutor.java:1142)
	at java.util.concurrent.ThreadPoolExecutor$Worker.run(ThreadPoolExecutor.java:617)
	at java.lang.Thread.run(Thread.java:745)
Caused by: org.openqa.selenium.NoSuchElementException: Unable to find element with id == username (WARNING: The server did not provide any stacktrace information)
Command duration or timeout: 307 milliseconds
For documentation on this error, please visit: http://seleniumhq.org/exceptions/no_such_element.html
Build info: version: &apos;2.40.0&apos;, revision: &apos;fbe29a9&apos;, time: &apos;2014-02-19 20:54:28&apos;
System info: host: &apos;WIN-HLEK05V71GA&apos;, ip: &apos;172.20.33.137&apos;, os.name: &apos;Windows Server 2012&apos;, os.arch: &apos;amd64&apos;, os.version: &apos;6.2&apos;, java.version: &apos;1.8.0_60&apos;
Driver info: org.openqa.selenium.ie.InternetExplorerDriver
Capabilities [{browserAttachTimeout=0, enablePersistentHover=true, ie.forceCreateProcessApi=false, ie.usePerProcessProxy=false, ignoreZoomSetting=false, handlesAlerts=true, version=10, platform=WINDOWS, nativeEvents=true, ie.ensureCleanSession=false, elementScrollBehavior=0, ie.browserCommandLineSwitches=, requireWindowFocus=false, browserName=internet explorer, initialBrowserUrl=about:blank, takesScreenshot=true, javascriptEnabled=true, ignoreProtectedModeSettings=false, enableElementCacheCleanup=true, cssSelectorsEnabled=true, unexpectedAlertBehaviour=dismiss}]
Session ID: XXXXXXXX-XXXX-XXXX-XXXX-XXXX3ec2af9b
For documentation on this error, please visit: http://seleniumhq.org/exceptions/no_such_element.html
Build info: version: &apos;2.45.0&apos;, revision: &apos;5017cb8e7ca8e37638dc3091b2440b90a1d8686f&apos;, time: &apos;2015-02-27 09:10:26&apos;
System info: host: &apos;Sauces-MacBook-Air-5.local&apos;, ip: &apos;172.16.3.124&apos;, os.name: &apos;Mac OS X&apos;, os.arch: &apos;x86_64&apos;, os.version: &apos;10.10.5&apos;, java.version: &apos;1.8.0_45&apos;
Driver info: driver.version: EventFiringWebDriver
	at sun.reflect.NativeConstructorAccessorImpl.newInstance0(Native Method)
	at sun.reflect.NativeConstructorAccessorImpl.newInstance(Unknown Source)
	at sun.reflect.DelegatingConstructorAccessorImpl.newInstance(Unknown Source)
	at java.lang.reflect.Constructor.newInstance(Unknown Source)
	at org.openqa.selenium.remote.ErrorHandler.createThrowable(ErrorHandler.java:193)
	at org.openqa.selenium.remote.ErrorHandler.throwIfResponseFailed(ErrorHandler.java:145)
	at org.openqa.selenium.remote.RemoteWebDriver.execute(RemoteWebDriver.java:573)
	at org.openqa.selenium.remote.RemoteWebDriver.findElement(RemoteWebDriver.java:326)
	at org.openqa.selenium.remote.RemoteWebDriver.findElementById(RemoteWebDriver.java:367)
	at org.openqa.selenium.By$ById.findElement(By.java:214)
	at org.openqa.selenium.remote.RemoteWebDriver.findElement(RemoteWebDriver.java:318)
	at sun.reflect.NativeMethodAccessorImpl.invoke0(Native Method)
	at sun.reflect.NativeMethodAccessorImpl.invoke(Unknown Source)
	at sun.reflect.DelegatingMethodAccessorImpl.invoke(Unknown Source)
	at java.lang.reflect.Method.invoke(Unknown Source)
	at org.openqa.selenium.support.events.EventFiringWebDriver$2.invoke(EventFiringWebDriver.java:101)
	at com.sun.proxy.$Proxy2.findElement(Unknown Source)
	at org.openqa.selenium.support.events.EventFiringWebDriver.findElement(EventFiringWebDriver.java:184)
	at org.openqa.selenium.remote.server.handler.FindElement.call(FindElement.java:47)
	at org.openqa.selenium.remote.server.handler.FindElement.call(FindElement.java:1)
	at java.util.concurrent.FutureTask.run(Unknown Source)
	at org.openqa.selenium.remote.server.DefaultSession$1.run(DefaultSession.java:170)
	at java.util.concurrent.ThreadPoolExecutor.runWorker(Unknown Source)
	at java.util.concurrent.ThreadPoolExecutor$Worker.run(Unknown Source)
	at java.lang.Thread.run(Unknown Source)
</error>
    <system-out>SauceOnDemandSessionID=c41250c3c10b435d9ae6bf8e1ecb0e40 job-name=com.yourcompany.SampleSauceTest.loginTest[8]
Job link: https://saucelabs.com/jobs/c41250c3c10b435d9ae6bf8e1ecb0e40?auth=d4aa961adf9f1a386631327cd6ac7013
</system-out>
  </testcase>
  <testcase classname="com.yourcompany.SampleSauceTest" name="loginTest[10]" time="0">
    <error message="no such element
  (Session info: chrome=39.0.2171.65)
  (Driver info: chromedriver=2.11.298604 (75ea2fdb5c87f133a8e1b8da16f6091fb7d5321e),platform=Windows NT 5.2 SP2 x86) (WARNING: The server did not provide any stacktrace information)
Command duration or timeout: 131 milliseconds
For documentation on this error, please visit: http://seleniumhq.org/exceptions/no_such_element.html
Build info: version: &apos;2.45.0&apos;, revision: &apos;5017cb8e7ca8e37638dc3091b2440b90a1d8686f&apos;, time: &apos;2015-02-27 09:10:26&apos;
System info: host: &apos;Sauces-MacBook-Air-5.local&apos;, ip: &apos;172.16.3.124&apos;, os.name: &apos;Mac OS X&apos;, os.arch: &apos;x86_64&apos;, os.version: &apos;10.10.5&apos;, java.version: &apos;1.8.0_45&apos;
Driver info: org.openqa.selenium.remote.RemoteWebDriver
Capabilities [{applicationCacheEnabled=false, rotatable=false, mobileEmulationEnabled=false, chrome={userDataDir=C:\DOCUME~1\ADMINI~1\LOCALS~1\Temp\scoped_dir804_14710}, takesHeapSnapshot=true, hasMetadata=true, databaseEnabled=false, handlesAlerts=true, version=39.0.2171.65, platform=XP, browserConnectionEnabled=false, nativeEvents=true, acceptSslCerts=true, webdriver.remote.sessionid=9f7b19fd899d4b38a80c3c3b87bf9172, locationContextEnabled=true, webStorageEnabled=true, takesScreenshot=true, browserName=chrome, javascriptEnabled=true, cssSelectorsEnabled=true}]
Session ID: 9f7b19fd899d4b38a80c3c3b87bf9172
*** Element info: {Using=id, value=username}" type="org.openqa.selenium.NoSuchElementException">org.openqa.selenium.NoSuchElementException: no such element
  (Session info: chrome=39.0.2171.65)
  (Driver info: chromedriver=2.11.298604 (75ea2fdb5c87f133a8e1b8da16f6091fb7d5321e),platform=Windows NT 5.2 SP2 x86) (WARNING: The server did not provide any stacktrace information)
Command duration or timeout: 131 milliseconds
For documentation on this error, please visit: http://seleniumhq.org/exceptions/no_such_element.html
Build info: version: &apos;2.45.0&apos;, revision: &apos;5017cb8e7ca8e37638dc3091b2440b90a1d8686f&apos;, time: &apos;2015-02-27 09:10:26&apos;
System info: host: &apos;Sauces-MacBook-Air-5.local&apos;, ip: &apos;172.16.3.124&apos;, os.name: &apos;Mac OS X&apos;, os.arch: &apos;x86_64&apos;, os.version: &apos;10.10.5&apos;, java.version: &apos;1.8.0_45&apos;
Driver info: org.openqa.selenium.remote.RemoteWebDriver
Capabilities [{applicationCacheEnabled=false, rotatable=false, mobileEmulationEnabled=false, chrome={userDataDir=C:\DOCUME~1\ADMINI~1\LOCALS~1\Temp\scoped_dir804_14710}, takesHeapSnapshot=true, hasMetadata=true, databaseEnabled=false, handlesAlerts=true, version=39.0.2171.65, platform=XP, browserConnectionEnabled=false, nativeEvents=true, acceptSslCerts=true, webdriver.remote.sessionid=9f7b19fd899d4b38a80c3c3b87bf9172, locationContextEnabled=true, webStorageEnabled=true, takesScreenshot=true, browserName=chrome, javascriptEnabled=true, cssSelectorsEnabled=true}]
Session ID: 9f7b19fd899d4b38a80c3c3b87bf9172
*** Element info: {Using=id, value=username}
	at sun.reflect.NativeConstructorAccessorImpl.newInstance0(Native Method)
	at sun.reflect.NativeConstructorAccessorImpl.newInstance(NativeConstructorAccessorImpl.java:62)
	at sun.reflect.DelegatingConstructorAccessorImpl.newInstance(DelegatingConstructorAccessorImpl.java:45)
	at java.lang.reflect.Constructor.newInstance(Constructor.java:422)
	at org.openqa.selenium.remote.ErrorHandler.createThrowable(ErrorHandler.java:204)
	at org.openqa.selenium.remote.ErrorHandler.throwIfResponseFailed(ErrorHandler.java:156)
	at org.openqa.selenium.remote.RemoteWebDriver.execute(RemoteWebDriver.java:599)
	at org.openqa.selenium.remote.RemoteWebDriver.findElement(RemoteWebDriver.java:352)
	at org.openqa.selenium.remote.RemoteWebDriver.findElementById(RemoteWebDriver.java:393)
	at org.openqa.selenium.By$ById.findElement(By.java:214)
	at org.openqa.selenium.remote.RemoteWebDriver.findElement(RemoteWebDriver.java:344)
	at com.yourcompany.SampleSauceTest.loginTest(SampleSauceTest.java:205)
	at sun.reflect.NativeMethodAccessorImpl.invoke0(Native Method)
	at sun.reflect.NativeMethodAccessorImpl.invoke(NativeMethodAccessorImpl.java:62)
	at sun.reflect.DelegatingMethodAccessorImpl.invoke(DelegatingMethodAccessorImpl.java:43)
	at java.lang.reflect.Method.invoke(Method.java:497)
	at org.junit.runners.model.FrameworkMethod$1.runReflectiveCall(FrameworkMethod.java:47)
	at org.junit.internal.runners.model.ReflectiveCallable.run(ReflectiveCallable.java:12)
	at org.junit.runners.model.FrameworkMethod.invokeExplosively(FrameworkMethod.java:44)
	at org.junit.internal.runners.statements.InvokeMethod.evaluate(InvokeMethod.java:17)
	at org.junit.internal.runners.statements.RunBefores.evaluate(RunBefores.java:26)
	at org.junit.internal.runners.statements.RunAfters.evaluate(RunAfters.java:27)
	at org.junit.rules.TestWatcher$1.evaluate(TestWatcher.java:55)
	at org.junit.rules.TestWatcher$1.evaluate(TestWatcher.java:55)
	at org.junit.rules.RunRules.evaluate(RunRules.java:20)
	at org.junit.runners.ParentRunner.runLeaf(ParentRunner.java:271)
	at org.junit.runners.BlockJUnit4ClassRunner.runChild(BlockJUnit4ClassRunner.java:70)
	at com.saucelabs.junit.ConcurrentParameterized$SauceClassRunnerForParameters.access$300(ConcurrentParameterized.java:170)
	at com.saucelabs.junit.ConcurrentParameterized$SauceClassRunnerForParameters$2.run(ConcurrentParameterized.java:287)
	at com.saucelabs.junit.ConcurrentParameterized$NonBlockingAsynchronousRunner$1.call(ConcurrentParameterized.java:312)
	at java.util.concurrent.FutureTask.run(FutureTask.java:266)
	at java.util.concurrent.ThreadPoolExecutor.runWorker(ThreadPoolExecutor.java:1142)
	at java.util.concurrent.ThreadPoolExecutor$Worker.run(ThreadPoolExecutor.java:617)
	at java.lang.Thread.run(Thread.java:745)
</error>
    <system-out>SauceOnDemandSessionID=9f7b19fd899d4b38a80c3c3b87bf9172 job-name=com.yourcompany.SampleSauceTest.loginTest[10]
Job link: https://saucelabs.com/jobs/9f7b19fd899d4b38a80c3c3b87bf9172?auth=fff3094adcc2a78cc3537f7e13708e36
</system-out>
  </testcase>
  <testcase classname="com.yourcompany.SampleSauceTest" name="loginTest[7]" time="0.001">
    <error message="An element could not be located on the page using the given search parameters. (WARNING: The server did not provide any stacktrace information)
Command duration or timeout: 52 milliseconds
For documentation on this error, please visit: http://seleniumhq.org/exceptions/no_such_element.html
Build info: version: &apos;2.45.0&apos;, revision: &apos;5017cb8e7ca8e37638dc3091b2440b90a1d8686f&apos;, time: &apos;2015-02-27 09:10:26&apos;
System info: host: &apos;Sauces-MacBook-Air-5.local&apos;, ip: &apos;172.16.3.124&apos;, os.name: &apos;Mac OS X&apos;, os.arch: &apos;x86_64&apos;, os.version: &apos;10.10.5&apos;, java.version: &apos;1.8.0_45&apos;
Driver info: org.openqa.selenium.remote.RemoteWebDriver
Capabilities [{networkConnectionEnabled=false, safari=true, warnings={}, webdriver.remote.quietExceptions=true, hasMetadata=true, databaseEnabled=false, deviceName=iPhone Simulator, platform=MAC, desired={platformVersion=8.2, webdriver.remote.quietExceptions=true, browserName=safari, platformName=iOS, deviceName=iPhone Simulator}, webdriver.remote.sessionid=63adbe519cd440128cd643c4d40722bd, platformVersion=8.2, locationContextEnabled=false, webStorageEnabled=false, takesScreenshot=true, browserName=safari, javascriptEnabled=true, platformName=iOS}]
Session ID: 63adbe519cd440128cd643c4d40722bd
*** Element info: {Using=id, value=username}" type="org.openqa.selenium.NoSuchElementException">org.openqa.selenium.NoSuchElementException: An element could not be located on the page using the given search parameters. (WARNING: The server did not provide any stacktrace information)
Command duration or timeout: 52 milliseconds
For documentation on this error, please visit: http://seleniumhq.org/exceptions/no_such_element.html
Build info: version: &apos;2.45.0&apos;, revision: &apos;5017cb8e7ca8e37638dc3091b2440b90a1d8686f&apos;, time: &apos;2015-02-27 09:10:26&apos;
System info: host: &apos;Sauces-MacBook-Air-5.local&apos;, ip: &apos;172.16.3.124&apos;, os.name: &apos;Mac OS X&apos;, os.arch: &apos;x86_64&apos;, os.version: &apos;10.10.5&apos;, java.version: &apos;1.8.0_45&apos;
Driver info: org.openqa.selenium.remote.RemoteWebDriver
Capabilities [{networkConnectionEnabled=false, safari=true, warnings={}, webdriver.remote.quietExceptions=true, hasMetadata=true, databaseEnabled=false, deviceName=iPhone Simulator, platform=MAC, desired={platformVersion=8.2, webdriver.remote.quietExceptions=true, browserName=safari, platformName=iOS, deviceName=iPhone Simulator}, webdriver.remote.sessionid=63adbe519cd440128cd643c4d40722bd, platformVersion=8.2, locationContextEnabled=false, webStorageEnabled=false, takesScreenshot=true, browserName=safari, javascriptEnabled=true, platformName=iOS}]
Session ID: 63adbe519cd440128cd643c4d40722bd
*** Element info: {Using=id, value=username}
	at sun.reflect.NativeConstructorAccessorImpl.newInstance0(Native Method)
	at sun.reflect.NativeConstructorAccessorImpl.newInstance(NativeConstructorAccessorImpl.java:62)
	at sun.reflect.DelegatingConstructorAccessorImpl.newInstance(DelegatingConstructorAccessorImpl.java:45)
	at java.lang.reflect.Constructor.newInstance(Constructor.java:422)
	at org.openqa.selenium.remote.ErrorHandler.createThrowable(ErrorHandler.java:204)
	at org.openqa.selenium.remote.ErrorHandler.throwIfResponseFailed(ErrorHandler.java:156)
	at org.openqa.selenium.remote.RemoteWebDriver.execute(RemoteWebDriver.java:599)
	at org.openqa.selenium.remote.RemoteWebDriver.findElement(RemoteWebDriver.java:352)
	at org.openqa.selenium.remote.RemoteWebDriver.findElementById(RemoteWebDriver.java:393)
	at org.openqa.selenium.By$ById.findElement(By.java:214)
	at org.openqa.selenium.remote.RemoteWebDriver.findElement(RemoteWebDriver.java:344)
	at com.yourcompany.SampleSauceTest.loginTest(SampleSauceTest.java:205)
	at sun.reflect.NativeMethodAccessorImpl.invoke0(Native Method)
	at sun.reflect.NativeMethodAccessorImpl.invoke(NativeMethodAccessorImpl.java:62)
	at sun.reflect.DelegatingMethodAccessorImpl.invoke(DelegatingMethodAccessorImpl.java:43)
	at java.lang.reflect.Method.invoke(Method.java:497)
	at org.junit.runners.model.FrameworkMethod$1.runReflectiveCall(FrameworkMethod.java:47)
	at org.junit.internal.runners.model.ReflectiveCallable.run(ReflectiveCallable.java:12)
	at org.junit.runners.model.FrameworkMethod.invokeExplosively(FrameworkMethod.java:44)
	at org.junit.internal.runners.statements.InvokeMethod.evaluate(InvokeMethod.java:17)
	at org.junit.internal.runners.statements.RunBefores.evaluate(RunBefores.java:26)
	at org.junit.internal.runners.statements.RunAfters.evaluate(RunAfters.java:27)
	at org.junit.rules.TestWatcher$1.evaluate(TestWatcher.java:55)
	at org.junit.rules.TestWatcher$1.evaluate(TestWatcher.java:55)
	at org.junit.rules.RunRules.evaluate(RunRules.java:20)
	at org.junit.runners.ParentRunner.runLeaf(ParentRunner.java:271)
	at org.junit.runners.BlockJUnit4ClassRunner.runChild(BlockJUnit4ClassRunner.java:70)
	at com.saucelabs.junit.ConcurrentParameterized$SauceClassRunnerForParameters.access$300(ConcurrentParameterized.java:170)
	at com.saucelabs.junit.ConcurrentParameterized$SauceClassRunnerForParameters$2.run(ConcurrentParameterized.java:287)
	at com.saucelabs.junit.ConcurrentParameterized$NonBlockingAsynchronousRunner$1.call(ConcurrentParameterized.java:312)
	at java.util.concurrent.FutureTask.run(FutureTask.java:266)
	at java.util.concurrent.ThreadPoolExecutor.runWorker(ThreadPoolExecutor.java:1142)
	at java.util.concurrent.ThreadPoolExecutor$Worker.run(ThreadPoolExecutor.java:617)
	at java.lang.Thread.run(Thread.java:745)
</error>
    <system-out>SauceOnDemandSessionID=63adbe519cd440128cd643c4d40722bd job-name=com.yourcompany.SampleSauceTest.loginTest[7]
Job link: https://saucelabs.com/jobs/63adbe519cd440128cd643c4d40722bd?auth=ad91c33f2673ab9a9674e985bf0553ab
</system-out>
  </testcase>
  <testcase classname="com.yourcompany.SampleSauceTest" name="loginTest[9]" time="0.002">
    <error message="Unable to find element with id == username (WARNING: The server did not provide any stacktrace information)
Command duration or timeout: 275 milliseconds
For documentation on this error, please visit: http://seleniumhq.org/exceptions/no_such_element.html
Build info: version: &apos;2.40.0&apos;, revision: &apos;fbe29a9&apos;, time: &apos;2014-02-19 20:54:28&apos;
System info: host: &apos;Sauce-Win7&apos;, ip: &apos;172.20.34.209&apos;, os.name: &apos;Windows 7&apos;, os.arch: &apos;x86&apos;, os.version: &apos;6.1&apos;, java.version: &apos;1.8.0_45&apos;
Driver info: org.openqa.selenium.ie.InternetExplorerDriver
Capabilities [{browserAttachTimeout=0, enablePersistentHover=true, ie.forceCreateProcessApi=false, ie.usePerProcessProxy=false, ignoreZoomSetting=false, handlesAlerts=true, version=9, platform=WINDOWS, proxy={proxyAutoconfigUrl=http://127.0.0.1:19876/pac.js, proxyType=pac}, nativeEvents=true, ie.ensureCleanSession=false, elementScrollBehavior=0, ie.browserCommandLineSwitches=, requireWindowFocus=false, browserName=internet explorer, initialBrowserUrl=http://localhost:29353/, takesScreenshot=true, javascriptEnabled=true, ignoreProtectedModeSettings=false, enableElementCacheCleanup=true, cssSelectorsEnabled=true, unexpectedAlertBehaviour=dismiss}]
Session ID: XXXXXXXX-XXXX-XXXX-XXXX-XXXX38b9c562
Command duration or timeout: 374 milliseconds
For documentation on this error, please visit: http://seleniumhq.org/exceptions/no_such_element.html
Build info: version: &apos;2.45.0&apos;, revision: &apos;5017cb8e7ca8e37638dc3091b2440b90a1d8686f&apos;, time: &apos;2015-02-27 09:10:26&apos;
System info: host: &apos;Sauces-MacBook-Air-5.local&apos;, ip: &apos;172.16.3.124&apos;, os.name: &apos;Mac OS X&apos;, os.arch: &apos;x86_64&apos;, os.version: &apos;10.10.5&apos;, java.version: &apos;1.8.0_45&apos;
Driver info: org.openqa.selenium.remote.RemoteWebDriver
Capabilities [{browserAttachTimeout=0, enablePersistentHover=true, ie.forceCreateProcessApi=false, ie.usePerProcessProxy=false, ignoreZoomSetting=false, hasMetadata=true, handlesAlerts=true, version=9, platform=WINDOWS, proxy={proxyAutoconfigUrl=http://127.0.0.1:19876/pac.js, proxyType=pac}, nativeEvents=true, ie.ensureCleanSession=false, elementScrollBehavior=0, ie.browserCommandLineSwitches=, webdriver.remote.sessionid=7cc41e7b576543dd944c821d6549232b, requireWindowFocus=false, takesScreenshot=true, browserName=internet explorer, initialBrowserUrl=http://localhost:29353/, javascriptEnabled=true, ignoreProtectedModeSettings=false, enableElementCacheCleanup=true, cssSelectorsEnabled=true, unexpectedAlertBehaviour=dismiss}]
Session ID: 7cc41e7b576543dd944c821d6549232b
*** Element info: {Using=id, value=username}" type="org.openqa.selenium.NoSuchElementException">org.openqa.selenium.NoSuchElementException: Unable to find element with id == username (WARNING: The server did not provide any stacktrace information)
Command duration or timeout: 275 milliseconds
For documentation on this error, please visit: http://seleniumhq.org/exceptions/no_such_element.html
Build info: version: &apos;2.40.0&apos;, revision: &apos;fbe29a9&apos;, time: &apos;2014-02-19 20:54:28&apos;
System info: host: &apos;Sauce-Win7&apos;, ip: &apos;172.20.34.209&apos;, os.name: &apos;Windows 7&apos;, os.arch: &apos;x86&apos;, os.version: &apos;6.1&apos;, java.version: &apos;1.8.0_45&apos;
Driver info: org.openqa.selenium.ie.InternetExplorerDriver
Capabilities [{browserAttachTimeout=0, enablePersistentHover=true, ie.forceCreateProcessApi=false, ie.usePerProcessProxy=false, ignoreZoomSetting=false, handlesAlerts=true, version=9, platform=WINDOWS, proxy={proxyAutoconfigUrl=http://127.0.0.1:19876/pac.js, proxyType=pac}, nativeEvents=true, ie.ensureCleanSession=false, elementScrollBehavior=0, ie.browserCommandLineSwitches=, requireWindowFocus=false, browserName=internet explorer, initialBrowserUrl=http://localhost:29353/, takesScreenshot=true, javascriptEnabled=true, ignoreProtectedModeSettings=false, enableElementCacheCleanup=true, cssSelectorsEnabled=true, unexpectedAlertBehaviour=dismiss}]
Session ID: XXXXXXXX-XXXX-XXXX-XXXX-XXXX38b9c562
Command duration or timeout: 374 milliseconds
For documentation on this error, please visit: http://seleniumhq.org/exceptions/no_such_element.html
Build info: version: &apos;2.45.0&apos;, revision: &apos;5017cb8e7ca8e37638dc3091b2440b90a1d8686f&apos;, time: &apos;2015-02-27 09:10:26&apos;
System info: host: &apos;Sauces-MacBook-Air-5.local&apos;, ip: &apos;172.16.3.124&apos;, os.name: &apos;Mac OS X&apos;, os.arch: &apos;x86_64&apos;, os.version: &apos;10.10.5&apos;, java.version: &apos;1.8.0_45&apos;
Driver info: org.openqa.selenium.remote.RemoteWebDriver
Capabilities [{browserAttachTimeout=0, enablePersistentHover=true, ie.forceCreateProcessApi=false, ie.usePerProcessProxy=false, ignoreZoomSetting=false, hasMetadata=true, handlesAlerts=true, version=9, platform=WINDOWS, proxy={proxyAutoconfigUrl=http://127.0.0.1:19876/pac.js, proxyType=pac}, nativeEvents=true, ie.ensureCleanSession=false, elementScrollBehavior=0, ie.browserCommandLineSwitches=, webdriver.remote.sessionid=7cc41e7b576543dd944c821d6549232b, requireWindowFocus=false, takesScreenshot=true, browserName=internet explorer, initialBrowserUrl=http://localhost:29353/, javascriptEnabled=true, ignoreProtectedModeSettings=false, enableElementCacheCleanup=true, cssSelectorsEnabled=true, unexpectedAlertBehaviour=dismiss}]
Session ID: 7cc41e7b576543dd944c821d6549232b
*** Element info: {Using=id, value=username}
	at sun.reflect.NativeConstructorAccessorImpl.newInstance0(Native Method)
	at sun.reflect.NativeConstructorAccessorImpl.newInstance(NativeConstructorAccessorImpl.java:62)
	at sun.reflect.DelegatingConstructorAccessorImpl.newInstance(DelegatingConstructorAccessorImpl.java:45)
	at java.lang.reflect.Constructor.newInstance(Constructor.java:422)
	at org.openqa.selenium.remote.ErrorHandler.createThrowable(ErrorHandler.java:204)
	at org.openqa.selenium.remote.ErrorHandler.throwIfResponseFailed(ErrorHandler.java:156)
	at org.openqa.selenium.remote.RemoteWebDriver.execute(RemoteWebDriver.java:599)
	at org.openqa.selenium.remote.RemoteWebDriver.findElement(RemoteWebDriver.java:352)
	at org.openqa.selenium.remote.RemoteWebDriver.findElementById(RemoteWebDriver.java:393)
	at org.openqa.selenium.By$ById.findElement(By.java:214)
	at org.openqa.selenium.remote.RemoteWebDriver.findElement(RemoteWebDriver.java:344)
	at com.yourcompany.SampleSauceTest.loginTest(SampleSauceTest.java:205)
	at sun.reflect.NativeMethodAccessorImpl.invoke0(Native Method)
	at sun.reflect.NativeMethodAccessorImpl.invoke(NativeMethodAccessorImpl.java:62)
	at sun.reflect.DelegatingMethodAccessorImpl.invoke(DelegatingMethodAccessorImpl.java:43)
	at java.lang.reflect.Method.invoke(Method.java:497)
	at org.junit.runners.model.FrameworkMethod$1.runReflectiveCall(FrameworkMethod.java:47)
	at org.junit.internal.runners.model.ReflectiveCallable.run(ReflectiveCallable.java:12)
	at org.junit.runners.model.FrameworkMethod.invokeExplosively(FrameworkMethod.java:44)
	at org.junit.internal.runners.statements.InvokeMethod.evaluate(InvokeMethod.java:17)
	at org.junit.internal.runners.statements.RunBefores.evaluate(RunBefores.java:26)
	at org.junit.internal.runners.statements.RunAfters.evaluate(RunAfters.java:27)
	at org.junit.rules.TestWatcher$1.evaluate(TestWatcher.java:55)
	at org.junit.rules.TestWatcher$1.evaluate(TestWatcher.java:55)
	at org.junit.rules.RunRules.evaluate(RunRules.java:20)
	at org.junit.runners.ParentRunner.runLeaf(ParentRunner.java:271)
	at org.junit.runners.BlockJUnit4ClassRunner.runChild(BlockJUnit4ClassRunner.java:70)
	at com.saucelabs.junit.ConcurrentParameterized$SauceClassRunnerForParameters.access$300(ConcurrentParameterized.java:170)
	at com.saucelabs.junit.ConcurrentParameterized$SauceClassRunnerForParameters$2.run(ConcurrentParameterized.java:287)
	at com.saucelabs.junit.ConcurrentParameterized$NonBlockingAsynchronousRunner$1.call(ConcurrentParameterized.java:312)
	at java.util.concurrent.FutureTask.run(FutureTask.java:266)
	at java.util.concurrent.ThreadPoolExecutor.runWorker(ThreadPoolExecutor.java:1142)
	at java.util.concurrent.ThreadPoolExecutor$Worker.run(ThreadPoolExecutor.java:617)
	at java.lang.Thread.run(Thread.java:745)
Caused by: org.openqa.selenium.NoSuchElementException: Unable to find element with id == username (WARNING: The server did not provide any stacktrace information)
Command duration or timeout: 275 milliseconds
For documentation on this error, please visit: http://seleniumhq.org/exceptions/no_such_element.html
Build info: version: &apos;2.40.0&apos;, revision: &apos;fbe29a9&apos;, time: &apos;2014-02-19 20:54:28&apos;
System info: host: &apos;Sauce-Win7&apos;, ip: &apos;172.20.34.209&apos;, os.name: &apos;Windows 7&apos;, os.arch: &apos;x86&apos;, os.version: &apos;6.1&apos;, java.version: &apos;1.8.0_45&apos;
Driver info: org.openqa.selenium.ie.InternetExplorerDriver
Capabilities [{browserAttachTimeout=0, enablePersistentHover=true, ie.forceCreateProcessApi=false, ie.usePerProcessProxy=false, ignoreZoomSetting=false, handlesAlerts=true, version=9, platform=WINDOWS, proxy={proxyAutoconfigUrl=http://127.0.0.1:19876/pac.js, proxyType=pac}, nativeEvents=true, ie.ensureCleanSession=false, elementScrollBehavior=0, ie.browserCommandLineSwitches=, requireWindowFocus=false, browserName=internet explorer, initialBrowserUrl=http://localhost:29353/, takesScreenshot=true, javascriptEnabled=true, ignoreProtectedModeSettings=false, enableElementCacheCleanup=true, cssSelectorsEnabled=true, unexpectedAlertBehaviour=dismiss}]
Session ID: XXXXXXXX-XXXX-XXXX-XXXX-XXXX38b9c562
For documentation on this error, please visit: http://seleniumhq.org/exceptions/no_such_element.html
Build info: version: &apos;2.45.0&apos;, revision: &apos;5017cb8e7ca8e37638dc3091b2440b90a1d8686f&apos;, time: &apos;2015-02-27 09:10:26&apos;
System info: host: &apos;Sauces-MacBook-Air-5.local&apos;, ip: &apos;172.16.3.124&apos;, os.name: &apos;Mac OS X&apos;, os.arch: &apos;x86_64&apos;, os.version: &apos;10.10.5&apos;, java.version: &apos;1.8.0_45&apos;
Driver info: driver.version: EventFiringWebDriver
	at sun.reflect.NativeConstructorAccessorImpl.newInstance0(Native Method)
	at sun.reflect.NativeConstructorAccessorImpl.newInstance(Unknown Source)
	at sun.reflect.DelegatingConstructorAccessorImpl.newInstance(Unknown Source)
	at java.lang.reflect.Constructor.newInstance(Unknown Source)
	at org.openqa.selenium.remote.ErrorHandler.createThrowable(ErrorHandler.java:193)
	at org.openqa.selenium.remote.ErrorHandler.throwIfResponseFailed(ErrorHandler.java:145)
	at org.openqa.selenium.remote.RemoteWebDriver.execute(RemoteWebDriver.java:573)
	at org.openqa.selenium.remote.RemoteWebDriver.findElement(RemoteWebDriver.java:326)
	at org.openqa.selenium.remote.RemoteWebDriver.findElementById(RemoteWebDriver.java:367)
	at org.openqa.selenium.By$ById.findElement(By.java:214)
	at org.openqa.selenium.remote.RemoteWebDriver.findElement(RemoteWebDriver.java:318)
	at sun.reflect.NativeMethodAccessorImpl.invoke0(Native Method)
	at sun.reflect.NativeMethodAccessorImpl.invoke(Unknown Source)
	at sun.reflect.DelegatingMethodAccessorImpl.invoke(Unknown Source)
	at java.lang.reflect.Method.invoke(Unknown Source)
	at org.openqa.selenium.support.events.EventFiringWebDriver$2.invoke(EventFiringWebDriver.java:101)
	at com.sun.proxy.$Proxy2.findElement(Unknown Source)
	at org.openqa.selenium.support.events.EventFiringWebDriver.findElement(EventFiringWebDriver.java:184)
	at org.openqa.selenium.remote.server.handler.FindElement.call(FindElement.java:47)
	at org.openqa.selenium.remote.server.handler.FindElement.call(FindElement.java:1)
	at java.util.concurrent.FutureTask.run(Unknown Source)
	at org.openqa.selenium.remote.server.DefaultSession$1.run(DefaultSession.java:170)
	at java.util.concurrent.ThreadPoolExecutor.runWorker(Unknown Source)
	at java.util.concurrent.ThreadPoolExecutor$Worker.run(Unknown Source)
	at java.lang.Thread.run(Unknown Source)
</error>
    <system-out>SauceOnDemandSessionID=7cc41e7b576543dd944c821d6549232b job-name=com.yourcompany.SampleSauceTest.loginTest[9]
Job link: https://saucelabs.com/jobs/7cc41e7b576543dd944c821d6549232b?auth=23f033819e6683e92ca3876c3b58ef8d
</system-out>
  </testcase>
  <testcase classname="com.yourcompany.SampleSauceTest" name="verifyTitleTest[8]" time="9.696"/>
  <testcase classname="com.yourcompany.SampleSauceTest" name="loginTest[0]" time="0.002">
    <error message="Unable to find element with id == username (WARNING: The server did not provide any stacktrace information)
Command duration or timeout: 287 milliseconds
For documentation on this error, please visit: http://seleniumhq.org/exceptions/no_such_element.html
Build info: version: &apos;2.40.0&apos;, revision: &apos;fbe29a9&apos;, time: &apos;2014-02-19 20:54:28&apos;
System info: host: &apos;WIN-HLEK05V71GA&apos;, ip: &apos;172.20.35.33&apos;, os.name: &apos;Windows Server 2012 R2&apos;, os.arch: &apos;amd64&apos;, os.version: &apos;6.3&apos;, java.version: &apos;1.8.0_60&apos;
Driver info: org.openqa.selenium.ie.InternetExplorerDriver
Capabilities [{browserAttachTimeout=0, enablePersistentHover=true, ie.forceCreateProcessApi=false, ie.usePerProcessProxy=false, ignoreZoomSetting=false, handlesAlerts=true, version=11, platform=WINDOWS, nativeEvents=true, ie.ensureCleanSession=false, elementScrollBehavior=0, ie.browserCommandLineSwitches=, requireWindowFocus=false, browserName=internet explorer, initialBrowserUrl=about:blank, takesScreenshot=true, javascriptEnabled=true, ignoreProtectedModeSettings=false, enableElementCacheCleanup=true, cssSelectorsEnabled=true, unexpectedAlertBehaviour=dismiss}]
Session ID: XXXXXXXX-XXXX-XXXX-XXXX-XXXX8af3bef8
Command duration or timeout: 377 milliseconds
For documentation on this error, please visit: http://seleniumhq.org/exceptions/no_such_element.html
Build info: version: &apos;2.45.0&apos;, revision: &apos;5017cb8e7ca8e37638dc3091b2440b90a1d8686f&apos;, time: &apos;2015-02-27 09:10:26&apos;
System info: host: &apos;Sauces-MacBook-Air-5.local&apos;, ip: &apos;172.16.3.124&apos;, os.name: &apos;Mac OS X&apos;, os.arch: &apos;x86_64&apos;, os.version: &apos;10.10.5&apos;, java.version: &apos;1.8.0_45&apos;
Driver info: org.openqa.selenium.remote.RemoteWebDriver
Capabilities [{browserAttachTimeout=0, enablePersistentHover=true, ie.forceCreateProcessApi=false, ie.usePerProcessProxy=false, ignoreZoomSetting=false, hasMetadata=true, handlesAlerts=true, version=11, platform=WINDOWS, nativeEvents=true, ie.ensureCleanSession=false, elementScrollBehavior=0, ie.browserCommandLineSwitches=, webdriver.remote.sessionid=0c7540bd89b547aab218b2f305cfd325, requireWindowFocus=false, takesScreenshot=true, browserName=internet explorer, initialBrowserUrl=about:blank, javascriptEnabled=true, ignoreProtectedModeSettings=false, enableElementCacheCleanup=true, cssSelectorsEnabled=true, unexpectedAlertBehaviour=dismiss}]
Session ID: 0c7540bd89b547aab218b2f305cfd325
*** Element info: {Using=id, value=username}" type="org.openqa.selenium.NoSuchElementException">org.openqa.selenium.NoSuchElementException: Unable to find element with id == username (WARNING: The server did not provide any stacktrace information)
Command duration or timeout: 287 milliseconds
For documentation on this error, please visit: http://seleniumhq.org/exceptions/no_such_element.html
Build info: version: &apos;2.40.0&apos;, revision: &apos;fbe29a9&apos;, time: &apos;2014-02-19 20:54:28&apos;
System info: host: &apos;WIN-HLEK05V71GA&apos;, ip: &apos;172.20.35.33&apos;, os.name: &apos;Windows Server 2012 R2&apos;, os.arch: &apos;amd64&apos;, os.version: &apos;6.3&apos;, java.version: &apos;1.8.0_60&apos;
Driver info: org.openqa.selenium.ie.InternetExplorerDriver
Capabilities [{browserAttachTimeout=0, enablePersistentHover=true, ie.forceCreateProcessApi=false, ie.usePerProcessProxy=false, ignoreZoomSetting=false, handlesAlerts=true, version=11, platform=WINDOWS, nativeEvents=true, ie.ensureCleanSession=false, elementScrollBehavior=0, ie.browserCommandLineSwitches=, requireWindowFocus=false, browserName=internet explorer, initialBrowserUrl=about:blank, takesScreenshot=true, javascriptEnabled=true, ignoreProtectedModeSettings=false, enableElementCacheCleanup=true, cssSelectorsEnabled=true, unexpectedAlertBehaviour=dismiss}]
Session ID: XXXXXXXX-XXXX-XXXX-XXXX-XXXX8af3bef8
Command duration or timeout: 377 milliseconds
For documentation on this error, please visit: http://seleniumhq.org/exceptions/no_such_element.html
Build info: version: &apos;2.45.0&apos;, revision: &apos;5017cb8e7ca8e37638dc3091b2440b90a1d8686f&apos;, time: &apos;2015-02-27 09:10:26&apos;
System info: host: &apos;Sauces-MacBook-Air-5.local&apos;, ip: &apos;172.16.3.124&apos;, os.name: &apos;Mac OS X&apos;, os.arch: &apos;x86_64&apos;, os.version: &apos;10.10.5&apos;, java.version: &apos;1.8.0_45&apos;
Driver info: org.openqa.selenium.remote.RemoteWebDriver
Capabilities [{browserAttachTimeout=0, enablePersistentHover=true, ie.forceCreateProcessApi=false, ie.usePerProcessProxy=false, ignoreZoomSetting=false, hasMetadata=true, handlesAlerts=true, version=11, platform=WINDOWS, nativeEvents=true, ie.ensureCleanSession=false, elementScrollBehavior=0, ie.browserCommandLineSwitches=, webdriver.remote.sessionid=0c7540bd89b547aab218b2f305cfd325, requireWindowFocus=false, takesScreenshot=true, browserName=internet explorer, initialBrowserUrl=about:blank, javascriptEnabled=true, ignoreProtectedModeSettings=false, enableElementCacheCleanup=true, cssSelectorsEnabled=true, unexpectedAlertBehaviour=dismiss}]
Session ID: 0c7540bd89b547aab218b2f305cfd325
*** Element info: {Using=id, value=username}
	at sun.reflect.NativeConstructorAccessorImpl.newInstance0(Native Method)
	at sun.reflect.NativeConstructorAccessorImpl.newInstance(NativeConstructorAccessorImpl.java:62)
	at sun.reflect.DelegatingConstructorAccessorImpl.newInstance(DelegatingConstructorAccessorImpl.java:45)
	at java.lang.reflect.Constructor.newInstance(Constructor.java:422)
	at org.openqa.selenium.remote.ErrorHandler.createThrowable(ErrorHandler.java:204)
	at org.openqa.selenium.remote.ErrorHandler.throwIfResponseFailed(ErrorHandler.java:156)
	at org.openqa.selenium.remote.RemoteWebDriver.execute(RemoteWebDriver.java:599)
	at org.openqa.selenium.remote.RemoteWebDriver.findElement(RemoteWebDriver.java:352)
	at org.openqa.selenium.remote.RemoteWebDriver.findElementById(RemoteWebDriver.java:393)
	at org.openqa.selenium.By$ById.findElement(By.java:214)
	at org.openqa.selenium.remote.RemoteWebDriver.findElement(RemoteWebDriver.java:344)
	at com.yourcompany.SampleSauceTest.loginTest(SampleSauceTest.java:205)
	at sun.reflect.NativeMethodAccessorImpl.invoke0(Native Method)
	at sun.reflect.NativeMethodAccessorImpl.invoke(NativeMethodAccessorImpl.java:62)
	at sun.reflect.DelegatingMethodAccessorImpl.invoke(DelegatingMethodAccessorImpl.java:43)
	at java.lang.reflect.Method.invoke(Method.java:497)
	at org.junit.runners.model.FrameworkMethod$1.runReflectiveCall(FrameworkMethod.java:47)
	at org.junit.internal.runners.model.ReflectiveCallable.run(ReflectiveCallable.java:12)
	at org.junit.runners.model.FrameworkMethod.invokeExplosively(FrameworkMethod.java:44)
	at org.junit.internal.runners.statements.InvokeMethod.evaluate(InvokeMethod.java:17)
	at org.junit.internal.runners.statements.RunBefores.evaluate(RunBefores.java:26)
	at org.junit.internal.runners.statements.RunAfters.evaluate(RunAfters.java:27)
	at org.junit.rules.TestWatcher$1.evaluate(TestWatcher.java:55)
	at org.junit.rules.TestWatcher$1.evaluate(TestWatcher.java:55)
	at org.junit.rules.RunRules.evaluate(RunRules.java:20)
	at org.junit.runners.ParentRunner.runLeaf(ParentRunner.java:271)
	at org.junit.runners.BlockJUnit4ClassRunner.runChild(BlockJUnit4ClassRunner.java:70)
	at com.saucelabs.junit.ConcurrentParameterized$SauceClassRunnerForParameters.access$300(ConcurrentParameterized.java:170)
	at com.saucelabs.junit.ConcurrentParameterized$SauceClassRunnerForParameters$2.run(ConcurrentParameterized.java:287)
	at com.saucelabs.junit.ConcurrentParameterized$NonBlockingAsynchronousRunner$1.call(ConcurrentParameterized.java:312)
	at java.util.concurrent.FutureTask.run(FutureTask.java:266)
	at java.util.concurrent.ThreadPoolExecutor.runWorker(ThreadPoolExecutor.java:1142)
	at java.util.concurrent.ThreadPoolExecutor$Worker.run(ThreadPoolExecutor.java:617)
	at java.lang.Thread.run(Thread.java:745)
Caused by: org.openqa.selenium.NoSuchElementException: Unable to find element with id == username (WARNING: The server did not provide any stacktrace information)
Command duration or timeout: 287 milliseconds
For documentation on this error, please visit: http://seleniumhq.org/exceptions/no_such_element.html
Build info: version: &apos;2.40.0&apos;, revision: &apos;fbe29a9&apos;, time: &apos;2014-02-19 20:54:28&apos;
System info: host: &apos;WIN-HLEK05V71GA&apos;, ip: &apos;172.20.35.33&apos;, os.name: &apos;Windows Server 2012 R2&apos;, os.arch: &apos;amd64&apos;, os.version: &apos;6.3&apos;, java.version: &apos;1.8.0_60&apos;
Driver info: org.openqa.selenium.ie.InternetExplorerDriver
Capabilities [{browserAttachTimeout=0, enablePersistentHover=true, ie.forceCreateProcessApi=false, ie.usePerProcessProxy=false, ignoreZoomSetting=false, handlesAlerts=true, version=11, platform=WINDOWS, nativeEvents=true, ie.ensureCleanSession=false, elementScrollBehavior=0, ie.browserCommandLineSwitches=, requireWindowFocus=false, browserName=internet explorer, initialBrowserUrl=about:blank, takesScreenshot=true, javascriptEnabled=true, ignoreProtectedModeSettings=false, enableElementCacheCleanup=true, cssSelectorsEnabled=true, unexpectedAlertBehaviour=dismiss}]
Session ID: XXXXXXXX-XXXX-XXXX-XXXX-XXXX8af3bef8
For documentation on this error, please visit: http://seleniumhq.org/exceptions/no_such_element.html
Build info: version: &apos;2.45.0&apos;, revision: &apos;5017cb8e7ca8e37638dc3091b2440b90a1d8686f&apos;, time: &apos;2015-02-27 09:10:26&apos;
System info: host: &apos;Sauces-MacBook-Air-5.local&apos;, ip: &apos;172.16.3.124&apos;, os.name: &apos;Mac OS X&apos;, os.arch: &apos;x86_64&apos;, os.version: &apos;10.10.5&apos;, java.version: &apos;1.8.0_45&apos;
Driver info: driver.version: EventFiringWebDriver
	at sun.reflect.NativeConstructorAccessorImpl.newInstance0(Native Method)
	at sun.reflect.NativeConstructorAccessorImpl.newInstance(Unknown Source)
	at sun.reflect.DelegatingConstructorAccessorImpl.newInstance(Unknown Source)
	at java.lang.reflect.Constructor.newInstance(Unknown Source)
	at org.openqa.selenium.remote.ErrorHandler.createThrowable(ErrorHandler.java:193)
	at org.openqa.selenium.remote.ErrorHandler.throwIfResponseFailed(ErrorHandler.java:145)
	at org.openqa.selenium.remote.RemoteWebDriver.execute(RemoteWebDriver.java:573)
	at org.openqa.selenium.remote.RemoteWebDriver.findElement(RemoteWebDriver.java:326)
	at org.openqa.selenium.remote.RemoteWebDriver.findElementById(RemoteWebDriver.java:367)
	at org.openqa.selenium.By$ById.findElement(By.java:214)
	at org.openqa.selenium.remote.RemoteWebDriver.findElement(RemoteWebDriver.java:318)
	at sun.reflect.NativeMethodAccessorImpl.invoke0(Native Method)
	at sun.reflect.NativeMethodAccessorImpl.invoke(Unknown Source)
	at sun.reflect.DelegatingMethodAccessorImpl.invoke(Unknown Source)
	at java.lang.reflect.Method.invoke(Unknown Source)
	at org.openqa.selenium.support.events.EventFiringWebDriver$2.invoke(EventFiringWebDriver.java:101)
	at com.sun.proxy.$Proxy2.findElement(Unknown Source)
	at org.openqa.selenium.support.events.EventFiringWebDriver.findElement(EventFiringWebDriver.java:184)
	at org.openqa.selenium.remote.server.handler.FindElement.call(FindElement.java:47)
	at org.openqa.selenium.remote.server.handler.FindElement.call(FindElement.java:1)
	at java.util.concurrent.FutureTask.run(Unknown Source)
	at org.openqa.selenium.remote.server.DefaultSession$1.run(DefaultSession.java:170)
	at java.util.concurrent.ThreadPoolExecutor.runWorker(Unknown Source)
	at java.util.concurrent.ThreadPoolExecutor$Worker.run(Unknown Source)
	at java.lang.Thread.run(Unknown Source)
</error>
    <system-out>SauceOnDemandSessionID=0c7540bd89b547aab218b2f305cfd325 job-name=com.yourcompany.SampleSauceTest.loginTest[0]
Job link: https://saucelabs.com/jobs/0c7540bd89b547aab218b2f305cfd325?auth=5692f9ac280bfb617719ac824890735b
</system-out>
  </testcase>
  <testcase classname="com.yourcompany.SampleSauceTest" name="loginTest[3]" time="0.002">
    <error message="Unable to locate element: {&quot;method&quot;:&quot;id&quot;,&quot;selector&quot;:&quot;username&quot;}
For documentation on this error, please visit: http://seleniumhq.org/exceptions/no_such_element.html
Build info: version: &apos;2.45.0&apos;, revision: &apos;5017cb8&apos;, time: &apos;2015-02-26 23:59:50&apos;
System info: host: &apos;chef-win2003&apos;, ip: &apos;172.20.38.105&apos;, os.name: &apos;Windows 2003&apos;, os.arch: &apos;x86&apos;, os.version: &apos;5.2&apos;, java.version: &apos;1.7.0_45&apos;
Driver info: driver.version: unknown
Command duration or timeout: 87 milliseconds
For documentation on this error, please visit: http://seleniumhq.org/exceptions/no_such_element.html
Build info: version: &apos;2.45.0&apos;, revision: &apos;5017cb8e7ca8e37638dc3091b2440b90a1d8686f&apos;, time: &apos;2015-02-27 09:10:26&apos;
System info: host: &apos;Sauces-MacBook-Air-5.local&apos;, ip: &apos;172.16.3.124&apos;, os.name: &apos;Mac OS X&apos;, os.arch: &apos;x86_64&apos;, os.version: &apos;10.10.5&apos;, java.version: &apos;1.8.0_45&apos;
Driver info: org.openqa.selenium.remote.RemoteWebDriver
Capabilities [{applicationCacheEnabled=true, rotatable=false, hasMetadata=true, databaseEnabled=true, handlesAlerts=true, version=36.0, platform=WINDOWS, nativeEvents=false, acceptSslCerts=true, webdriver.remote.sessionid=1bc150e79c204f1fbe0d0e878c39404c, locationContextEnabled=true, webStorageEnabled=true, takesScreenshot=true, browserName=firefox, javascriptEnabled=true, cssSelectorsEnabled=true}]
Session ID: 1bc150e79c204f1fbe0d0e878c39404c
*** Element info: {Using=id, value=username}" type="org.openqa.selenium.NoSuchElementException">org.openqa.selenium.NoSuchElementException: Unable to locate element: {&quot;method&quot;:&quot;id&quot;,&quot;selector&quot;:&quot;username&quot;}
For documentation on this error, please visit: http://seleniumhq.org/exceptions/no_such_element.html
Build info: version: &apos;2.45.0&apos;, revision: &apos;5017cb8&apos;, time: &apos;2015-02-26 23:59:50&apos;
System info: host: &apos;chef-win2003&apos;, ip: &apos;172.20.38.105&apos;, os.name: &apos;Windows 2003&apos;, os.arch: &apos;x86&apos;, os.version: &apos;5.2&apos;, java.version: &apos;1.7.0_45&apos;
Driver info: driver.version: unknown
Command duration or timeout: 87 milliseconds
For documentation on this error, please visit: http://seleniumhq.org/exceptions/no_such_element.html
Build info: version: &apos;2.45.0&apos;, revision: &apos;5017cb8e7ca8e37638dc3091b2440b90a1d8686f&apos;, time: &apos;2015-02-27 09:10:26&apos;
System info: host: &apos;Sauces-MacBook-Air-5.local&apos;, ip: &apos;172.16.3.124&apos;, os.name: &apos;Mac OS X&apos;, os.arch: &apos;x86_64&apos;, os.version: &apos;10.10.5&apos;, java.version: &apos;1.8.0_45&apos;
Driver info: org.openqa.selenium.remote.RemoteWebDriver
Capabilities [{applicationCacheEnabled=true, rotatable=false, hasMetadata=true, databaseEnabled=true, handlesAlerts=true, version=36.0, platform=WINDOWS, nativeEvents=false, acceptSslCerts=true, webdriver.remote.sessionid=1bc150e79c204f1fbe0d0e878c39404c, locationContextEnabled=true, webStorageEnabled=true, takesScreenshot=true, browserName=firefox, javascriptEnabled=true, cssSelectorsEnabled=true}]
Session ID: 1bc150e79c204f1fbe0d0e878c39404c
*** Element info: {Using=id, value=username}
	at sun.reflect.NativeConstructorAccessorImpl.newInstance0(Native Method)
	at sun.reflect.NativeConstructorAccessorImpl.newInstance(NativeConstructorAccessorImpl.java:62)
	at sun.reflect.DelegatingConstructorAccessorImpl.newInstance(DelegatingConstructorAccessorImpl.java:45)
	at java.lang.reflect.Constructor.newInstance(Constructor.java:422)
	at org.openqa.selenium.remote.ErrorHandler.createThrowable(ErrorHandler.java:204)
	at org.openqa.selenium.remote.ErrorHandler.throwIfResponseFailed(ErrorHandler.java:156)
	at org.openqa.selenium.remote.RemoteWebDriver.execute(RemoteWebDriver.java:599)
	at org.openqa.selenium.remote.RemoteWebDriver.findElement(RemoteWebDriver.java:352)
	at org.openqa.selenium.remote.RemoteWebDriver.findElementById(RemoteWebDriver.java:393)
	at org.openqa.selenium.By$ById.findElement(By.java:214)
	at org.openqa.selenium.remote.RemoteWebDriver.findElement(RemoteWebDriver.java:344)
	at com.yourcompany.SampleSauceTest.loginTest(SampleSauceTest.java:205)
	at sun.reflect.NativeMethodAccessorImpl.invoke0(Native Method)
	at sun.reflect.NativeMethodAccessorImpl.invoke(NativeMethodAccessorImpl.java:62)
	at sun.reflect.DelegatingMethodAccessorImpl.invoke(DelegatingMethodAccessorImpl.java:43)
	at java.lang.reflect.Method.invoke(Method.java:497)
	at org.junit.runners.model.FrameworkMethod$1.runReflectiveCall(FrameworkMethod.java:47)
	at org.junit.internal.runners.model.ReflectiveCallable.run(ReflectiveCallable.java:12)
	at org.junit.runners.model.FrameworkMethod.invokeExplosively(FrameworkMethod.java:44)
	at org.junit.internal.runners.statements.InvokeMethod.evaluate(InvokeMethod.java:17)
	at org.junit.internal.runners.statements.RunBefores.evaluate(RunBefores.java:26)
	at org.junit.internal.runners.statements.RunAfters.evaluate(RunAfters.java:27)
	at org.junit.rules.TestWatcher$1.evaluate(TestWatcher.java:55)
	at org.junit.rules.TestWatcher$1.evaluate(TestWatcher.java:55)
	at org.junit.rules.RunRules.evaluate(RunRules.java:20)
	at org.junit.runners.ParentRunner.runLeaf(ParentRunner.java:271)
	at org.junit.runners.BlockJUnit4ClassRunner.runChild(BlockJUnit4ClassRunner.java:70)
	at com.saucelabs.junit.ConcurrentParameterized$SauceClassRunnerForParameters.access$300(ConcurrentParameterized.java:170)
	at com.saucelabs.junit.ConcurrentParameterized$SauceClassRunnerForParameters$2.run(ConcurrentParameterized.java:287)
	at com.saucelabs.junit.ConcurrentParameterized$NonBlockingAsynchronousRunner$1.call(ConcurrentParameterized.java:312)
	at java.util.concurrent.FutureTask.run(FutureTask.java:266)
	at java.util.concurrent.ThreadPoolExecutor.runWorker(ThreadPoolExecutor.java:1142)
	at java.util.concurrent.ThreadPoolExecutor$Worker.run(ThreadPoolExecutor.java:617)
	at java.lang.Thread.run(Thread.java:745)
Caused by: org.openqa.selenium.NoSuchElementException: Unable to locate element: {&quot;method&quot;:&quot;id&quot;,&quot;selector&quot;:&quot;username&quot;}
For documentation on this error, please visit: http://seleniumhq.org/exceptions/no_such_element.html
Build info: version: &apos;2.45.0&apos;, revision: &apos;5017cb8&apos;, time: &apos;2015-02-26 23:59:50&apos;
System info: host: &apos;chef-win2003&apos;, ip: &apos;172.20.38.105&apos;, os.name: &apos;Windows 2003&apos;, os.arch: &apos;x86&apos;, os.version: &apos;5.2&apos;, java.version: &apos;1.7.0_45&apos;
Driver info: driver.version: unknown
For documentation on this error, please visit: http://seleniumhq.org/exceptions/no_such_element.html
Build info: version: &apos;2.45.0&apos;, revision: &apos;5017cb8e7ca8e37638dc3091b2440b90a1d8686f&apos;, time: &apos;2015-02-27 09:10:26&apos;
System info: host: &apos;Sauces-MacBook-Air-5.local&apos;, ip: &apos;172.16.3.124&apos;, os.name: &apos;Mac OS X&apos;, os.arch: &apos;x86_64&apos;, os.version: &apos;10.10.5&apos;, java.version: &apos;1.8.0_45&apos;
Driver info: driver.version: unknown
	at &lt;anonymous class&gt;.FirefoxDriver.prototype.findElementInternal_(file:///C:/DOCUME~1/ADMINI~1/LOCALS~1/Temp/anonymous7136263954039748325webdriver-profile/extensions/fxdriver@googlecode.com/components/driver-component.js:10271)
	at &lt;anonymous class&gt;.FirefoxDriver.prototype.findElement(file:///C:/DOCUME~1/ADMINI~1/LOCALS~1/Temp/anonymous7136263954039748325webdriver-profile/extensions/fxdriver@googlecode.com/components/driver-component.js:10280)
	at &lt;anonymous class&gt;.DelayedCommand.prototype.executeInternal_/h(file:///C:/DOCUME~1/ADMINI~1/LOCALS~1/Temp/anonymous7136263954039748325webdriver-profile/extensions/fxdriver@googlecode.com/components/command-processor.js:12274)
	at &lt;anonymous class&gt;.DelayedCommand.prototype.executeInternal_(file:///C:/DOCUME~1/ADMINI~1/LOCALS~1/Temp/anonymous7136263954039748325webdriver-profile/extensions/fxdriver@googlecode.com/components/command-processor.js:12279)
	at &lt;anonymous class&gt;.DelayedCommand.prototype.execute/&lt;(file:///C:/DOCUME~1/ADMINI~1/LOCALS~1/Temp/anonymous7136263954039748325webdriver-profile/extensions/fxdriver@googlecode.com/components/command-processor.js:12221)
</error>
    <system-out>SauceOnDemandSessionID=1bc150e79c204f1fbe0d0e878c39404c job-name=com.yourcompany.SampleSauceTest.loginTest[3]
Job link: https://saucelabs.com/jobs/1bc150e79c204f1fbe0d0e878c39404c?auth=1f528a3293c35a48263d17a0d02488ca
</system-out>
  </testcase>
  <testcase classname="com.yourcompany.SampleSauceTest" name="verifyTitleTest[11]" time="10.748"/>
  <testcase classname="com.yourcompany.SampleSauceTest" name="loginTest[12]" time="0.001">
    <error message="Unable to find element with id == username (WARNING: The server did not provide any stacktrace information)
Command duration or timeout: 297 milliseconds
For documentation on this error, please visit: http://seleniumhq.org/exceptions/no_such_element.html
Build info: version: &apos;2.40.0&apos;, revision: &apos;fbe29a9&apos;, time: &apos;2014-02-19 20:54:28&apos;
System info: host: &apos;WIN-SB3ER6JQ6ME&apos;, ip: &apos;172.20.37.24&apos;, os.name: &apos;Windows 8.1&apos;, os.arch: &apos;x86&apos;, os.version: &apos;6.3&apos;, java.version: &apos;1.8.0_51&apos;
Driver info: org.openqa.selenium.ie.InternetExplorerDriver
Capabilities [{browserAttachTimeout=0, enablePersistentHover=true, ie.forceCreateProcessApi=false, ie.usePerProcessProxy=false, ignoreZoomSetting=false, handlesAlerts=true, version=11, platform=WINDOWS, nativeEvents=true, ie.ensureCleanSession=false, elementScrollBehavior=0, ie.browserCommandLineSwitches=, requireWindowFocus=false, browserName=internet explorer, initialBrowserUrl=about:blank, takesScreenshot=true, javascriptEnabled=true, ignoreProtectedModeSettings=false, enableElementCacheCleanup=true, cssSelectorsEnabled=true, unexpectedAlertBehaviour=dismiss}]
Session ID: XXXXXXXX-XXXX-XXXX-XXXX-XXXXe185e7d1
Command duration or timeout: 358 milliseconds
For documentation on this error, please visit: http://seleniumhq.org/exceptions/no_such_element.html
Build info: version: &apos;2.45.0&apos;, revision: &apos;5017cb8e7ca8e37638dc3091b2440b90a1d8686f&apos;, time: &apos;2015-02-27 09:10:26&apos;
System info: host: &apos;Sauces-MacBook-Air-5.local&apos;, ip: &apos;172.16.3.124&apos;, os.name: &apos;Mac OS X&apos;, os.arch: &apos;x86_64&apos;, os.version: &apos;10.10.5&apos;, java.version: &apos;1.8.0_45&apos;
Driver info: org.openqa.selenium.remote.RemoteWebDriver
Capabilities [{browserAttachTimeout=0, enablePersistentHover=true, ie.forceCreateProcessApi=false, ie.usePerProcessProxy=false, ignoreZoomSetting=false, hasMetadata=true, handlesAlerts=true, version=11, platform=WINDOWS, nativeEvents=true, ie.ensureCleanSession=false, elementScrollBehavior=0, ie.browserCommandLineSwitches=, webdriver.remote.sessionid=f71594283d9b4291bbd5d32eeed3b9ac, requireWindowFocus=false, takesScreenshot=true, browserName=internet explorer, initialBrowserUrl=about:blank, javascriptEnabled=true, ignoreProtectedModeSettings=false, enableElementCacheCleanup=true, cssSelectorsEnabled=true, unexpectedAlertBehaviour=dismiss}]
Session ID: f71594283d9b4291bbd5d32eeed3b9ac
*** Element info: {Using=id, value=username}" type="org.openqa.selenium.NoSuchElementException">org.openqa.selenium.NoSuchElementException: Unable to find element with id == username (WARNING: The server did not provide any stacktrace information)
Command duration or timeout: 297 milliseconds
For documentation on this error, please visit: http://seleniumhq.org/exceptions/no_such_element.html
Build info: version: &apos;2.40.0&apos;, revision: &apos;fbe29a9&apos;, time: &apos;2014-02-19 20:54:28&apos;
System info: host: &apos;WIN-SB3ER6JQ6ME&apos;, ip: &apos;172.20.37.24&apos;, os.name: &apos;Windows 8.1&apos;, os.arch: &apos;x86&apos;, os.version: &apos;6.3&apos;, java.version: &apos;1.8.0_51&apos;
Driver info: org.openqa.selenium.ie.InternetExplorerDriver
Capabilities [{browserAttachTimeout=0, enablePersistentHover=true, ie.forceCreateProcessApi=false, ie.usePerProcessProxy=false, ignoreZoomSetting=false, handlesAlerts=true, version=11, platform=WINDOWS, nativeEvents=true, ie.ensureCleanSession=false, elementScrollBehavior=0, ie.browserCommandLineSwitches=, requireWindowFocus=false, browserName=internet explorer, initialBrowserUrl=about:blank, takesScreenshot=true, javascriptEnabled=true, ignoreProtectedModeSettings=false, enableElementCacheCleanup=true, cssSelectorsEnabled=true, unexpectedAlertBehaviour=dismiss}]
Session ID: XXXXXXXX-XXXX-XXXX-XXXX-XXXXe185e7d1
Command duration or timeout: 358 milliseconds
For documentation on this error, please visit: http://seleniumhq.org/exceptions/no_such_element.html
Build info: version: &apos;2.45.0&apos;, revision: &apos;5017cb8e7ca8e37638dc3091b2440b90a1d8686f&apos;, time: &apos;2015-02-27 09:10:26&apos;
System info: host: &apos;Sauces-MacBook-Air-5.local&apos;, ip: &apos;172.16.3.124&apos;, os.name: &apos;Mac OS X&apos;, os.arch: &apos;x86_64&apos;, os.version: &apos;10.10.5&apos;, java.version: &apos;1.8.0_45&apos;
Driver info: org.openqa.selenium.remote.RemoteWebDriver
Capabilities [{browserAttachTimeout=0, enablePersistentHover=true, ie.forceCreateProcessApi=false, ie.usePerProcessProxy=false, ignoreZoomSetting=false, hasMetadata=true, handlesAlerts=true, version=11, platform=WINDOWS, nativeEvents=true, ie.ensureCleanSession=false, elementScrollBehavior=0, ie.browserCommandLineSwitches=, webdriver.remote.sessionid=f71594283d9b4291bbd5d32eeed3b9ac, requireWindowFocus=false, takesScreenshot=true, browserName=internet explorer, initialBrowserUrl=about:blank, javascriptEnabled=true, ignoreProtectedModeSettings=false, enableElementCacheCleanup=true, cssSelectorsEnabled=true, unexpectedAlertBehaviour=dismiss}]
Session ID: f71594283d9b4291bbd5d32eeed3b9ac
*** Element info: {Using=id, value=username}
	at sun.reflect.NativeConstructorAccessorImpl.newInstance0(Native Method)
	at sun.reflect.NativeConstructorAccessorImpl.newInstance(NativeConstructorAccessorImpl.java:62)
	at sun.reflect.DelegatingConstructorAccessorImpl.newInstance(DelegatingConstructorAccessorImpl.java:45)
	at java.lang.reflect.Constructor.newInstance(Constructor.java:422)
	at org.openqa.selenium.remote.ErrorHandler.createThrowable(ErrorHandler.java:204)
	at org.openqa.selenium.remote.ErrorHandler.throwIfResponseFailed(ErrorHandler.java:156)
	at org.openqa.selenium.remote.RemoteWebDriver.execute(RemoteWebDriver.java:599)
	at org.openqa.selenium.remote.RemoteWebDriver.findElement(RemoteWebDriver.java:352)
	at org.openqa.selenium.remote.RemoteWebDriver.findElementById(RemoteWebDriver.java:393)
	at org.openqa.selenium.By$ById.findElement(By.java:214)
	at org.openqa.selenium.remote.RemoteWebDriver.findElement(RemoteWebDriver.java:344)
	at com.yourcompany.SampleSauceTest.loginTest(SampleSauceTest.java:205)
	at sun.reflect.NativeMethodAccessorImpl.invoke0(Native Method)
	at sun.reflect.NativeMethodAccessorImpl.invoke(NativeMethodAccessorImpl.java:62)
	at sun.reflect.DelegatingMethodAccessorImpl.invoke(DelegatingMethodAccessorImpl.java:43)
	at java.lang.reflect.Method.invoke(Method.java:497)
	at org.junit.runners.model.FrameworkMethod$1.runReflectiveCall(FrameworkMethod.java:47)
	at org.junit.internal.runners.model.ReflectiveCallable.run(ReflectiveCallable.java:12)
	at org.junit.runners.model.FrameworkMethod.invokeExplosively(FrameworkMethod.java:44)
	at org.junit.internal.runners.statements.InvokeMethod.evaluate(InvokeMethod.java:17)
	at org.junit.internal.runners.statements.RunBefores.evaluate(RunBefores.java:26)
	at org.junit.internal.runners.statements.RunAfters.evaluate(RunAfters.java:27)
	at org.junit.rules.TestWatcher$1.evaluate(TestWatcher.java:55)
	at org.junit.rules.TestWatcher$1.evaluate(TestWatcher.java:55)
	at org.junit.rules.RunRules.evaluate(RunRules.java:20)
	at org.junit.runners.ParentRunner.runLeaf(ParentRunner.java:271)
	at org.junit.runners.BlockJUnit4ClassRunner.runChild(BlockJUnit4ClassRunner.java:70)
	at com.saucelabs.junit.ConcurrentParameterized$SauceClassRunnerForParameters.access$300(ConcurrentParameterized.java:170)
	at com.saucelabs.junit.ConcurrentParameterized$SauceClassRunnerForParameters$2.run(ConcurrentParameterized.java:287)
	at com.saucelabs.junit.ConcurrentParameterized$NonBlockingAsynchronousRunner$1.call(ConcurrentParameterized.java:312)
	at java.util.concurrent.FutureTask.run(FutureTask.java:266)
	at java.util.concurrent.ThreadPoolExecutor.runWorker(ThreadPoolExecutor.java:1142)
	at java.util.concurrent.ThreadPoolExecutor$Worker.run(ThreadPoolExecutor.java:617)
	at java.lang.Thread.run(Thread.java:745)
Caused by: org.openqa.selenium.NoSuchElementException: Unable to find element with id == username (WARNING: The server did not provide any stacktrace information)
Command duration or timeout: 297 milliseconds
For documentation on this error, please visit: http://seleniumhq.org/exceptions/no_such_element.html
Build info: version: &apos;2.40.0&apos;, revision: &apos;fbe29a9&apos;, time: &apos;2014-02-19 20:54:28&apos;
System info: host: &apos;WIN-SB3ER6JQ6ME&apos;, ip: &apos;172.20.37.24&apos;, os.name: &apos;Windows 8.1&apos;, os.arch: &apos;x86&apos;, os.version: &apos;6.3&apos;, java.version: &apos;1.8.0_51&apos;
Driver info: org.openqa.selenium.ie.InternetExplorerDriver
Capabilities [{browserAttachTimeout=0, enablePersistentHover=true, ie.forceCreateProcessApi=false, ie.usePerProcessProxy=false, ignoreZoomSetting=false, handlesAlerts=true, version=11, platform=WINDOWS, nativeEvents=true, ie.ensureCleanSession=false, elementScrollBehavior=0, ie.browserCommandLineSwitches=, requireWindowFocus=false, browserName=internet explorer, initialBrowserUrl=about:blank, takesScreenshot=true, javascriptEnabled=true, ignoreProtectedModeSettings=false, enableElementCacheCleanup=true, cssSelectorsEnabled=true, unexpectedAlertBehaviour=dismiss}]
Session ID: XXXXXXXX-XXXX-XXXX-XXXX-XXXXe185e7d1
For documentation on this error, please visit: http://seleniumhq.org/exceptions/no_such_element.html
Build info: version: &apos;2.45.0&apos;, revision: &apos;5017cb8e7ca8e37638dc3091b2440b90a1d8686f&apos;, time: &apos;2015-02-27 09:10:26&apos;
System info: host: &apos;Sauces-MacBook-Air-5.local&apos;, ip: &apos;172.16.3.124&apos;, os.name: &apos;Mac OS X&apos;, os.arch: &apos;x86_64&apos;, os.version: &apos;10.10.5&apos;, java.version: &apos;1.8.0_45&apos;
Driver info: driver.version: EventFiringWebDriver
	at sun.reflect.NativeConstructorAccessorImpl.newInstance0(Native Method)
	at sun.reflect.NativeConstructorAccessorImpl.newInstance(Unknown Source)
	at sun.reflect.DelegatingConstructorAccessorImpl.newInstance(Unknown Source)
	at java.lang.reflect.Constructor.newInstance(Unknown Source)
	at org.openqa.selenium.remote.ErrorHandler.createThrowable(ErrorHandler.java:193)
	at org.openqa.selenium.remote.ErrorHandler.throwIfResponseFailed(ErrorHandler.java:145)
	at org.openqa.selenium.remote.RemoteWebDriver.execute(RemoteWebDriver.java:573)
	at org.openqa.selenium.remote.RemoteWebDriver.findElement(RemoteWebDriver.java:326)
	at org.openqa.selenium.remote.RemoteWebDriver.findElementById(RemoteWebDriver.java:367)
	at org.openqa.selenium.By$ById.findElement(By.java:214)
	at org.openqa.selenium.remote.RemoteWebDriver.findElement(RemoteWebDriver.java:318)
	at sun.reflect.NativeMethodAccessorImpl.invoke0(Native Method)
	at sun.reflect.NativeMethodAccessorImpl.invoke(Unknown Source)
	at sun.reflect.DelegatingMethodAccessorImpl.invoke(Unknown Source)
	at java.lang.reflect.Method.invoke(Unknown Source)
	at org.openqa.selenium.support.events.EventFiringWebDriver$2.invoke(EventFiringWebDriver.java:101)
	at com.sun.proxy.$Proxy2.findElement(Unknown Source)
	at org.openqa.selenium.support.events.EventFiringWebDriver.findElement(EventFiringWebDriver.java:184)
	at org.openqa.selenium.remote.server.handler.FindElement.call(FindElement.java:47)
	at org.openqa.selenium.remote.server.handler.FindElement.call(FindElement.java:1)
	at java.util.concurrent.FutureTask.run(Unknown Source)
	at org.openqa.selenium.remote.server.DefaultSession$1.run(DefaultSession.java:170)
	at java.util.concurrent.ThreadPoolExecutor.runWorker(Unknown Source)
	at java.util.concurrent.ThreadPoolExecutor$Worker.run(Unknown Source)
	at java.lang.Thread.run(Unknown Source)
</error>
    <system-out>SauceOnDemandSessionID=f71594283d9b4291bbd5d32eeed3b9ac job-name=com.yourcompany.SampleSauceTest.loginTest[12]
Job link: https://saucelabs.com/jobs/f71594283d9b4291bbd5d32eeed3b9ac?auth=ad046df23bb92caa14b73adf4eb4a4bc
</system-out>
  </testcase>
  <testcase classname="com.yourcompany.SampleSauceTest" name="verifyTitleTest[0]" time="14.36"/>
  <testcase classname="com.yourcompany.SampleSauceTest" name="verifyTitleTest[4]" time="52.648"/>
  <testcase classname="com.yourcompany.SampleSauceTest" name="verifyTitleTest[12]" time="19.262"/>
  <testcase classname="com.yourcompany.SampleSauceTest" name="verifyTitleTest[10]" time="9.077"/>
  <testcase classname="com.yourcompany.SampleSauceTest" name="verifyTitleTest[9]" time="14.125"/>
  <testcase classname="com.yourcompany.SampleSauceTest" name="verifyTitleTest[5]" time="19.374"/>
  <testcase classname="com.yourcompany.SampleSauceTest" name="loginTest[4]" time="0.002">
    <error message="Could not find element: {&quot;using&quot;:&quot;id&quot;,&quot;value&quot;:&quot;username&quot;} (WARNING: The server did not provide any stacktrace information)
Command duration or timeout: 26 milliseconds
For documentation on this error, please visit: http://seleniumhq.org/exceptions/no_such_element.html
Build info: version: &apos;2.40.0&apos;, revision: &apos;fbe29a9&apos;, time: &apos;2014-02-19 20:54:28&apos;
System info: host: &apos;itako46097.prod.miso&apos;, ip: &apos;172.20.46.97&apos;, os.name: &apos;Mac OS X&apos;, os.arch: &apos;x86_64&apos;, os.version: &apos;10.8.5&apos;, java.version: &apos;1.8.0_66&apos;
Driver info: org.openqa.selenium.safari.SafariDriver
Capabilities [{browserName=safari, takesScreenshot=true, javascriptEnabled=true, version=6.2.7, cssSelectorsEnabled=true, platform=MAC, secureSsl=true}]
Session ID: null
Command duration or timeout: 97 milliseconds
For documentation on this error, please visit: http://seleniumhq.org/exceptions/no_such_element.html
Build info: version: &apos;2.45.0&apos;, revision: &apos;5017cb8e7ca8e37638dc3091b2440b90a1d8686f&apos;, time: &apos;2015-02-27 09:10:26&apos;
System info: host: &apos;Sauces-MacBook-Air-5.local&apos;, ip: &apos;172.16.3.124&apos;, os.name: &apos;Mac OS X&apos;, os.arch: &apos;x86_64&apos;, os.version: &apos;10.10.5&apos;, java.version: &apos;1.8.0_45&apos;
Driver info: org.openqa.selenium.remote.RemoteWebDriver
Capabilities [{webdriver.remote.sessionid=8cb231bda4e44c2db0ebe4cd57152b7e, takesScreenshot=true, browserName=safari, javascriptEnabled=true, hasMetadata=true, version=6.2.7, cssSelectorsEnabled=true, platform=MAC, secureSsl=true}]
Session ID: 8cb231bda4e44c2db0ebe4cd57152b7e
*** Element info: {Using=id, value=username}" type="org.openqa.selenium.NoSuchElementException">org.openqa.selenium.NoSuchElementException: Could not find element: {&quot;using&quot;:&quot;id&quot;,&quot;value&quot;:&quot;username&quot;} (WARNING: The server did not provide any stacktrace information)
Command duration or timeout: 26 milliseconds
For documentation on this error, please visit: http://seleniumhq.org/exceptions/no_such_element.html
Build info: version: &apos;2.40.0&apos;, revision: &apos;fbe29a9&apos;, time: &apos;2014-02-19 20:54:28&apos;
System info: host: &apos;itako46097.prod.miso&apos;, ip: &apos;172.20.46.97&apos;, os.name: &apos;Mac OS X&apos;, os.arch: &apos;x86_64&apos;, os.version: &apos;10.8.5&apos;, java.version: &apos;1.8.0_66&apos;
Driver info: org.openqa.selenium.safari.SafariDriver
Capabilities [{browserName=safari, takesScreenshot=true, javascriptEnabled=true, version=6.2.7, cssSelectorsEnabled=true, platform=MAC, secureSsl=true}]
Session ID: null
Command duration or timeout: 97 milliseconds
For documentation on this error, please visit: http://seleniumhq.org/exceptions/no_such_element.html
Build info: version: &apos;2.45.0&apos;, revision: &apos;5017cb8e7ca8e37638dc3091b2440b90a1d8686f&apos;, time: &apos;2015-02-27 09:10:26&apos;
System info: host: &apos;Sauces-MacBook-Air-5.local&apos;, ip: &apos;172.16.3.124&apos;, os.name: &apos;Mac OS X&apos;, os.arch: &apos;x86_64&apos;, os.version: &apos;10.10.5&apos;, java.version: &apos;1.8.0_45&apos;
Driver info: org.openqa.selenium.remote.RemoteWebDriver
Capabilities [{webdriver.remote.sessionid=8cb231bda4e44c2db0ebe4cd57152b7e, takesScreenshot=true, browserName=safari, javascriptEnabled=true, hasMetadata=true, version=6.2.7, cssSelectorsEnabled=true, platform=MAC, secureSsl=true}]
Session ID: 8cb231bda4e44c2db0ebe4cd57152b7e
*** Element info: {Using=id, value=username}
	at sun.reflect.NativeConstructorAccessorImpl.newInstance0(Native Method)
	at sun.reflect.NativeConstructorAccessorImpl.newInstance(NativeConstructorAccessorImpl.java:62)
	at sun.reflect.DelegatingConstructorAccessorImpl.newInstance(DelegatingConstructorAccessorImpl.java:45)
	at java.lang.reflect.Constructor.newInstance(Constructor.java:422)
	at org.openqa.selenium.remote.ErrorHandler.createThrowable(ErrorHandler.java:204)
	at org.openqa.selenium.remote.ErrorHandler.throwIfResponseFailed(ErrorHandler.java:156)
	at org.openqa.selenium.remote.RemoteWebDriver.execute(RemoteWebDriver.java:599)
	at org.openqa.selenium.remote.RemoteWebDriver.findElement(RemoteWebDriver.java:352)
	at org.openqa.selenium.remote.RemoteWebDriver.findElementById(RemoteWebDriver.java:393)
	at org.openqa.selenium.By$ById.findElement(By.java:214)
	at org.openqa.selenium.remote.RemoteWebDriver.findElement(RemoteWebDriver.java:344)
	at com.yourcompany.SampleSauceTest.loginTest(SampleSauceTest.java:205)
	at sun.reflect.NativeMethodAccessorImpl.invoke0(Native Method)
	at sun.reflect.NativeMethodAccessorImpl.invoke(NativeMethodAccessorImpl.java:62)
	at sun.reflect.DelegatingMethodAccessorImpl.invoke(DelegatingMethodAccessorImpl.java:43)
	at java.lang.reflect.Method.invoke(Method.java:497)
	at org.junit.runners.model.FrameworkMethod$1.runReflectiveCall(FrameworkMethod.java:47)
	at org.junit.internal.runners.model.ReflectiveCallable.run(ReflectiveCallable.java:12)
	at org.junit.runners.model.FrameworkMethod.invokeExplosively(FrameworkMethod.java:44)
	at org.junit.internal.runners.statements.InvokeMethod.evaluate(InvokeMethod.java:17)
	at org.junit.internal.runners.statements.RunBefores.evaluate(RunBefores.java:26)
	at org.junit.internal.runners.statements.RunAfters.evaluate(RunAfters.java:27)
	at org.junit.rules.TestWatcher$1.evaluate(TestWatcher.java:55)
	at org.junit.rules.TestWatcher$1.evaluate(TestWatcher.java:55)
	at org.junit.rules.RunRules.evaluate(RunRules.java:20)
	at org.junit.runners.ParentRunner.runLeaf(ParentRunner.java:271)
	at org.junit.runners.BlockJUnit4ClassRunner.runChild(BlockJUnit4ClassRunner.java:70)
	at com.saucelabs.junit.ConcurrentParameterized$SauceClassRunnerForParameters.access$300(ConcurrentParameterized.java:170)
	at com.saucelabs.junit.ConcurrentParameterized$SauceClassRunnerForParameters$2.run(ConcurrentParameterized.java:287)
	at com.saucelabs.junit.ConcurrentParameterized$NonBlockingAsynchronousRunner$1.call(ConcurrentParameterized.java:312)
	at java.util.concurrent.FutureTask.run(FutureTask.java:266)
	at java.util.concurrent.ThreadPoolExecutor.runWorker(ThreadPoolExecutor.java:1142)
	at java.util.concurrent.ThreadPoolExecutor$Worker.run(ThreadPoolExecutor.java:617)
	at java.lang.Thread.run(Thread.java:745)
Caused by: org.openqa.selenium.NoSuchElementException: Could not find element: {&quot;using&quot;:&quot;id&quot;,&quot;value&quot;:&quot;username&quot;} (WARNING: The server did not provide any stacktrace information)
Command duration or timeout: 26 milliseconds
For documentation on this error, please visit: http://seleniumhq.org/exceptions/no_such_element.html
Build info: version: &apos;2.40.0&apos;, revision: &apos;fbe29a9&apos;, time: &apos;2014-02-19 20:54:28&apos;
System info: host: &apos;itako46097.prod.miso&apos;, ip: &apos;172.20.46.97&apos;, os.name: &apos;Mac OS X&apos;, os.arch: &apos;x86_64&apos;, os.version: &apos;10.8.5&apos;, java.version: &apos;1.8.0_66&apos;
Driver info: org.openqa.selenium.safari.SafariDriver
Capabilities [{browserName=safari, takesScreenshot=true, javascriptEnabled=true, version=6.2.7, cssSelectorsEnabled=true, platform=MAC, secureSsl=true}]
Session ID: null
For documentation on this error, please visit: http://seleniumhq.org/exceptions/no_such_element.html
Build info: version: &apos;2.45.0&apos;, revision: &apos;5017cb8e7ca8e37638dc3091b2440b90a1d8686f&apos;, time: &apos;2015-02-27 09:10:26&apos;
System info: host: &apos;Sauces-MacBook-Air-5.local&apos;, ip: &apos;172.16.3.124&apos;, os.name: &apos;Mac OS X&apos;, os.arch: &apos;x86_64&apos;, os.version: &apos;10.10.5&apos;, java.version: &apos;1.8.0_45&apos;
Driver info: driver.version: EventFiringWebDriver
	at sun.reflect.NativeConstructorAccessorImpl.newInstance0(Native Method)
	at sun.reflect.NativeConstructorAccessorImpl.newInstance(NativeConstructorAccessorImpl.java:62)
	at sun.reflect.DelegatingConstructorAccessorImpl.newInstance(DelegatingConstructorAccessorImpl.java:45)
	at java.lang.reflect.Constructor.newInstance(Constructor.java:422)
	at org.openqa.selenium.remote.ErrorHandler.createThrowable(ErrorHandler.java:193)
	at org.openqa.selenium.remote.ErrorHandler.throwIfResponseFailed(ErrorHandler.java:145)
	at org.openqa.selenium.remote.RemoteWebDriver.execute(RemoteWebDriver.java:573)
	at org.openqa.selenium.remote.RemoteWebDriver.findElement(RemoteWebDriver.java:326)
	at org.openqa.selenium.remote.RemoteWebDriver.findElementById(RemoteWebDriver.java:367)
	at org.openqa.selenium.By$ById.findElement(By.java:214)
	at org.openqa.selenium.remote.RemoteWebDriver.findElement(RemoteWebDriver.java:318)
	at sun.reflect.NativeMethodAccessorImpl.invoke0(Native Method)
	at sun.reflect.NativeMethodAccessorImpl.invoke(NativeMethodAccessorImpl.java:62)
	at sun.reflect.DelegatingMethodAccessorImpl.invoke(DelegatingMethodAccessorImpl.java:43)
	at java.lang.reflect.Method.invoke(Method.java:497)
	at org.openqa.selenium.support.events.EventFiringWebDriver$2.invoke(EventFiringWebDriver.java:101)
	at com.sun.proxy.$Proxy1.findElement(Unknown Source)
	at org.openqa.selenium.support.events.EventFiringWebDriver.findElement(EventFiringWebDriver.java:184)
	at org.openqa.selenium.remote.server.handler.FindElement.call(FindElement.java:47)
	at org.openqa.selenium.remote.server.handler.FindElement.call(FindElement.java:1)
	at java.util.concurrent.FutureTask.run(FutureTask.java:266)
	at org.openqa.selenium.remote.server.DefaultSession$1.run(DefaultSession.java:170)
	... 3 more
</error>
    <system-out>SauceOnDemandSessionID=8cb231bda4e44c2db0ebe4cd57152b7e job-name=com.yourcompany.SampleSauceTest.loginTest[4]
Job link: https://saucelabs.com/jobs/8cb231bda4e44c2db0ebe4cd57152b7e?auth=f12644a26030a9d4a209f02ceb124546
</system-out>
  </testcase>
  <testcase classname="com.yourcompany.SampleSauceTest" name="loginTest[13]" time="0">
    <error message="no such element
  (Session info: chrome=43.0.2357.65)
  (Driver info: chromedriver=2.15.322448 (52179c1b310fec1797c81ea9a20326839860b7d3),platform=Windows NT 10.0 x86_64) (WARNING: The server did not provide any stacktrace information)
Command duration or timeout: 52 milliseconds
For documentation on this error, please visit: http://seleniumhq.org/exceptions/no_such_element.html
Build info: version: &apos;2.45.0&apos;, revision: &apos;5017cb8e7ca8e37638dc3091b2440b90a1d8686f&apos;, time: &apos;2015-02-27 09:10:26&apos;
System info: host: &apos;Sauces-MacBook-Air-5.local&apos;, ip: &apos;172.16.3.124&apos;, os.name: &apos;Mac OS X&apos;, os.arch: &apos;x86_64&apos;, os.version: &apos;10.10.5&apos;, java.version: &apos;1.8.0_45&apos;
Driver info: org.openqa.selenium.remote.RemoteWebDriver
Capabilities [{applicationCacheEnabled=false, rotatable=false, mobileEmulationEnabled=false, chrome={userDataDir=C:\Users\ADMINI~1\AppData\Local\Temp\scoped_dir104_12987}, takesHeapSnapshot=true, hasMetadata=true, databaseEnabled=false, handlesAlerts=true, version=43.0.2357.65, platform=XP, browserConnectionEnabled=false, nativeEvents=true, acceptSslCerts=true, webdriver.remote.sessionid=26f4a6d3443449c8b7ccf1aa03873757, locationContextEnabled=true, webStorageEnabled=true, takesScreenshot=true, browserName=chrome, javascriptEnabled=true, cssSelectorsEnabled=true}]
Session ID: 26f4a6d3443449c8b7ccf1aa03873757
*** Element info: {Using=id, value=username}" type="org.openqa.selenium.NoSuchElementException">org.openqa.selenium.NoSuchElementException: no such element
  (Session info: chrome=43.0.2357.65)
  (Driver info: chromedriver=2.15.322448 (52179c1b310fec1797c81ea9a20326839860b7d3),platform=Windows NT 10.0 x86_64) (WARNING: The server did not provide any stacktrace information)
Command duration or timeout: 52 milliseconds
For documentation on this error, please visit: http://seleniumhq.org/exceptions/no_such_element.html
Build info: version: &apos;2.45.0&apos;, revision: &apos;5017cb8e7ca8e37638dc3091b2440b90a1d8686f&apos;, time: &apos;2015-02-27 09:10:26&apos;
System info: host: &apos;Sauces-MacBook-Air-5.local&apos;, ip: &apos;172.16.3.124&apos;, os.name: &apos;Mac OS X&apos;, os.arch: &apos;x86_64&apos;, os.version: &apos;10.10.5&apos;, java.version: &apos;1.8.0_45&apos;
Driver info: org.openqa.selenium.remote.RemoteWebDriver
Capabilities [{applicationCacheEnabled=false, rotatable=false, mobileEmulationEnabled=false, chrome={userDataDir=C:\Users\ADMINI~1\AppData\Local\Temp\scoped_dir104_12987}, takesHeapSnapshot=true, hasMetadata=true, databaseEnabled=false, handlesAlerts=true, version=43.0.2357.65, platform=XP, browserConnectionEnabled=false, nativeEvents=true, acceptSslCerts=true, webdriver.remote.sessionid=26f4a6d3443449c8b7ccf1aa03873757, locationContextEnabled=true, webStorageEnabled=true, takesScreenshot=true, browserName=chrome, javascriptEnabled=true, cssSelectorsEnabled=true}]
Session ID: 26f4a6d3443449c8b7ccf1aa03873757
*** Element info: {Using=id, value=username}
	at sun.reflect.NativeConstructorAccessorImpl.newInstance0(Native Method)
	at sun.reflect.NativeConstructorAccessorImpl.newInstance(NativeConstructorAccessorImpl.java:62)
	at sun.reflect.DelegatingConstructorAccessorImpl.newInstance(DelegatingConstructorAccessorImpl.java:45)
	at java.lang.reflect.Constructor.newInstance(Constructor.java:422)
	at org.openqa.selenium.remote.ErrorHandler.createThrowable(ErrorHandler.java:204)
	at org.openqa.selenium.remote.ErrorHandler.throwIfResponseFailed(ErrorHandler.java:156)
	at org.openqa.selenium.remote.RemoteWebDriver.execute(RemoteWebDriver.java:599)
	at org.openqa.selenium.remote.RemoteWebDriver.findElement(RemoteWebDriver.java:352)
	at org.openqa.selenium.remote.RemoteWebDriver.findElementById(RemoteWebDriver.java:393)
	at org.openqa.selenium.By$ById.findElement(By.java:214)
	at org.openqa.selenium.remote.RemoteWebDriver.findElement(RemoteWebDriver.java:344)
	at com.yourcompany.SampleSauceTest.loginTest(SampleSauceTest.java:205)
	at sun.reflect.NativeMethodAccessorImpl.invoke0(Native Method)
	at sun.reflect.NativeMethodAccessorImpl.invoke(NativeMethodAccessorImpl.java:62)
	at sun.reflect.DelegatingMethodAccessorImpl.invoke(DelegatingMethodAccessorImpl.java:43)
	at java.lang.reflect.Method.invoke(Method.java:497)
	at org.junit.runners.model.FrameworkMethod$1.runReflectiveCall(FrameworkMethod.java:47)
	at org.junit.internal.runners.model.ReflectiveCallable.run(ReflectiveCallable.java:12)
	at org.junit.runners.model.FrameworkMethod.invokeExplosively(FrameworkMethod.java:44)
	at org.junit.internal.runners.statements.InvokeMethod.evaluate(InvokeMethod.java:17)
	at org.junit.internal.runners.statements.RunBefores.evaluate(RunBefores.java:26)
	at org.junit.internal.runners.statements.RunAfters.evaluate(RunAfters.java:27)
	at org.junit.rules.TestWatcher$1.evaluate(TestWatcher.java:55)
	at org.junit.rules.TestWatcher$1.evaluate(TestWatcher.java:55)
	at org.junit.rules.RunRules.evaluate(RunRules.java:20)
	at org.junit.runners.ParentRunner.runLeaf(ParentRunner.java:271)
	at org.junit.runners.BlockJUnit4ClassRunner.runChild(BlockJUnit4ClassRunner.java:70)
	at com.saucelabs.junit.ConcurrentParameterized$SauceClassRunnerForParameters.access$300(ConcurrentParameterized.java:170)
	at com.saucelabs.junit.ConcurrentParameterized$SauceClassRunnerForParameters$2.run(ConcurrentParameterized.java:287)
	at com.saucelabs.junit.ConcurrentParameterized$NonBlockingAsynchronousRunner$1.call(ConcurrentParameterized.java:312)
	at java.util.concurrent.FutureTask.run(FutureTask.java:266)
	at java.util.concurrent.ThreadPoolExecutor.runWorker(ThreadPoolExecutor.java:1142)
	at java.util.concurrent.ThreadPoolExecutor$Worker.run(ThreadPoolExecutor.java:617)
	at java.lang.Thread.run(Thread.java:745)
</error>
    <system-out>SauceOnDemandSessionID=26f4a6d3443449c8b7ccf1aa03873757 job-name=com.yourcompany.SampleSauceTest.loginTest[13]
Job link: https://saucelabs.com/jobs/26f4a6d3443449c8b7ccf1aa03873757?auth=7d3a250e2dfc074803d56e5b41c02ee5
</system-out>
  </testcase>
  <testcase classname="com.yourcompany.SampleSauceTest" name="verifyTitleTest[2]" time="6.659"/>
  <testcase classname="com.yourcompany.SampleSauceTest" name="loginTest[11]" time="0.001">
    <error message="Unable to locate element: {&quot;method&quot;:&quot;id&quot;,&quot;selector&quot;:&quot;username&quot;}
For documentation on this error, please visit: http://seleniumhq.org/exceptions/no_such_element.html
Build info: version: &apos;2.47.1&apos;, revision: &apos;411b314&apos;, time: &apos;2015-07-30 03:03:16&apos;
System info: host: &apos;WIN-HLEK05V71GA&apos;, ip: &apos;172.20.34.36&apos;, os.name: &apos;Windows Server 2012&apos;, os.arch: &apos;amd64&apos;, os.version: &apos;6.2&apos;, java.version: &apos;1.8.0_60&apos;
Driver info: driver.version: unknown
Command duration or timeout: 122 milliseconds
For documentation on this error, please visit: http://seleniumhq.org/exceptions/no_such_element.html
Build info: version: &apos;2.45.0&apos;, revision: &apos;5017cb8e7ca8e37638dc3091b2440b90a1d8686f&apos;, time: &apos;2015-02-27 09:10:26&apos;
System info: host: &apos;Sauces-MacBook-Air-5.local&apos;, ip: &apos;172.16.3.124&apos;, os.name: &apos;Mac OS X&apos;, os.arch: &apos;x86_64&apos;, os.version: &apos;10.10.5&apos;, java.version: &apos;1.8.0_45&apos;
Driver info: org.openqa.selenium.remote.RemoteWebDriver
Capabilities [{applicationCacheEnabled=true, rotatable=false, hasMetadata=true, databaseEnabled=true, handlesAlerts=true, version=40.0.2, platform=WINDOWS, nativeEvents=false, acceptSslCerts=true, webdriver.remote.sessionid=c0d89539473b4b18b62a1f7306d335b9, locationContextEnabled=true, webStorageEnabled=true, takesScreenshot=true, browserName=firefox, javascriptEnabled=true, cssSelectorsEnabled=true}]
Session ID: c0d89539473b4b18b62a1f7306d335b9
*** Element info: {Using=id, value=username}" type="org.openqa.selenium.NoSuchElementException">org.openqa.selenium.NoSuchElementException: Unable to locate element: {&quot;method&quot;:&quot;id&quot;,&quot;selector&quot;:&quot;username&quot;}
For documentation on this error, please visit: http://seleniumhq.org/exceptions/no_such_element.html
Build info: version: &apos;2.47.1&apos;, revision: &apos;411b314&apos;, time: &apos;2015-07-30 03:03:16&apos;
System info: host: &apos;WIN-HLEK05V71GA&apos;, ip: &apos;172.20.34.36&apos;, os.name: &apos;Windows Server 2012&apos;, os.arch: &apos;amd64&apos;, os.version: &apos;6.2&apos;, java.version: &apos;1.8.0_60&apos;
Driver info: driver.version: unknown
Command duration or timeout: 122 milliseconds
For documentation on this error, please visit: http://seleniumhq.org/exceptions/no_such_element.html
Build info: version: &apos;2.45.0&apos;, revision: &apos;5017cb8e7ca8e37638dc3091b2440b90a1d8686f&apos;, time: &apos;2015-02-27 09:10:26&apos;
System info: host: &apos;Sauces-MacBook-Air-5.local&apos;, ip: &apos;172.16.3.124&apos;, os.name: &apos;Mac OS X&apos;, os.arch: &apos;x86_64&apos;, os.version: &apos;10.10.5&apos;, java.version: &apos;1.8.0_45&apos;
Driver info: org.openqa.selenium.remote.RemoteWebDriver
Capabilities [{applicationCacheEnabled=true, rotatable=false, hasMetadata=true, databaseEnabled=true, handlesAlerts=true, version=40.0.2, platform=WINDOWS, nativeEvents=false, acceptSslCerts=true, webdriver.remote.sessionid=c0d89539473b4b18b62a1f7306d335b9, locationContextEnabled=true, webStorageEnabled=true, takesScreenshot=true, browserName=firefox, javascriptEnabled=true, cssSelectorsEnabled=true}]
Session ID: c0d89539473b4b18b62a1f7306d335b9
*** Element info: {Using=id, value=username}
	at sun.reflect.NativeConstructorAccessorImpl.newInstance0(Native Method)
	at sun.reflect.NativeConstructorAccessorImpl.newInstance(NativeConstructorAccessorImpl.java:62)
	at sun.reflect.DelegatingConstructorAccessorImpl.newInstance(DelegatingConstructorAccessorImpl.java:45)
	at java.lang.reflect.Constructor.newInstance(Constructor.java:422)
	at org.openqa.selenium.remote.ErrorHandler.createThrowable(ErrorHandler.java:204)
	at org.openqa.selenium.remote.ErrorHandler.throwIfResponseFailed(ErrorHandler.java:156)
	at org.openqa.selenium.remote.RemoteWebDriver.execute(RemoteWebDriver.java:599)
	at org.openqa.selenium.remote.RemoteWebDriver.findElement(RemoteWebDriver.java:352)
	at org.openqa.selenium.remote.RemoteWebDriver.findElementById(RemoteWebDriver.java:393)
	at org.openqa.selenium.By$ById.findElement(By.java:214)
	at org.openqa.selenium.remote.RemoteWebDriver.findElement(RemoteWebDriver.java:344)
	at com.yourcompany.SampleSauceTest.loginTest(SampleSauceTest.java:205)
	at sun.reflect.NativeMethodAccessorImpl.invoke0(Native Method)
	at sun.reflect.NativeMethodAccessorImpl.invoke(NativeMethodAccessorImpl.java:62)
	at sun.reflect.DelegatingMethodAccessorImpl.invoke(DelegatingMethodAccessorImpl.java:43)
	at java.lang.reflect.Method.invoke(Method.java:497)
	at org.junit.runners.model.FrameworkMethod$1.runReflectiveCall(FrameworkMethod.java:47)
	at org.junit.internal.runners.model.ReflectiveCallable.run(ReflectiveCallable.java:12)
	at org.junit.runners.model.FrameworkMethod.invokeExplosively(FrameworkMethod.java:44)
	at org.junit.internal.runners.statements.InvokeMethod.evaluate(InvokeMethod.java:17)
	at org.junit.internal.runners.statements.RunBefores.evaluate(RunBefores.java:26)
	at org.junit.internal.runners.statements.RunAfters.evaluate(RunAfters.java:27)
	at org.junit.rules.TestWatcher$1.evaluate(TestWatcher.java:55)
	at org.junit.rules.TestWatcher$1.evaluate(TestWatcher.java:55)
	at org.junit.rules.RunRules.evaluate(RunRules.java:20)
	at org.junit.runners.ParentRunner.runLeaf(ParentRunner.java:271)
	at org.junit.runners.BlockJUnit4ClassRunner.runChild(BlockJUnit4ClassRunner.java:70)
	at com.saucelabs.junit.ConcurrentParameterized$SauceClassRunnerForParameters.access$300(ConcurrentParameterized.java:170)
	at com.saucelabs.junit.ConcurrentParameterized$SauceClassRunnerForParameters$2.run(ConcurrentParameterized.java:287)
	at com.saucelabs.junit.ConcurrentParameterized$NonBlockingAsynchronousRunner$1.call(ConcurrentParameterized.java:312)
	at java.util.concurrent.FutureTask.run(FutureTask.java:266)
	at java.util.concurrent.ThreadPoolExecutor.runWorker(ThreadPoolExecutor.java:1142)
	at java.util.concurrent.ThreadPoolExecutor$Worker.run(ThreadPoolExecutor.java:617)
	at java.lang.Thread.run(Thread.java:745)
Caused by: org.openqa.selenium.NoSuchElementException: Unable to locate element: {&quot;method&quot;:&quot;id&quot;,&quot;selector&quot;:&quot;username&quot;}
For documentation on this error, please visit: http://seleniumhq.org/exceptions/no_such_element.html
Build info: version: &apos;2.47.1&apos;, revision: &apos;411b314&apos;, time: &apos;2015-07-30 03:03:16&apos;
System info: host: &apos;WIN-HLEK05V71GA&apos;, ip: &apos;172.20.34.36&apos;, os.name: &apos;Windows Server 2012&apos;, os.arch: &apos;amd64&apos;, os.version: &apos;6.2&apos;, java.version: &apos;1.8.0_60&apos;
Driver info: driver.version: unknown
For documentation on this error, please visit: http://seleniumhq.org/exceptions/no_such_element.html
Build info: version: &apos;2.45.0&apos;, revision: &apos;5017cb8e7ca8e37638dc3091b2440b90a1d8686f&apos;, time: &apos;2015-02-27 09:10:26&apos;
System info: host: &apos;Sauces-MacBook-Air-5.local&apos;, ip: &apos;172.16.3.124&apos;, os.name: &apos;Mac OS X&apos;, os.arch: &apos;x86_64&apos;, os.version: &apos;10.10.5&apos;, java.version: &apos;1.8.0_45&apos;
Driver info: driver.version: unknown
	at &lt;anonymous class&gt;.FirefoxDriver.prototype.findElementInternal_(file:///C:/Users/ADMINI~1/AppData/Local/Temp/anonymous3537910886902873201webdriver-profile/extensions/fxdriver@googlecode.com/components/driver-component.js:10667)
	at &lt;anonymous class&gt;.FirefoxDriver.prototype.findElement(file:///C:/Users/ADMINI~1/AppData/Local/Temp/anonymous3537910886902873201webdriver-profile/extensions/fxdriver@googlecode.com/components/driver-component.js:10676)
	at &lt;anonymous class&gt;.DelayedCommand.prototype.executeInternal_/h(file:///C:/Users/ADMINI~1/AppData/Local/Temp/anonymous3537910886902873201webdriver-profile/extensions/fxdriver@googlecode.com/components/command-processor.js:12643)
	at &lt;anonymous class&gt;.DelayedCommand.prototype.executeInternal_(file:///C:/Users/ADMINI~1/AppData/Local/Temp/anonymous3537910886902873201webdriver-profile/extensions/fxdriver@googlecode.com/components/command-processor.js:12648)
	at &lt;anonymous class&gt;.DelayedCommand.prototype.execute/&lt;(file:///C:/Users/ADMINI~1/AppData/Local/Temp/anonymous3537910886902873201webdriver-profile/extensions/fxdriver@googlecode.com/components/command-processor.js:12590)
</error>
    <system-out>SauceOnDemandSessionID=c0d89539473b4b18b62a1f7306d335b9 job-name=com.yourcompany.SampleSauceTest.loginTest[11]
Job link: https://saucelabs.com/jobs/c0d89539473b4b18b62a1f7306d335b9?auth=8409dd97f52381d9a1935b476f730b2c
</system-out>
  </testcase>
  <testcase classname="com.yourcompany.SampleSauceTest" name="verifyTitleTest[3]" time="11.096"/>
  <testcase classname="com.yourcompany.SampleSauceTest" name="loginTest[6]" time="0.002">
    <error message="Element was not found.
io.selendroid.exceptions.NoSuchElementException: Element was not found.
	at io.selendroid.server.SafeRequestHandler.getIdOfKnownElement(SafeRequestHandler.java:42)
	at io.selendroid.server.handler.FindElement.safeHandle(FindElement.java:45)
	at io.selendroid.server.SafeRequestHandler.handle(SafeRequestHandler.java:83)
	at io.selendroid.server.AndroidServlet.handleRequest(AndroidServlet.java:319)
	at io.selendroid.server.BaseServlet.handleHttpRequest(BaseServlet.java:67)
	at io.selendroid.server.http.ServerHandler.channelRead(ServerHandler.java:53)
	at io.netty.channel.AbstractChannelHandlerContext.invokeChannelRead(AbstractChannelHandlerContext.java:333)
	at io.netty.channel.AbstractChannelHandlerContext.fireChannelRead(AbstractChannelHandlerContext.java:319)
	at io.netty.handler.traffic.AbstractTrafficShapingHandler.channelRead(AbstractTrafficShapingHandler.java:223)
	at io.netty.channel.AbstractChannelHandlerContext.invokeChannelRead(AbstractChannelHandlerContext.java:333)
	at io.netty.channel.AbstractChannelHandlerContext.fireChannelRead(AbstractChannelHandlerContext.java:319)
	at io.netty.handler.codec.MessageToMessageDecoder.channelRead(MessageToMessageDecoder.java:103)
	at io.netty.channel.AbstractChannelHandlerContext.invokeChannelRead(AbstractChannelHandlerContext.java:333)
	at io.netty.channel.AbstractChannelHandlerContext.fireChannelRead(AbstractChannelHandlerContext.java:319)
	at io.netty.handler.codec.ByteToMessageDecoder.channelRead(ByteToMessageDecoder.java:163)
	at io.netty.channel.CombinedChannelDuplexHandler.channelRead(CombinedChannelDuplexHandler.java:148)
	at io.netty.channel.AbstractChannelHandlerContext.invokeChannelRead(AbstractChannelHandlerContext.java:333)
	at io.netty.channel.AbstractChannelHandlerContext.fireChannelRead(AbstractChannelHandlerContext.java:319)
	at io.netty.channel.DefaultChannelPipeline.fireChannelRead(DefaultChannelPipeline.java:787)
	at io.netty.channel.nio.AbstractNioByteChannel$NioByteUnsafe.read(AbstractNioByteChannel.java:125)
	at io.netty.channel.nio.NioEventLoop.processSelectedKey(NioEventLoop.java:511)
	at io.netty.channel.nio.NioEventLoop.processSelectedKeysPlain(NioEventLoop.java:430)
	at io.netty.channel.nio.NioEventLoop.processSelectedKeys(NioEventLoop.java:384)
	at io.netty.channel.nio.NioEventLoop.run(NioEventLoop.java:354)
	at io.netty.util.concurrent.SingleThreadEventExecutor$2.run(SingleThreadEventExecutor.java:116)
	at io.netty.util.concurrent.DefaultThreadFactory$DefaultRunnableDecorator.run(DefaultThreadFactory.java:137)
	at java.lang.Thread.run(Thread.java:818)

Command duration or timeout: 5.29 seconds
For documentation on this error, please visit: http://seleniumhq.org/exceptions/no_such_element.html
Build info: version: &apos;2.45.0&apos;, revision: &apos;5017cb8e7ca8e37638dc3091b2440b90a1d8686f&apos;, time: &apos;2015-02-27 09:10:26&apos;
System info: host: &apos;Sauces-MacBook-Air-5.local&apos;, ip: &apos;172.16.3.124&apos;, os.name: &apos;Mac OS X&apos;, os.arch: &apos;x86_64&apos;, os.version: &apos;10.10.5&apos;, java.version: &apos;1.8.0_45&apos;
Driver info: org.openqa.selenium.remote.RemoteWebDriver
Capabilities [{emulator=true, aut=android, proxy={proxyAutoconfigUrl=http://127.0.0.1:19876/pac.js, proxyType=PAC}, webdriver.remote.sessionid=1f843b19fa0c435fabfe9184bcbb72ee, platformVersion=22, webdriver.remote.quietExceptions=true, browserName=android, hasMetadata=true, platform=ANY}]
Session ID: 1f843b19fa0c435fabfe9184bcbb72ee
*** Element info: {Using=id, value=username}" type="org.openqa.selenium.NoSuchElementException">org.openqa.selenium.NoSuchElementException: Element was not found.
io.selendroid.exceptions.NoSuchElementException: Element was not found.
	at io.selendroid.server.SafeRequestHandler.getIdOfKnownElement(SafeRequestHandler.java:42)
	at io.selendroid.server.handler.FindElement.safeHandle(FindElement.java:45)
	at io.selendroid.server.SafeRequestHandler.handle(SafeRequestHandler.java:83)
	at io.selendroid.server.AndroidServlet.handleRequest(AndroidServlet.java:319)
	at io.selendroid.server.BaseServlet.handleHttpRequest(BaseServlet.java:67)
	at io.selendroid.server.http.ServerHandler.channelRead(ServerHandler.java:53)
	at io.netty.channel.AbstractChannelHandlerContext.invokeChannelRead(AbstractChannelHandlerContext.java:333)
	at io.netty.channel.AbstractChannelHandlerContext.fireChannelRead(AbstractChannelHandlerContext.java:319)
	at io.netty.handler.traffic.AbstractTrafficShapingHandler.channelRead(AbstractTrafficShapingHandler.java:223)
	at io.netty.channel.AbstractChannelHandlerContext.invokeChannelRead(AbstractChannelHandlerContext.java:333)
	at io.netty.channel.AbstractChannelHandlerContext.fireChannelRead(AbstractChannelHandlerContext.java:319)
	at io.netty.handler.codec.MessageToMessageDecoder.channelRead(MessageToMessageDecoder.java:103)
	at io.netty.channel.AbstractChannelHandlerContext.invokeChannelRead(AbstractChannelHandlerContext.java:333)
	at io.netty.channel.AbstractChannelHandlerContext.fireChannelRead(AbstractChannelHandlerContext.java:319)
	at io.netty.handler.codec.ByteToMessageDecoder.channelRead(ByteToMessageDecoder.java:163)
	at io.netty.channel.CombinedChannelDuplexHandler.channelRead(CombinedChannelDuplexHandler.java:148)
	at io.netty.channel.AbstractChannelHandlerContext.invokeChannelRead(AbstractChannelHandlerContext.java:333)
	at io.netty.channel.AbstractChannelHandlerContext.fireChannelRead(AbstractChannelHandlerContext.java:319)
	at io.netty.channel.DefaultChannelPipeline.fireChannelRead(DefaultChannelPipeline.java:787)
	at io.netty.channel.nio.AbstractNioByteChannel$NioByteUnsafe.read(AbstractNioByteChannel.java:125)
	at io.netty.channel.nio.NioEventLoop.processSelectedKey(NioEventLoop.java:511)
	at io.netty.channel.nio.NioEventLoop.processSelectedKeysPlain(NioEventLoop.java:430)
	at io.netty.channel.nio.NioEventLoop.processSelectedKeys(NioEventLoop.java:384)
	at io.netty.channel.nio.NioEventLoop.run(NioEventLoop.java:354)
	at io.netty.util.concurrent.SingleThreadEventExecutor$2.run(SingleThreadEventExecutor.java:116)
	at io.netty.util.concurrent.DefaultThreadFactory$DefaultRunnableDecorator.run(DefaultThreadFactory.java:137)
	at java.lang.Thread.run(Thread.java:818)

Command duration or timeout: 5.29 seconds
For documentation on this error, please visit: http://seleniumhq.org/exceptions/no_such_element.html
Build info: version: &apos;2.45.0&apos;, revision: &apos;5017cb8e7ca8e37638dc3091b2440b90a1d8686f&apos;, time: &apos;2015-02-27 09:10:26&apos;
System info: host: &apos;Sauces-MacBook-Air-5.local&apos;, ip: &apos;172.16.3.124&apos;, os.name: &apos;Mac OS X&apos;, os.arch: &apos;x86_64&apos;, os.version: &apos;10.10.5&apos;, java.version: &apos;1.8.0_45&apos;
Driver info: org.openqa.selenium.remote.RemoteWebDriver
Capabilities [{emulator=true, aut=android, proxy={proxyAutoconfigUrl=http://127.0.0.1:19876/pac.js, proxyType=PAC}, webdriver.remote.sessionid=1f843b19fa0c435fabfe9184bcbb72ee, platformVersion=22, webdriver.remote.quietExceptions=true, browserName=android, hasMetadata=true, platform=ANY}]
Session ID: 1f843b19fa0c435fabfe9184bcbb72ee
*** Element info: {Using=id, value=username}
	at sun.reflect.NativeConstructorAccessorImpl.newInstance0(Native Method)
	at sun.reflect.NativeConstructorAccessorImpl.newInstance(NativeConstructorAccessorImpl.java:62)
	at sun.reflect.DelegatingConstructorAccessorImpl.newInstance(DelegatingConstructorAccessorImpl.java:45)
	at java.lang.reflect.Constructor.newInstance(Constructor.java:422)
	at org.openqa.selenium.remote.ErrorHandler.createThrowable(ErrorHandler.java:204)
	at org.openqa.selenium.remote.ErrorHandler.throwIfResponseFailed(ErrorHandler.java:156)
	at org.openqa.selenium.remote.RemoteWebDriver.execute(RemoteWebDriver.java:599)
	at org.openqa.selenium.remote.RemoteWebDriver.findElement(RemoteWebDriver.java:352)
	at org.openqa.selenium.remote.RemoteWebDriver.findElementById(RemoteWebDriver.java:393)
	at org.openqa.selenium.By$ById.findElement(By.java:214)
	at org.openqa.selenium.remote.RemoteWebDriver.findElement(RemoteWebDriver.java:344)
	at com.yourcompany.SampleSauceTest.loginTest(SampleSauceTest.java:205)
	at sun.reflect.NativeMethodAccessorImpl.invoke0(Native Method)
	at sun.reflect.NativeMethodAccessorImpl.invoke(NativeMethodAccessorImpl.java:62)
	at sun.reflect.DelegatingMethodAccessorImpl.invoke(DelegatingMethodAccessorImpl.java:43)
	at java.lang.reflect.Method.invoke(Method.java:497)
	at org.junit.runners.model.FrameworkMethod$1.runReflectiveCall(FrameworkMethod.java:47)
	at org.junit.internal.runners.model.ReflectiveCallable.run(ReflectiveCallable.java:12)
	at org.junit.runners.model.FrameworkMethod.invokeExplosively(FrameworkMethod.java:44)
	at org.junit.internal.runners.statements.InvokeMethod.evaluate(InvokeMethod.java:17)
	at org.junit.internal.runners.statements.RunBefores.evaluate(RunBefores.java:26)
	at org.junit.internal.runners.statements.RunAfters.evaluate(RunAfters.java:27)
	at org.junit.rules.TestWatcher$1.evaluate(TestWatcher.java:55)
	at org.junit.rules.TestWatcher$1.evaluate(TestWatcher.java:55)
	at org.junit.rules.RunRules.evaluate(RunRules.java:20)
	at org.junit.runners.ParentRunner.runLeaf(ParentRunner.java:271)
	at org.junit.runners.BlockJUnit4ClassRunner.runChild(BlockJUnit4ClassRunner.java:70)
	at com.saucelabs.junit.ConcurrentParameterized$SauceClassRunnerForParameters.access$300(ConcurrentParameterized.java:170)
	at com.saucelabs.junit.ConcurrentParameterized$SauceClassRunnerForParameters$2.run(ConcurrentParameterized.java:287)
	at com.saucelabs.junit.ConcurrentParameterized$NonBlockingAsynchronousRunner$1.call(ConcurrentParameterized.java:312)
	at java.util.concurrent.FutureTask.run(FutureTask.java:266)
	at java.util.concurrent.ThreadPoolExecutor.runWorker(ThreadPoolExecutor.java:1142)
	at java.util.concurrent.ThreadPoolExecutor$Worker.run(ThreadPoolExecutor.java:617)
	at java.lang.Thread.run(Thread.java:745)
Caused by: org.openqa.selenium.NoSuchElementException: Element was not found.
io.selendroid.exceptions.NoSuchElementException: Element was not found.
	at io.selendroid.server.SafeRequestHandler.getIdOfKnownElement(SafeRequestHandler.java:42)
	at io.selendroid.server.handler.FindElement.safeHandle(FindElement.java:45)
	at io.selendroid.server.SafeRequestHandler.handle(SafeRequestHandler.java:83)
	at io.selendroid.server.AndroidServlet.handleRequest(AndroidServlet.java:319)
	at io.selendroid.server.BaseServlet.handleHttpRequest(BaseServlet.java:67)
	at io.selendroid.server.http.ServerHandler.channelRead(ServerHandler.java:53)
	at io.netty.channel.AbstractChannelHandlerContext.invokeChannelRead(AbstractChannelHandlerContext.java:333)
	at io.netty.channel.AbstractChannelHandlerContext.fireChannelRead(AbstractChannelHandlerContext.java:319)
	at io.netty.handler.traffic.AbstractTrafficShapingHandler.channelRead(AbstractTrafficShapingHandler.java:223)
	at io.netty.channel.AbstractChannelHandlerContext.invokeChannelRead(AbstractChannelHandlerContext.java:333)
	at io.netty.channel.AbstractChannelHandlerContext.fireChannelRead(AbstractChannelHandlerContext.java:319)
	at io.netty.handler.codec.MessageToMessageDecoder.channelRead(MessageToMessageDecoder.java:103)
	at io.netty.channel.AbstractChannelHandlerContext.invokeChannelRead(AbstractChannelHandlerContext.java:333)
	at io.netty.channel.AbstractChannelHandlerContext.fireChannelRead(AbstractChannelHandlerContext.java:319)
	at io.netty.handler.codec.ByteToMessageDecoder.channelRead(ByteToMessageDecoder.java:163)
	at io.netty.channel.CombinedChannelDuplexHandler.channelRead(CombinedChannelDuplexHandler.java:148)
	at io.netty.channel.AbstractChannelHandlerContext.invokeChannelRead(AbstractChannelHandlerContext.java:333)
	at io.netty.channel.AbstractChannelHandlerContext.fireChannelRead(AbstractChannelHandlerContext.java:319)
	at io.netty.channel.DefaultChannelPipeline.fireChannelRead(DefaultChannelPipeline.java:787)
	at io.netty.channel.nio.AbstractNioByteChannel$NioByteUnsafe.read(AbstractNioByteChannel.java:125)
	at io.netty.channel.nio.NioEventLoop.processSelectedKey(NioEventLoop.java:511)
	at io.netty.channel.nio.NioEventLoop.processSelectedKeysPlain(NioEventLoop.java:430)
	at io.netty.channel.nio.NioEventLoop.processSelectedKeys(NioEventLoop.java:384)
	at io.netty.channel.nio.NioEventLoop.run(NioEventLoop.java:354)
	at io.netty.util.concurrent.SingleThreadEventExecutor$2.run(SingleThreadEventExecutor.java:116)
	at io.netty.util.concurrent.DefaultThreadFactory$DefaultRunnableDecorator.run(DefaultThreadFactory.java:137)
	at java.lang.Thread.run(Thread.java:818)

For documentation on this error, please visit: http://seleniumhq.org/exceptions/no_such_element.html
Build info: version: &apos;2.45.0&apos;, revision: &apos;5017cb8e7ca8e37638dc3091b2440b90a1d8686f&apos;, time: &apos;2015-02-27 09:10:26&apos;
System info: host: &apos;Sauces-MacBook-Air-5.local&apos;, ip: &apos;172.16.3.124&apos;, os.name: &apos;Mac OS X&apos;, os.arch: &apos;x86_64&apos;, os.version: &apos;10.10.5&apos;, java.version: &apos;1.8.0_45&apos;
Driver info: driver.version: unknown
</error>
    <system-out>SauceOnDemandSessionID=1f843b19fa0c435fabfe9184bcbb72ee job-name=com.yourcompany.SampleSauceTest.loginTest[6]
Job link: https://saucelabs.com/jobs/1f843b19fa0c435fabfe9184bcbb72ee?auth=614f4d1db0245951a06a8f96e0de947e
</system-out>
  </testcase>
  <testcase classname="com.yourcompany.SampleSauceTest" name="verifyTitleTest[7]" time="105.095"/>
  <testcase classname="com.yourcompany.SampleSauceTest" name="loginTest[2]" time="0">
    <error message="no such element
  (Session info: chrome=42.0.2311.90)
  (Driver info: chromedriver=2.15.322448 (52179c1b310fec1797c81ea9a20326839860b7d3),platform=Windows NT 5.2 SP2 x86) (WARNING: The server did not provide any stacktrace information)
Command duration or timeout: 45 milliseconds
For documentation on this error, please visit: http://seleniumhq.org/exceptions/no_such_element.html
Build info: version: &apos;2.45.0&apos;, revision: &apos;5017cb8e7ca8e37638dc3091b2440b90a1d8686f&apos;, time: &apos;2015-02-27 09:10:26&apos;
System info: host: &apos;Sauces-MacBook-Air-5.local&apos;, ip: &apos;172.16.3.124&apos;, os.name: &apos;Mac OS X&apos;, os.arch: &apos;x86_64&apos;, os.version: &apos;10.10.5&apos;, java.version: &apos;1.8.0_45&apos;
Driver info: org.openqa.selenium.remote.RemoteWebDriver
Capabilities [{applicationCacheEnabled=false, rotatable=false, mobileEmulationEnabled=false, chrome={userDataDir=C:\DOCUME~1\ADMINI~1\LOCALS~1\Temp\scoped_dir820_32102}, takesHeapSnapshot=true, hasMetadata=true, databaseEnabled=false, handlesAlerts=true, version=42.0.2311.90, platform=XP, browserConnectionEnabled=false, nativeEvents=true, acceptSslCerts=true, webdriver.remote.sessionid=6043120743a844fd9e369a68da5d3357, locationContextEnabled=true, webStorageEnabled=true, takesScreenshot=true, browserName=chrome, javascriptEnabled=true, cssSelectorsEnabled=true}]
Session ID: 6043120743a844fd9e369a68da5d3357
*** Element info: {Using=id, value=username}" type="org.openqa.selenium.NoSuchElementException">org.openqa.selenium.NoSuchElementException: no such element
  (Session info: chrome=42.0.2311.90)
  (Driver info: chromedriver=2.15.322448 (52179c1b310fec1797c81ea9a20326839860b7d3),platform=Windows NT 5.2 SP2 x86) (WARNING: The server did not provide any stacktrace information)
Command duration or timeout: 45 milliseconds
For documentation on this error, please visit: http://seleniumhq.org/exceptions/no_such_element.html
Build info: version: &apos;2.45.0&apos;, revision: &apos;5017cb8e7ca8e37638dc3091b2440b90a1d8686f&apos;, time: &apos;2015-02-27 09:10:26&apos;
System info: host: &apos;Sauces-MacBook-Air-5.local&apos;, ip: &apos;172.16.3.124&apos;, os.name: &apos;Mac OS X&apos;, os.arch: &apos;x86_64&apos;, os.version: &apos;10.10.5&apos;, java.version: &apos;1.8.0_45&apos;
Driver info: org.openqa.selenium.remote.RemoteWebDriver
Capabilities [{applicationCacheEnabled=false, rotatable=false, mobileEmulationEnabled=false, chrome={userDataDir=C:\DOCUME~1\ADMINI~1\LOCALS~1\Temp\scoped_dir820_32102}, takesHeapSnapshot=true, hasMetadata=true, databaseEnabled=false, handlesAlerts=true, version=42.0.2311.90, platform=XP, browserConnectionEnabled=false, nativeEvents=true, acceptSslCerts=true, webdriver.remote.sessionid=6043120743a844fd9e369a68da5d3357, locationContextEnabled=true, webStorageEnabled=true, takesScreenshot=true, browserName=chrome, javascriptEnabled=true, cssSelectorsEnabled=true}]
Session ID: 6043120743a844fd9e369a68da5d3357
*** Element info: {Using=id, value=username}
	at sun.reflect.NativeConstructorAccessorImpl.newInstance0(Native Method)
	at sun.reflect.NativeConstructorAccessorImpl.newInstance(NativeConstructorAccessorImpl.java:62)
	at sun.reflect.DelegatingConstructorAccessorImpl.newInstance(DelegatingConstructorAccessorImpl.java:45)
	at java.lang.reflect.Constructor.newInstance(Constructor.java:422)
	at org.openqa.selenium.remote.ErrorHandler.createThrowable(ErrorHandler.java:204)
	at org.openqa.selenium.remote.ErrorHandler.throwIfResponseFailed(ErrorHandler.java:156)
	at org.openqa.selenium.remote.RemoteWebDriver.execute(RemoteWebDriver.java:599)
	at org.openqa.selenium.remote.RemoteWebDriver.findElement(RemoteWebDriver.java:352)
	at org.openqa.selenium.remote.RemoteWebDriver.findElementById(RemoteWebDriver.java:393)
	at org.openqa.selenium.By$ById.findElement(By.java:214)
	at org.openqa.selenium.remote.RemoteWebDriver.findElement(RemoteWebDriver.java:344)
	at com.yourcompany.SampleSauceTest.loginTest(SampleSauceTest.java:205)
	at sun.reflect.NativeMethodAccessorImpl.invoke0(Native Method)
	at sun.reflect.NativeMethodAccessorImpl.invoke(NativeMethodAccessorImpl.java:62)
	at sun.reflect.DelegatingMethodAccessorImpl.invoke(DelegatingMethodAccessorImpl.java:43)
	at java.lang.reflect.Method.invoke(Method.java:497)
	at org.junit.runners.model.FrameworkMethod$1.runReflectiveCall(FrameworkMethod.java:47)
	at org.junit.internal.runners.model.ReflectiveCallable.run(ReflectiveCallable.java:12)
	at org.junit.runners.model.FrameworkMethod.invokeExplosively(FrameworkMethod.java:44)
	at org.junit.internal.runners.statements.InvokeMethod.evaluate(InvokeMethod.java:17)
	at org.junit.internal.runners.statements.RunBefores.evaluate(RunBefores.java:26)
	at org.junit.internal.runners.statements.RunAfters.evaluate(RunAfters.java:27)
	at org.junit.rules.TestWatcher$1.evaluate(TestWatcher.java:55)
	at org.junit.rules.TestWatcher$1.evaluate(TestWatcher.java:55)
	at org.junit.rules.RunRules.evaluate(RunRules.java:20)
	at org.junit.runners.ParentRunner.runLeaf(ParentRunner.java:271)
	at org.junit.runners.BlockJUnit4ClassRunner.runChild(BlockJUnit4ClassRunner.java:70)
	at com.saucelabs.junit.ConcurrentParameterized$SauceClassRunnerForParameters.access$300(ConcurrentParameterized.java:170)
	at com.saucelabs.junit.ConcurrentParameterized$SauceClassRunnerForParameters$2.run(ConcurrentParameterized.java:287)
	at com.saucelabs.junit.ConcurrentParameterized$NonBlockingAsynchronousRunner$1.call(ConcurrentParameterized.java:312)
	at java.util.concurrent.FutureTask.run(FutureTask.java:266)
	at java.util.concurrent.ThreadPoolExecutor.runWorker(ThreadPoolExecutor.java:1142)
	at java.util.concurrent.ThreadPoolExecutor$Worker.run(ThreadPoolExecutor.java:617)
	at java.lang.Thread.run(Thread.java:745)
</error>
    <system-out>SauceOnDemandSessionID=6043120743a844fd9e369a68da5d3357 job-name=com.yourcompany.SampleSauceTest.loginTest[2]
Job link: https://saucelabs.com/jobs/6043120743a844fd9e369a68da5d3357?auth=47e4fa2a419482b10fdeafb814629cc1
</system-out>
  </testcase>
  <testcase classname="com.yourcompany.SampleSauceTest" name="verifyTitleTest[13]" time="7.493"/>
</testsuite>